2025-02-13 19:31:13.872 [warning] Via 'product.json#extensionEnabledApiProposals' extension 'ms-vscode.vscode-selfhost-test-provider' wants API proposal 'attributableCoverage' but that proposal DOES NOT EXIST. Likely, the proposal has been finalized (check 'vscode.d.ts') or was abandoned.
2025-02-13 19:31:13.872 [warning] Via 'product.json#extensionEnabledApiProposals' extension 'ms-python.python' wants API proposal 'contribIssueReporter' but that proposal DOES NOT EXIST. Likely, the proposal has been finalized (check 'vscode.d.ts') or was abandoned.
2025-02-13 19:31:13.872 [warning] Via 'product.json#extensionEnabledApiProposals' extension 'ms-python.debugpy' wants API proposal 'contribIssueReporter' but that proposal DOES NOT EXIST. Likely, the proposal has been finalized (check 'vscode.d.ts') or was abandoned.
2025-02-13 19:31:13.872 [warning] Via 'product.json#extensionEnabledApiProposals' extension 'redhat.java' wants API proposal 'documentPaste' but that proposal DOES NOT EXIST. Likely, the proposal has been finalized (check 'vscode.d.ts') or was abandoned.
2025-02-13 19:31:14.178 [info] Started local extension host with pid 1477.
2025-02-13 19:31:14.372 [info] Placing extension(s) vscodevim.vim on a separate extension host.
2025-02-13 19:31:14.393 [warning] [twxs.cmake]: 无法注册“cmake.cmakePath”。此属性已注册。
2025-02-13 19:31:14.518 [info] Started local extension host with pid 1528.
2025-02-13 19:31:16.081 [error] 出现未知错误。有关详细信息，请参阅日志。
2025-02-13 19:31:16.850 [info] [perf] Render performance baseline is 21ms
2025-02-13 19:31:17.221 [error] [Extension Host] [CMakeTools] 2025-02-13T11:31:17.177Z [error] [cmake] CMake Deprecation Warning at CMakeLists.txt:1 (cmake_minimum_required):
2025-02-13 19:31:17.221 [error] [Extension Host] [CMakeTools] 2025-02-13T11:31:17.178Z [error] [cmake]   Compatibility with CMake < 3.10 will be removed from a future version of
2025-02-13 19:31:17.222 [error] [Extension Host] [CMakeTools] 2025-02-13T11:31:17.178Z [error] [cmake]   CMake.
2025-02-13 19:31:17.222 [error] [Extension Host] [CMakeTools] 2025-02-13T11:31:17.178Z [error] [cmake] 
2025-02-13 19:31:17.222 [error] [Extension Host] [CMakeTools] 2025-02-13T11:31:17.178Z [error] [cmake]   Update the VERSION argument <min> value.  Or, use the <min>...<max> syntax
2025-02-13 19:31:17.222 [error] [Extension Host] [CMakeTools] 2025-02-13T11:31:17.178Z [error] [cmake]   to tell CMake that the project requires at least <min> but has been updated
2025-02-13 19:31:17.223 [error] [Extension Host] [CMakeTools] 2025-02-13T11:31:17.179Z [error] [cmake]   to work with policies introduced by <max> or earlier.
2025-02-13 19:31:17.223 [error] [Extension Host] [CMakeTools] 2025-02-13T11:31:17.179Z [error] [cmake] 
2025-02-13 19:31:17.223 [error] [Extension Host] [CMakeTools] 2025-02-13T11:31:17.179Z [error] [cmake] 
2025-02-13 19:31:17.739 [error] [Extension Host] [CMakeTools] 2025-02-13T11:31:17.731Z [error] [cmake] CMake Warning (dev) at CMakeLists.txt:15 (find_package):
2025-02-13 19:31:17.740 [error] [Extension Host] [CMakeTools] 2025-02-13T11:31:17.731Z [error] [cmake]   Policy CMP0167 is not set: The FindBoost module is removed.  Run "cmake
2025-02-13 19:31:17.740 [error] [Extension Host] [CMakeTools] 2025-02-13T11:31:17.731Z [error] [cmake]   --help-policy CMP0167" for policy details.  Use the cmake_policy command to
2025-02-13 19:31:17.740 [error] [Extension Host] [CMakeTools] 2025-02-13T11:31:17.731Z [error] [cmake]   set the policy and suppress this warning.
2025-02-13 19:31:17.740 [error] [Extension Host] [CMakeTools] 2025-02-13T11:31:17.731Z [error] [cmake] 
2025-02-13 19:31:17.740 [error] [Extension Host] [CMakeTools] 2025-02-13T11:31:17.731Z [error] [cmake] This warning is for project developers.  Use -Wno-dev to suppress it.
2025-02-13 19:31:17.741 [error] [Extension Host] [CMakeTools] 2025-02-13T11:31:17.731Z [error] [cmake] 
2025-02-13 19:31:18.378 [info] Settings Sync: Token updated for the account a15666004042@163.com
2025-02-13 19:31:18.380 [info] Settings Sync: Account status changed from uninitialized to available
2025-02-13 11:31:19.431 [info] Settings Sync: Token updated for the account a15666004042@163.com
2025-02-13 11:31:38.548 [error] TreeError [DebugRepl] Tree input not set: Error: TreeError [DebugRepl] Tree input not set
    at xf.C (vscode-file://vscode-app/opt/visual-studio-code/resources/app/out/vs/workbench/workbench.desktop.main.js:412:29043)
    at xf.updateChildren (vscode-file://vscode-app/opt/visual-studio-code/resources/app/out/vs/workbench/workbench.desktop.main.js:412:28950)
    at wte.value (vscode-file://vscode-app/opt/visual-studio-code/resources/app/out/vs/workbench/workbench.desktop.main.js:2036:33515)
    at x.B (vscode-file://vscode-app/opt/visual-studio-code/resources/app/out/vs/workbench/workbench.desktop.main.js:29:2392)
    at x.C (vscode-file://vscode-app/opt/visual-studio-code/resources/app/out/vs/workbench/workbench.desktop.main.js:29:2462)
    at x.fire (vscode-file://vscode-app/opt/visual-studio-code/resources/app/out/vs/workbench/workbench.desktop.main.js:29:2680)
    at uwe.setVisible (vscode-file://vscode-app/opt/visual-studio-code/resources/app/out/vs/workbench/workbench.desktop.main.js:521:2801)
    at vscode-file://vscode-app/opt/visual-studio-code/resources/app/out/vs/workbench/workbench.desktop.main.js:749:11857
    at Array.map (<anonymous>)
    at Qh.setVisible (vscode-file://vscode-app/opt/visual-studio-code/resources/app/out/vs/workbench/workbench.desktop.main.js:749:11848)
2025-02-13 11:32:08.227 [info] Started local extension host with pid 2197.
2025-02-13 11:32:08.227 [info] Started local extension host with pid 2198.
2025-02-13 11:32:09.434 [info] Settings Sync: Token updated for the account a15666004042@163.com
2025-02-13 11:32:09.703 [error] 出现未知错误。有关详细信息，请参阅日志。
2025-02-13 11:32:10.352 [error] [Extension Host] [CMakeTools] 2025-02-13T03:32:10.338Z [error] [cmake] CMake Deprecation Warning at CMakeLists.txt:1 (cmake_minimum_required):
2025-02-13 11:32:10.352 [error] [Extension Host] [CMakeTools] 2025-02-13T03:32:10.339Z [error] [cmake]   Compatibility with CMake < 3.10 will be removed from a future version of
2025-02-13 11:32:10.353 [error] [Extension Host] [CMakeTools] 2025-02-13T03:32:10.339Z [error] [cmake]   CMake.
2025-02-13 11:32:10.353 [error] [Extension Host] [CMakeTools] 2025-02-13T03:32:10.339Z [error] [cmake] 
2025-02-13 11:32:10.353 [error] [Extension Host] [CMakeTools] 2025-02-13T03:32:10.339Z [error] [cmake]   Update the VERSION argument <min> value.  Or, use the <min>...<max> syntax
2025-02-13 11:32:10.353 [error] [Extension Host] [CMakeTools] 2025-02-13T03:32:10.339Z [error] [cmake]   to tell CMake that the project requires at least <min> but has been updated
2025-02-13 11:32:10.353 [error] [Extension Host] [CMakeTools] 2025-02-13T03:32:10.339Z [error] [cmake]   to work with policies introduced by <max> or earlier.
2025-02-13 11:32:10.353 [error] [Extension Host] [CMakeTools] 2025-02-13T03:32:10.339Z [error] [cmake] 
2025-02-13 11:32:10.353 [error] [Extension Host] [CMakeTools] 2025-02-13T03:32:10.340Z [error] [cmake] 
2025-02-13 11:32:10.586 [error] [Extension Host] [CMakeTools] 2025-02-13T03:32:10.586Z [error] [cmake] CMake Warning (dev) at CMakeLists.txt:15 (find_package):
2025-02-13 11:32:10.586 [error] [Extension Host] [CMakeTools] 2025-02-13T03:32:10.586Z [error] [cmake]   Policy CMP0167 is not set: The FindBoost module is removed.  Run "cmake
2025-02-13 11:32:10.587 [error] [Extension Host] [CMakeTools] 2025-02-13T03:32:10.586Z [error] [cmake]   --help-policy CMP0167" for policy details.  Use the cmake_policy command to
2025-02-13 11:32:10.587 [error] [Extension Host] [CMakeTools] 2025-02-13T03:32:10.586Z [error] [cmake]   set the policy and suppress this warning.
2025-02-13 11:32:10.587 [error] [Extension Host] [CMakeTools] 2025-02-13T03:32:10.586Z [error] [cmake] 
2025-02-13 11:32:10.587 [error] [Extension Host] [CMakeTools] 2025-02-13T03:32:10.586Z [error] [cmake] This warning is for project developers.  Use -Wno-dev to suppress it.
2025-02-13 11:32:10.587 [error] [Extension Host] [CMakeTools] 2025-02-13T03:32:10.586Z [error] [cmake] 
