2025-02-14 08:52:03.046 [info] [Info  - 08:52:03] (16211) Server root directory: file:///home/hooke/.vscode/extensions/ms-python.vscode-pylance-2025.2.1/dist
2025-02-14 08:52:03.054 [info] [Info  - 08:52:03] (16211) Pylance language server 2025.2.1 (pyright version 1.1.393, commit 3763156f) starting
2025-02-14 08:52:03.058 [info] [Info  - 08:52:03] (16211) Starting service instance "wnri-bluet-v5"
2025-02-14 08:52:03.095 [info] [Info  - 08:52:03] (16211) Setting environmentName for service "wnri-bluet-v5": "3.12.8 (全局)"
2025-02-14 08:52:03.095 [info] [Info  - 08:52:03] (16211) Setting pythonPath for service "wnri-bluet-v5": "/home/hooke/.pyenv/versions/3.12.8/bin/python"
2025-02-14 08:52:03.095 [info] [Info  - 08:52:03] (16211) No include entries specified; assuming /home/hooke/works/wnri-bluet-v5
2025-02-14 08:52:03.096 [info] [Info  - 08:52:03] (16211) Auto-excluding **/node_modules
2025-02-14 08:52:03.096 [info] [Info  - 08:52:03] (16211) Auto-excluding **/__pycache__
2025-02-14 08:52:03.096 [info] [Info  - 08:52:03] (16211) Auto-excluding **/.*
2025-02-14 08:52:03.121 [info] [Info  - 08:52:03] (16211) Assuming Python version 3.12.8.final.0
2025-02-14 08:52:03.210 [info] [Info  - 08:52:03] (16211) Found 39 source files
2025-02-14 08:52:03.638 [info] [Info  - 08:52:03] (16211) Background analysis(1) root directory: file:///home/hooke/.vscode/extensions/ms-python.vscode-pylance-2025.2.1/dist
2025-02-14 08:52:03.640 [info] [Info  - 08:52:03] (16211) Background analysis(1) started
2025-02-14 08:52:03.822 [info] [Info  - 08:52:03] (16211) Indexer background runner(2) root directory: file:///home/hooke/.vscode/extensions/ms-python.vscode-pylance-2025.2.1/dist (index)
2025-02-14 08:52:03.822 [info] [Info  - 08:52:03] (16211) Indexing(2) started
2025-02-14 08:52:04.134 [info] [Info  - 08:52:04] (16211) scanned(2) 12 files over 1 exec env
2025-02-14 08:52:04.271 [info] [Info  - 08:52:04] (16211) indexed(2) 12 files over 1 exec env
2025-02-14 08:52:04.281 [info] [Info  - 08:52:04] (16211) Indexing finished(2).
2025-02-14 08:52:12.676 [info] (Client) The existing extension didn't exit within 10 seconds. New instance will start, but you might encounter issues.
2025-02-14 08:52:12.676 [info] (Client) Pylance async client (2025.2.1) started with python extension (2025.0.0)
2025-02-14 08:55:19.909 [info] [Info  - 08:55:19] (16211) Setting environmentName for service "wnri-bluet-v5": "3.12.8 (全局)"
2025-02-14 08:55:19.909 [info] [Info  - 08:55:19] (16211) Setting pythonPath for service "wnri-bluet-v5": "/home/hooke/.pyenv/versions/3.12.8/bin/python"
2025-02-14 08:55:19.909 [info] [Info  - 08:55:19] (16211) No include entries specified; assuming /home/hooke/works/wnri-bluet-v5
2025-02-14 08:55:19.909 [info] [Info  - 08:55:19] (16211) Auto-excluding **/node_modules
2025-02-14 08:55:19.909 [info] [Info  - 08:55:19] (16211) Auto-excluding **/__pycache__
2025-02-14 08:55:19.909 [info] [Info  - 08:55:19] (16211) Auto-excluding **/.*
2025-02-14 08:55:19.939 [info] [Info  - 08:55:19] (16211) Assuming Python version 3.12.8.final.0
2025-02-14 08:55:19.992 [info] [Info  - 08:55:19] (16211) Found 39 source files
2025-02-14 08:56:34.308 [info] [Info  - 08:56:34] (16211) Indexer background runner(3) root directory: file:///home/hooke/.vscode/extensions/ms-python.vscode-pylance-2025.2.1/dist (index)
2025-02-14 08:56:34.308 [info] [Info  - 08:56:34] (16211) Indexing(3) started
2025-02-14 08:56:34.474 [info] [Info  - 08:56:34] (16211) scanned(3) 12 files over 1 exec env
2025-02-14 08:56:34.596 [info] [Info  - 08:56:34] (16211) indexed(3) 12 files over 1 exec env
2025-02-14 08:56:34.604 [info] [Info  - 08:56:34] (16211) Indexing finished(3).
