2025-02-14 16:48:38.374 [info] Reading sessions from keychain...
2025-02-14 16:48:38.374 [info] Getting sessions for all scopes...
2025-02-14 16:48:38.374 [info] Getting sessions for all scopes...
2025-02-14 16:48:38.374 [info] Getting sessions for all scopes...
2025-02-14 16:48:38.374 [info] Got stored sessions!
2025-02-14 16:48:38.374 [info] Got 1 verified sessions.
2025-02-14 16:48:38.374 [info] Got 1 sessions for ...
2025-02-14 16:48:38.374 [info] Got 1 sessions for ...
2025-02-14 16:48:38.374 [info] Got 1 sessions for ...
2025-02-14 16:48:38.697 [info] Getting sessions for all scopes...
2025-02-14 16:48:38.697 [info] Got 1 sessions for ...
2025-02-14 16:48:38.697 [info] Getting sessions for all scopes...
2025-02-14 16:48:38.697 [info] Got 1 sessions for ...
2025-02-14 16:48:38.697 [info] Getting sessions for all scopes...
2025-02-14 16:48:38.697 [info] Got 1 sessions for ...
2025-02-14 16:48:38.697 [info] Getting sessions for all scopes...
2025-02-14 16:48:38.697 [info] Got 1 sessions for ...
2025-02-14 16:48:38.698 [info] Getting sessions for all scopes...
2025-02-14 16:48:38.698 [info] Got 1 sessions for ...
2025-02-14 16:48:56.560 [info] Reading sessions from keychain...
2025-02-14 16:48:56.560 [info] Getting sessions for all scopes...
2025-02-14 16:48:56.560 [info] Getting sessions for all scopes...
2025-02-14 16:48:56.560 [info] Getting sessions for all scopes...
2025-02-14 16:48:56.560 [info] Got stored sessions!
2025-02-14 16:48:56.560 [info] Got 1 verified sessions.
2025-02-14 16:48:56.560 [info] Got 1 sessions for ...
2025-02-14 16:48:56.560 [info] Got 1 sessions for ...
2025-02-14 16:48:56.560 [info] Got 1 sessions for ...
2025-02-14 16:48:56.750 [info] Getting sessions for all scopes...
2025-02-14 16:48:56.750 [info] Got 1 sessions for ...
2025-02-14 16:48:56.750 [info] Getting sessions for all scopes...
2025-02-14 16:48:56.750 [info] Got 1 sessions for ...
2025-02-14 16:48:56.750 [info] Getting sessions for all scopes...
2025-02-14 16:48:56.750 [info] Got 1 sessions for ...
2025-02-14 16:48:56.751 [info] Getting sessions for all scopes...
2025-02-14 16:48:56.751 [info] Got 1 sessions for ...
2025-02-14 16:48:56.751 [info] Getting sessions for all scopes...
2025-02-14 16:48:56.751 [info] Got 1 sessions for ...
2025-02-14 16:48:57.039 [info] Getting sessions for user:email...
2025-02-14 16:48:57.039 [info] Got 1 sessions for user:email...
2025-02-14 16:48:57.313 [info] Getting sessions for all scopes...
2025-02-14 16:48:57.313 [info] Got 1 sessions for ...
2025-02-14 17:47:22.042 [info] Reading sessions from keychain...
2025-02-14 17:47:22.043 [info] Getting sessions for all scopes...
2025-02-14 17:47:22.043 [info] Getting sessions for all scopes...
2025-02-14 17:47:22.043 [info] Getting sessions for all scopes...
2025-02-14 17:47:22.043 [info] Getting sessions for all scopes...
2025-02-14 17:47:22.043 [info] Getting sessions for all scopes...
2025-02-14 17:47:22.043 [info] Getting sessions for all scopes...
2025-02-14 17:47:22.043 [info] Getting sessions for all scopes...
2025-02-14 17:47:22.043 [info] Getting sessions for all scopes...
2025-02-14 17:47:22.043 [info] Got stored sessions!
2025-02-14 17:47:22.043 [info] Got 1 verified sessions.
2025-02-14 17:47:22.043 [info] Got 1 sessions for ...
2025-02-14 17:47:22.043 [info] Got 1 sessions for ...
2025-02-14 17:47:22.043 [info] Got 1 sessions for ...
2025-02-14 17:47:22.043 [info] Got 1 sessions for ...
2025-02-14 17:47:22.043 [info] Got 1 sessions for ...
2025-02-14 17:47:22.043 [info] Got 1 sessions for ...
2025-02-14 17:47:22.043 [info] Got 1 sessions for ...
2025-02-14 17:47:22.043 [info] Got 1 sessions for ...
2025-02-14 17:47:22.687 [info] Getting sessions for user:email...
2025-02-14 17:47:22.687 [info] Got 1 sessions for user:email...
2025-02-14 17:47:23.555 [info] Getting sessions for all scopes...
2025-02-14 17:47:23.555 [info] Got 1 sessions for ...
