2025-02-13 14:52:11.786 [info] Reading sessions from keychain...
2025-02-13 14:52:11.786 [info] Getting sessions for all scopes...
2025-02-13 14:52:11.786 [info] Getting sessions for all scopes...
2025-02-13 14:52:11.786 [info] Getting sessions for all scopes...
2025-02-13 14:52:11.786 [info] Got stored sessions!
2025-02-13 14:52:11.786 [info] Got 0 verified sessions.
2025-02-13 14:52:11.786 [info] Got 0 sessions for ...
2025-02-13 14:52:11.786 [info] Got 0 sessions for ...
2025-02-13 14:52:11.786 [info] Got 0 sessions for ...
2025-02-13 14:52:12.033 [info] Getting sessions for all scopes...
2025-02-13 14:52:12.033 [info] Got 0 sessions for ...
2025-02-13 14:52:12.033 [info] Getting sessions for all scopes...
2025-02-13 14:52:12.033 [info] Got 0 sessions for ...
2025-02-13 14:52:12.033 [info] Getting sessions for all scopes...
2025-02-13 14:52:12.033 [info] Got 0 sessions for ...
2025-02-13 14:52:12.033 [info] Getting sessions for all scopes...
2025-02-13 14:52:12.033 [info] Got 0 sessions for ...
2025-02-13 14:52:12.033 [info] Getting sessions for all scopes...
2025-02-13 14:52:12.033 [info] Got 0 sessions for ...
2025-02-13 14:52:12.558 [info] Getting sessions for user:email...
2025-02-13 14:52:12.558 [info] Got 0 sessions for user:email...
2025-02-13 14:52:13.673 [info] Getting sessions for all scopes...
2025-02-13 14:52:13.673 [info] Got 0 sessions for ...
