[proc] 执行命令: /usr/bin/cmake --version
[proc] 执行命令: /usr/bin/cmake -E capabilities
[kit] 已成功从 /home/hooke/.local/share/CMakeTools/cmake-tools-kits.json 加载 3 工具包
[variant] 已加载一组新变量
[proc] 执行命令: /usr/bin/gcc -v
[cmakefileapi-driver] 正在删除 /home/hooke/works/wnri-bluet-v5/build/CMakeCache.txt
[main] 正在配置项目: wnri-bluet-v5 
[proc] 执行命令: /usr/bin/cmake -DCMAKE_BUILD_TYPE:STRING=Debug -DCMAKE_EXPORT_COMPILE_COMMANDS:BOOL=TRUE -DCMAKE_C_COMPILER:FILEPATH=/usr/bin/gcc -DCMAKE_CXX_COMPILER:FILEPATH=/usr/bin/g++ --no-warn-unused-cli -S/home/hooke/works/wnri-bluet-v5 -B/home/hooke/works/wnri-bluet-v5/build -G Ninja
[cmake] CMake Deprecation Warning at CMakeLists.txt:1 (cmake_minimum_required):
[cmake]   Compatibility with CMake < 3.10 will be removed from a future version of
[cmake]   CMake.
[cmake] 
[cmake]   Update the VERSION argument <min> value.  Or, use the <min>...<max> syntax
[cmake]   to tell CMake that the project requires at least <min> but has been updated
[cmake]   to work with policies introduced by <max> or earlier.
[cmake] 
[cmake] 
[cmake] Not searching for unused variables given on the command line.
[cmake] -- The C compiler identification is GNU 14.2.1
[cmake] -- The CXX compiler identification is GNU 14.2.1
[cmake] -- Detecting C compiler ABI info
[cmake] -- Detecting C compiler ABI info - done
[cmake] -- Check for working C compiler: /usr/bin/gcc - skipped
[cmake] -- Detecting C compile features
[cmake] -- Detecting C compile features - done
[cmake] -- Detecting CXX compiler ABI info
[cmake] -- Detecting CXX compiler ABI info - done
[cmake] -- Check for working CXX compiler: /usr/bin/g++ - skipped
[cmake] -- Detecting CXX compile features
[cmake] -- Detecting CXX compile features - done
[cmake] -- data_manage.json found at /home/hooke/works/wnri-bluet-v5/data_manage.json
[cmake] -- Found Vdt: /usr/include (found version "0.4")
[cmake] CMake Warning (dev) at CMakeLists.txt:15 (find_package):
[cmake]   Policy CMP0167 is not set: The FindBoost module is removed.  Run "cmake
[cmake]   --help-policy CMP0167" for policy details.  Use the cmake_policy command to
[cmake]   set the policy and suppress this warning.
[cmake] 
[cmake] This warning is for project developers.  Use -Wno-dev to suppress it.
[cmake] 
[cmake] -- Found Boost: /usr/lib/cmake/Boost-1.87.0/BoostConfig.cmake (found version "1.87.0")
[cmake] -- Configuring done (0.6s)
[cmake] -- Generating done (0.1s)
[cmake] -- Build files have been written to: /home/hooke/works/wnri-bluet-v5/build
