2025-02-14 09:47:27.500 [info] [main] 日志级别: Info
2025-02-14 09:47:27.500 [info] [main] 正在验证在以下位置找到的 git: "git"
2025-02-14 09:47:27.500 [info] [main] 使用来自 "git" 的 git "2.48.1"
2025-02-14 09:47:27.500 [info] [Model][doInitialScan] Initial repository scan started
2025-02-14 09:47:27.500 [info] > git rev-parse --show-toplevel [243ms]
2025-02-14 09:47:27.500 [info] > git rev-parse --git-dir --git-common-dir [361ms]
2025-02-14 09:47:27.500 [info] [Model][openRepository] Opened repository: /home/hooke/works/wnri-bluet-v5
2025-02-14 09:47:27.503 [info] > git config --get commit.template [95ms]
2025-02-14 09:47:27.598 [info] > git for-each-ref --format=%(refname)%00%(upstream:short)%00%(objectname)%00%(upstream:track)%00%(upstream:remotename)%00%(upstream:remoteref) refs/heads/master refs/remotes/master [55ms]
2025-02-14 09:47:27.627 [warning] [Git][revParse] Unable to read file: ENOENT: no such file or directory, open '/home/hooke/works/wnri-bluet-v5/.git/refs/remotes/origin/master'
2025-02-14 09:47:27.628 [info] > git rev-parse --show-toplevel [49ms]
2025-02-14 09:47:27.644 [info] > git rev-parse refs/remotes/origin/master [16ms]
2025-02-14 09:47:28.615 [info] > git status -z -uall [959ms]
2025-02-14 09:47:28.635 [info] > git rev-parse --show-toplevel [992ms]
2025-02-14 09:47:28.676 [info] > git for-each-ref --sort -committerdate --format %(refname) %(objectname) %(*objectname) [1002ms]
2025-02-14 09:47:28.727 [info] > git check-ignore -v -z --stdin [76ms]
2025-02-14 09:47:28.736 [info] > git for-each-ref --format=%(refname)%00%(upstream:short)%00%(objectname)%00%(upstream:track)%00%(upstream:remotename)%00%(upstream:remoteref) refs/heads/master refs/remotes/master [33ms]
2025-02-14 09:47:28.755 [info] > git rev-parse --show-toplevel [82ms]
2025-02-14 09:47:28.782 [info] > git config --get --local branch.master.vscode-merge-base [28ms]
2025-02-14 09:47:28.797 [info] > git config --get commit.template [70ms]
2025-02-14 09:47:28.805 [info] > git for-each-ref --format=%(refname)%00%(upstream:short)%00%(objectname)%00%(upstream:track)%00%(upstream:remotename)%00%(upstream:remoteref) refs/heads/origin/master refs/remotes/origin/master [8ms]
2025-02-14 09:47:28.820 [info] > git rev-parse --show-toplevel [40ms]
2025-02-14 09:47:28.848 [info] > git merge-base refs/heads/master refs/remotes/origin/master [29ms]
2025-02-14 09:47:28.876 [info] > git diff --name-status -z --diff-filter=ADMR c82cdb0220e9aed5dc2f2ec516e72895d7d470b5...refs/remotes/origin/master [14ms]
2025-02-14 09:47:28.876 [info] > git rev-parse --show-toplevel [28ms]
2025-02-14 09:47:28.876 [info] > git for-each-ref --format=%(refname)%00%(upstream:short)%00%(objectname)%00%(upstream:track)%00%(upstream:remotename)%00%(upstream:remoteref) refs/heads/master refs/remotes/master [43ms]
2025-02-14 09:47:28.901 [warning] [Git][revParse] Unable to read file: ENOENT: no such file or directory, open '/home/hooke/works/wnri-bluet-v5/.git/refs/remotes/origin/master'
2025-02-14 09:47:28.913 [info] > git rev-parse refs/remotes/origin/master [11ms]
2025-02-14 09:47:28.940 [info] > git rev-parse --show-toplevel [50ms]
2025-02-14 09:47:28.974 [info] > git status -z -uall [48ms]
2025-02-14 09:47:28.975 [info] > git for-each-ref --sort -committerdate --format %(refname) %(objectname) %(*objectname) [35ms]
2025-02-14 09:47:28.978 [info] > git rev-parse --show-toplevel [5ms]
2025-02-14 09:47:28.995 [info] > git rev-parse --show-toplevel [2ms]
2025-02-14 09:47:28.997 [info] [Model][doInitialScan] Initial repository scan completed - repositories (1), closed repositories (0), parent repositories (0), unsafe repositories (0)
2025-02-14 09:47:30.494 [info] > git config --get commit.template [2ms]
2025-02-14 09:47:30.519 [info] > git for-each-ref --format=%(refname)%00%(upstream:short)%00%(objectname)%00%(upstream:track)%00%(upstream:remotename)%00%(upstream:remoteref) refs/heads/master refs/remotes/master [1ms]
2025-02-14 09:47:30.538 [warning] [Git][revParse] Unable to read file: ENOENT: no such file or directory, open '/home/hooke/works/wnri-bluet-v5/.git/refs/remotes/origin/master'
2025-02-14 09:47:30.541 [info] > git rev-parse refs/remotes/origin/master [3ms]
2025-02-14 09:47:30.584 [info] > git for-each-ref --sort -committerdate --format %(refname) %(objectname) %(*objectname) [2ms]
2025-02-14 09:47:30.590 [info] > git status -z -uall [31ms]
2025-02-14 09:47:31.423 [info] > git config --get commit.template [19ms]
2025-02-14 09:47:31.425 [info] > git for-each-ref --format=%(refname)%00%(upstream:short)%00%(objectname)%00%(upstream:track)%00%(upstream:remotename)%00%(upstream:remoteref) refs/heads/master refs/remotes/master [2ms]
2025-02-14 09:47:31.444 [warning] [Git][revParse] Unable to read file: ENOENT: no such file or directory, open '/home/hooke/works/wnri-bluet-v5/.git/refs/remotes/origin/master'
2025-02-14 09:47:31.447 [info] > git rev-parse refs/remotes/origin/master [3ms]
2025-02-14 09:47:31.488 [info] > git for-each-ref --sort -committerdate --format %(refname) %(objectname) %(*objectname) [2ms]
2025-02-14 09:47:31.495 [info] > git status -z -uall [28ms]
2025-02-14 09:48:00.852 [info] > git show --textconv :BluetAna/include/BluetDataModel.h [29ms]
2025-02-14 09:48:00.856 [info] > git ls-files --stage -- /home/hooke/works/wnri-bluet-v5/BluetAna/include/BluetDataModel.h [5ms]
2025-02-14 09:48:00.881 [info] > git cat-file -s 7cb72d94af86bac5f170794d77ff1dfaa881b882 [2ms]
2025-02-14 09:48:00.938 [info] > git blame --root --incremental c82cdb0220e9aed5dc2f2ec516e72895d7d470b5 -- /home/hooke/works/wnri-bluet-v5/BluetAna/include/BluetDataModel.h [7ms]
2025-02-14 09:48:06.683 [info] > git check-ignore -v -z --stdin [1ms]
2025-02-14 09:48:11.774 [info] > git check-ignore -v -z --stdin [1ms]
2025-02-14 09:48:17.307 [info] > git check-ignore -v -z --stdin [1ms]
2025-02-14 09:48:19.337 [info] > git check-ignore -v -z --stdin [1ms]
2025-02-14 09:48:32.442 [info] > git show --textconv :Scripts/BluetWaveLab.py [372ms]
2025-02-14 09:48:32.442 [info] > git ls-files --stage -- /home/hooke/works/wnri-bluet-v5/Scripts/BluetWaveLab.py [350ms]
2025-02-14 09:48:32.522 [info] > git cat-file -s 3aeaafa1fc3d8989a2799f70d2ba43a413171e93 [61ms]
2025-02-14 09:48:32.570 [info] > git blame --root --incremental c82cdb0220e9aed5dc2f2ec516e72895d7d470b5 -- /home/hooke/works/wnri-bluet-v5/Scripts/BluetWaveLab.py [2ms]
2025-02-14 09:48:49.061 [info] > git check-ignore -v -z --stdin [1ms]
2025-02-14 09:48:50.240 [info] > git show --textconv :yihBluetWork/BluetEventFactory.C [23ms]
2025-02-14 09:48:50.241 [info] > git ls-files --stage -- /home/hooke/works/wnri-bluet-v5/yihBluetWork/BluetEventFactory.C [4ms]
2025-02-14 09:48:50.263 [info] > git cat-file -s f548584ab65a4671b8715ab3d436d0cc5ce5389b [2ms]
2025-02-14 09:49:02.064 [info] > git show --textconv :yihBluetWork/BluetWaveFactory.C [22ms]
2025-02-14 09:49:02.065 [info] > git ls-files --stage -- /home/hooke/works/wnri-bluet-v5/yihBluetWork/BluetWaveFactory.C [1ms]
2025-02-14 09:49:02.087 [info] > git cat-file -s 7708e2887b1a51e3c90f0dd0fd03ecfdcfd8d462 [3ms]
2025-02-14 09:49:02.119 [info] > git blame --root --incremental c82cdb0220e9aed5dc2f2ec516e72895d7d470b5 -- /home/hooke/works/wnri-bluet-v5/yihBluetWork/BluetWaveFactory.C [2ms]
2025-02-14 09:50:56.405 [info] > git show --textconv :Scripts/FactoryWave.py [23ms]
2025-02-14 09:50:56.406 [info] > git ls-files --stage -- /home/hooke/works/wnri-bluet-v5/Scripts/FactoryWave.py [2ms]
2025-02-14 09:50:56.426 [info] > git cat-file -s da25862c8e5d3552909361c8e254367cee254eb3 [2ms]
2025-02-14 09:50:56.456 [info] > git blame --root --incremental c82cdb0220e9aed5dc2f2ec516e72895d7d470b5 -- /home/hooke/works/wnri-bluet-v5/Scripts/FactoryWave.py [2ms]
2025-02-14 09:51:43.078 [info] > git check-ignore -v -z --stdin [1ms]
2025-02-14 09:51:43.817 [info] > git check-ignore -v -z --stdin [0ms]
2025-02-14 10:03:40.305 [info] > git check-ignore -v -z --stdin [1ms]
2025-02-14 10:03:42.737 [info] > git show --textconv :path_manage.json [21ms]
2025-02-14 10:03:42.737 [info] > git ls-files --stage -- /home/hooke/works/wnri-bluet-v5/path_manage.json [2ms]
2025-02-14 10:03:42.758 [info] > git cat-file -s 6f92e9f95c43b939f3dc85d0fd0410f01bb041f3 [2ms]
2025-02-14 10:03:45.136 [info] > git blame --root --incremental c82cdb0220e9aed5dc2f2ec516e72895d7d470b5 -- /home/hooke/works/wnri-bluet-v5/path_manage.json [1ms]
2025-02-14 10:03:59.699 [info] > git show --textconv :Scripts/FactoryWave.py [21ms]
2025-02-14 10:03:59.701 [info] > git ls-files --stage -- /home/hooke/works/wnri-bluet-v5/Scripts/FactoryWave.py [2ms]
2025-02-14 10:03:59.722 [info] > git cat-file -s da25862c8e5d3552909361c8e254367cee254eb3 [1ms]
2025-02-14 10:05:34.647 [info] > git show --textconv :Scripts/FactoryWaveTemp.py [21ms]
2025-02-14 10:05:34.666 [info] > git ls-files --stage -- /home/hooke/works/wnri-bluet-v5/Scripts/FactoryWaveTemp.py [20ms]
2025-02-14 10:05:34.685 [info] > git hash-object -t tree /dev/null [19ms]
2025-02-14 10:05:34.685 [warning] [GitFileSystemProvider][readFile] File not found - git:/home/hooke/works/wnri-bluet-v5/Scripts/FactoryWaveTemp.py.git?%7B%22path%22%3A%22%2Fhome%2Fhooke%2Fworks%2Fwnri-bluet-v5%2FScripts%2FFactoryWaveTemp.py%22%2C%22ref%22%3A%22%22%7D
2025-02-14 10:05:34.691 [info] > git hash-object -t tree /dev/null [7ms]
2025-02-14 10:05:34.691 [warning] [GitFileSystemProvider][stat] File not found - git:/home/hooke/works/wnri-bluet-v5/Scripts/FactoryWaveTemp.py.git?%7B%22path%22%3A%22%2Fhome%2Fhooke%2Fworks%2Fwnri-bluet-v5%2FScripts%2FFactoryWaveTemp.py%22%2C%22ref%22%3A%22%22%7D
2025-02-14 10:05:34.915 [info] > git check-ignore -v -z --stdin [2ms]
2025-02-14 10:05:35.486 [info] > git for-each-ref --format=%(refname)%00%(upstream:short)%00%(objectname)%00%(upstream:track)%00%(upstream:remotename)%00%(upstream:remoteref) refs/heads/master refs/remotes/master [2ms]
2025-02-14 10:05:35.486 [info] > git config --get commit.template [20ms]
2025-02-14 10:05:35.504 [warning] [Git][revParse] Unable to read file: ENOENT: no such file or directory, open '/home/hooke/works/wnri-bluet-v5/.git/refs/remotes/origin/master'
2025-02-14 10:05:35.506 [info] > git rev-parse refs/remotes/origin/master [1ms]
2025-02-14 10:05:35.545 [info] > git for-each-ref --sort -committerdate --format %(refname) %(objectname) %(*objectname) [1ms]
2025-02-14 10:05:35.552 [info] > git status -z -uall [28ms]
2025-02-14 10:05:36.848 [info] > git show --textconv :Scripts/FactoryWave.py [21ms]
2025-02-14 10:05:36.849 [info] > git ls-files --stage -- /home/hooke/works/wnri-bluet-v5/Scripts/FactoryWave.py [1ms]
2025-02-14 10:05:36.870 [info] > git cat-file -s da25862c8e5d3552909361c8e254367cee254eb3 [2ms]
2025-02-14 10:05:59.042 [info] > git config --get commit.template [16ms]
2025-02-14 10:05:59.042 [info] > git for-each-ref --format=%(refname)%00%(upstream:short)%00%(objectname)%00%(upstream:track)%00%(upstream:remotename)%00%(upstream:remoteref) refs/heads/master refs/remotes/master [1ms]
2025-02-14 10:05:59.057 [warning] [Git][revParse] Unable to read file: ENOENT: no such file or directory, open '/home/hooke/works/wnri-bluet-v5/.git/refs/remotes/origin/master'
2025-02-14 10:05:59.058 [info] > git rev-parse refs/remotes/origin/master [1ms]
2025-02-14 10:05:59.089 [info] > git for-each-ref --sort -committerdate --format %(refname) %(objectname) %(*objectname) [1ms]
2025-02-14 10:05:59.100 [info] > git status -z -uall [27ms]
2025-02-14 10:06:05.908 [info] > git config --get commit.template [1ms]
2025-02-14 10:06:05.928 [info] > git for-each-ref --format=%(refname)%00%(upstream:short)%00%(objectname)%00%(upstream:track)%00%(upstream:remotename)%00%(upstream:remoteref) refs/heads/master refs/remotes/master [1ms]
2025-02-14 10:06:05.946 [warning] [Git][revParse] Unable to read file: ENOENT: no such file or directory, open '/home/hooke/works/wnri-bluet-v5/.git/refs/remotes/origin/master'
2025-02-14 10:06:05.946 [info] > git rev-parse refs/remotes/origin/master [0ms]
2025-02-14 10:06:05.986 [info] > git for-each-ref --sort -committerdate --format %(refname) %(objectname) %(*objectname) [1ms]
2025-02-14 10:06:05.993 [info] > git status -z -uall [29ms]
2025-02-14 10:06:21.089 [info] > git config --get commit.template [1ms]
2025-02-14 10:06:21.106 [info] > git for-each-ref --format=%(refname)%00%(upstream:short)%00%(objectname)%00%(upstream:track)%00%(upstream:remotename)%00%(upstream:remoteref) refs/heads/master refs/remotes/master [1ms]
2025-02-14 10:06:21.121 [warning] [Git][revParse] Unable to read file: ENOENT: no such file or directory, open '/home/hooke/works/wnri-bluet-v5/.git/refs/remotes/origin/master'
2025-02-14 10:06:21.122 [info] > git rev-parse refs/remotes/origin/master [1ms]
2025-02-14 10:06:21.153 [info] > git for-each-ref --sort -committerdate --format %(refname) %(objectname) %(*objectname) [1ms]
2025-02-14 10:06:21.163 [info] > git status -z -uall [26ms]
2025-02-14 10:07:01.551 [info] > git config --get commit.template [24ms]
2025-02-14 10:07:01.552 [info] > git for-each-ref --format=%(refname)%00%(upstream:short)%00%(objectname)%00%(upstream:track)%00%(upstream:remotename)%00%(upstream:remoteref) refs/heads/master refs/remotes/master [1ms]
2025-02-14 10:07:01.572 [warning] [Git][revParse] Unable to read file: ENOENT: no such file or directory, open '/home/hooke/works/wnri-bluet-v5/.git/refs/remotes/origin/master'
2025-02-14 10:07:01.573 [info] > git rev-parse refs/remotes/origin/master [1ms]
2025-02-14 10:07:01.609 [info] > git for-each-ref --sort -committerdate --format %(refname) %(objectname) %(*objectname) [1ms]
2025-02-14 10:07:01.618 [info] > git status -z -uall [27ms]
2025-02-14 10:07:14.781 [info] > git config --get commit.template [14ms]
2025-02-14 10:07:14.782 [info] > git for-each-ref --format=%(refname)%00%(upstream:short)%00%(objectname)%00%(upstream:track)%00%(upstream:remotename)%00%(upstream:remoteref) refs/heads/master refs/remotes/master [1ms]
2025-02-14 10:07:14.795 [warning] [Git][revParse] Unable to read file: ENOENT: no such file or directory, open '/home/hooke/works/wnri-bluet-v5/.git/refs/remotes/origin/master'
2025-02-14 10:07:14.796 [info] > git rev-parse refs/remotes/origin/master [1ms]
2025-02-14 10:07:14.825 [info] > git for-each-ref --sort -committerdate --format %(refname) %(objectname) %(*objectname) [2ms]
2025-02-14 10:07:14.836 [info] > git status -z -uall [27ms]
2025-02-14 10:07:43.463 [info] > git config --get commit.template [1ms]
2025-02-14 10:07:43.477 [info] > git for-each-ref --format=%(refname)%00%(upstream:short)%00%(objectname)%00%(upstream:track)%00%(upstream:remotename)%00%(upstream:remoteref) refs/heads/master refs/remotes/master [1ms]
2025-02-14 10:07:43.491 [warning] [Git][revParse] Unable to read file: ENOENT: no such file or directory, open '/home/hooke/works/wnri-bluet-v5/.git/refs/remotes/origin/master'
2025-02-14 10:07:43.492 [info] > git rev-parse refs/remotes/origin/master [1ms]
2025-02-14 10:07:43.520 [info] > git for-each-ref --sort -committerdate --format %(refname) %(objectname) %(*objectname) [1ms]
2025-02-14 10:07:43.532 [info] > git status -z -uall [27ms]
2025-02-14 10:07:59.639 [info] > git config --get commit.template [24ms]
2025-02-14 10:07:59.640 [info] > git for-each-ref --format=%(refname)%00%(upstream:short)%00%(objectname)%00%(upstream:track)%00%(upstream:remotename)%00%(upstream:remoteref) refs/heads/master refs/remotes/master [2ms]
2025-02-14 10:07:59.664 [warning] [Git][revParse] Unable to read file: ENOENT: no such file or directory, open '/home/hooke/works/wnri-bluet-v5/.git/refs/remotes/origin/master'
2025-02-14 10:07:59.666 [info] > git rev-parse refs/remotes/origin/master [2ms]
2025-02-14 10:07:59.706 [info] > git for-each-ref --sort -committerdate --format %(refname) %(objectname) %(*objectname) [2ms]
2025-02-14 10:07:59.714 [info] > git status -z -uall [28ms]
2025-02-14 10:08:04.748 [info] > git config --get commit.template [14ms]
2025-02-14 10:08:04.749 [info] > git for-each-ref --format=%(refname)%00%(upstream:short)%00%(objectname)%00%(upstream:track)%00%(upstream:remotename)%00%(upstream:remoteref) refs/heads/master refs/remotes/master [1ms]
2025-02-14 10:08:04.764 [warning] [Git][revParse] Unable to read file: ENOENT: no such file or directory, open '/home/hooke/works/wnri-bluet-v5/.git/refs/remotes/origin/master'
2025-02-14 10:08:04.765 [info] > git rev-parse refs/remotes/origin/master [1ms]
2025-02-14 10:08:04.795 [info] > git for-each-ref --sort -committerdate --format %(refname) %(objectname) %(*objectname) [1ms]
2025-02-14 10:08:04.806 [info] > git status -z -uall [26ms]
2025-02-14 10:08:24.638 [info] > git config --get commit.template [16ms]
2025-02-14 10:08:24.638 [info] > git for-each-ref --format=%(refname)%00%(upstream:short)%00%(objectname)%00%(upstream:track)%00%(upstream:remotename)%00%(upstream:remoteref) refs/heads/master refs/remotes/master [1ms]
2025-02-14 10:08:24.654 [warning] [Git][revParse] Unable to read file: ENOENT: no such file or directory, open '/home/hooke/works/wnri-bluet-v5/.git/refs/remotes/origin/master'
2025-02-14 10:08:24.655 [info] > git rev-parse refs/remotes/origin/master [1ms]
2025-02-14 10:08:24.686 [info] > git for-each-ref --sort -committerdate --format %(refname) %(objectname) %(*objectname) [1ms]
2025-02-14 10:08:24.697 [info] > git status -z -uall [28ms]
2025-02-14 10:08:40.198 [info] > git config --get commit.template [17ms]
2025-02-14 10:08:40.199 [info] > git for-each-ref --format=%(refname)%00%(upstream:short)%00%(objectname)%00%(upstream:track)%00%(upstream:remotename)%00%(upstream:remoteref) refs/heads/master refs/remotes/master [2ms]
2025-02-14 10:08:40.214 [warning] [Git][revParse] Unable to read file: ENOENT: no such file or directory, open '/home/hooke/works/wnri-bluet-v5/.git/refs/remotes/origin/master'
2025-02-14 10:08:40.215 [info] > git rev-parse refs/remotes/origin/master [1ms]
2025-02-14 10:08:40.247 [info] > git for-each-ref --sort -committerdate --format %(refname) %(objectname) %(*objectname) [1ms]
2025-02-14 10:08:40.257 [info] > git status -z -uall [27ms]
2025-02-14 14:19:21.286 [info] > git config --get commit.template [16ms]
2025-02-14 14:19:21.286 [info] > git for-each-ref --format=%(refname)%00%(upstream:short)%00%(objectname)%00%(upstream:track)%00%(upstream:remotename)%00%(upstream:remoteref) refs/heads/master refs/remotes/master [1ms]
2025-02-14 14:19:21.299 [warning] [Git][revParse] Unable to read file: ENOENT: no such file or directory, open '/home/hooke/works/wnri-bluet-v5/.git/refs/remotes/origin/master'
2025-02-14 14:19:21.300 [info] > git rev-parse refs/remotes/origin/master [1ms]
2025-02-14 14:19:21.331 [info] > git for-each-ref --sort -committerdate --format %(refname) %(objectname) %(*objectname) [1ms]
2025-02-14 14:19:21.341 [info] > git status -z -uall [27ms]
2025-02-14 14:19:24.996 [info] > git show --textconv :Scripts/dependence/file_selector.py [25ms]
2025-02-14 14:19:24.996 [info] > git ls-files --stage -- /home/hooke/works/wnri-bluet-v5/Scripts/dependence/file_selector.py [1ms]
2025-02-14 14:19:25.021 [info] > git cat-file -s a48cf861af002c7ce9ac65db6759376ba9d5853a [1ms]
2025-02-14 14:19:25.418 [info] > git check-ignore -v -z --stdin [1ms]
2025-02-14 14:19:31.654 [info] > git blame --root --incremental c82cdb0220e9aed5dc2f2ec516e72895d7d470b5 -- /home/hooke/works/wnri-bluet-v5/Scripts/dependence/file_selector.py [1ms]
2025-02-14 14:22:03.843 [info] > git config --get commit.template [1ms]
2025-02-14 14:22:03.858 [info] > git for-each-ref --format=%(refname)%00%(upstream:short)%00%(objectname)%00%(upstream:track)%00%(upstream:remotename)%00%(upstream:remoteref) refs/heads/master refs/remotes/master [1ms]
2025-02-14 14:22:03.874 [warning] [Git][revParse] Unable to read file: ENOENT: no such file or directory, open '/home/hooke/works/wnri-bluet-v5/.git/refs/remotes/origin/master'
2025-02-14 14:22:03.874 [info] > git rev-parse refs/remotes/origin/master [0ms]
2025-02-14 14:22:03.907 [info] > git for-each-ref --sort -committerdate --format %(refname) %(objectname) %(*objectname) [2ms]
2025-02-14 14:22:03.916 [info] > git status -z -uall [26ms]
2025-02-14 14:22:20.892 [info] > git config --get commit.template [19ms]
2025-02-14 14:22:20.893 [info] > git for-each-ref --format=%(refname)%00%(upstream:short)%00%(objectname)%00%(upstream:track)%00%(upstream:remotename)%00%(upstream:remoteref) refs/heads/master refs/remotes/master [2ms]
2025-02-14 14:22:20.913 [warning] [Git][revParse] Unable to read file: ENOENT: no such file or directory, open '/home/hooke/works/wnri-bluet-v5/.git/refs/remotes/origin/master'
2025-02-14 14:22:20.914 [info] > git rev-parse refs/remotes/origin/master [1ms]
2025-02-14 14:22:20.954 [info] > git for-each-ref --sort -committerdate --format %(refname) %(objectname) %(*objectname) [1ms]
2025-02-14 14:22:20.961 [info] > git status -z -uall [28ms]
2025-02-14 14:22:25.980 [info] > git config --get commit.template [1ms]
2025-02-14 14:22:25.994 [info] > git for-each-ref --format=%(refname)%00%(upstream:short)%00%(objectname)%00%(upstream:track)%00%(upstream:remotename)%00%(upstream:remoteref) refs/heads/master refs/remotes/master [1ms]
2025-02-14 14:22:26.008 [warning] [Git][revParse] Unable to read file: ENOENT: no such file or directory, open '/home/hooke/works/wnri-bluet-v5/.git/refs/remotes/origin/master'
2025-02-14 14:22:26.009 [info] > git rev-parse refs/remotes/origin/master [1ms]
2025-02-14 14:22:26.038 [info] > git for-each-ref --sort -committerdate --format %(refname) %(objectname) %(*objectname) [1ms]
2025-02-14 14:22:26.050 [info] > git status -z -uall [27ms]
2025-02-14 14:22:35.346 [info] > git config --get commit.template [16ms]
2025-02-14 14:22:35.346 [info] > git for-each-ref --format=%(refname)%00%(upstream:short)%00%(objectname)%00%(upstream:track)%00%(upstream:remotename)%00%(upstream:remoteref) refs/heads/master refs/remotes/master [1ms]
2025-02-14 14:22:35.361 [warning] [Git][revParse] Unable to read file: ENOENT: no such file or directory, open '/home/hooke/works/wnri-bluet-v5/.git/refs/remotes/origin/master'
2025-02-14 14:22:35.362 [info] > git rev-parse refs/remotes/origin/master [1ms]
2025-02-14 14:22:35.391 [info] > git for-each-ref --sort -committerdate --format %(refname) %(objectname) %(*objectname) [1ms]
2025-02-14 14:22:35.402 [info] > git status -z -uall [26ms]
2025-02-14 14:22:42.170 [info] > git config --get commit.template [14ms]
2025-02-14 14:22:42.171 [info] > git for-each-ref --format=%(refname)%00%(upstream:short)%00%(objectname)%00%(upstream:track)%00%(upstream:remotename)%00%(upstream:remoteref) refs/heads/master refs/remotes/master [1ms]
2025-02-14 14:22:42.185 [warning] [Git][revParse] Unable to read file: ENOENT: no such file or directory, open '/home/hooke/works/wnri-bluet-v5/.git/refs/remotes/origin/master'
2025-02-14 14:22:42.186 [info] > git rev-parse refs/remotes/origin/master [1ms]
2025-02-14 14:22:42.217 [info] > git for-each-ref --sort -committerdate --format %(refname) %(objectname) %(*objectname) [1ms]
2025-02-14 14:22:42.226 [info] > git status -z -uall [26ms]
2025-02-14 14:22:47.273 [info] > git config --get commit.template [22ms]
2025-02-14 14:22:47.278 [info] > git for-each-ref --format=%(refname)%00%(upstream:short)%00%(objectname)%00%(upstream:track)%00%(upstream:remotename)%00%(upstream:remoteref) refs/heads/master refs/remotes/master [6ms]
2025-02-14 14:22:47.300 [warning] [Git][revParse] Unable to read file: ENOENT: no such file or directory, open '/home/hooke/works/wnri-bluet-v5/.git/refs/remotes/origin/master'
2025-02-14 14:22:47.310 [info] > git rev-parse refs/remotes/origin/master [10ms]
2025-02-14 14:22:47.352 [info] > git for-each-ref --sort -committerdate --format %(refname) %(objectname) %(*objectname) [2ms]
2025-02-14 14:22:47.358 [info] > git status -z -uall [27ms]
2025-02-14 14:22:52.399 [info] > git config --get commit.template [18ms]
2025-02-14 14:22:52.399 [info] > git for-each-ref --format=%(refname)%00%(upstream:short)%00%(objectname)%00%(upstream:track)%00%(upstream:remotename)%00%(upstream:remoteref) refs/heads/master refs/remotes/master [1ms]
2025-02-14 14:22:52.417 [warning] [Git][revParse] Unable to read file: ENOENT: no such file or directory, open '/home/hooke/works/wnri-bluet-v5/.git/refs/remotes/origin/master'
2025-02-14 14:22:52.418 [info] > git rev-parse refs/remotes/origin/master [1ms]
2025-02-14 14:22:52.457 [info] > git for-each-ref --sort -committerdate --format %(refname) %(objectname) %(*objectname) [1ms]
2025-02-14 14:22:52.463 [info] > git status -z -uall [28ms]
2025-02-14 14:22:57.488 [info] > git config --get commit.template [1ms]
2025-02-14 14:22:57.510 [info] > git for-each-ref --format=%(refname)%00%(upstream:short)%00%(objectname)%00%(upstream:track)%00%(upstream:remotename)%00%(upstream:remoteref) refs/heads/master refs/remotes/master [1ms]
2025-02-14 14:22:57.532 [warning] [Git][revParse] Unable to read file: ENOENT: no such file or directory, open '/home/hooke/works/wnri-bluet-v5/.git/refs/remotes/origin/master'
2025-02-14 14:22:57.537 [info] > git rev-parse refs/remotes/origin/master [5ms]
2025-02-14 14:22:57.600 [info] > git status -z -uall [35ms]
2025-02-14 14:22:57.600 [info] > git for-each-ref --sort -committerdate --format %(refname) %(objectname) %(*objectname) [7ms]
2025-02-14 14:23:02.623 [info] > git config --get commit.template [1ms]
2025-02-14 14:23:02.663 [info] > git for-each-ref --format=%(refname)%00%(upstream:short)%00%(objectname)%00%(upstream:track)%00%(upstream:remotename)%00%(upstream:remoteref) refs/heads/master refs/remotes/master [21ms]
2025-02-14 14:23:02.706 [warning] [Git][revParse] Unable to read file: ENOENT: no such file or directory, open '/home/hooke/works/wnri-bluet-v5/.git/refs/remotes/origin/master'
2025-02-14 14:23:02.707 [info] > git show --textconv :Scripts/dependence/file_selector.py [45ms]
2025-02-14 14:23:02.707 [info] > git ls-files --stage -- /home/hooke/works/wnri-bluet-v5/Scripts/dependence/file_selector.py [24ms]
2025-02-14 14:23:02.730 [info] > git cat-file -s a48cf861af002c7ce9ac65db6759376ba9d5853a [3ms]
2025-02-14 14:23:02.730 [info] > git rev-parse refs/remotes/origin/master [24ms]
2025-02-14 14:23:02.772 [info] > git for-each-ref --sort -committerdate --format %(refname) %(objectname) %(*objectname) [3ms]
2025-02-14 14:23:02.777 [info] > git status -z -uall [28ms]
2025-02-14 14:23:08.304 [info] > git show --textconv :.vscode/test.txt [33ms]
2025-02-14 14:23:08.305 [warning] [GitFileSystemProvider][readFile] File not found - git:/home/hooke/works/wnri-bluet-v5/.vscode/test.txt.git?%7B%22path%22%3A%22%2Fhome%2Fhooke%2Fworks%2Fwnri-bluet-v5%2F.vscode%2Ftest.txt%22%2C%22ref%22%3A%22%22%7D
2025-02-14 14:23:08.306 [info] > git ls-files --stage -- /home/hooke/works/wnri-bluet-v5/.vscode/test.txt [5ms]
2025-02-14 14:23:08.306 [warning] [GitFileSystemProvider][stat] File not found - git:/home/hooke/works/wnri-bluet-v5/.vscode/test.txt.git?%7B%22path%22%3A%22%2Fhome%2Fhooke%2Fworks%2Fwnri-bluet-v5%2F.vscode%2Ftest.txt%22%2C%22ref%22%3A%22%22%7D
2025-02-14 14:23:14.407 [info] > git blame --root --incremental c82cdb0220e9aed5dc2f2ec516e72895d7d470b5 -- /home/hooke/works/wnri-bluet-v5/.vscode/test.txt [2ms]
2025-02-14 14:23:14.407 [info] 致命错误：在 c82cdb0220e9aed5dc2f2ec516e72895d7d470b5 中无此路径 .vscode/test.txt
2025-02-14 14:23:36.608 [info] > git config --get commit.template [20ms]
2025-02-14 14:23:36.608 [info] > git for-each-ref --format=%(refname)%00%(upstream:short)%00%(objectname)%00%(upstream:track)%00%(upstream:remotename)%00%(upstream:remoteref) refs/heads/master refs/remotes/master [1ms]
2025-02-14 14:23:36.626 [warning] [Git][revParse] Unable to read file: ENOENT: no such file or directory, open '/home/hooke/works/wnri-bluet-v5/.git/refs/remotes/origin/master'
2025-02-14 14:23:36.627 [info] > git rev-parse refs/remotes/origin/master [1ms]
2025-02-14 14:23:36.668 [info] > git for-each-ref --sort -committerdate --format %(refname) %(objectname) %(*objectname) [1ms]
2025-02-14 14:23:36.674 [info] > git status -z -uall [28ms]
2025-02-14 14:23:41.693 [info] > git config --get commit.template [1ms]
2025-02-14 14:23:41.707 [info] > git for-each-ref --format=%(refname)%00%(upstream:short)%00%(objectname)%00%(upstream:track)%00%(upstream:remotename)%00%(upstream:remoteref) refs/heads/master refs/remotes/master [1ms]
2025-02-14 14:23:41.721 [warning] [Git][revParse] Unable to read file: ENOENT: no such file or directory, open '/home/hooke/works/wnri-bluet-v5/.git/refs/remotes/origin/master'
2025-02-14 14:23:41.722 [info] > git rev-parse refs/remotes/origin/master [1ms]
2025-02-14 14:23:41.751 [info] > git for-each-ref --sort -committerdate --format %(refname) %(objectname) %(*objectname) [1ms]
2025-02-14 14:23:41.762 [info] > git status -z -uall [26ms]
2025-02-14 14:24:01.967 [info] > git config --get commit.template [16ms]
2025-02-14 14:24:01.967 [info] > git for-each-ref --format=%(refname)%00%(upstream:short)%00%(objectname)%00%(upstream:track)%00%(upstream:remotename)%00%(upstream:remoteref) refs/heads/master refs/remotes/master [1ms]
2025-02-14 14:24:01.983 [warning] [Git][revParse] Unable to read file: ENOENT: no such file or directory, open '/home/hooke/works/wnri-bluet-v5/.git/refs/remotes/origin/master'
2025-02-14 14:24:01.984 [info] > git rev-parse refs/remotes/origin/master [1ms]
2025-02-14 14:24:02.024 [info] > git for-each-ref --sort -committerdate --format %(refname) %(objectname) %(*objectname) [2ms]
2025-02-14 14:24:02.031 [info] > git status -z -uall [28ms]
2025-02-14 14:26:16.185 [info] > git config --get commit.template [18ms]
2025-02-14 14:26:16.186 [info] > git for-each-ref --format=%(refname)%00%(upstream:short)%00%(objectname)%00%(upstream:track)%00%(upstream:remotename)%00%(upstream:remoteref) refs/heads/master refs/remotes/master [1ms]
2025-02-14 14:26:16.204 [warning] [Git][revParse] Unable to read file: ENOENT: no such file or directory, open '/home/hooke/works/wnri-bluet-v5/.git/refs/remotes/origin/master'
2025-02-14 14:26:16.205 [info] > git rev-parse refs/remotes/origin/master [1ms]
2025-02-14 14:26:16.252 [info] > git status -z -uall [30ms]
2025-02-14 14:26:16.252 [info] > git for-each-ref --sort -committerdate --format %(refname) %(objectname) %(*objectname) [9ms]
2025-02-14 14:26:21.271 [info] > git config --get commit.template [1ms]
2025-02-14 14:26:21.288 [info] > git for-each-ref --format=%(refname)%00%(upstream:short)%00%(objectname)%00%(upstream:track)%00%(upstream:remotename)%00%(upstream:remoteref) refs/heads/master refs/remotes/master [1ms]
2025-02-14 14:26:21.304 [warning] [Git][revParse] Unable to read file: ENOENT: no such file or directory, open '/home/hooke/works/wnri-bluet-v5/.git/refs/remotes/origin/master'
2025-02-14 14:26:21.305 [info] > git rev-parse refs/remotes/origin/master [0ms]
2025-02-14 14:26:21.337 [info] > git for-each-ref --sort -committerdate --format %(refname) %(objectname) %(*objectname) [1ms]
2025-02-14 14:26:21.347 [info] > git status -z -uall [27ms]
2025-02-14 14:26:26.380 [info] > git config --get commit.template [16ms]
2025-02-14 14:26:26.380 [info] > git for-each-ref --format=%(refname)%00%(upstream:short)%00%(objectname)%00%(upstream:track)%00%(upstream:remotename)%00%(upstream:remoteref) refs/heads/master refs/remotes/master [1ms]
2025-02-14 14:26:26.394 [warning] [Git][revParse] Unable to read file: ENOENT: no such file or directory, open '/home/hooke/works/wnri-bluet-v5/.git/refs/remotes/origin/master'
2025-02-14 14:26:26.394 [info] > git rev-parse refs/remotes/origin/master [1ms]
2025-02-14 14:26:26.424 [info] > git for-each-ref --sort -committerdate --format %(refname) %(objectname) %(*objectname) [1ms]
2025-02-14 14:26:26.435 [info] > git status -z -uall [28ms]
2025-02-14 14:30:57.102 [info] > git show --textconv :path_manage.json [19ms]
2025-02-14 14:30:57.103 [info] > git ls-files --stage -- /home/hooke/works/wnri-bluet-v5/path_manage.json [1ms]
2025-02-14 14:30:57.124 [info] > git cat-file -s 6f92e9f95c43b939f3dc85d0fd0410f01bb041f3 [3ms]
2025-02-14 14:32:01.245 [info] > git config --get commit.template [14ms]
2025-02-14 14:32:01.246 [info] > git for-each-ref --format=%(refname)%00%(upstream:short)%00%(objectname)%00%(upstream:track)%00%(upstream:remotename)%00%(upstream:remoteref) refs/heads/master refs/remotes/master [1ms]
2025-02-14 14:32:01.260 [warning] [Git][revParse] Unable to read file: ENOENT: no such file or directory, open '/home/hooke/works/wnri-bluet-v5/.git/refs/remotes/origin/master'
2025-02-14 14:32:01.261 [info] > git rev-parse refs/remotes/origin/master [1ms]
2025-02-14 14:32:01.290 [info] > git for-each-ref --sort -committerdate --format %(refname) %(objectname) %(*objectname) [1ms]
2025-02-14 14:32:01.301 [info] > git status -z -uall [27ms]
2025-02-14 14:32:06.342 [info] > git config --get commit.template [19ms]
2025-02-14 14:32:06.343 [info] > git for-each-ref --format=%(refname)%00%(upstream:short)%00%(objectname)%00%(upstream:track)%00%(upstream:remotename)%00%(upstream:remoteref) refs/heads/master refs/remotes/master [2ms]
2025-02-14 14:32:06.363 [warning] [Git][revParse] Unable to read file: ENOENT: no such file or directory, open '/home/hooke/works/wnri-bluet-v5/.git/refs/remotes/origin/master'
2025-02-14 14:32:06.365 [info] > git rev-parse refs/remotes/origin/master [2ms]
2025-02-14 14:32:06.407 [info] > git for-each-ref --sort -committerdate --format %(refname) %(objectname) %(*objectname) [1ms]
2025-02-14 14:32:06.413 [info] > git status -z -uall [28ms]
2025-02-14 14:32:11.447 [info] > git config --get commit.template [14ms]
2025-02-14 14:32:11.448 [info] > git for-each-ref --format=%(refname)%00%(upstream:short)%00%(objectname)%00%(upstream:track)%00%(upstream:remotename)%00%(upstream:remoteref) refs/heads/master refs/remotes/master [1ms]
2025-02-14 14:32:11.467 [warning] [Git][revParse] Unable to read file: ENOENT: no such file or directory, open '/home/hooke/works/wnri-bluet-v5/.git/refs/remotes/origin/master'
2025-02-14 14:32:11.468 [info] > git rev-parse refs/remotes/origin/master [1ms]
2025-02-14 14:32:11.499 [info] > git for-each-ref --sort -committerdate --format %(refname) %(objectname) %(*objectname) [1ms]
2025-02-14 14:32:11.510 [info] > git status -z -uall [27ms]
2025-02-14 14:32:16.542 [info] > git config --get commit.template [14ms]
2025-02-14 14:32:16.543 [info] > git for-each-ref --format=%(refname)%00%(upstream:short)%00%(objectname)%00%(upstream:track)%00%(upstream:remotename)%00%(upstream:remoteref) refs/heads/master refs/remotes/master [1ms]
2025-02-14 14:32:16.557 [warning] [Git][revParse] Unable to read file: ENOENT: no such file or directory, open '/home/hooke/works/wnri-bluet-v5/.git/refs/remotes/origin/master'
2025-02-14 14:32:16.558 [info] > git rev-parse refs/remotes/origin/master [1ms]
2025-02-14 14:32:16.587 [info] > git for-each-ref --sort -committerdate --format %(refname) %(objectname) %(*objectname) [1ms]
2025-02-14 14:32:16.598 [info] > git status -z -uall [27ms]
2025-02-14 14:32:23.691 [info] > git check-ignore -v -z --stdin [1ms]
2025-02-14 14:32:28.691 [info] > git config --get commit.template [20ms]
2025-02-14 14:32:28.691 [info] > git for-each-ref --format=%(refname)%00%(upstream:short)%00%(objectname)%00%(upstream:track)%00%(upstream:remotename)%00%(upstream:remoteref) refs/heads/master refs/remotes/master [1ms]
2025-02-14 14:32:28.711 [warning] [Git][revParse] Unable to read file: ENOENT: no such file or directory, open '/home/hooke/works/wnri-bluet-v5/.git/refs/remotes/origin/master'
2025-02-14 14:32:28.712 [info] > git rev-parse refs/remotes/origin/master [1ms]
2025-02-14 14:32:28.754 [info] > git for-each-ref --sort -committerdate --format %(refname) %(objectname) %(*objectname) [2ms]
2025-02-14 14:32:28.760 [info] > git status -z -uall [29ms]
2025-02-14 14:32:33.783 [info] > git config --get commit.template [2ms]
2025-02-14 14:32:33.806 [info] > git for-each-ref --format=%(refname)%00%(upstream:short)%00%(objectname)%00%(upstream:track)%00%(upstream:remotename)%00%(upstream:remoteref) refs/heads/master refs/remotes/master [2ms]
2025-02-14 14:32:33.828 [warning] [Git][revParse] Unable to read file: ENOENT: no such file or directory, open '/home/hooke/works/wnri-bluet-v5/.git/refs/remotes/origin/master'
2025-02-14 14:32:33.828 [info] > git rev-parse refs/remotes/origin/master [1ms]
2025-02-14 14:32:33.872 [info] > git for-each-ref --sort -committerdate --format %(refname) %(objectname) %(*objectname) [2ms]
2025-02-14 14:32:33.877 [info] > git status -z -uall [28ms]
2025-02-14 14:32:38.910 [info] > git config --get commit.template [15ms]
2025-02-14 14:32:38.911 [info] > git for-each-ref --format=%(refname)%00%(upstream:short)%00%(objectname)%00%(upstream:track)%00%(upstream:remotename)%00%(upstream:remoteref) refs/heads/master refs/remotes/master [1ms]
2025-02-14 14:32:38.925 [warning] [Git][revParse] Unable to read file: ENOENT: no such file or directory, open '/home/hooke/works/wnri-bluet-v5/.git/refs/remotes/origin/master'
2025-02-14 14:32:38.926 [info] > git rev-parse refs/remotes/origin/master [1ms]
2025-02-14 14:32:38.955 [info] > git for-each-ref --sort -committerdate --format %(refname) %(objectname) %(*objectname) [1ms]
2025-02-14 14:32:38.966 [info] > git status -z -uall [27ms]
2025-02-14 14:32:43.984 [info] > git config --get commit.template [1ms]
2025-02-14 14:32:44.000 [info] > git for-each-ref --format=%(refname)%00%(upstream:short)%00%(objectname)%00%(upstream:track)%00%(upstream:remotename)%00%(upstream:remoteref) refs/heads/master refs/remotes/master [1ms]
2025-02-14 14:32:44.014 [warning] [Git][revParse] Unable to read file: ENOENT: no such file or directory, open '/home/hooke/works/wnri-bluet-v5/.git/refs/remotes/origin/master'
2025-02-14 14:32:44.015 [info] > git rev-parse refs/remotes/origin/master [1ms]
2025-02-14 14:32:44.045 [info] > git for-each-ref --sort -committerdate --format %(refname) %(objectname) %(*objectname) [2ms]
2025-02-14 14:32:44.055 [info] > git status -z -uall [27ms]
2025-02-14 14:32:49.092 [info] > git for-each-ref --format=%(refname)%00%(upstream:short)%00%(objectname)%00%(upstream:track)%00%(upstream:remotename)%00%(upstream:remoteref) refs/heads/master refs/remotes/master [2ms]
2025-02-14 14:32:49.092 [info] > git config --get commit.template [16ms]
2025-02-14 14:32:49.107 [warning] [Git][revParse] Unable to read file: ENOENT: no such file or directory, open '/home/hooke/works/wnri-bluet-v5/.git/refs/remotes/origin/master'
2025-02-14 14:32:49.108 [info] > git rev-parse refs/remotes/origin/master [1ms]
2025-02-14 14:32:49.138 [info] > git for-each-ref --sort -committerdate --format %(refname) %(objectname) %(*objectname) [1ms]
2025-02-14 14:32:49.149 [info] > git status -z -uall [27ms]
2025-02-14 14:32:54.196 [info] > git config --get commit.template [24ms]
2025-02-14 14:32:54.197 [info] > git for-each-ref --format=%(refname)%00%(upstream:short)%00%(objectname)%00%(upstream:track)%00%(upstream:remotename)%00%(upstream:remoteref) refs/heads/master refs/remotes/master [6ms]
2025-02-14 14:32:54.218 [warning] [Git][revParse] Unable to read file: ENOENT: no such file or directory, open '/home/hooke/works/wnri-bluet-v5/.git/refs/remotes/origin/master'
2025-02-14 14:32:54.220 [info] > git rev-parse refs/remotes/origin/master [2ms]
2025-02-14 14:32:54.262 [info] > git for-each-ref --sort -committerdate --format %(refname) %(objectname) %(*objectname) [2ms]
2025-02-14 14:32:54.269 [info] > git status -z -uall [29ms]
2025-02-14 14:32:59.310 [info] > git config --get commit.template [19ms]
2025-02-14 14:32:59.311 [info] > git for-each-ref --format=%(refname)%00%(upstream:short)%00%(objectname)%00%(upstream:track)%00%(upstream:remotename)%00%(upstream:remoteref) refs/heads/master refs/remotes/master [2ms]
2025-02-14 14:32:59.330 [warning] [Git][revParse] Unable to read file: ENOENT: no such file or directory, open '/home/hooke/works/wnri-bluet-v5/.git/refs/remotes/origin/master'
2025-02-14 14:32:59.330 [info] > git rev-parse refs/remotes/origin/master [1ms]
2025-02-14 14:32:59.374 [info] > git for-each-ref --sort -committerdate --format %(refname) %(objectname) %(*objectname) [1ms]
2025-02-14 14:32:59.381 [info] > git status -z -uall [31ms]
2025-02-14 14:33:04.414 [info] > git config --get commit.template [14ms]
2025-02-14 14:33:04.415 [info] > git for-each-ref --format=%(refname)%00%(upstream:short)%00%(objectname)%00%(upstream:track)%00%(upstream:remotename)%00%(upstream:remoteref) refs/heads/master refs/remotes/master [1ms]
2025-02-14 14:33:04.428 [warning] [Git][revParse] Unable to read file: ENOENT: no such file or directory, open '/home/hooke/works/wnri-bluet-v5/.git/refs/remotes/origin/master'
2025-02-14 14:33:04.429 [info] > git rev-parse refs/remotes/origin/master [1ms]
2025-02-14 14:33:04.458 [info] > git for-each-ref --sort -committerdate --format %(refname) %(objectname) %(*objectname) [1ms]
2025-02-14 14:33:04.469 [info] > git status -z -uall [27ms]
2025-02-14 14:33:36.569 [info] > git show --textconv :Scripts/FactoryWave.py [22ms]
2025-02-14 14:33:36.569 [info] > git ls-files --stage -- /home/hooke/works/wnri-bluet-v5/Scripts/FactoryWave.py [1ms]
2025-02-14 14:33:36.591 [info] > git cat-file -s da25862c8e5d3552909361c8e254367cee254eb3 [2ms]
2025-02-14 14:33:44.462 [info] > git config --get commit.template [15ms]
2025-02-14 14:33:44.462 [info] > git for-each-ref --format=%(refname)%00%(upstream:short)%00%(objectname)%00%(upstream:track)%00%(upstream:remotename)%00%(upstream:remoteref) refs/heads/master refs/remotes/master [1ms]
2025-02-14 14:33:44.475 [warning] [Git][revParse] Unable to read file: ENOENT: no such file or directory, open '/home/hooke/works/wnri-bluet-v5/.git/refs/remotes/origin/master'
2025-02-14 14:33:44.476 [info] > git rev-parse refs/remotes/origin/master [1ms]
2025-02-14 14:33:44.505 [info] > git for-each-ref --sort -committerdate --format %(refname) %(objectname) %(*objectname) [1ms]
2025-02-14 14:33:44.516 [info] > git status -z -uall [26ms]
2025-02-14 14:34:36.291 [info] > git check-ignore -v -z --stdin [1ms]
2025-02-14 14:34:36.711 [info] > git config --get commit.template [19ms]
2025-02-14 14:34:36.712 [info] > git for-each-ref --format=%(refname)%00%(upstream:short)%00%(objectname)%00%(upstream:track)%00%(upstream:remotename)%00%(upstream:remoteref) refs/heads/master refs/remotes/master [2ms]
2025-02-14 14:34:36.730 [warning] [Git][revParse] Unable to read file: ENOENT: no such file or directory, open '/home/hooke/works/wnri-bluet-v5/.git/refs/remotes/origin/master'
2025-02-14 14:34:36.731 [info] > git rev-parse refs/remotes/origin/master [1ms]
2025-02-14 14:34:36.770 [info] > git for-each-ref --sort -committerdate --format %(refname) %(objectname) %(*objectname) [1ms]
2025-02-14 14:34:36.777 [info] > git status -z -uall [28ms]
2025-02-14 14:36:45.014 [info] > git config --get commit.template [1ms]
2025-02-14 14:36:45.035 [info] > git for-each-ref --format=%(refname)%00%(upstream:short)%00%(objectname)%00%(upstream:track)%00%(upstream:remotename)%00%(upstream:remoteref) refs/heads/master refs/remotes/master [1ms]
2025-02-14 14:36:45.050 [warning] [Git][revParse] Unable to read file: ENOENT: no such file or directory, open '/home/hooke/works/wnri-bluet-v5/.git/refs/remotes/origin/master'
2025-02-14 14:36:45.051 [info] > git rev-parse refs/remotes/origin/master [1ms]
2025-02-14 14:36:45.082 [info] > git for-each-ref --sort -committerdate --format %(refname) %(objectname) %(*objectname) [1ms]
2025-02-14 14:36:45.093 [info] > git status -z -uall [28ms]
2025-02-14 14:59:10.721 [info] > git show --textconv :Scripts/FactoryWave.py [19ms]
2025-02-14 14:59:10.722 [info] > git ls-files --stage -- /home/hooke/works/wnri-bluet-v5/Scripts/FactoryWave.py [1ms]
2025-02-14 14:59:10.742 [info] > git cat-file -s da25862c8e5d3552909361c8e254367cee254eb3 [2ms]
2025-02-14 14:59:13.078 [info] > git show --textconv :Scripts/FactoryWaveana.py [21ms]
2025-02-14 14:59:13.078 [info] > git ls-files --stage -- /home/hooke/works/wnri-bluet-v5/Scripts/FactoryWaveana.py [1ms]
2025-02-14 14:59:13.101 [info] > git cat-file -s 8a6a51bc70a7e52401794e74f3ccecf9a1a138f2 [2ms]
2025-02-14 14:59:37.760 [info] > git show --textconv :Scripts/FactoryWave.py [22ms]
2025-02-14 14:59:37.761 [info] > git ls-files --stage -- /home/hooke/works/wnri-bluet-v5/Scripts/FactoryWave.py [2ms]
2025-02-14 14:59:37.783 [info] > git cat-file -s da25862c8e5d3552909361c8e254367cee254eb3 [2ms]
2025-02-14 15:00:01.241 [info] > git show --textconv :Scripts/FactoryWaveana.py [22ms]
2025-02-14 15:00:01.242 [info] > git ls-files --stage -- /home/hooke/works/wnri-bluet-v5/Scripts/FactoryWaveana.py [2ms]
2025-02-14 15:00:01.264 [info] > git cat-file -s 8a6a51bc70a7e52401794e74f3ccecf9a1a138f2 [2ms]
2025-02-14 15:00:05.887 [info] > git check-ignore -v -z --stdin [1ms]
2025-02-14 15:00:17.249 [info] > git show --textconv :BluetAna/source/BMCPAnodeStrip.cc [22ms]
2025-02-14 15:00:17.250 [info] > git ls-files --stage -- /home/hooke/works/wnri-bluet-v5/BluetAna/source/BMCPAnodeStrip.cc [2ms]
2025-02-14 15:00:17.272 [info] > git cat-file -s 41c8c4006bb8af8a43aa7bdf35ce191dd6f9f346 [1ms]
2025-02-14 15:00:27.787 [info] > git show --textconv :BluetAna/source/BluetMCPAnodeMaster.cc [24ms]
2025-02-14 15:00:27.789 [info] > git ls-files --stage -- /home/hooke/works/wnri-bluet-v5/BluetAna/source/BluetMCPAnodeMaster.cc [2ms]
2025-02-14 15:00:27.814 [info] > git cat-file -s f2529147689049106f9feb7e2012e8fe785cf7fa [1ms]
2025-02-14 15:00:27.849 [info] > git blame --root --incremental c82cdb0220e9aed5dc2f2ec516e72895d7d470b5 -- /home/hooke/works/wnri-bluet-v5/BluetAna/source/BluetMCPAnodeMaster.cc [2ms]
2025-02-14 15:01:01.343 [info] > git show --textconv :Scripts/FactoryWave.py [21ms]
2025-02-14 15:01:01.344 [info] > git ls-files --stage -- /home/hooke/works/wnri-bluet-v5/Scripts/FactoryWave.py [2ms]
2025-02-14 15:01:01.366 [info] > git cat-file -s da25862c8e5d3552909361c8e254367cee254eb3 [2ms]
2025-02-14 15:01:27.059 [info] > git show --textconv :Scripts/FactoryWaveana.py [25ms]
2025-02-14 15:01:27.060 [info] > git ls-files --stage -- /home/hooke/works/wnri-bluet-v5/Scripts/FactoryWaveana.py [2ms]
2025-02-14 15:01:27.083 [info] > git cat-file -s 8a6a51bc70a7e52401794e74f3ccecf9a1a138f2 [2ms]
2025-02-14 15:01:27.355 [info] > git blame --root --incremental c82cdb0220e9aed5dc2f2ec516e72895d7d470b5 -- /home/hooke/works/wnri-bluet-v5/Scripts/FactoryWaveana.py [2ms]
2025-02-14 15:02:17.197 [info] > git show --textconv :Scripts/FactoryWaveana.py [22ms]
2025-02-14 15:02:17.197 [info] > git ls-files --stage -- /home/hooke/works/wnri-bluet-v5/Scripts/FactoryWaveana.py [1ms]
2025-02-14 15:02:17.220 [info] > git cat-file -s 8a6a51bc70a7e52401794e74f3ccecf9a1a138f2 [2ms]
2025-02-14 15:08:12.122 [info] > git show --textconv :yihBluetWork/BluetWaveFactory.C [24ms]
2025-02-14 15:08:12.122 [info] > git ls-files --stage -- /home/hooke/works/wnri-bluet-v5/yihBluetWork/BluetWaveFactory.C [2ms]
2025-02-14 15:08:12.146 [info] > git cat-file -s 7708e2887b1a51e3c90f0dd0fd03ecfdcfd8d462 [3ms]
2025-02-14 15:08:46.085 [info] > git show --textconv :yihBluetWork/BluetWaveFactory.C [20ms]
2025-02-14 15:08:46.086 [info] > git ls-files --stage -- /home/hooke/works/wnri-bluet-v5/yihBluetWork/BluetWaveFactory.C [1ms]
2025-02-14 15:08:46.109 [info] > git cat-file -s 7708e2887b1a51e3c90f0dd0fd03ecfdcfd8d462 [2ms]
2025-02-14 15:09:48.513 [info] > git show --textconv :yihBluetWork/BluetWaveFactory.C [23ms]
2025-02-14 15:09:48.514 [info] > git ls-files --stage -- /home/hooke/works/wnri-bluet-v5/yihBluetWork/BluetWaveFactory.C [1ms]
2025-02-14 15:09:48.536 [info] > git cat-file -s 7708e2887b1a51e3c90f0dd0fd03ecfdcfd8d462 [2ms]
2025-02-14 15:10:00.829 [info] [main] 日志级别: Info
2025-02-14 15:10:00.829 [info] [main] 正在验证在以下位置找到的 git: "git"
2025-02-14 15:10:00.829 [info] [main] 使用来自 "git" 的 git "2.48.1"
2025-02-14 15:10:00.829 [info] [Model][doInitialScan] Initial repository scan started
2025-02-14 15:10:00.829 [info] > git rev-parse --show-toplevel [32ms]
2025-02-14 15:10:00.852 [info] > git rev-parse --git-dir --git-common-dir [14ms]
2025-02-14 15:10:00.860 [info] [Model][openRepository] Opened repository: /home/hooke/works/wnri-bluet-v5
2025-02-14 15:10:00.895 [info] > git rev-parse --show-toplevel [13ms]
2025-02-14 15:10:00.896 [info] > git config --get commit.template [22ms]
2025-02-14 15:10:00.954 [info] > git for-each-ref --format=%(refname)%00%(upstream:short)%00%(objectname)%00%(upstream:track)%00%(upstream:remotename)%00%(upstream:remoteref) refs/heads/master refs/remotes/master [44ms]
2025-02-14 15:10:00.964 [warning] [Git][revParse] Unable to read file: ENOENT: no such file or directory, open '/home/hooke/works/wnri-bluet-v5/.git/refs/remotes/origin/master'
2025-02-14 15:10:00.966 [info] > git rev-parse --show-toplevel [42ms]
2025-02-14 15:10:00.976 [info] > git rev-parse refs/remotes/origin/master [11ms]
2025-02-14 15:10:00.996 [info] > git for-each-ref --sort -committerdate --format %(refname) %(objectname) %(*objectname) [5ms]
2025-02-14 15:10:00.997 [info] > git rev-parse --show-toplevel [21ms]
2025-02-14 15:10:01.014 [info] > git status -z -uall [31ms]
2025-02-14 15:10:01.015 [info] > git rev-parse --show-toplevel [10ms]
2025-02-14 15:10:01.060 [info] > git for-each-ref --format=%(refname)%00%(upstream:short)%00%(objectname)%00%(upstream:track)%00%(upstream:remotename)%00%(upstream:remoteref) refs/heads/master refs/remotes/master [26ms]
2025-02-14 15:10:01.073 [info] > git config --get --local branch.master.vscode-merge-base [5ms]
2025-02-14 15:10:01.083 [info] > git config --get commit.template [35ms]
2025-02-14 15:10:01.083 [info] > git rev-parse --show-toplevel [40ms]
2025-02-14 15:10:01.106 [info] > git for-each-ref --format=%(refname)%00%(upstream:short)%00%(objectname)%00%(upstream:track)%00%(upstream:remotename)%00%(upstream:remoteref) refs/heads/origin/master refs/remotes/origin/master [24ms]
2025-02-14 15:10:01.141 [info] > git merge-base refs/heads/master refs/remotes/origin/master [26ms]
2025-02-14 15:10:01.153 [info] > git rev-parse --show-toplevel [47ms]
2025-02-14 15:10:01.168 [info] > git diff --name-status -z --diff-filter=ADMR c82cdb0220e9aed5dc2f2ec516e72895d7d470b5...refs/remotes/origin/master [16ms]
2025-02-14 15:10:01.169 [info] > git for-each-ref --format=%(refname)%00%(upstream:short)%00%(objectname)%00%(upstream:track)%00%(upstream:remotename)%00%(upstream:remoteref) refs/heads/master refs/remotes/master [42ms]
2025-02-14 15:10:01.248 [warning] [Git][revParse] Unable to read file: ENOENT: no such file or directory, open '/home/hooke/works/wnri-bluet-v5/.git/refs/remotes/origin/master'
2025-02-14 15:10:01.249 [info] > git rev-parse --show-toplevel [84ms]
2025-02-14 15:10:01.261 [info] > git rev-parse refs/remotes/origin/master [13ms]
2025-02-14 15:10:01.278 [info] > git rev-parse --show-toplevel [18ms]
2025-02-14 15:10:01.290 [info] > git for-each-ref --sort -committerdate --format %(refname) %(objectname) %(*objectname) [13ms]
2025-02-14 15:10:01.295 [info] > git rev-parse --show-toplevel [5ms]
2025-02-14 15:10:01.296 [info] [Model][doInitialScan] Initial repository scan completed - repositories (1), closed repositories (0), parent repositories (0), unsafe repositories (0)
2025-02-14 15:10:01.425 [info] > git status -z -uall [156ms]
2025-02-14 15:10:01.426 [info] > git ls-files --stage -- /home/hooke/works/wnri-bluet-v5/yihBluetWork/BluetWaveFactory.C [121ms]
2025-02-14 15:10:01.464 [info] > git check-ignore -v -z --stdin [17ms]
2025-02-14 15:10:01.466 [info] > git cat-file -s 7708e2887b1a51e3c90f0dd0fd03ecfdcfd8d462 [32ms]
2025-02-14 15:10:01.472 [info] > git config --get commit.template [9ms]
2025-02-14 15:10:01.916 [info] > git show --textconv :yihBluetWork/BluetWaveFactory.C [433ms]
2025-02-14 15:10:01.947 [info] > git for-each-ref --format=%(refname)%00%(upstream:short)%00%(objectname)%00%(upstream:track)%00%(upstream:remotename)%00%(upstream:remoteref) refs/heads/master refs/remotes/master [54ms]
2025-02-14 15:10:01.969 [warning] [Git][revParse] Unable to read file: ENOENT: no such file or directory, open '/home/hooke/works/wnri-bluet-v5/.git/refs/remotes/origin/master'
2025-02-14 15:10:01.972 [info] > git rev-parse refs/remotes/origin/master [3ms]
2025-02-14 15:10:02.028 [info] > git status -z -uall [38ms]
2025-02-14 15:10:02.029 [info] > git for-each-ref --sort -committerdate --format %(refname) %(objectname) %(*objectname) [20ms]
2025-02-14 15:10:02.092 [info] > git blame --root --incremental c82cdb0220e9aed5dc2f2ec516e72895d7d470b5 -- /home/hooke/works/wnri-bluet-v5/yihBluetWork/BluetWaveFactory.C [4ms]
2025-02-14 15:10:04.961 [info] > git config --get commit.template [27ms]
2025-02-14 15:10:04.961 [info] > git for-each-ref --format=%(refname)%00%(upstream:short)%00%(objectname)%00%(upstream:track)%00%(upstream:remotename)%00%(upstream:remoteref) refs/heads/master refs/remotes/master [4ms]
2025-02-14 15:10:04.986 [warning] [Git][revParse] Unable to read file: ENOENT: no such file or directory, open '/home/hooke/works/wnri-bluet-v5/.git/refs/remotes/origin/master'
2025-02-14 15:10:04.987 [info] > git rev-parse refs/remotes/origin/master [1ms]
2025-02-14 15:10:05.042 [info] > git for-each-ref --sort -committerdate --format %(refname) %(objectname) %(*objectname) [3ms]
2025-02-14 15:10:05.045 [info] > git status -z -uall [32ms]
2025-02-14 15:10:07.417 [info] > git check-ignore -v -z --stdin [3ms]
2025-02-14 15:10:09.231 [info] > git show --textconv :Scripts/FactoryWave.py [19ms]
2025-02-14 15:10:09.232 [info] > git ls-files --stage -- /home/hooke/works/wnri-bluet-v5/Scripts/FactoryWave.py [1ms]
2025-02-14 15:10:09.255 [info] > git cat-file -s da25862c8e5d3552909361c8e254367cee254eb3 [2ms]
2025-02-14 15:10:09.280 [info] > git blame --root --incremental c82cdb0220e9aed5dc2f2ec516e72895d7d470b5 -- /home/hooke/works/wnri-bluet-v5/Scripts/FactoryWave.py [1ms]
2025-02-14 15:10:10.994 [info] > git show --textconv :path_manage.json [21ms]
2025-02-14 15:10:10.995 [info] > git ls-files --stage -- /home/hooke/works/wnri-bluet-v5/path_manage.json [1ms]
2025-02-14 15:10:11.017 [info] > git cat-file -s 6f92e9f95c43b939f3dc85d0fd0410f01bb041f3 [3ms]
2025-02-14 15:10:11.042 [info] > git blame --root --incremental c82cdb0220e9aed5dc2f2ec516e72895d7d470b5 -- /home/hooke/works/wnri-bluet-v5/path_manage.json [2ms]
2025-02-14 15:10:12.531 [info] > git show --textconv :.vscode/test.txt [19ms]
2025-02-14 15:10:12.553 [info] > git ls-files --stage -- /home/hooke/works/wnri-bluet-v5/.vscode/test.txt [22ms]
2025-02-14 15:10:12.573 [info] > git hash-object -t tree /dev/null [1ms]
2025-02-14 15:10:12.573 [warning] [GitFileSystemProvider][stat] File not found - git:/home/hooke/works/wnri-bluet-v5/.vscode/test.txt.git?%7B%22path%22%3A%22%2Fhome%2Fhooke%2Fworks%2Fwnri-bluet-v5%2F.vscode%2Ftest.txt%22%2C%22ref%22%3A%22%22%7D
2025-02-14 15:10:12.580 [info] > git hash-object -t tree /dev/null [28ms]
2025-02-14 15:10:12.580 [warning] [GitFileSystemProvider][readFile] File not found - git:/home/hooke/works/wnri-bluet-v5/.vscode/test.txt.git?%7B%22path%22%3A%22%2Fhome%2Fhooke%2Fworks%2Fwnri-bluet-v5%2F.vscode%2Ftest.txt%22%2C%22ref%22%3A%22%22%7D
2025-02-14 15:10:12.603 [info] > git blame --root --incremental c82cdb0220e9aed5dc2f2ec516e72895d7d470b5 -- /home/hooke/works/wnri-bluet-v5/.vscode/test.txt [1ms]
2025-02-14 15:10:12.603 [info] 致命错误：在 c82cdb0220e9aed5dc2f2ec516e72895d7d470b5 中无此路径 .vscode/test.txt
2025-02-14 15:10:12.830 [info] > git check-ignore -v -z --stdin [1ms]
2025-02-14 15:10:17.006 [info] > git show --textconv :BluetAna/include/BluetDataModel.h [23ms]
2025-02-14 15:10:17.007 [info] > git ls-files --stage -- /home/hooke/works/wnri-bluet-v5/BluetAna/include/BluetDataModel.h [2ms]
2025-02-14 15:10:17.032 [info] > git cat-file -s 7cb72d94af86bac5f170794d77ff1dfaa881b882 [3ms]
2025-02-14 15:10:17.063 [info] > git blame --root --incremental c82cdb0220e9aed5dc2f2ec516e72895d7d470b5 -- /home/hooke/works/wnri-bluet-v5/BluetAna/include/BluetDataModel.h [3ms]
2025-02-14 15:10:17.313 [info] > git check-ignore -v -z --stdin [1ms]
