2025-02-14 09:47:26.536 [info] /home/hooke/works/wnri-bluet-v5/.vscode/c_cpp_properties.json closed
2025-02-14 09:47:26.589 [info] Configuration changed
2025-02-14 09:47:26.648 [info] Configuration changed
2025-02-14 09:47:26.963 [info] Configuration changed
2025-02-14 09:47:27.409 [info] Configuration changed
2025-02-14 09:47:29.320 [info] Configuration changed
2025-02-14 09:47:30.194 [info] Active editor: output:extension-output-ms-vscode.cmake-tools-%231-CMake/%E7%94%9F%E6%88%90
2025-02-14 09:47:31.142 [info] /home/hooke/.config/Code/User/settings.json closed
2025-02-14 09:47:31.448 [info] extension-output-ms-vscode.cmake-tools-#1-CMake/生成 closed
2025-02-14 09:48:00.449 [info] Active editor: file:///home/hooke/works/wnri-bluet-v5/BluetAna/include/BluetDataModel.h
2025-02-14 09:48:05.789 [info] Configuration changed
2025-02-14 09:48:31.701 [info] Active editor: file:///home/hooke/works/wnri-bluet-v5/Scripts/BluetWaveLab.py
2025-02-14 09:48:31.711 [info] /home/hooke/works/wnri-bluet-v5/BluetAna/include/BluetDataModel.h.git closed
2025-02-14 09:48:49.959 [info] /home/hooke/works/wnri-bluet-v5/Scripts/BluetWaveLab.py closed
2025-02-14 09:48:49.994 [info] Active editor: file:///home/hooke/works/wnri-bluet-v5/yihBluetWork/BluetEventFactory.C
2025-02-14 09:48:50.005 [info] /home/hooke/works/wnri-bluet-v5/Scripts/BluetWaveLab.py.git closed
2025-02-14 09:49:01.808 [info] /home/hooke/works/wnri-bluet-v5/yihBluetWork/BluetEventFactory.C closed
2025-02-14 09:49:01.823 [info] Active editor: file:///home/hooke/works/wnri-bluet-v5/yihBluetWork/BluetWaveFactory.C
2025-02-14 09:49:01.880 [info] /home/hooke/works/wnri-bluet-v5/yihBluetWork/BluetEventFactory.C.git closed
2025-02-14 09:50:13.688 [info] /usr/include/stdlib.h closed
2025-02-14 09:50:14.008 [info] /usr/include/stdlib.h closed
2025-02-14 09:50:26.495 [info] /home/hooke/works/wnri-bluet-v5/.vscode/c_cpp_properties.json closed
2025-02-14 09:50:56.134 [info] Active editor: file:///home/hooke/works/wnri-bluet-v5/Scripts/FactoryWave.py
2025-02-14 09:50:56.171 [info] /home/hooke/works/wnri-bluet-v5/yihBluetWork/BluetWaveFactory.C.git closed
2025-02-14 10:02:18.300 [info] /home/hooke/.vscode/extensions/ms-python.vscode-pylance-2025.2.1/dist/typeshed-fallback/stdlib/sys/__init__.pyi closed
2025-02-14 10:03:42.493 [info] Active editor: file:///home/hooke/works/wnri-bluet-v5/path_manage.json
2025-02-14 10:03:42.513 [info] /home/hooke/works/wnri-bluet-v5/Scripts/FactoryWave.py.git closed
2025-02-14 10:03:59.458 [info] Active editor: file:///home/hooke/works/wnri-bluet-v5/Scripts/FactoryWave.py
2025-02-14 10:03:59.473 [info] /home/hooke/works/wnri-bluet-v5/path_manage.json.git closed
2025-02-14 10:05:34.407 [info] Active editor: file:///home/hooke/works/wnri-bluet-v5/Scripts/FactoryWaveTemp.py
2025-02-14 10:05:34.426 [info] /home/hooke/works/wnri-bluet-v5/Scripts/FactoryWave.py.git closed
2025-02-14 10:05:36.605 [info] Active editor: file:///home/hooke/works/wnri-bluet-v5/Scripts/FactoryWave.py
2025-02-14 10:05:53.771 [info] Active editor: file:///home/hooke/works/wnri-bluet-v5/Scripts/FactoryWaveTemp.py
2025-02-14 10:05:53.785 [info] /home/hooke/works/wnri-bluet-v5/Scripts/FactoryWave.py.git closed
2025-02-14 10:05:56.929 [warning] invalid cursor position. [[0, 4098] | [0, 4098]].
2025-02-14 10:05:56.930 [warning] invalid cursor position. [[0, 4098] | [0, 4098]].
2025-02-14 14:19:20.454 [info] /home/hooke/works/wnri-bluet-v5/Scripts/dependence/file_selector.py closed
2025-02-14 14:19:20.712 [info] /home/hooke/works/wnri-bluet-v5/Scripts/dependence/file_selector.py closed
2025-02-14 14:19:21.670 [info] /home/hooke/works/wnri-bluet-v5/Scripts/dependence/file_selector.py closed
2025-02-14 14:19:22.153 [info] /home/hooke/works/wnri-bluet-v5/Scripts/dependence/file_selector.py closed
2025-02-14 14:19:22.527 [info] /home/hooke/works/wnri-bluet-v5/Scripts/dependence/file_selector.py closed
2025-02-14 14:19:23.685 [info] /home/hooke/works/wnri-bluet-v5/Scripts/dependence/file_selector.py closed
2025-02-14 14:19:24.719 [info] /home/hooke/works/wnri-bluet-v5/yihBluetWork/BluetWaveFactory.C closed
2025-02-14 14:19:24.749 [info] Active editor: file:///home/hooke/works/wnri-bluet-v5/Scripts/dependence/file_selector.py
2025-02-14 14:21:55.733 [info] Active editor: file:///home/hooke/works/wnri-bluet-v5/Scripts/FactoryWaveTemp.py
2025-02-14 14:21:55.752 [info] /home/hooke/works/wnri-bluet-v5/Scripts/dependence/file_selector.py.git closed
2025-02-14 14:23:02.418 [info] Active editor: file:///home/hooke/works/wnri-bluet-v5/Scripts/dependence/file_selector.py
2025-02-14 14:23:03.514 [info] /home/hooke/works/wnri-bluet-v5/Scripts/dependence/file_selector.py closed
2025-02-14 14:23:03.518 [info] Active editor: file:///home/hooke/works/wnri-bluet-v5/Scripts/FactoryWaveTemp.py
2025-02-14 14:23:03.532 [info] /home/hooke/works/wnri-bluet-v5/Scripts/dependence/file_selector.py.git closed
2025-02-14 14:23:08.048 [info] Active editor: file:///home/hooke/works/wnri-bluet-v5/.vscode/test.txt
2025-02-14 14:23:20.415 [info] Active editor: file:///home/hooke/works/wnri-bluet-v5/Scripts/FactoryWaveTemp.py
2025-02-14 14:28:24.574 [info] Active editor: output:extension-output-ms-vscode.cmake-tools-%231-CMake/%E7%94%9F%E6%88%90
2025-02-14 14:28:25.395 [info] Active editor: file:///home/hooke/works/wnri-bluet-v5/Scripts/FactoryWaveTemp.py
2025-02-14 14:28:25.447 [info] extension-output-ms-vscode.cmake-tools-#1-CMake/生成 closed
2025-02-14 14:30:56.860 [info] Active editor: file:///home/hooke/works/wnri-bluet-v5/path_manage.json
2025-02-14 14:31:43.620 [info] Active editor: file:///home/hooke/works/wnri-bluet-v5/Scripts/FactoryWaveTemp.py
2025-02-14 14:31:43.638 [info] /home/hooke/works/wnri-bluet-v5/path_manage.json.git closed
2025-02-14 14:33:36.326 [info] Active editor: file:///home/hooke/works/wnri-bluet-v5/Scripts/FactoryWave.py
2025-02-14 14:33:38.135 [info] Active editor: file:///home/hooke/works/wnri-bluet-v5/Scripts/FactoryWaveTemp.py
2025-02-14 14:33:38.148 [info] /home/hooke/works/wnri-bluet-v5/Scripts/FactoryWave.py.git closed
2025-02-14 14:35:15.087 [info] Active editor: file:///home/hooke/works/wnri-bluet-v5/Scripts/FactoryWaveTemp-log.txt
2025-02-14 14:58:24.131 [info] Active editor: file:///home/hooke/works/wnri-bluet-v5/Scripts/FactoryWaveTemp.py
2025-02-14 14:59:10.481 [info] Active editor: file:///home/hooke/works/wnri-bluet-v5/Scripts/FactoryWave.py
2025-02-14 14:59:12.818 [info] /home/hooke/works/wnri-bluet-v5/Scripts/FactoryWaveTemp-log.txt closed
2025-02-14 14:59:12.832 [info] Active editor: file:///home/hooke/works/wnri-bluet-v5/Scripts/FactoryWaveana.py
2025-02-14 14:59:12.842 [info] /home/hooke/works/wnri-bluet-v5/Scripts/FactoryWave.py.git closed
2025-02-14 14:59:29.005 [info] Active editor: file:///home/hooke/works/wnri-bluet-v5/Scripts/FactoryWaveTemp.py
2025-02-14 14:59:29.015 [info] /home/hooke/works/wnri-bluet-v5/Scripts/FactoryWaveana.py.git closed
2025-02-14 14:59:37.516 [info] Active editor: file:///home/hooke/works/wnri-bluet-v5/Scripts/FactoryWave.py
2025-02-14 15:00:00.997 [info] Active editor: file:///home/hooke/works/wnri-bluet-v5/Scripts/FactoryWaveana.py
2025-02-14 15:00:01.007 [info] /home/hooke/works/wnri-bluet-v5/Scripts/FactoryWave.py.git closed
2025-02-14 15:00:16.990 [info] /home/hooke/works/wnri-bluet-v5/Scripts/FactoryWaveana.py closed
2025-02-14 15:00:17.005 [info] Active editor: file:///home/hooke/works/wnri-bluet-v5/BluetAna/source/BMCPAnodeStrip.cc
2025-02-14 15:00:17.059 [info] /home/hooke/works/wnri-bluet-v5/Scripts/FactoryWaveana.py.git closed
2025-02-14 15:00:27.511 [info] /home/hooke/works/wnri-bluet-v5/BluetAna/source/BMCPAnodeStrip.cc closed
2025-02-14 15:00:27.532 [info] Active editor: file:///home/hooke/works/wnri-bluet-v5/BluetAna/source/BluetMCPAnodeMaster.cc
2025-02-14 15:00:27.545 [info] /home/hooke/works/wnri-bluet-v5/BluetAna/source/BMCPAnodeStrip.cc.git closed
2025-02-14 15:01:01.101 [info] Active editor: file:///home/hooke/works/wnri-bluet-v5/Scripts/FactoryWave.py
2025-02-14 15:01:01.116 [info] /home/hooke/works/wnri-bluet-v5/BluetAna/source/BluetMCPAnodeMaster.cc.git closed
2025-02-14 15:01:26.786 [info] /home/hooke/works/wnri-bluet-v5/BluetAna/source/BluetMCPAnodeMaster.cc closed
2025-02-14 15:01:26.807 [info] Active editor: file:///home/hooke/works/wnri-bluet-v5/Scripts/FactoryWaveana.py
2025-02-14 15:01:26.819 [info] /home/hooke/works/wnri-bluet-v5/Scripts/FactoryWave.py.git closed
2025-02-14 15:02:15.325 [info] Active editor: file:///home/hooke/works/wnri-bluet-v5/Scripts/FactoryWaveTemp.py
2025-02-14 15:02:15.335 [info] /home/hooke/works/wnri-bluet-v5/Scripts/FactoryWaveana.py.git closed
2025-02-14 15:02:16.953 [info] Active editor: file:///home/hooke/works/wnri-bluet-v5/Scripts/FactoryWaveana.py
2025-02-14 15:02:23.902 [info] Active editor: file:///home/hooke/works/wnri-bluet-v5/Scripts/FactoryWaveTemp.py
2025-02-14 15:02:23.912 [info] /home/hooke/works/wnri-bluet-v5/Scripts/FactoryWaveana.py.git closed
2025-02-14 15:08:11.851 [info] /home/hooke/works/wnri-bluet-v5/Scripts/FactoryWaveana.py closed
2025-02-14 15:08:11.875 [info] Active editor: file:///home/hooke/works/wnri-bluet-v5/yihBluetWork/BluetWaveFactory.C
2025-02-14 15:08:42.239 [info] Active editor: file:///home/hooke/works/wnri-bluet-v5/Scripts/FactoryWaveTemp.py
2025-02-14 15:08:42.252 [info] /home/hooke/works/wnri-bluet-v5/yihBluetWork/BluetWaveFactory.C.git closed
2025-02-14 15:08:45.843 [info] Active editor: file:///home/hooke/works/wnri-bluet-v5/yihBluetWork/BluetWaveFactory.C
2025-02-14 15:09:47.852 [info] Active editor: file:///home/hooke/works/wnri-bluet-v5/Scripts/FactoryWaveTemp.py
2025-02-14 15:09:47.869 [info] /home/hooke/works/wnri-bluet-v5/yihBluetWork/BluetWaveFactory.C.git closed
2025-02-14 15:09:48.269 [info] Active editor: file:///home/hooke/works/wnri-bluet-v5/yihBluetWork/BluetWaveFactory.C
2025-02-14 15:09:57.163 [info] Configuration changed
2025-02-14 15:10:01.308 [info] /home/hooke/works/wnri-bluet-v5/.vscode/c_cpp_properties.json closed
2025-02-14 15:10:06.811 [info] Executing :wq
2025-02-14 15:10:06.831 [info] /home/hooke/works/wnri-bluet-v5/yihBluetWork/BluetWaveFactory.C closed
2025-02-14 15:10:06.832 [warning] getLineLength() called with out-of-bounds line 24
2025-02-14 15:10:06.832 [warning] invalid cursor position. [[24, 16] | [24, 16]].
2025-02-14 15:10:06.838 [info] Active editor: file:///home/hooke/works/wnri-bluet-v5/Scripts/FactoryWaveTemp.py
2025-02-14 15:10:06.856 [info] /home/hooke/works/wnri-bluet-v5/yihBluetWork/BluetWaveFactory.C.git closed
2025-02-14 15:10:08.969 [info] Executing :wq
2025-02-14 15:10:08.986 [info] /home/hooke/works/wnri-bluet-v5/Scripts/FactoryWaveTemp.py closed
2025-02-14 15:10:08.986 [warning] getLineLength() called with out-of-bounds line 64
2025-02-14 15:10:08.986 [warning] invalid cursor position. [[64, 159] | [64, 159]].
2025-02-14 15:10:08.990 [info] Active editor: file:///home/hooke/works/wnri-bluet-v5/Scripts/FactoryWave.py
2025-02-14 15:10:10.733 [info] Executing :wq
2025-02-14 15:10:10.749 [info] /home/hooke/works/wnri-bluet-v5/Scripts/FactoryWave.py closed
2025-02-14 15:10:10.749 [warning] getLineLength() called with out-of-bounds line 64
2025-02-14 15:10:10.749 [warning] invalid cursor position. [[64, 92] | [64, 92]].
2025-02-14 15:10:10.753 [info] Active editor: file:///home/hooke/works/wnri-bluet-v5/path_manage.json
2025-02-14 15:10:10.763 [info] /home/hooke/works/wnri-bluet-v5/Scripts/FactoryWave.py.git closed
2025-02-14 15:10:12.273 [info] Executing :wq
2025-02-14 15:10:12.287 [info] /home/hooke/works/wnri-bluet-v5/path_manage.json closed
2025-02-14 15:10:12.288 [warning] getLineLength() called with out-of-bounds line 4
2025-02-14 15:10:12.288 [warning] invalid cursor position. [[4, 20] | [4, 20]].
2025-02-14 15:10:12.291 [info] Active editor: file:///home/hooke/works/wnri-bluet-v5/.vscode/test.txt
2025-02-14 15:10:12.299 [info] /home/hooke/works/wnri-bluet-v5/path_manage.json.git closed
2025-02-14 15:10:16.757 [info] /home/hooke/works/wnri-bluet-v5/.vscode/test.txt closed
2025-02-14 15:10:16.762 [info] Active editor: file:///home/hooke/works/wnri-bluet-v5/BluetAna/include/BluetDataModel.h
2025-02-14 15:10:19.271 [info] Executing :wq
2025-02-14 15:10:19.282 [info] /home/hooke/works/wnri-bluet-v5/BluetAna/include/BluetDataModel.h closed
2025-02-14 15:10:19.283 [info] /home/hooke/works/wnri-bluet-v5/BluetAna/include/BluetDataModel.h.git closed
2025-02-14 15:10:19.283 [warning] getLineLength() called with out-of-bounds line 15
2025-02-14 15:10:19.283 [warning] invalid cursor position. [[15, 15] | [15, 15]].
