2025-02-14 15:19:28.912 [info] /home/hooke/works/wnri-bluet-v5/.vscode/c_cpp_properties.json closed
2025-02-14 15:19:28.968 [info] Configuration changed
2025-02-14 15:19:29.079 [info] Configuration changed
2025-02-14 15:19:29.953 [info] Configuration changed
2025-02-14 15:19:30.945 [info] /home/hooke/.config/Code/User/settings.json closed
2025-02-14 15:19:31.777 [info] Configuration changed
2025-02-14 15:19:32.223 [info] tasks closed
2025-02-14 15:19:34.594 [info] extension-output-ms-vscode.cmake-tools-#1-CMake/生成 closed
2025-02-14 15:19:46.766 [info] Active editor: file:///home/hooke/works/wnri-bluet-v5/Scripts/FactoryWaveTemp.py
2025-02-14 15:19:52.824 [info] /home/hooke/works/wnri-bluet-v5/Scripts/FactoryWaveTemp.py closed
2025-02-14 15:19:53.259 [info] Active editor: file:///home/hooke/works/wnri-bluet-v5/Scripts/FactoryWNS.py
2025-02-14 15:19:54.177 [info] /home/hooke/works/wnri-bluet-v5/Scripts/FactoryWNS.py closed
2025-02-14 15:19:54.189 [info] Active editor: file:///home/hooke/works/wnri-bluet-v5/Scripts/FactoryWaveTemp-log.txt
2025-02-14 15:19:54.194 [info] /home/hooke/works/wnri-bluet-v5/Scripts/FactoryWNS.py.git closed
2025-02-14 15:19:54.464 [info] /home/hooke/works/wnri-bluet-v5/Scripts/FactoryWaveTemp-log.txt closed
2025-02-14 15:19:59.898 [info] Active editor: file:///home/hooke/works/wnri-bluet-v5/yihBluetWork/BluetWaveFactory.C
2025-02-14 15:22:28.680 [info] /home/hooke/works/wnri-bluet-v5/.vscode/c_cpp_properties.json closed
2025-02-14 15:23:04.721 [info] /home/hooke/works/wnri-bluet-v5/yihBluetWork/BluetWaveFactory.C closed
2025-02-14 15:23:04.747 [info] Active editor: file:///home/hooke/works/wnri-bluet-v5/.vscode/test.txt
2025-02-14 15:23:04.760 [info] /home/hooke/works/wnri-bluet-v5/yihBluetWork/BluetWaveFactory.C.git closed
2025-02-14 15:25:45.820 [info] Active editor: file:///home/hooke/works/wnri-bluet-v5/yihBluetWork/BluetWaveFactory.C
2025-02-14 15:26:06.491 [info] /usr/include/stdlib.h closed
2025-02-14 15:26:06.920 [info] Active editor: file:///usr/include/stdlib.h
2025-02-14 15:26:07.067 [info] /home/hooke/works/wnri-bluet-v5/yihBluetWork/BluetWaveFactory.C.git closed
2025-02-14 15:26:09.512 [info] /usr/include/stdlib.h closed
2025-02-14 15:26:09.516 [info] Active editor: file:///home/hooke/works/wnri-bluet-v5/yihBluetWork/BluetWaveFactory.C
2025-02-14 15:26:24.626 [info] Active editor: file:///home/hooke/works/wnri-bluet-v5/.vscode/test.txt
2025-02-14 15:26:24.638 [info] /home/hooke/works/wnri-bluet-v5/yihBluetWork/BluetWaveFactory.C.git closed
2025-02-14 15:28:42.688 [info] Executing :w
2025-02-14 15:29:00.642 [info] Active editor: file:///home/hooke/works/wnri-bluet-v5/yihBluetWork/BluetWaveFactory.C
2025-02-14 15:29:16.724 [info] Active editor: file:///home/hooke/works/wnri-bluet-v5/.vscode/test.txt
2025-02-14 15:29:16.735 [info] /home/hooke/works/wnri-bluet-v5/yihBluetWork/BluetWaveFactory.C.git closed
2025-02-14 15:29:19.466 [info] Active editor: file:///home/hooke/works/wnri-bluet-v5/yihBluetWork/BluetWaveFactory.C
2025-02-14 15:29:20.491 [info] Active editor: file:///home/hooke/works/wnri-bluet-v5/.vscode/test.txt
2025-02-14 15:29:20.504 [info] /home/hooke/works/wnri-bluet-v5/yihBluetWork/BluetWaveFactory.C.git closed
2025-02-14 15:29:31.142 [info] Active editor: file:///home/hooke/works/wnri-bluet-v5/yihBluetWork/BluetWaveFactory.C
2025-02-14 15:30:52.439 [info] /home/hooke/works/wnri-bluet-v5/yihBluetWork/BluetWaveFactory.C.git closed
2025-02-14 15:30:54.213 [info] Active editor: file:///home/hooke/works/wnri-bluet-v5/yihBluetWork/BluetWaveFactory.C
2025-02-14 15:30:56.232 [info] /home/hooke/works/wnri-bluet-v5/yihBluetWork/BluetWaveFactory.C.git closed
2025-02-14 15:31:05.207 [info] Active editor: file:///home/hooke/works/wnri-bluet-v5/yihBluetWork/BluetWaveFactory.C
2025-02-14 15:31:28.536 [info] Active editor: file:///home/hooke/works/wnri-bluet-v5/yihBluetWork/DrawEvent_v4.0.C
2025-02-14 15:31:28.558 [info] /home/hooke/works/wnri-bluet-v5/yihBluetWork/BluetWaveFactory.C.git closed
2025-02-14 15:31:44.530 [info] Active editor: file:///home/hooke/works/wnri-bluet-v5/yihBluetWork/BluetWaveFactory.C
2025-02-14 15:31:44.542 [info] /home/hooke/works/wnri-bluet-v5/yihBluetWork/DrawEvent_v4.0.C.git closed
2025-02-14 15:31:48.843 [info] Active editor: file:///home/hooke/works/wnri-bluet-v5/yihBluetWork/DrawEvent_v4.0.C
2025-02-14 15:31:48.859 [info] /home/hooke/works/wnri-bluet-v5/yihBluetWork/BluetWaveFactory.C.git closed
2025-02-14 15:31:51.083 [info] Active editor: file:///home/hooke/works/wnri-bluet-v5/yihBluetWork/BluetWaveFactory.C
2025-02-14 15:31:51.098 [info] /home/hooke/works/wnri-bluet-v5/yihBluetWork/DrawEvent_v4.0.C.git closed
2025-02-14 15:32:38.904 [info] Active editor: file:///home/hooke/works/wnri-bluet-v5/yihBluetWork/DrawEvent_v4.0.C
2025-02-14 15:32:38.918 [info] /home/hooke/works/wnri-bluet-v5/yihBluetWork/BluetWaveFactory.C.git closed
2025-02-14 15:36:18.919 [info] Active editor: output:extension-output-ms-vscode.cmake-tools-%231-CMake/%E7%94%9F%E6%88%90
2025-02-14 15:36:19.109 [info] Active editor: file:///home/hooke/works/wnri-bluet-v5/yihBluetWork/DrawEvent_v4.0.C
2025-02-14 15:36:19.122 [info] extension-output-ms-vscode.cmake-tools-#1-CMake/生成 closed
2025-02-14 15:40:22.040 [info] Active editor: file:///home/hooke/works/wnri-bluet-v5/yihBluetWork/BluetWaveFactory.C
2025-02-14 15:40:22.059 [info] /home/hooke/works/wnri-bluet-v5/yihBluetWork/DrawEvent_v4.0.C.git closed
2025-02-14 15:40:22.427 [info] Active editor: file:///home/hooke/works/wnri-bluet-v5/yihBluetWork/DrawEvent_v4.0.C
2025-02-14 15:40:22.442 [info] /home/hooke/works/wnri-bluet-v5/yihBluetWork/BluetWaveFactory.C.git closed
2025-02-14 15:40:33.421 [info] Active editor: file:///home/hooke/works/wnri-bluet-v5/Scripts/DrawEvent.py
2025-02-14 15:40:33.435 [info] /home/hooke/works/wnri-bluet-v5/yihBluetWork/DrawEvent_v4.0.C.git closed
2025-02-14 15:40:39.266 [info] Active editor: file:///home/hooke/works/wnri-bluet-v5/.vscode/test.txt
2025-02-14 15:40:39.279 [info] /home/hooke/works/wnri-bluet-v5/Scripts/DrawEvent.py.git closed
2025-02-14 15:40:54.148 [info] Active editor: file:///home/hooke/works/wnri-bluet-v5/yihBluetWork/BluetWaveFactory.C
2025-02-14 15:40:56.588 [info] Active editor: file:///home/hooke/works/wnri-bluet-v5/yihBluetWork/DrawEvent_v4.0.C
2025-02-14 15:40:56.599 [info] /home/hooke/works/wnri-bluet-v5/yihBluetWork/BluetWaveFactory.C.git closed
2025-02-14 15:40:57.484 [info] Active editor: file:///home/hooke/works/wnri-bluet-v5/yihBluetWork/BluetWaveFactory.C
2025-02-14 15:40:57.498 [info] /home/hooke/works/wnri-bluet-v5/yihBluetWork/DrawEvent_v4.0.C.git closed
2025-02-14 15:40:58.147 [info] Active editor: file:///home/hooke/works/wnri-bluet-v5/.vscode/test.txt
2025-02-14 15:40:58.158 [info] /home/hooke/works/wnri-bluet-v5/yihBluetWork/BluetWaveFactory.C.git closed
2025-02-14 15:41:02.841 [info] Active editor: file:///home/hooke/works/wnri-bluet-v5/Scripts/DrawEvent.py
2025-02-14 15:41:05.164 [info] Active editor: file:///home/hooke/works/wnri-bluet-v5/.vscode/test.txt
2025-02-14 15:41:05.174 [info] /home/hooke/works/wnri-bluet-v5/Scripts/DrawEvent.py.git closed
2025-02-14 15:41:25.464 [info] Active editor: file:///home/hooke/works/wnri-bluet-v5/Scripts/DrawEvent.py
2025-02-14 15:41:27.704 [info] Active editor: file:///home/hooke/works/wnri-bluet-v5/yihBluetWork/DrawEvent_v4.0.C
2025-02-14 15:41:27.717 [info] /home/hooke/works/wnri-bluet-v5/Scripts/DrawEvent.py.git closed
2025-02-14 15:41:28.094 [info] Active editor: file:///home/hooke/works/wnri-bluet-v5/yihBluetWork/BluetWaveFactory.C
2025-02-14 15:41:28.107 [info] /home/hooke/works/wnri-bluet-v5/yihBluetWork/DrawEvent_v4.0.C.git closed
2025-02-14 15:41:28.918 [info] Active editor: file:///home/hooke/works/wnri-bluet-v5/.vscode/test.txt
2025-02-14 15:41:28.930 [info] /home/hooke/works/wnri-bluet-v5/yihBluetWork/BluetWaveFactory.C.git closed
2025-02-14 15:44:48.268 [info] Active editor: file:///home/hooke/works/wnri-bluet-v5/yihBluetWork/DrawEvent_v4.0.C
2025-02-14 15:44:56.057 [info] /home/hooke/works/wnri-bluet-v5/Scripts/DrawEvent.py closed
2025-02-14 15:44:56.076 [info] Active editor: file:///home/hooke/works/wnri-bluet-v5/.vscode/launch.json
2025-02-14 15:44:56.089 [info] /home/hooke/works/wnri-bluet-v5/yihBluetWork/DrawEvent_v4.0.C.git closed
2025-02-14 15:45:08.436 [info] Configuration changed
2025-02-14 15:45:10.486 [info] Configuration changed
2025-02-14 15:45:15.353 [info] Active editor: file:///home/hooke/works/wnri-bluet-v5/.vscode/test.txt
2025-02-14 15:45:20.327 [info] Active editor: file:///home/hooke/works/wnri-bluet-v5/yihBluetWork/DrawEvent_v4.0.C
2025-02-14 15:45:20.906 [info] Active editor: file:///home/hooke/works/wnri-bluet-v5/.vscode/launch.json
2025-02-14 15:45:20.918 [info] /home/hooke/works/wnri-bluet-v5/yihBluetWork/DrawEvent_v4.0.C.git closed
2025-02-14 15:45:32.628 [info] Configuration changed
2025-02-14 15:45:58.285 [info] Active editor: file:///home/hooke/works/wnri-bluet-v5/yihBluetWork/DrawEvent_v4.0.C
2025-02-14 15:45:59.340 [info] Active editor: file:///home/hooke/works/wnri-bluet-v5/.vscode/launch.json
2025-02-14 15:45:59.351 [info] /home/hooke/works/wnri-bluet-v5/yihBluetWork/DrawEvent_v4.0.C.git closed
2025-02-14 15:46:07.283 [info] Active editor: file:///home/hooke/works/wnri-bluet-v5/yihBluetWork/DrawEvent_v4.0.C
2025-02-14 15:50:18.351 [info] /home/hooke/works/wnri-bluet-v5/yihBluetWork/DrawEvent_v4.0.C.git closed
2025-02-14 15:50:39.708 [info] Active editor: file:///home/hooke/works/wnri-bluet-v5/yihBluetWork/DrawEvent_v4.0.C
2025-02-14 15:50:47.501 [info] Active editor: file:///home/hooke/works/wnri-bluet-v5/yihBluetWork/BluetWaveFactory.C
2025-02-14 15:50:47.512 [info] /home/hooke/works/wnri-bluet-v5/yihBluetWork/DrawEvent_v4.0.C.git closed
2025-02-14 15:50:49.668 [info] Active editor: file:///home/hooke/works/wnri-bluet-v5/yihBluetWork/DrawEvent_v4.0.C
2025-02-14 15:50:49.678 [info] /home/hooke/works/wnri-bluet-v5/yihBluetWork/BluetWaveFactory.C.git closed
2025-02-14 15:52:46.076 [info] Active editor: file:///usr/include/c%2B%2B/14.2.1/bits/stl_vector.h
2025-02-14 15:52:46.103 [info] /home/hooke/works/wnri-bluet-v5/yihBluetWork/DrawEvent_v4.0.C.git closed
2025-02-14 15:52:50.160 [info] /usr/include/c++/14.2.1/bits/stl_vector.h closed
2025-02-14 15:52:50.175 [info] Active editor: file:///usr/include/c%2B%2B/14.2.1/bits/alloc_traits.h
2025-02-14 15:52:51.781 [info] /usr/include/c++/14.2.1/bits/alloc_traits.h closed
2025-02-14 15:52:51.797 [info] Active editor: file:///usr/include/c%2B%2B/14.2.1/bits/stl_construct.h
2025-02-14 15:52:56.619 [info] /usr/include/c++/14.2.1/bits/stl_construct.h closed
2025-02-14 15:52:56.658 [info] Active editor: file:///usr/include/c%2B%2B/14.2.1/bits/stl_vector.h
2025-02-14 15:52:59.426 [info] /usr/include/c++/14.2.1/bits/stl_vector.h closed
2025-02-14 15:52:59.440 [info] Active editor: file:///usr/include/c%2B%2B/14.2.1/bits/new_allocator.h
2025-02-14 15:53:00.068 [info] /usr/include/c++/14.2.1/bits/new_allocator.h closed
2025-02-14 15:53:00.087 [info] Active editor: file:///usr/include/c%2B%2B/14.2.1/bits/stl_vector.h
2025-02-14 15:53:00.736 [info] /usr/include/c++/14.2.1/bits/stl_vector.h closed
2025-02-14 15:53:00.751 [info] Active editor: file:///usr/include/c%2B%2B/14.2.1/bits/alloc_traits.h
2025-02-14 15:53:01.503 [info] /usr/include/c++/14.2.1/bits/alloc_traits.h closed
2025-02-14 15:53:01.517 [info] Active editor: file:///usr/include/c%2B%2B/14.2.1/bits/new_allocator.h
2025-02-14 15:53:02.211 [info] /usr/include/c++/14.2.1/bits/new_allocator.h closed
2025-02-14 15:53:02.231 [info] Active editor: file:///usr/include/c%2B%2B/14.2.1/bits/stl_vector.h
2025-02-14 15:53:07.485 [info] /usr/include/c++/14.2.1/bits/stl_vector.h closed
2025-02-14 15:53:07.501 [info] Active editor: file:///usr/include/c%2B%2B/14.2.1/bits/alloc_traits.h
2025-02-14 15:53:10.694 [info] /usr/include/c++/14.2.1/bits/alloc_traits.h closed
2025-02-14 15:53:10.705 [info] Active editor: file:///usr/include/c%2B%2B/14.2.1/bits/new_allocator.h
2025-02-14 15:53:11.493 [info] /usr/include/c++/14.2.1/bits/new_allocator.h closed
2025-02-14 15:53:14.329 [info] Active editor: file:///home/hooke/works/wnri-bluet-v5/yihBluetWork/DrawEvent_v4.0.C
2025-02-14 15:57:47.459 [info] /usr/include/TChain.h closed
2025-02-14 15:57:47.486 [info] Active editor: file:///usr/include/TChain.h
2025-02-14 15:57:47.555 [info] /home/hooke/works/wnri-bluet-v5/yihBluetWork/DrawEvent_v4.0.C.git closed
2025-02-14 16:04:09.091 [info] Active editor: file:///home/hooke/works/wnri-bluet-v5/yihBluetWork/DrawEvent_v4.0.C
2025-02-14 16:05:49.245 [info] /usr/include/c++/14.2.1/iostream closed
2025-02-14 16:05:49.296 [info] /home/hooke/works/wnri-bluet-v5/.vscode/settings.json closed
2025-02-14 16:05:49.313 [info] Configuration changed
2025-02-14 16:06:53.364 [info] /home/hooke/works/wnri-bluet-v5/yihBluetWork/DrawEvent_v4.0.C.git closed
2025-02-14 16:06:56.262 [info] Active editor: file:///home/hooke/works/wnri-bluet-v5/yihBluetWork/DrawEvent_v4.0.C
2025-02-14 16:14:44.945 [info] /home/hooke/works/wnri-bluet-v5/yihBluetWork/DrawEvent_v4.0.C.git closed
2025-02-14 16:15:40.951 [info] Active editor: file:///home/hooke/works/wnri-bluet-v5/yihBluetWork/DrawEvent_v4.0.C
2025-02-14 16:22:33.937 [info] Configuration changed
2025-02-14 16:23:46.257 [info] Executing :w
2025-02-14 16:47:07.351 [info] Configuration changed
2025-02-14 16:48:54.411 [info] Configuration changed
2025-02-14 17:41:12.667 [info] /usr/include/TTree.h closed
2025-02-14 17:41:12.670 [info] Active editor: file:///home/hooke/works/wnri-bluet-v5/.vscode/launch.json
2025-02-14 17:41:12.688 [info] /home/hooke/works/wnri-bluet-v5/yihBluetWork/DrawEvent_v4.0.C.git closed
2025-02-14 18:02:58.389 [info] /home/hooke/works/wnri-bluet-v5/.vscode/launch.json closed
2025-02-14 18:02:58.392 [info] Active editor: file:///home/hooke/works/wnri-bluet-v5/yihBluetWork/DrawEvent_v4.0.C
2025-02-14 18:02:58.821 [info] Active editor: file:///usr/include/TChain.h
2025-02-14 18:02:58.929 [info] /home/hooke/works/wnri-bluet-v5/yihBluetWork/DrawEvent_v4.0.C.git closed
2025-02-14 18:03:00.259 [info] /usr/include/TChain.h closed
2025-02-14 18:03:00.263 [info] Active editor: file:///home/hooke/works/wnri-bluet-v5/yihBluetWork/DrawEvent_v4.0.C
2025-02-14 18:03:02.180 [info] Active editor: file:///home/hooke/works/wnri-bluet-v5/yihBluetWork/BluetWaveFactory.C
2025-02-14 18:03:02.213 [info] /home/hooke/works/wnri-bluet-v5/yihBluetWork/DrawEvent_v4.0.C.git closed
2025-02-14 18:03:04.347 [info] /home/hooke/works/wnri-bluet-v5/yihBluetWork/BluetWaveFactory.C closed
2025-02-14 18:03:04.352 [info] Active editor: file:///home/hooke/works/wnri-bluet-v5/yihBluetWork/DrawEvent_v4.0.C
2025-02-14 18:03:04.363 [info] /home/hooke/works/wnri-bluet-v5/yihBluetWork/BluetWaveFactory.C.git closed
2025-02-14 18:06:25.239 [info] Configuration changed
2025-02-14 18:06:59.535 [info] /home/hooke/works/wnri-bluet-v5/yihBluetWork/DrawEvent_v4.0.C closed
2025-02-14 18:06:59.538 [info] Active editor: file:///home/hooke/works/wnri-bluet-v5/.vscode/test.txt
2025-02-14 18:06:59.551 [info] /home/hooke/works/wnri-bluet-v5/yihBluetWork/DrawEvent_v4.0.C.git closed
2025-02-14 18:07:07.151 [info] /home/hooke/works/wnri-bluet-v5/.vscode/test.txt closed
2025-02-14 18:07:14.243 [info] Active editor: file:///home/hooke/works/wnri-bluet-v5/yihBluetWork/BluetWaveFactory.C
2025-02-14 18:07:20.108 [info] /home/hooke/works/wnri-bluet-v5/yihBluetWork/BluetWaveFactory.C closed
2025-02-14 18:07:20.125 [info] Active editor: file:///home/hooke/works/wnri-bluet-v5/yihBluetWork/DrawEvent_v4.0.C
2025-02-14 18:07:20.134 [info] /home/hooke/works/wnri-bluet-v5/yihBluetWork/BluetWaveFactory.C.git closed
2025-02-14 18:31:41.054 [info] /home/hooke/works/wnri-bluet-v5/yihBluetWork/DrawEvent_v4.0.C closed
2025-02-14 18:31:41.079 [info] Active editor: file:///home/hooke/works/wnri-bluet-v5/BluetAna/include/BluetWaveformMaster.h
2025-02-14 18:31:41.099 [info] /home/hooke/works/wnri-bluet-v5/yihBluetWork/DrawEvent_v4.0.C.git closed
2025-02-14 18:32:30.423 [info] Active editor: file:///home/hooke/works/wnri-bluet-v5/yihBluetWork/DrawEvent_v4.0.C
2025-02-14 18:32:30.437 [info] /home/hooke/works/wnri-bluet-v5/BluetAna/include/BluetWaveformMaster.h.git closed
2025-02-14 18:43:10.594 [info] /home/hooke/works/wnri-bluet-v5/yihBluetWork/DrawEvent_v1.0.C closed
2025-02-14 18:43:10.689 [info] /home/hooke/works/wnri-bluet-v5/.vscode/settings.json closed
2025-02-14 18:43:10.708 [info] Configuration changed
2025-02-14 18:43:19.501 [info] /home/hooke/works/wnri-bluet-v5/yihBluetWork/DrawEvent_v1.0.C.git closed
2025-02-14 18:44:00.673 [info] /home/hooke/works/wnri-bluet-v5/yihBluetWork/DrawEvent_v1.0.C closed
2025-02-14 18:44:19.468 [info] /home/hooke/works/wnri-bluet-v5/BluetAna/include/BluetWaveformMaster.h closed
2025-02-14 18:44:19.491 [info] /home/hooke/works/wnri-bluet-v5/yihBluetWork/DrawEvent_v4.0.C.git closed
2025-02-14 18:44:20.756 [info] Active editor: file:///home/hooke/works/wnri-bluet-v5/yihBluetWork/DrawEvent_v4.0.C
2025-02-14 18:45:46.144 [info] /home/hooke/works/wnri-bluet-v5/BluetAna/source/BluetMCPAnodeMaster.cc closed
2025-02-14 18:45:46.595 [info] /home/hooke/works/wnri-bluet-v5/BluetAna/source/BluetMCPAnodeMaster.cc closed
2025-02-14 18:45:47.011 [info] /home/hooke/works/wnri-bluet-v5/BluetAna/source/BluetMCPAnodeMaster.cc closed
2025-02-14 18:46:14.027 [info] /home/hooke/works/wnri-bluet-v5/BluetAna/source/BluetMCPAnodeMaster.cc closed
2025-02-14 18:46:16.790 [info] /home/hooke/works/wnri-bluet-v5/BluetAna/source/BluetMCPAnodeMaster.cc closed
2025-02-14 18:46:16.851 [info] /home/hooke/works/wnri-bluet-v5/BluetAna/source/BluetMCPAnodeMaster.cc closed
2025-02-14 18:46:18.209 [info] Active editor: file:///home/hooke/works/wnri-bluet-v5/BluetAna/source/BluetMCPAnodeMaster.cc
2025-02-14 18:46:18.271 [info] /home/hooke/works/wnri-bluet-v5/yihBluetWork/DrawEvent_v4.0.C.git closed
2025-02-14 18:46:35.568 [info] Active editor: file:///home/hooke/works/wnri-bluet-v5/yihBluetWork/DrawEvent_v4.0.C
2025-02-14 18:46:35.586 [info] /home/hooke/works/wnri-bluet-v5/BluetAna/source/BluetMCPAnodeMaster.cc.git closed
2025-02-14 18:46:42.543 [info] Active editor: file:///home/hooke/works/wnri-bluet-v5/BluetAna/source/BluetMCPAnodeMaster.cc
2025-02-14 18:46:42.559 [info] /home/hooke/works/wnri-bluet-v5/yihBluetWork/DrawEvent_v4.0.C.git closed
2025-02-14 18:46:58.423 [info] /home/hooke/works/wnri-bluet-v5/BluetAna/source/BluetMCPAnodeMaster.cc closed
2025-02-14 18:46:58.447 [info] Active editor: file:///home/hooke/works/wnri-bluet-v5/BluetAna/include/BluetModule.h
2025-02-14 18:46:58.482 [info] /home/hooke/works/wnri-bluet-v5/BluetAna/source/BluetMCPAnodeMaster.cc.git closed
2025-02-14 18:47:09.473 [info] /home/hooke/works/wnri-bluet-v5/BluetAna/include/BluetModule.h closed
2025-02-14 18:47:09.485 [info] Active editor: file:///home/hooke/works/wnri-bluet-v5/BluetAna/include/BluetMCPAnodeMaster.h
2025-02-14 18:47:09.519 [info] /home/hooke/works/wnri-bluet-v5/BluetAna/include/BluetModule.h.git closed
2025-02-14 18:47:23.274 [info] /home/hooke/works/wnri-bluet-v5/BluetAna/include/BluetMCPAnodeMaster.h closed
2025-02-14 18:47:23.284 [info] Active editor: file:///home/hooke/works/wnri-bluet-v5/BluetAna/include/BMCPAnodeStrip.h
2025-02-14 18:47:23.353 [info] /home/hooke/works/wnri-bluet-v5/BluetAna/include/BluetMCPAnodeMaster.h.git closed
2025-02-14 18:47:35.497 [info] /home/hooke/works/wnri-bluet-v5/BluetAna/include/BMCPAnodeStrip.h closed
2025-02-14 18:47:35.511 [info] Active editor: file:///home/hooke/works/wnri-bluet-v5/BluetAna/include/BluetMCPAnodeMaster.h
2025-02-14 18:47:35.524 [info] /home/hooke/works/wnri-bluet-v5/BluetAna/include/BMCPAnodeStrip.h.git closed
2025-02-14 18:47:55.130 [info] /home/hooke/works/wnri-bluet-v5/BluetAna/include/BluetMCPAnodeMaster.h closed
2025-02-14 18:47:55.154 [info] Active editor: file:///home/hooke/works/wnri-bluet-v5/BluetAna/source/BMCPAnodeStrip.cc
2025-02-14 18:47:55.168 [info] /home/hooke/works/wnri-bluet-v5/BluetAna/include/BluetMCPAnodeMaster.h.git closed
2025-02-14 18:48:44.954 [info] /home/hooke/works/wnri-bluet-v5/BluetAna/source/BMCPAnodeStrip.cc closed
2025-02-14 18:48:44.969 [info] Active editor: file:///home/hooke/works/wnri-bluet-v5/BluetAna/source/BluetMCPAnodeMaster.cc
2025-02-14 18:48:44.983 [info] /home/hooke/works/wnri-bluet-v5/BluetAna/source/BMCPAnodeStrip.cc.git closed
2025-02-14 18:56:32.239 [info] Active editor: file:///home/hooke/works/wnri-bluet-v5/yihBluetWork/DrawEvent_v4.0.C
2025-02-14 18:56:32.264 [info] /home/hooke/works/wnri-bluet-v5/BluetAna/source/BluetMCPAnodeMaster.cc.git closed
2025-02-14 18:56:45.690 [info] Active editor: file:///home/hooke/works/wnri-bluet-v5/BluetAna/source/BluetMCPAnodeMaster.cc
2025-02-14 18:56:45.702 [info] /home/hooke/works/wnri-bluet-v5/yihBluetWork/DrawEvent_v4.0.C.git closed
2025-02-14 18:56:53.109 [info] /home/hooke/works/wnri-bluet-v5/BluetAna/include/BluetConfig.h.git closed
2025-02-14 18:56:57.296 [info] /home/hooke/works/wnri-bluet-v5/BluetAna/include/BluetConfig.h closed
2025-02-14 18:56:57.298 [info] Active editor: file:///home/hooke/works/wnri-bluet-v5/yihBluetWork/DrawEvent_v4.0.C
2025-02-14 18:56:57.316 [info] /home/hooke/works/wnri-bluet-v5/BluetAna/source/BluetMCPAnodeMaster.cc.git closed
2025-02-14 18:57:00.016 [info] Active editor: file:///home/hooke/works/wnri-bluet-v5/BluetAna/source/BluetMCPAnodeMaster.cc
2025-02-14 18:57:00.028 [info] /home/hooke/works/wnri-bluet-v5/yihBluetWork/DrawEvent_v4.0.C.git closed
2025-02-14 18:57:25.518 [info] Active editor: file:///home/hooke/works/wnri-bluet-v5/yihBluetWork/DrawEvent_v4.0.C
2025-02-14 18:57:25.535 [info] /home/hooke/works/wnri-bluet-v5/BluetAna/source/BluetMCPAnodeMaster.cc.git closed
2025-02-14 18:57:26.691 [info] Active editor: file:///home/hooke/works/wnri-bluet-v5/BluetAna/source/BluetMCPAnodeMaster.cc
2025-02-14 18:57:26.707 [info] /home/hooke/works/wnri-bluet-v5/yihBluetWork/DrawEvent_v4.0.C.git closed
2025-02-14 18:58:11.222 [info] Active editor: file:///home/hooke/works/wnri-bluet-v5/yihBluetWork/DrawEvent_v4.0.C
2025-02-14 18:58:11.239 [info] /home/hooke/works/wnri-bluet-v5/BluetAna/source/BluetMCPAnodeMaster.cc.git closed
2025-02-14 18:59:59.147 [info] /home/hooke/works/wnri-bluet-v5/BluetAna/include/BluetDataModel.h.git closed
2025-02-14 18:59:59.147 [info] /home/hooke/works/wnri-bluet-v5/BluetAna/include/BluetDataModel.h closed
2025-02-14 18:59:59.181 [info] Active editor: file:///home/hooke/works/wnri-bluet-v5/BluetAna/include/BluetDataModel.h
2025-02-14 18:59:59.294 [info] /home/hooke/works/wnri-bluet-v5/yihBluetWork/DrawEvent_v4.0.C.git closed
2025-02-14 19:02:06.169 [info] Active editor: file:///home/hooke/works/wnri-bluet-v5/yihBluetWork/DrawEvent_v4.0.C
2025-02-14 19:02:06.184 [info] /home/hooke/works/wnri-bluet-v5/BluetAna/include/BluetDataModel.h.git closed
