2025-02-14 08:20:42.402 [info] Configuration changed
2025-02-14 08:20:42.600 [info] /home/hooke/works/wnri-bluet-v5/.vscode/c_cpp_properties.json closed
2025-02-14 08:20:42.654 [info] Configuration changed
2025-02-14 08:20:43.091 [info] Configuration changed
2025-02-14 08:20:43.554 [info] Configuration changed
2025-02-14 08:20:44.600 [info] Configuration changed
2025-02-14 08:20:45.854 [info] Configuration changed
2025-02-14 08:20:46.868 [info] /home/hooke/.config/Code/User/settings.json closed
2025-02-14 08:20:47.708 [info] Configuration changed
2025-02-14 08:20:51.524 [info] Configuration changed
2025-02-14 08:20:52.762 [info] extension-output-ms-vscode.cmake-tools-#1-CMake/生成 closed
2025-02-14 08:20:52.966 [info] Configuration changed
2025-02-14 08:21:53.436 [info] Active editor: file:///home/hooke/works/wnri-bluet-v5/.vscode/test.txt
2025-02-14 08:23:42.532 [info] /home/hooke/works/wnri-bluet-v5/.vscode/c_cpp_properties.json closed
2025-02-14 08:26:23.887 [info] Executing :w
2025-02-14 08:26:26.580 [info] Executing :wq
2025-02-14 08:26:26.597 [info] /home/hooke/works/wnri-bluet-v5/.vscode/test.txt closed
2025-02-14 08:26:26.598 [warning] getLineLength() called with out-of-bounds line 0
2025-02-14 08:26:26.598 [warning] invalid cursor position. [[0, 88] | [0, 88]].
2025-02-14 08:26:47.868 [info] Active editor: file:///home/hooke/works/wnri-bluet-v5/.vscode/test.txt
2025-02-14 08:26:54.741 [info] /home/hooke/works/wnri-bluet-v5/.vscode/test.txt closed
2025-02-14 08:26:54.752 [info] Active editor: file:///home/hooke/works/wnri-bluet-v5/.vscode/c_cpp_properties.json
2025-02-14 08:26:54.796 [info] /home/hooke/works/wnri-bluet-v5/.vscode/c_cpp_properties.json closed
2025-02-14 08:28:20.872 [info] /home/hooke/works/wnri-bluet-v5/.vscode/c_cpp_properties.json closed
2025-02-14 08:28:26.688 [info] Active editor: file:///home/hooke/works/wnri-bluet-v5/.vscode/test.txt
2025-02-14 08:29:54.844 [info] /c_cpp_properties.schema.json closed
2025-02-14 08:29:55.785 [info] Active editor: file:///home/hooke/works/wnri-bluet-v5/BluetAna/include/BluetDataModel.h
2025-02-14 08:37:07.235 [info] Active editor: file:///home/hooke/works/wnri-bluet-v5/.vscode/test.txt
2025-02-14 08:37:07.250 [info] /home/hooke/works/wnri-bluet-v5/BluetAna/include/BluetDataModel.h.git closed
2025-02-14 08:37:08.541 [info] Active editor: file:///home/hooke/works/wnri-bluet-v5/BluetAna/include/BluetDataModel.h
2025-02-14 08:37:29.506 [info] Active editor: file:///home/hooke/works/wnri-bluet-v5/.vscode/test.txt
2025-02-14 08:37:29.518 [info] /home/hooke/works/wnri-bluet-v5/BluetAna/include/BluetDataModel.h.git closed
2025-02-14 08:37:32.017 [info] Active editor: file:///home/hooke/works/wnri-bluet-v5/BluetAna/include/BluetDataModel.h
2025-02-14 08:37:40.639 [info] Active editor: file:///home/hooke/works/wnri-bluet-v5/.vscode/test.txt
2025-02-14 08:37:40.648 [info] /home/hooke/works/wnri-bluet-v5/BluetAna/include/BluetDataModel.h.git closed
2025-02-14 08:39:45.217 [info] Active editor: file:///home/hooke/works/wnri-bluet-v5/BluetAna/include/BluetDataModel.h
2025-02-14 08:39:57.788 [info] Active editor: file:///home/hooke/works/wnri-bluet-v5/CMakeLists.txt
2025-02-14 08:39:57.797 [info] /home/hooke/works/wnri-bluet-v5/BluetAna/include/BluetDataModel.h.git closed
2025-02-14 08:40:56.149 [info] extension-output-ms-vscode.cmake-tools-#1-CMake/生成 closed
2025-02-14 08:41:06.384 [info] Active editor: file:///home/hooke/works/wnri-bluet-v5/BluetAna/include/BluetDataModel.h
2025-02-14 08:41:06.400 [info] /home/hooke/works/wnri-bluet-v5/CMakeLists.txt.git closed
2025-02-14 08:49:46.392 [info] Active editor: file:///home/hooke/works/wnri-bluet-v5/yihBluetWork/DrawEvent_v4.0.C
2025-02-14 08:49:46.438 [info] /home/hooke/works/wnri-bluet-v5/BluetAna/include/BluetDataModel.h.git closed
2025-02-14 08:50:10.806 [info] /home/hooke/works/wnri-bluet-v5/yihBluetWork/DrawEvent_v4.0.C closed
2025-02-14 08:50:10.857 [info] Active editor: file:///home/hooke/works/wnri-bluet-v5/build/CMakeCache.txt
2025-02-14 08:50:10.864 [info] /home/hooke/works/wnri-bluet-v5/yihBluetWork/DrawEvent_v4.0.C.git closed
2025-02-14 08:50:34.837 [info] /home/hooke/works/wnri-bluet-v5/build/CMakeCache.txt closed
2025-02-14 08:50:34.862 [info] Active editor: file:///home/hooke/works/wnri-bluet-v5/yihBluetWork/CMakeLists.txt
2025-02-14 08:51:37.249 [info] /home/hooke/works/wnri-bluet-v5/yihBluetWork/CMakeLists.txt closed
2025-02-14 08:51:37.266 [info] Active editor: file:///home/hooke/works/wnri-bluet-v5/yihBluetWork/DrawEvent_v4.0.C
2025-02-14 08:51:37.280 [info] /home/hooke/works/wnri-bluet-v5/yihBluetWork/CMakeLists.txt.git closed
2025-02-14 08:51:45.174 [info] /home/hooke/works/wnri-bluet-v5/yihBluetWork/DrawEvent_v4.0.C closed
2025-02-14 08:51:45.190 [info] Active editor: file:///home/hooke/works/wnri-bluet-v5/yihBluetWork/DrawEvent_v3.0.C
2025-02-14 08:51:45.199 [info] /home/hooke/works/wnri-bluet-v5/yihBluetWork/DrawEvent_v4.0.C.git closed
2025-02-14 08:51:45.805 [info] /home/hooke/works/wnri-bluet-v5/yihBluetWork/DrawEvent_v3.0.C closed
2025-02-14 08:51:45.819 [info] Active editor: file:///home/hooke/works/wnri-bluet-v5/yihBluetWork/DrawEvent_v4.0.C
2025-02-14 08:51:45.827 [info] /home/hooke/works/wnri-bluet-v5/yihBluetWork/DrawEvent_v3.0.C.git closed
2025-02-14 08:52:01.570 [info] /home/hooke/works/wnri-bluet-v5/yihBluetWork/DrawEvent_v4.0.C closed
2025-02-14 08:52:01.587 [info] Active editor: file:///home/hooke/works/wnri-bluet-v5/Scripts/DrawEvent.py
2025-02-14 08:52:01.595 [info] /home/hooke/works/wnri-bluet-v5/yihBluetWork/DrawEvent_v4.0.C.git closed
2025-02-14 08:53:36.668 [info] /home/hooke/works/wnri-bluet-v5/Scripts/DrawEvent.py closed
2025-02-14 08:53:36.688 [info] Active editor: file:///home/hooke/works/wnri-bluet-v5/.vscode/launch.json
2025-02-14 08:53:36.703 [info] /home/hooke/works/wnri-bluet-v5/Scripts/DrawEvent.py.git closed
2025-02-14 08:53:44.615 [info] Configuration changed
2025-02-14 08:53:46.326 [info] Configuration changed
2025-02-14 08:54:12.962 [info] Configuration changed
2025-02-14 08:54:32.147 [info] Configuration changed
2025-02-14 08:54:46.622 [info] Configuration changed
2025-02-14 08:54:48.774 [info] Configuration changed
2025-02-14 08:54:51.828 [info] Configuration changed
2025-02-14 08:55:02.807 [info] Active editor: file:///home/hooke/works/wnri-bluet-v5/BluetAna/include/BluetDataModel.h
2025-02-14 08:55:04.990 [info] /home/hooke/works/wnri-bluet-v5/BluetAna/include/BluetDataModel.h closed
2025-02-14 08:55:04.994 [info] Active editor: file:///home/hooke/works/wnri-bluet-v5/.vscode/launch.json
2025-02-14 08:55:05.005 [info] /home/hooke/works/wnri-bluet-v5/BluetAna/include/BluetDataModel.h.git closed
2025-02-14 08:55:06.134 [info] Active editor: file:///home/hooke/works/wnri-bluet-v5/CMakeLists.txt
2025-02-14 08:55:06.806 [info] /home/hooke/works/wnri-bluet-v5/CMakeLists.txt closed
2025-02-14 08:55:06.808 [info] Active editor: file:///home/hooke/works/wnri-bluet-v5/.vscode/launch.json
2025-02-14 08:55:06.820 [info] /home/hooke/works/wnri-bluet-v5/CMakeLists.txt.git closed
2025-02-14 08:55:07.877 [info] Active editor: file:///home/hooke/works/wnri-bluet-v5/.vscode/test.txt
2025-02-14 08:55:19.884 [info] Configuration changed
2025-02-14 08:55:31.890 [info] Active editor: file:///home/hooke/works/wnri-bluet-v5/yihBluetWork/DrawEvent_v4.0.C
2025-02-14 08:55:57.079 [info] /home/hooke/works/wnri-bluet-v5/yihBluetWork/DrawEvent_v4.0.C closed
2025-02-14 08:55:57.097 [info] Active editor: file:///home/hooke/works/wnri-bluet-v5/yihBluetWork/DrawWave.C
2025-02-14 08:55:57.127 [info] /home/hooke/works/wnri-bluet-v5/yihBluetWork/DrawEvent_v4.0.C.git closed
2025-02-14 08:56:04.166 [info] /home/hooke/works/wnri-bluet-v5/yihBluetWork/DrawWave.C closed
2025-02-14 08:56:04.180 [info] Active editor: file:///home/hooke/works/wnri-bluet-v5/yihBluetWork/DrawEvent.sh
2025-02-14 08:56:04.184 [info] /home/hooke/works/wnri-bluet-v5/yihBluetWork/DrawWave.C.git closed
2025-02-14 08:56:04.565 [info] /home/hooke/works/wnri-bluet-v5/yihBluetWork/DrawEvent.sh closed
2025-02-14 08:56:04.576 [info] Active editor: file:///home/hooke/works/wnri-bluet-v5/yihBluetWork/DrawEvent_v4.0.C
2025-02-14 08:56:04.584 [info] /home/hooke/works/wnri-bluet-v5/yihBluetWork/DrawEvent.sh.git closed
2025-02-14 08:56:05.263 [info] /home/hooke/works/wnri-bluet-v5/yihBluetWork/DrawEvent_v4.0.C closed
2025-02-14 08:56:05.274 [info] Active editor: file:///home/hooke/works/wnri-bluet-v5/yihBluetWork/DrawEvent.sh
2025-02-14 08:56:05.281 [info] /home/hooke/works/wnri-bluet-v5/yihBluetWork/DrawEvent_v4.0.C.git closed
2025-02-14 08:56:16.733 [info] Active editor: file:///home/hooke/works/wnri-bluet-v5/.vscode/test.txt
2025-02-14 08:56:16.744 [info] /home/hooke/works/wnri-bluet-v5/yihBluetWork/DrawEvent.sh.git closed
2025-02-14 08:56:17.377 [info] Active editor: file:///home/hooke/works/wnri-bluet-v5/yihBluetWork/DrawEvent.sh
2025-02-14 08:56:33.734 [info] Active editor: file:///home/hooke/works/wnri-bluet-v5/Scripts/DrawEvent.py
2025-02-14 08:56:33.754 [info] /home/hooke/works/wnri-bluet-v5/yihBluetWork/DrawEvent.sh.git closed
2025-02-14 08:56:42.917 [info] Active editor: file:///home/hooke/works/wnri-bluet-v5/yihBluetWork/DrawEvent.sh
2025-02-14 08:56:42.928 [info] /home/hooke/works/wnri-bluet-v5/Scripts/DrawEvent.py.git closed
2025-02-14 08:56:43.411 [info] Active editor: file:///home/hooke/works/wnri-bluet-v5/Scripts/DrawEvent.py
2025-02-14 08:56:43.422 [info] /home/hooke/works/wnri-bluet-v5/yihBluetWork/DrawEvent.sh.git closed
2025-02-14 08:56:52.278 [info] Active editor: file:///home/hooke/works/wnri-bluet-v5/yihBluetWork/DrawEvent.sh
2025-02-14 08:56:52.286 [info] /home/hooke/works/wnri-bluet-v5/Scripts/DrawEvent.py.git closed
2025-02-14 08:56:59.216 [info] /home/hooke/works/wnri-bluet-v5/yihBluetWork/DrawEvent.sh closed
2025-02-14 08:56:59.227 [info] Active editor: file:///home/hooke/works/wnri-bluet-v5/yihBluetWork/DrawEvent_v4.0.C
2025-02-14 08:56:59.236 [info] /home/hooke/works/wnri-bluet-v5/yihBluetWork/DrawEvent.sh.git closed
2025-02-14 08:58:49.209 [info] Active editor: file:///home/hooke/works/wnri-bluet-v5/.vscode/launch.json
2025-02-14 08:58:49.219 [info] /home/hooke/works/wnri-bluet-v5/yihBluetWork/DrawEvent_v4.0.C.git closed
2025-02-14 08:58:56.875 [info] Configuration changed
2025-02-14 08:58:58.119 [info] Active editor: file:///home/hooke/works/wnri-bluet-v5/yihBluetWork/DrawEvent_v4.0.C
2025-02-14 09:01:31.814 [info] Active editor: file:///home/hooke/works/wnri-bluet-v5/Scripts/DrawEvent.py
2025-02-14 09:01:31.828 [info] /home/hooke/works/wnri-bluet-v5/yihBluetWork/DrawEvent_v4.0.C.git closed
2025-02-14 09:03:04.290 [info] /home/hooke/works/wnri-bluet-v5/yihBluetWork/DrawEvent_v4.0.C closed
2025-02-14 09:03:04.303 [info] Active editor: file:///home/hooke/works/wnri-bluet-v5/Scripts/FactoryWave.py
2025-02-14 09:03:04.314 [info] /home/hooke/works/wnri-bluet-v5/Scripts/DrawEvent.py.git closed
2025-02-14 09:05:25.005 [info] Active editor: file:///home/hooke/works/wnri-bluet-v5/.vscode/launch.json
2025-02-14 09:05:25.019 [info] /home/hooke/works/wnri-bluet-v5/Scripts/FactoryWave.py.git closed
2025-02-14 09:05:26.208 [info] Active editor: file:///home/hooke/works/wnri-bluet-v5/.vscode/test.txt
2025-02-14 09:05:27.377 [info] Active editor: file:///home/hooke/works/wnri-bluet-v5/BluetAna/include/BluetDataModel.h
2025-02-14 09:07:46.546 [info] /home/hooke/works/wnri-bluet-v5/Scripts/FactoryWave.py closed
2025-02-14 09:07:46.732 [info] /home/hooke/works/wnri-bluet-v5/BluetAna/include/BluetDataModel.h.git closed
2025-02-14 09:08:05.067 [info] Active editor: file:///home/hooke/works/wnri-bluet-v5/BluetAna/include/BluetDataModel.h
2025-02-14 09:08:55.736 [info] Active editor: file:///home/hooke/works/wnri-bluet-v5/Scripts/DrawEvent.py
2025-02-14 09:08:55.752 [info] /home/hooke/works/wnri-bluet-v5/BluetAna/include/BluetDataModel.h.git closed
2025-02-14 09:08:56.399 [info] Active editor: file:///home/hooke/works/wnri-bluet-v5/.vscode/launch.json
2025-02-14 09:08:56.411 [info] /home/hooke/works/wnri-bluet-v5/Scripts/DrawEvent.py.git closed
2025-02-14 09:08:57.475 [info] Active editor: file:///home/hooke/works/wnri-bluet-v5/Scripts/DrawEvent.py
2025-02-14 09:09:25.571 [info] Active editor: file:///home/hooke/works/wnri-bluet-v5/Scripts/FactoryWave.py
2025-02-14 09:09:25.584 [info] /home/hooke/works/wnri-bluet-v5/Scripts/DrawEvent.py.git closed
2025-02-14 09:12:00.844 [info] /home/hooke/works/wnri-bluet-v5/Scripts/FactoryWave.py closed
2025-02-14 09:12:00.857 [info] Active editor: file:///home/hooke/works/wnri-bluet-v5/Scripts/make_all.sh
2025-02-14 09:12:00.868 [info] /home/hooke/works/wnri-bluet-v5/Scripts/FactoryWave.py.git closed
2025-02-14 09:12:07.427 [info] /home/hooke/works/wnri-bluet-v5/Scripts/make_all.sh closed
2025-02-14 09:12:07.449 [info] Active editor: file:///home/hooke/works/wnri-bluet-v5/yihBluetWork/BluetLab.sh
2025-02-14 09:12:07.456 [info] /home/hooke/works/wnri-bluet-v5/Scripts/make_all.sh.git closed
2025-02-14 09:12:11.771 [info] /home/hooke/works/wnri-bluet-v5/yihBluetWork/BluetLab.sh closed
2025-02-14 09:12:11.782 [info] Active editor: file:///home/hooke/works/wnri-bluet-v5/yihBluetWork/DrawEvent.sh
2025-02-14 09:12:11.789 [info] /home/hooke/works/wnri-bluet-v5/yihBluetWork/BluetLab.sh.git closed
2025-02-14 09:12:15.060 [info] /home/hooke/works/wnri-bluet-v5/yihBluetWork/DrawEvent.sh closed
2025-02-14 09:12:15.072 [info] Active editor: file:///home/hooke/works/wnri-bluet-v5/yihBluetWork/testcode.sh
2025-02-14 09:12:15.077 [info] /home/hooke/works/wnri-bluet-v5/yihBluetWork/DrawEvent.sh.git closed
2025-02-14 09:12:18.114 [info] /home/hooke/works/wnri-bluet-v5/yihBluetWork/testcode.sh closed
2025-02-14 09:12:18.127 [info] Active editor: file:///home/hooke/works/wnri-bluet-v5/yihBluetWork/EfficiencyDetection.sh
2025-02-14 09:12:18.134 [info] /home/hooke/works/wnri-bluet-v5/yihBluetWork/testcode.sh.git closed
2025-02-14 09:12:22.467 [info] /home/hooke/works/wnri-bluet-v5/yihBluetWork/EfficiencyDetection.sh closed
2025-02-14 09:12:22.479 [info] Active editor: file:///home/hooke/works/wnri-bluet-v5/yihBluetWork/BluetWaveFactory.C
2025-02-14 09:12:22.498 [info] /home/hooke/works/wnri-bluet-v5/yihBluetWork/EfficiencyDetection.sh.git closed
2025-02-14 09:12:33.870 [info] /home/hooke/works/wnri-bluet-v5/yihBluetWork/BluetWaveFactory.C closed
2025-02-14 09:12:33.883 [info] Active editor: file:///home/hooke/works/wnri-bluet-v5/yihBluetWork/BluetFactory_v3.1.C
2025-02-14 09:12:33.892 [info] /home/hooke/works/wnri-bluet-v5/yihBluetWork/BluetWaveFactory.C.git closed
2025-02-14 09:12:55.597 [info] /home/hooke/works/wnri-bluet-v5/yihBluetWork/BluetFactory_v3.1.C closed
2025-02-14 09:12:55.634 [info] Active editor: file:///home/hooke/works/wnri-bluet-v5/Scripts/FactoryWNS.py
2025-02-14 09:12:55.647 [info] /home/hooke/works/wnri-bluet-v5/yihBluetWork/BluetFactory_v3.1.C.git closed
2025-02-14 09:12:57.954 [info] /home/hooke/works/wnri-bluet-v5/Scripts/FactoryWNS.py closed
2025-02-14 09:12:57.966 [info] Active editor: file:///home/hooke/works/wnri-bluet-v5/Scripts/FactoryWaveana.py
2025-02-14 09:12:57.973 [info] /home/hooke/works/wnri-bluet-v5/Scripts/FactoryWNS.py.git closed
2025-02-14 09:12:59.120 [info] /home/hooke/works/wnri-bluet-v5/Scripts/FactoryWaveana.py closed
2025-02-14 09:12:59.132 [info] Active editor: file:///home/hooke/works/wnri-bluet-v5/Scripts/FactoryWave.py
2025-02-14 09:12:59.146 [info] /home/hooke/works/wnri-bluet-v5/Scripts/FactoryWaveana.py.git closed
2025-02-14 09:13:12.877 [info] Active editor: file:///home/hooke/works/wnri-bluet-v5/BluetAna/include/BluetDataModel.h
2025-02-14 09:13:12.890 [info] /home/hooke/works/wnri-bluet-v5/Scripts/FactoryWave.py.git closed
2025-02-14 09:13:27.291 [info] /home/hooke/works/wnri-bluet-v5/Scripts/FactoryWave.py closed
2025-02-14 09:13:27.307 [info] Active editor: file:///home/hooke/works/wnri-bluet-v5/yihBluetWork/BluetWaveFactory.C
2025-02-14 09:13:27.321 [info] /home/hooke/works/wnri-bluet-v5/BluetAna/include/BluetDataModel.h.git closed
2025-02-14 09:26:08.645 [info] Active editor: file:///home/hooke/works/wnri-bluet-v5/BluetAna/include/BluetDataModel.h
2025-02-14 09:26:08.658 [info] /home/hooke/works/wnri-bluet-v5/yihBluetWork/BluetWaveFactory.C.git closed
2025-02-14 09:26:10.102 [info] Active editor: file:///home/hooke/works/wnri-bluet-v5/yihBluetWork/BluetWaveFactory.C
2025-02-14 09:26:10.115 [info] /home/hooke/works/wnri-bluet-v5/BluetAna/include/BluetDataModel.h.git closed
2025-02-14 09:27:32.707 [info] Active editor: file:///home/hooke/works/wnri-bluet-v5/BluetAna/source/BluetConfig.cc
2025-02-14 09:28:01.288 [info] /home/hooke/works/wnri-bluet-v5/BluetAna/source/BluetConfig.cc.git closed
2025-02-14 09:28:01.289 [info] /home/hooke/works/wnri-bluet-v5/BluetAna/source/BluetConfig.cc closed
2025-02-14 09:28:01.309 [info] Active editor: file:///usr/include/stdlib.h
2025-02-14 09:28:01.325 [info] /home/hooke/works/wnri-bluet-v5/yihBluetWork/BluetWaveFactory.C.git closed
2025-02-14 09:28:03.775 [info] /usr/include/stdlib.h closed
2025-02-14 09:28:03.778 [info] Active editor: file:///home/hooke/works/wnri-bluet-v5/yihBluetWork/BluetWaveFactory.C
2025-02-14 09:28:13.196 [info] Active editor: file:///home/hooke/works/wnri-bluet-v5/BluetAna/include/BluetDataModel.h
2025-02-14 09:28:13.212 [info] /home/hooke/works/wnri-bluet-v5/yihBluetWork/BluetWaveFactory.C.git closed
2025-02-14 09:28:13.854 [info] Active editor: file:///home/hooke/works/wnri-bluet-v5/yihBluetWork/BluetWaveFactory.C
2025-02-14 09:28:13.870 [info] /home/hooke/works/wnri-bluet-v5/BluetAna/include/BluetDataModel.h.git closed
2025-02-14 09:28:26.987 [info] Active editor: file:///home/hooke/works/wnri-bluet-v5/BluetAna/include/BluetDataModel.h
2025-02-14 09:28:27.000 [info] /home/hooke/works/wnri-bluet-v5/yihBluetWork/BluetWaveFactory.C.git closed
2025-02-14 09:28:44.136 [info] Active editor: file:///home/hooke/works/wnri-bluet-v5/Scripts/DrawEvent.py
2025-02-14 09:28:44.146 [info] /home/hooke/works/wnri-bluet-v5/BluetAna/include/BluetDataModel.h.git closed
2025-02-14 09:28:45.437 [info] Active editor: file:///home/hooke/works/wnri-bluet-v5/.vscode/test.txt
2025-02-14 09:28:45.447 [info] /home/hooke/works/wnri-bluet-v5/Scripts/DrawEvent.py.git closed
2025-02-14 09:28:46.338 [info] Active editor: file:///home/hooke/works/wnri-bluet-v5/.vscode/launch.json
2025-02-14 09:28:47.315 [info] Active editor: file:///home/hooke/works/wnri-bluet-v5/yihBluetWork/BluetWaveFactory.C
2025-02-14 09:30:09.697 [info] Executing :w
2025-02-14 09:30:58.600 [info] Active editor: file:///home/hooke/works/wnri-bluet-v5/Scripts/DrawEvent.py
2025-02-14 09:30:58.611 [info] /home/hooke/works/wnri-bluet-v5/yihBluetWork/BluetWaveFactory.C.git closed
2025-02-14 09:31:03.547 [info] Active editor: file:///home/hooke/works/wnri-bluet-v5/Scripts/BluetWaveLab.py
2025-02-14 09:31:03.554 [info] /home/hooke/works/wnri-bluet-v5/Scripts/DrawEvent.py.git closed
2025-02-14 09:31:53.438 [info] Executing :wq
2025-02-14 09:31:53.456 [info] /home/hooke/works/wnri-bluet-v5/Scripts/BluetWaveLab.py closed
2025-02-14 09:31:53.456 [warning] getLineLength() called with out-of-bounds line 23
2025-02-14 09:31:53.456 [warning] invalid cursor position. [[23, 77] | [23, 77]].
2025-02-14 09:31:53.459 [info] Active editor: file:///home/hooke/works/wnri-bluet-v5/Scripts/DrawEvent.py
2025-02-14 09:31:53.469 [info] /home/hooke/works/wnri-bluet-v5/Scripts/BluetWaveLab.py.git closed
2025-02-14 09:31:54.759 [info] Executing :wq
2025-02-14 09:31:54.779 [info] /home/hooke/works/wnri-bluet-v5/Scripts/DrawEvent.py closed
2025-02-14 09:31:54.779 [warning] getLineLength() called with out-of-bounds line 18
2025-02-14 09:31:54.779 [warning] invalid cursor position. [[18, 70] | [18, 70]].
2025-02-14 09:31:54.782 [info] Active editor: file:///home/hooke/works/wnri-bluet-v5/yihBluetWork/BluetWaveFactory.C
2025-02-14 09:31:54.797 [info] /home/hooke/works/wnri-bluet-v5/Scripts/DrawEvent.py.git closed
2025-02-14 09:31:55.809 [info] Executing :wq
2025-02-14 09:31:55.832 [info] /home/hooke/works/wnri-bluet-v5/yihBluetWork/BluetWaveFactory.C closed
2025-02-14 09:31:55.832 [warning] getLineLength() called with out-of-bounds line 61
2025-02-14 09:31:55.832 [warning] invalid cursor position. [[61, 31] | [61, 31]].
2025-02-14 09:31:55.835 [info] Active editor: file:///home/hooke/works/wnri-bluet-v5/.vscode/launch.json
2025-02-14 09:31:55.849 [info] /home/hooke/works/wnri-bluet-v5/yihBluetWork/BluetWaveFactory.C.git closed
2025-02-14 09:31:57.220 [info] Configuration changed
2025-02-14 09:31:59.745 [info] Configuration changed
2025-02-14 09:32:04.181 [info] Configuration changed
2025-02-14 09:32:08.960 [info] Executing :wq
2025-02-14 09:32:08.993 [info] /home/hooke/works/wnri-bluet-v5/.vscode/launch.json closed
2025-02-14 09:32:08.993 [warning] getLineLength() called with out-of-bounds line 10
2025-02-14 09:32:08.993 [warning] invalid cursor position. [[10, 65] | [10, 65]].
2025-02-14 09:32:08.996 [info] Active editor: file:///home/hooke/works/wnri-bluet-v5/.vscode/test.txt
2025-02-14 09:32:10.943 [info] Executing :wq
2025-02-14 09:32:10.958 [info] /home/hooke/works/wnri-bluet-v5/.vscode/test.txt closed
2025-02-14 09:32:10.959 [warning] getLineLength() called with out-of-bounds line 0
2025-02-14 09:32:10.959 [warning] getLineLength() called with out-of-bounds line 0
2025-02-14 09:32:10.961 [info] Active editor: file:///home/hooke/works/wnri-bluet-v5/BluetAna/include/BluetDataModel.h
2025-02-14 09:32:13.585 [info] Executing :wq
2025-02-14 09:32:13.615 [info] /home/hooke/works/wnri-bluet-v5/BluetAna/include/BluetDataModel.h closed
2025-02-14 09:32:13.615 [info] /home/hooke/works/wnri-bluet-v5/BluetAna/include/BluetDataModel.h.git closed
2025-02-14 09:32:13.615 [warning] getLineLength() called with out-of-bounds line 15
2025-02-14 09:32:13.615 [warning] invalid cursor position. [[15, 15] | [15, 15]].
