2025-02-14 16:48:38.815 [info] Acquired MSAL enablement value from default. Value: true
2025-02-14 16:48:38.817 [warning] [Fri, 14 Feb 2025 08:48:38 GMT] : [aebc6443-996d-45c2-90f0-388ff96faa56] [https://login.microsoftonline.com/organizations] : @azure/msal-node@2.16.2 : Warning - NativeBroker implementation was provided but the broker is unavailable.
2025-02-14 16:48:38.822 [info] [getSessions] [all] starting
2025-02-14 16:48:38.822 [info] [getSessions] [all] returned 1 session(s)
2025-02-14 16:48:38.822 [info] [getSessions] [all] starting
2025-02-14 16:48:38.822 [info] [getSessions] [all] returned 1 session(s)
2025-02-14 16:48:38.823 [info] [getSessions] [email offline_access openid profile] starting
2025-02-14 16:48:38.826 [info] [getSessions] [email offline_access openid profile] returned 1 session(s)
2025-02-14 16:48:57.027 [info] Acquired MSAL enablement value from default. Value: true
2025-02-14 16:48:57.030 [warning] [Fri, 14 Feb 2025 08:48:57 GMT] : [aebc6443-996d-45c2-90f0-388ff96faa56] [https://login.microsoftonline.com/organizations] : @azure/msal-node@2.16.2 : Warning - NativeBroker implementation was provided but the broker is unavailable.
2025-02-14 16:48:57.034 [info] [getSessions] [all] starting
2025-02-14 16:48:57.034 [info] [getSessions] [all] returned 1 session(s)
2025-02-14 16:48:57.034 [info] [getSessions] [all] starting
2025-02-14 16:48:57.034 [info] [getSessions] [all] returned 1 session(s)
2025-02-14 16:48:57.035 [info] [getSessions] [email offline_access openid profile] starting
2025-02-14 16:48:57.037 [info] [getSessions] [email offline_access openid profile] returned 1 session(s)
2025-02-14 16:48:57.038 [info] [getSessions] [email offline_access openid profile] starting
2025-02-14 16:48:57.038 [info] [getSessions] [email offline_access openid profile] returned 1 session(s)
2025-02-14 16:48:57.314 [info] [getSessions] [all] starting
2025-02-14 16:48:57.314 [info] [getSessions] [all] returned 1 session(s)
2025-02-14 17:06:46.587 [info] [getSessions] [email offline_access openid profile] starting
2025-02-14 17:06:47.365 [info] [getSessions] [email offline_access openid profile] returned 1 session(s)
2025-02-14 17:06:47.370 [info] [getSessions] [email offline_access openid profile] starting
2025-02-14 17:06:47.371 [info] [getSessions] [email offline_access openid profile] returned 1 session(s)
2025-02-14 17:47:22.649 [info] Acquired MSAL enablement value from default. Value: true
2025-02-14 17:47:22.675 [warning] [Fri, 14 Feb 2025 09:47:22 GMT] : [aebc6443-996d-45c2-90f0-388ff96faa56] [https://login.microsoftonline.com/organizations] : @azure/msal-node@2.16.2 : Warning - NativeBroker implementation was provided but the broker is unavailable.
2025-02-14 17:47:22.681 [info] [getSessions] [all] starting
2025-02-14 17:47:22.681 [info] [getSessions] [all] returned 1 session(s)
2025-02-14 17:47:22.681 [info] [getSessions] [all] starting
2025-02-14 17:47:22.681 [info] [getSessions] [all] returned 1 session(s)
2025-02-14 17:47:22.681 [info] [getSessions] [email offline_access openid profile] starting
2025-02-14 17:47:22.685 [info] [getSessions] [email offline_access openid profile] returned 1 session(s)
2025-02-14 17:47:22.686 [info] [getSessions] [email offline_access openid profile] starting
2025-02-14 17:47:22.686 [info] [getSessions] [email offline_access openid profile] returned 1 session(s)
2025-02-14 17:47:23.556 [info] [getSessions] [all] starting
2025-02-14 17:47:23.556 [info] [getSessions] [all] returned 1 session(s)
2025-02-14 18:07:00.951 [info] [getSessions] [email offline_access openid profile] starting
2025-02-14 18:07:01.996 [info] [getSessions] [email offline_access openid profile] returned 1 session(s)
2025-02-14 18:07:01.997 [info] [getSessions] [email offline_access openid profile] starting
2025-02-14 18:07:02.000 [info] [getSessions] [email offline_access openid profile] returned 1 session(s)
