2025-02-14 16:46:58.614 [info] Reading sessions from keychain...
2025-02-14 16:46:58.614 [info] Getting sessions for all scopes...
2025-02-14 16:46:58.614 [info] Getting sessions for all scopes...
2025-02-14 16:46:58.614 [info] Getting sessions for all scopes...
2025-02-14 16:46:58.638 [info] Got stored sessions!
2025-02-14 16:46:58.638 [info] Got 1 verified sessions.
2025-02-14 16:46:58.638 [info] Got 1 sessions for ...
2025-02-14 16:46:58.638 [info] Got 1 sessions for ...
2025-02-14 16:46:58.638 [info] Got 1 sessions for ...
2025-02-14 16:46:58.810 [info] Getting sessions for all scopes...
2025-02-14 16:46:58.810 [info] Got 1 sessions for ...
2025-02-14 16:46:58.810 [info] Getting sessions for all scopes...
2025-02-14 16:46:58.810 [info] Got 1 sessions for ...
2025-02-14 16:46:58.810 [info] Getting sessions for all scopes...
2025-02-14 16:46:58.810 [info] Got 1 sessions for ...
2025-02-14 16:46:58.811 [info] Getting sessions for all scopes...
2025-02-14 16:46:58.811 [info] Got 1 sessions for ...
2025-02-14 16:46:58.811 [info] Getting sessions for all scopes...
2025-02-14 16:46:58.811 [info] Got 1 sessions for ...
2025-02-14 16:47:00.325 [info] Getting sessions for read:user,repo,user:email,workflow...
2025-02-14 16:47:00.325 [info] Got 0 sessions for read:user,repo,user:email,workflow...
2025-02-14 16:47:00.326 [info] Getting sessions for all scopes...
2025-02-14 16:47:00.326 [info] Got 1 sessions for ...
2025-02-14 16:47:00.326 [info] Getting sessions for all scopes...
2025-02-14 16:47:00.326 [info] Got 1 sessions for ...
2025-02-14 16:47:00.340 [info] Getting sessions for read:user...
2025-02-14 16:47:00.340 [info] Got 0 sessions for read:user...
2025-02-14 16:47:00.340 [info] Getting sessions for read:user,repo,user:email,workflow...
2025-02-14 16:47:00.340 [info] Got 0 sessions for read:user,repo,user:email,workflow...
2025-02-14 16:47:00.340 [info] Getting sessions for user:email...
2025-02-14 16:47:00.340 [info] Got 1 sessions for user:email...
2025-02-14 16:47:00.341 [info] Getting sessions for user:email...
2025-02-14 16:47:00.341 [info] Got 1 sessions for user:email...
2025-02-14 16:47:00.343 [info] Getting sessions for all scopes...
2025-02-14 16:47:00.343 [info] Got 1 sessions for ...
2025-02-14 16:47:00.344 [info] Getting sessions for read:user,repo,user:email,workflow...
2025-02-14 16:47:00.344 [info] Got 0 sessions for read:user,repo,user:email,workflow...
2025-02-14 16:47:00.346 [info] Getting sessions for user:email...
2025-02-14 16:47:00.346 [info] Got 1 sessions for user:email...
2025-02-14 16:47:01.166 [info] Getting sessions for all scopes...
2025-02-14 16:47:01.166 [info] Got 1 sessions for ...
2025-02-14 16:47:01.168 [info] Getting sessions for all scopes...
2025-02-14 16:47:01.168 [info] Got 1 sessions for ...
2025-02-14 16:47:01.170 [info] Getting sessions for read:user,repo,user:email,workflow...
2025-02-14 16:47:01.170 [info] Got 0 sessions for read:user,repo,user:email,workflow...
2025-02-14 16:47:01.170 [info] Getting sessions for user:email...
2025-02-14 16:47:01.170 [info] Got 1 sessions for user:email...
2025-02-14 16:47:01.499 [info] Getting sessions for all scopes...
2025-02-14 16:47:01.499 [info] Got 1 sessions for ...
2025-02-14 16:47:01.499 [info] Getting sessions for read:user,repo,user:email,workflow...
2025-02-14 16:47:01.499 [info] Got 0 sessions for read:user,repo,user:email,workflow...
2025-02-14 16:47:01.500 [info] Getting sessions for user:email...
2025-02-14 16:47:01.500 [info] Got 1 sessions for user:email...
2025-02-14 16:47:02.333 [info] Getting sessions for all scopes...
2025-02-14 16:47:02.333 [info] Got 1 sessions for ...
2025-02-14 16:47:02.333 [info] Getting sessions for all scopes...
2025-02-14 16:47:02.333 [info] Got 1 sessions for ...
2025-02-14 16:47:02.340 [info] Getting sessions for read:user,repo,user:email,workflow...
2025-02-14 16:47:02.340 [info] Got 0 sessions for read:user,repo,user:email,workflow...
2025-02-14 16:47:02.341 [info] Getting sessions for user:email...
2025-02-14 16:47:02.341 [info] Got 1 sessions for user:email...
2025-02-14 16:47:02.342 [info] Getting sessions for all scopes...
2025-02-14 16:47:02.342 [info] Got 1 sessions for ...
2025-02-14 16:47:02.343 [info] Getting sessions for read:user,repo,user:email,workflow...
2025-02-14 16:47:02.343 [info] Got 0 sessions for read:user,repo,user:email,workflow...
2025-02-14 16:47:02.343 [info] Getting sessions for user:email...
2025-02-14 16:47:02.343 [info] Got 1 sessions for user:email...
2025-02-14 16:47:02.389 [info] Getting sessions for all scopes...
2025-02-14 16:47:02.389 [info] Got 1 sessions for ...
2025-02-14 16:47:02.389 [info] Getting sessions for read:user,repo,user:email,workflow...
2025-02-14 16:47:02.389 [info] Got 0 sessions for read:user,repo,user:email,workflow...
2025-02-14 16:47:02.390 [info] Getting sessions for user:email...
2025-02-14 16:47:02.390 [info] Got 1 sessions for user:email...
2025-02-14 16:47:03.754 [info] Getting sessions for all scopes...
2025-02-14 16:47:03.754 [info] Got 1 sessions for ...
2025-02-14 16:47:03.755 [info] Getting sessions for read:user,repo,user:email,workflow...
2025-02-14 16:47:03.755 [info] Got 0 sessions for read:user,repo,user:email,workflow...
2025-02-14 16:47:03.756 [info] Getting sessions for user:email...
2025-02-14 16:47:03.756 [info] Got 1 sessions for user:email...
