2025-02-13 11:35:51.537 [error] #31: https://mobile.events.data.microsoft.com/OneCollector/1.0?cors=true&content-type=application/x-json-stream - error POST net::ERR_NETWORK_CHANGED
2025-02-13 12:19:31.720 [error] #60: https://main.vscode-cdn.net/extensions/marketplace.json - error GET net::ERR_INTERNET_DISCONNECTED
2025-02-13 12:30:54.834 [error] #68: https://mobile.events.data.microsoft.com/OneCollector/1.0?cors=true&content-type=application/x-json-stream - error POST net::ERR_NETWORK_CHANGED
2025-02-13 14:00:30.214 [error] #292: https://vscode-sync.trafficmanager.net/v1/manifest - error GET net::ERR_TIMED_OUT
2025-02-13 14:06:00.533 [error] #295: https://vscode-sync.trafficmanager.net/v1/manifest - error GET net::ERR_TIMED_OUT
2025-02-13 14:06:33.108 [error] #296: https://mobile.events.data.microsoft.com/OneCollector/1.0?cors=true&content-type=application/x-json-stream - error POST net::ERR_TIMED_OUT
2025-02-13 14:07:06.548 [error] #297: https://mobile.events.data.microsoft.com/OneCollector/1.0?cors=true&content-type=application/x-json-stream - error POST net::ERR_TIMED_OUT
2025-02-13 14:59:04.902 [error] #461: https://mobile.events.data.microsoft.com/OneCollector/1.0?cors=true&content-type=application/x-json-stream - error POST net::ERR_INTERNET_DISCONNECTED
2025-02-13 14:59:08.015 [error] #462: https://mobile.events.data.microsoft.com/OneCollector/1.0?cors=true&content-type=application/x-json-stream - error POST net::ERR_NETWORK_CHANGED
2025-02-13 15:31:20.768 [error] #508: https://mobile.events.data.microsoft.com/OneCollector/1.0?cors=true&content-type=application/x-json-stream - error POST net::ERR_NETWORK_CHANGED
2025-02-13 15:31:24.078 [error] #509: https://mobile.events.data.microsoft.com/OneCollector/1.0?cors=true&content-type=application/x-json-stream - error POST net::ERR_NETWORK_CHANGED
2025-02-13 15:53:56.295 [error] #632: https://mobile.events.data.microsoft.com/OneCollector/1.0?cors=true&content-type=application/x-json-stream - error POST net::ERR_NETWORK_CHANGED
2025-02-13 16:10:25.421 [error] #697: https://mobile.events.data.microsoft.com/OneCollector/1.0?cors=true&content-type=application/x-json-stream - error POST net::ERR_INTERNET_DISCONNECTED
2025-02-13 16:10:27.920 [error] #698: https://mobile.events.data.microsoft.com/OneCollector/1.0?cors=true&content-type=application/x-json-stream - error POST net::ERR_INTERNET_DISCONNECTED
2025-02-13 16:15:08.590 [error] #756: https://mobile.events.data.microsoft.com/OneCollector/1.0?cors=true&content-type=application/x-json-stream - error POST net::ERR_NETWORK_CHANGED
2025-02-13 16:16:29.478 [error] #765: https://mobile.events.data.microsoft.com/OneCollector/1.0?cors=true&content-type=application/x-json-stream - error POST net::ERR_INTERNET_DISCONNECTED
2025-02-13 16:16:32.185 [error] #766: https://mobile.events.data.microsoft.com/OneCollector/1.0?cors=true&content-type=application/x-json-stream - error POST net::ERR_INTERNET_DISCONNECTED
2025-02-13 16:22:43.431 [error] #810: https://vscode-sync.trafficmanager.net/v1/manifest - error GET net::ERR_INTERNET_DISCONNECTED
2025-02-13 16:33:28.878 [error] #846: https://mobile.events.data.microsoft.com/OneCollector/1.0?cors=true&content-type=application/x-json-stream - error POST net::ERR_INTERNET_DISCONNECTED
2025-02-13 16:33:33.027 [error] #847: https://mobile.events.data.microsoft.com/OneCollector/1.0?cors=true&content-type=application/x-json-stream - error POST net::ERR_NETWORK_CHANGED
2025-02-13 17:06:22.938 [error] #1181: https://mobile.events.data.microsoft.com/OneCollector/1.0?cors=true&content-type=application/x-json-stream - error POST net::ERR_INTERNET_DISCONNECTED
2025-02-13 17:06:27.648 [error] #1182: https://mobile.events.data.microsoft.com/OneCollector/1.0?cors=true&content-type=application/x-json-stream - error POST net::ERR_NETWORK_CHANGED
2025-02-13 17:36:28.584 [error] #1474: https://mobile.events.data.microsoft.com/OneCollector/1.0?cors=true&content-type=application/x-json-stream - error POST net::ERR_NETWORK_CHANGED
2025-02-13 17:37:27.890 [error] #1485: https://mobile.events.data.microsoft.com/OneCollector/1.0?cors=true&content-type=application/x-json-stream - error POST net::ERR_NETWORK_CHANGED
2025-02-13 17:37:32.147 [error] #1486: https://mobile.events.data.microsoft.com/OneCollector/1.0?cors=true&content-type=application/x-json-stream - error POST net::ERR_NETWORK_CHANGED
2025-02-13 17:37:32.147 [error] #1487: https://mobile.events.data.microsoft.com/OneCollector/1.0?cors=true&content-type=application/x-json-stream - error POST net::ERR_NETWORK_CHANGED
2025-02-13 17:37:50.573 [error] #1492: https://mobile.events.data.microsoft.com/OneCollector/1.0?cors=true&content-type=application/x-json-stream - error POST net::ERR_NETWORK_CHANGED
2025-02-13 17:48:06.205 [error] #1531: https://mobile.events.data.microsoft.com/OneCollector/1.0?cors=true&content-type=application/x-json-stream - error POST net::ERR_NETWORK_CHANGED
2025-02-13 18:23:30.481 [error] #1648: https://mobile.events.data.microsoft.com/OneCollector/1.0?cors=true&content-type=application/x-json-stream - error POST net::ERR_INTERNET_DISCONNECTED
2025-02-13 18:23:33.222 [error] #1649: https://mobile.events.data.microsoft.com/OneCollector/1.0?cors=true&content-type=application/x-json-stream - error POST net::ERR_NETWORK_CHANGED
2025-02-13 18:23:35.214 [error] #1650: https://mobile.events.data.microsoft.com/OneCollector/1.0?cors=true&content-type=application/x-json-stream - error POST net::ERR_NETWORK_CHANGED
2025-02-13 18:32:04.855 [error] #1673: https://mobile.events.data.microsoft.com/OneCollector/1.0?cors=true&content-type=application/x-json-stream - error POST net::ERR_INTERNET_DISCONNECTED
