2025-02-13 14:52:11.644 [info] Extension host with pid 79570 started
2025-02-13 14:52:11.644 [info] Skipping acquiring lock for /home/hooke/.config/Code/User/workspaceStorage/bb920ed6898e54cfacd73cf5ffce5fb0.
2025-02-13 14:52:11.682 [info] ExtensionService#_doActivateExtension vscode.github-authentication, startup: false, activationEvent: 'onAuthenticationRequest:github'
2025-02-13 14:52:11.789 [info] ExtensionService#_doActivateExtension vscode.git-base, startup: true, activationEvent: '*', root cause: vscode.git
2025-02-13 14:52:11.807 [info] ExtensionService#_doActivateExtension vscode.microsoft-authentication, startup: false, activationEvent: 'onAuthenticationRequest:microsoft'
2025-02-13 14:52:11.994 [info] Extension host with pid 79593 started
2025-02-13 14:52:11.994 [info] Skipping acquiring lock for /home/hooke/.config/Code/User/workspaceStorage/bb920ed6898e54cfacd73cf5ffce5fb0.
2025-02-13 14:52:12.001 [info] Eager extensions activated
2025-02-13 14:52:12.030 [info] ExtensionService#_doActivateExtension vscodevim.vim, startup: false, activationEvent: 'onStartupFinished'
2025-02-13 14:52:12.032 [info] ExtensionService#_doActivateExtension vscode.git, startup: true, activationEvent: '*'
2025-02-13 14:52:12.032 [info] ExtensionService#_doActivateExtension vscode.github, startup: true, activationEvent: '*'
2025-02-13 14:52:12.217 [info] Eager extensions activated
2025-02-13 14:52:12.232 [info] ExtensionService#_doActivateExtension vscode.debug-auto-launch, startup: false, activationEvent: 'onStartupFinished'
2025-02-13 14:52:12.233 [info] ExtensionService#_doActivateExtension vscode.merge-conflict, startup: false, activationEvent: 'onStartupFinished'
2025-02-13 14:52:12.233 [info] ExtensionService#_doActivateExtension zhuangtongfa.material-theme, startup: false, activationEvent: 'onStartupFinished'
2025-02-13 14:52:14.454 [info] ExtensionService#_doActivateExtension albertopdrf.root-file-viewer, startup: false, activationEvent: 'onCustomEditor:rootFileViewer.rootFile'
2025-02-13 14:53:42.734 [info] Extension host terminating: renderer closed the MessagePort
2025-02-13 14:53:42.736 [info] Extension host terminating: renderer closed the MessagePort
2025-02-13 14:53:42.736 [info] Extension host with pid 79593 exiting with code 0
2025-02-13 14:53:42.756 [info] Extension host with pid 79570 exiting with code 0
