2025-02-14 21:58:54.286 [info] Reading sessions from keychain...
2025-02-14 21:58:54.286 [info] Getting sessions for all scopes...
2025-02-14 21:58:54.286 [info] Getting sessions for all scopes...
2025-02-14 21:58:54.286 [info] Getting sessions for all scopes...
2025-02-14 21:58:54.286 [info] Getting sessions for all scopes...
2025-02-14 21:58:54.286 [info] Getting sessions for all scopes...
2025-02-14 21:58:54.286 [info] Getting sessions for all scopes...
2025-02-14 21:58:54.286 [info] Getting sessions for all scopes...
2025-02-14 21:58:54.347 [info] Got stored sessions!
2025-02-14 21:58:54.347 [info] Got 1 verified sessions.
2025-02-14 21:58:54.347 [info] Got 1 sessions for ...
2025-02-14 21:58:54.347 [info] Got 1 sessions for ...
2025-02-14 21:58:54.347 [info] Got 1 sessions for ...
2025-02-14 21:58:54.347 [info] Got 1 sessions for ...
2025-02-14 21:58:54.347 [info] Got 1 sessions for ...
2025-02-14 21:58:54.347 [info] Got 1 sessions for ...
2025-02-14 21:58:54.347 [info] Got 1 sessions for ...
2025-02-14 21:58:54.664 [info] Getting sessions for all scopes...
2025-02-14 21:58:54.664 [info] Got 1 sessions for ...
2025-02-14 21:58:55.477 [info] Getting sessions for read:user,repo,user:email,workflow...
2025-02-14 21:58:55.477 [info] Got 0 sessions for read:user,repo,user:email,workflow...
2025-02-14 21:58:55.755 [info] Getting sessions for read:user...
2025-02-14 21:58:55.755 [info] Got 0 sessions for read:user...
2025-02-14 21:58:55.769 [info] Getting sessions for all scopes...
2025-02-14 21:58:55.769 [info] Got 1 sessions for ...
2025-02-14 21:58:55.873 [info] Getting sessions for user:email...
2025-02-14 21:58:55.873 [info] Got 1 sessions for user:email...
2025-02-14 21:58:58.423 [info] Getting sessions for all scopes...
2025-02-14 21:58:58.423 [info] Got 1 sessions for ...
2025-02-14 21:58:58.424 [info] Getting sessions for all scopes...
2025-02-14 21:58:58.424 [info] Got 1 sessions for ...
2025-02-14 21:58:58.475 [info] Getting sessions for user:email...
2025-02-14 21:58:58.475 [info] Got 1 sessions for user:email...
2025-02-14 21:58:58.475 [info] Getting sessions for read:user,repo,user:email,workflow...
2025-02-14 21:58:58.475 [info] Got 0 sessions for read:user,repo,user:email,workflow...
2025-02-14 21:58:58.492 [info] Getting sessions for user:email...
2025-02-14 21:58:58.492 [info] Got 1 sessions for user:email...
2025-02-14 21:58:58.494 [info] Getting sessions for all scopes...
2025-02-14 21:58:58.494 [info] Got 1 sessions for ...
2025-02-14 21:58:58.495 [info] Getting sessions for read:user,repo,user:email,workflow...
2025-02-14 21:58:58.495 [info] Got 0 sessions for read:user,repo,user:email,workflow...
2025-02-14 21:58:58.496 [info] Getting sessions for user:email...
2025-02-14 21:58:58.496 [info] Got 1 sessions for user:email...
2025-02-14 21:58:58.497 [info] Getting sessions for all scopes...
2025-02-14 21:58:58.497 [info] Got 1 sessions for ...
2025-02-14 21:58:58.498 [info] Getting sessions for read:user,repo,user:email,workflow...
2025-02-14 21:58:58.498 [info] Got 0 sessions for read:user,repo,user:email,workflow...
2025-02-14 21:58:58.498 [info] Getting sessions for user:email...
2025-02-14 21:58:58.498 [info] Got 1 sessions for user:email...
2025-02-14 21:58:59.073 [info] Getting sessions for all scopes...
2025-02-14 21:58:59.073 [info] Got 1 sessions for ...
2025-02-14 21:58:59.135 [info] Getting sessions for read:user,repo,user:email,workflow...
2025-02-14 21:58:59.135 [info] Got 0 sessions for read:user,repo,user:email,workflow...
2025-02-14 21:58:59.138 [info] Getting sessions for user:email...
2025-02-14 21:58:59.138 [info] Got 1 sessions for user:email...
2025-02-14 21:58:59.629 [info] Getting sessions for all scopes...
2025-02-14 21:58:59.629 [info] Got 1 sessions for ...
2025-02-14 21:58:59.630 [info] Getting sessions for all scopes...
2025-02-14 21:58:59.630 [info] Got 1 sessions for ...
2025-02-14 21:58:59.637 [info] Getting sessions for read:user,repo,user:email,workflow...
2025-02-14 21:58:59.637 [info] Got 0 sessions for read:user,repo,user:email,workflow...
2025-02-14 21:58:59.638 [info] Getting sessions for user:email...
2025-02-14 21:58:59.638 [info] Got 1 sessions for user:email...
2025-02-14 21:58:59.642 [info] Getting sessions for all scopes...
2025-02-14 21:58:59.642 [info] Got 1 sessions for ...
2025-02-14 21:58:59.643 [info] Getting sessions for read:user,repo,user:email,workflow...
2025-02-14 21:58:59.643 [info] Got 0 sessions for read:user,repo,user:email,workflow...
2025-02-14 21:58:59.643 [info] Getting sessions for user:email...
2025-02-14 21:58:59.643 [info] Got 1 sessions for user:email...
2025-02-14 21:58:59.710 [info] Getting sessions for all scopes...
2025-02-14 21:58:59.710 [info] Got 1 sessions for ...
2025-02-14 21:58:59.713 [info] Getting sessions for read:user,repo,user:email,workflow...
2025-02-14 21:58:59.713 [info] Got 0 sessions for read:user,repo,user:email,workflow...
2025-02-14 21:58:59.714 [info] Getting sessions for user:email...
2025-02-14 21:58:59.714 [info] Got 1 sessions for user:email...
2025-02-14 21:59:01.127 [info] Getting sessions for all scopes...
2025-02-14 21:59:01.127 [info] Got 1 sessions for ...
2025-02-14 21:59:01.128 [info] Getting sessions for read:user,repo,user:email,workflow...
2025-02-14 21:59:01.128 [info] Got 0 sessions for read:user,repo,user:email,workflow...
2025-02-14 21:59:01.128 [info] Getting sessions for user:email...
2025-02-14 21:59:01.128 [info] Got 1 sessions for user:email...
