2025-02-14 16:48:40.670 [info] Configuration changed
2025-02-14 16:48:48.776 [info] Configuration changed
2025-02-14 16:48:54.053 [info] Configuration changed
2025-02-14 16:48:57.183 [info] Configuration changed
2025-02-14 16:48:57.303 [info] Configuration changed
2025-02-14 16:48:57.435 [info] Configuration changed
2025-02-14 16:48:58.623 [info] Configuration changed
2025-02-14 16:48:59.056 [info] Configuration changed
2025-02-14 16:49:00.037 [info] Configuration changed
2025-02-14 16:49:13.033 [info] extension-output-ms-vscode.cmake-tools-#1-CMake/生成 closed
2025-02-14 16:51:46.016 [info] Active editor: vscode-remote://ssh-remote%2B7b22686f73744e616d65223a22776e7330312e63736e732e696865702e61632e636e222c2275736572223a22687573686971692d616e61227d/wns_ana/hushiqi-ana/works/wnri-bluet-v5/Scripts/path_manager.py
2025-02-14 16:52:27.041 [info] /wns_ana/hushiqi-ana/works/wnri-bluet-v5/Scripts/path_manager.py closed
2025-02-14 16:52:27.064 [info] Active editor: vscode-remote://ssh-remote%2B7b22686f73744e616d65223a22776e7330312e63736e732e696865702e61632e636e222c2275736572223a22687573686971692d616e61227d/wns_ana/hushiqi-ana/works/wnri-bluet-v5/Scripts/DrawWave.py
2025-02-14 16:52:35.385 [info] /wns_ana/hushiqi-ana/works/wnri-bluet-v5/Scripts/DrawWave.py closed
2025-02-14 16:52:35.407 [info] Active editor: vscode-remote://ssh-remote%2B7b22686f73744e616d65223a22776e7330312e63736e732e696865702e61632e636e222c2275736572223a22687573686971692d616e61227d/wns_ana/hushiqi-ana/works/wnri-bluet-v5/Scripts/DrawEvent.py
2025-02-14 16:52:35.429 [info] /wns_ana/hushiqi-ana/works/wnri-bluet-v5/Scripts/DrawWave.py.git closed
2025-02-14 16:52:41.251 [info] /wns_ana/hushiqi-ana/works/wnri-bluet-v5/Scripts/DrawEvent.py closed
2025-02-14 16:52:41.267 [info] Active editor: vscode-remote://ssh-remote%2B7b22686f73744e616d65223a22776e7330312e63736e732e696865702e61632e636e222c2275736572223a22687573686971692d616e61227d/wns_ana/hushiqi-ana/works/wnri-bluet-v5/Scripts/DrawWave.py
2025-02-14 16:52:41.276 [info] /wns_ana/hushiqi-ana/works/wnri-bluet-v5/Scripts/DrawEvent.py.git closed
2025-02-14 16:52:48.176 [info] /wns_ana/hushiqi-ana/works/wnri-bluet-v5/Scripts/DrawWave.py closed
2025-02-14 16:52:48.192 [info] Active editor: vscode-remote://ssh-remote%2B7b22686f73744e616d65223a22776e7330312e63736e732e696865702e61632e636e222c2275736572223a22687573686971692d616e61227d/wns_ana/hushiqi-ana/works/wnri-bluet-v5/Scripts/Raw2Root.py
2025-02-14 16:52:48.199 [info] /wns_ana/hushiqi-ana/works/wnri-bluet-v5/Scripts/DrawWave.py.git closed
2025-02-14 17:00:38.548 [info] /wns_ana/hushiqi-ana/works/wnri-bluet-v5/Scripts/Raw2Root.py closed
2025-02-14 17:00:38.569 [info] Active editor: vscode-remote://ssh-remote%2B7b22686f73744e616d65223a22776e7330312e63736e732e696865702e61632e636e222c2275736572223a22687573686971692d616e61227d/wns_ana/hushiqi-ana/works/wnri-bluet-v5/Scripts/DrawWave.py
2025-02-14 17:00:38.582 [info] /wns_ana/hushiqi-ana/works/wnri-bluet-v5/Scripts/Raw2Root.py.git closed
2025-02-14 17:00:39.647 [info] /wns_ana/hushiqi-ana/works/wnri-bluet-v5/Scripts/DrawWave.py closed
2025-02-14 17:00:39.701 [info] Active editor: vscode-remote://ssh-remote%2B7b22686f73744e616d65223a22776e7330312e63736e732e696865702e61632e636e222c2275736572223a22687573686971692d616e61227d/wns_ana/hushiqi-ana/works/wnri-bluet-v5/Scripts/DrawEvent.py
2025-02-14 17:00:39.709 [info] /wns_ana/hushiqi-ana/works/wnri-bluet-v5/Scripts/DrawWave.py.git closed
2025-02-14 17:00:40.455 [info] /wns_ana/hushiqi-ana/works/wnri-bluet-v5/Scripts/DrawEvent.py closed
2025-02-14 17:00:40.469 [info] Active editor: vscode-remote://ssh-remote%2B7b22686f73744e616d65223a22776e7330312e63736e732e696865702e61632e636e222c2275736572223a22687573686971692d616e61227d/wns_ana/hushiqi-ana/works/wnri-bluet-v5/Scripts/DrawWave.py
2025-02-14 17:00:40.476 [info] /wns_ana/hushiqi-ana/works/wnri-bluet-v5/Scripts/DrawEvent.py.git closed
2025-02-14 17:00:53.886 [info] Executing :w
2025-02-14 17:01:52.635 [info] Active editor: vscode-remote://ssh-remote%2B7b22686f73744e616d65223a22776e7330312e63736e732e696865702e61632e636e222c2275736572223a22687573686971692d616e61227d/wns_ana/hushiqi-ana/works/wnri-bluet-v5/Scripts/FactoryWave.py
2025-02-14 17:01:52.644 [info] /wns_ana/hushiqi-ana/works/wnri-bluet-v5/Scripts/DrawWave.py.git closed
2025-02-14 17:06:46.885 [info] /wns_ana/hushiqi-ana/works/wnri-bluet-v5/Scripts/FactoryWave.py closed
2025-02-14 17:06:46.914 [info] Active editor: vscode-remote://ssh-remote%2B7b22686f73744e616d65223a22776e7330312e63736e732e696865702e61632e636e222c2275736572223a22687573686971692d616e61227d/wns_ana/hushiqi-ana/works/wnri-bluet-v5/Scripts/FactoryWaveana.py
2025-02-14 17:06:46.924 [info] /wns_ana/hushiqi-ana/works/wnri-bluet-v5/Scripts/FactoryWave.py.git closed
2025-02-14 17:07:45.976 [info] /wns_ana/hushiqi-ana/works/wnri-bluet-v5/Scripts/FactoryWaveana.py closed
2025-02-14 17:07:45.992 [info] Active editor: vscode-remote://ssh-remote%2B7b22686f73744e616d65223a22776e7330312e63736e732e696865702e61632e636e222c2275736572223a22687573686971692d616e61227d/wns_ana/hushiqi-ana/works/wnri-bluet-v5/Scripts/FactoryWNS.py
2025-02-14 17:07:45.998 [info] /wns_ana/hushiqi-ana/works/wnri-bluet-v5/Scripts/FactoryWaveana.py.git closed
2025-02-14 17:07:47.077 [info] /wns_ana/hushiqi-ana/works/wnri-bluet-v5/Scripts/FactoryWNS.py closed
2025-02-14 17:07:47.096 [info] Active editor: vscode-remote://ssh-remote%2B7b22686f73744e616d65223a22776e7330312e63736e732e696865702e61632e636e222c2275736572223a22687573686971692d616e61227d/wns_ana/hushiqi-ana/works/wnri-bluet-v5/Scripts/FactoryWaveana.py
2025-02-14 17:07:47.103 [info] /wns_ana/hushiqi-ana/works/wnri-bluet-v5/Scripts/FactoryWNS.py.git closed
2025-02-14 17:07:53.059 [info] /wns_ana/hushiqi-ana/works/wnri-bluet-v5/Scripts/FactoryWaveana.py closed
2025-02-14 17:07:53.081 [info] Active editor: vscode-remote://ssh-remote%2B7b22686f73744e616d65223a22776e7330312e63736e732e696865702e61632e636e222c2275736572223a22687573686971692d616e61227d/wns_ana/hushiqi-ana/works/wnri-bluet-v5/Scripts/FactoryWNS.py
2025-02-14 17:07:53.092 [info] /wns_ana/hushiqi-ana/works/wnri-bluet-v5/Scripts/FactoryWaveana.py.git closed
2025-02-14 17:07:56.014 [info] /wns_ana/hushiqi-ana/works/wnri-bluet-v5/Scripts/FactoryWNS.py closed
2025-02-14 17:07:56.027 [info] Active editor: vscode-remote://ssh-remote%2B7b22686f73744e616d65223a22776e7330312e63736e732e696865702e61632e636e222c2275736572223a22687573686971692d616e61227d/wns_ana/hushiqi-ana/works/wnri-bluet-v5/Scripts/FactoryWaveana.py
2025-02-14 17:07:56.037 [info] /wns_ana/hushiqi-ana/works/wnri-bluet-v5/Scripts/FactoryWNS.py.git closed
2025-02-14 17:08:25.900 [info] Active editor: vscode-remote://ssh-remote%2B7b22686f73744e616d65223a22776e7330312e63736e732e696865702e61632e636e222c2275736572223a22687573686971692d616e61227d/wns_ana/hushiqi-ana/works/wnri-bluet-v5/Scripts/DrawWave.py
2025-02-14 17:08:25.912 [info] /wns_ana/hushiqi-ana/works/wnri-bluet-v5/Scripts/FactoryWaveana.py.git closed
2025-02-14 17:09:42.964 [info] Active editor: vscode-remote://ssh-remote%2B7b22686f73744e616d65223a22776e7330312e63736e732e696865702e61632e636e222c2275736572223a22687573686971692d616e61227d/wns_ana/hushiqi-ana/works/wnri-bluet-v5/Scripts/FactoryWaveana.py
2025-02-14 17:09:42.982 [info] /wns_ana/hushiqi-ana/works/wnri-bluet-v5/Scripts/DrawWave.py.git closed
2025-02-14 17:09:43.700 [info] Active editor: vscode-remote://ssh-remote%2B7b22686f73744e616d65223a22776e7330312e63736e732e696865702e61632e636e222c2275736572223a22687573686971692d616e61227d/wns_ana/hushiqi-ana/works/wnri-bluet-v5/Scripts/DrawWave.py
2025-02-14 17:09:43.711 [info] /wns_ana/hushiqi-ana/works/wnri-bluet-v5/Scripts/FactoryWaveana.py.git closed
2025-02-14 17:12:00.724 [info] /wns_ana/hushiqi-ana/works/wnri-bluet-v5/Scripts/FactoryWaveana.py closed
2025-02-14 17:12:00.761 [info] Active editor: vscode-remote://ssh-remote%2B7b22686f73744e616d65223a22776e7330312e63736e732e696865702e61632e636e222c2275736572223a22687573686971692d616e61227d/wns_ana/hushiqi-ana/works/wnri-bluet-v5/Scripts/FactoryEvent.py
2025-02-14 17:12:00.770 [info] /wns_ana/hushiqi-ana/works/wnri-bluet-v5/Scripts/DrawWave.py.git closed
2025-02-14 17:13:58.465 [info] /wns_ana/hushiqi-ana/works/wnri-bluet-v5/Scripts/FactoryEvent.py closed
2025-02-14 17:13:58.492 [info] Active editor: vscode-remote://ssh-remote%2B7b22686f73744e616d65223a22776e7330312e63736e732e696865702e61632e636e222c2275736572223a22687573686971692d616e61227d/wns_ana/hushiqi-ana/works/wnri-bluet-v5/Scripts/FactoryWaveana.py
2025-02-14 17:13:58.504 [info] /wns_ana/hushiqi-ana/works/wnri-bluet-v5/Scripts/FactoryEvent.py.git closed
2025-02-14 17:13:59.581 [info] /wns_ana/hushiqi-ana/works/wnri-bluet-v5/Scripts/FactoryWaveana.py closed
2025-02-14 17:13:59.607 [info] Active editor: vscode-remote://ssh-remote%2B7b22686f73744e616d65223a22776e7330312e63736e732e696865702e61632e636e222c2275736572223a22687573686971692d616e61227d/wns_ana/hushiqi-ana/works/wnri-bluet-v5/Scripts/FactoryWNS.py
2025-02-14 17:13:59.611 [info] /wns_ana/hushiqi-ana/works/wnri-bluet-v5/Scripts/FactoryWaveana.py.git closed
2025-02-14 17:14:14.853 [info] /wns_ana/hushiqi-ana/works/wnri-bluet-v5/Scripts/FactoryWNS.py closed
2025-02-14 17:14:14.871 [info] Active editor: vscode-remote://ssh-remote%2B7b22686f73744e616d65223a22776e7330312e63736e732e696865702e61632e636e222c2275736572223a22687573686971692d616e61227d/wns_ana/hushiqi-ana/works/wnri-bluet-v5/Scripts/FactoryWaveana.py
2025-02-14 17:14:14.885 [info] /wns_ana/hushiqi-ana/works/wnri-bluet-v5/Scripts/FactoryWNS.py.git closed
2025-02-14 17:16:21.591 [info] /wns_ana/hushiqi-ana/works/wnri-bluet-v5/Scripts/FactoryWaveana.py closed
2025-02-14 17:16:21.610 [info] Active editor: vscode-remote://ssh-remote%2B7b22686f73744e616d65223a22776e7330312e63736e732e696865702e61632e636e222c2275736572223a22687573686971692d616e61227d/wns_ana/hushiqi-ana/works/wnri-bluet-v5/Scripts/FactoryWNS.py
2025-02-14 17:16:21.621 [info] /wns_ana/hushiqi-ana/works/wnri-bluet-v5/Scripts/FactoryWaveana.py.git closed
2025-02-14 17:16:42.113 [info] Active editor: vscode-remote://ssh-remote%2B7b22686f73744e616d65223a22776e7330312e63736e732e696865702e61632e636e222c2275736572223a22687573686971692d616e61227d/wns_ana/hushiqi-ana/works/wnri-bluet-v5/Scripts/DrawWave.py
2025-02-14 17:16:42.127 [info] /wns_ana/hushiqi-ana/works/wnri-bluet-v5/Scripts/FactoryWNS.py.git closed
2025-02-14 17:16:46.039 [info] Active editor: vscode-remote://ssh-remote%2B7b22686f73744e616d65223a22776e7330312e63736e732e696865702e61632e636e222c2275736572223a22687573686971692d616e61227d/wns_ana/hushiqi-ana/works/wnri-bluet-v5/Scripts/FactoryWNS.py
2025-02-14 17:16:46.047 [info] /wns_ana/hushiqi-ana/works/wnri-bluet-v5/Scripts/DrawWave.py.git closed
2025-02-14 17:17:00.699 [info] /wns_ana/hushiqi-ana/works/wnri-bluet-v5/Scripts/FactoryWNS.py.git closed
2025-02-14 17:17:00.720 [info] Active editor: vscode-remote://ssh-remote%2B7b22686f73744e616d65223a22776e7330312e63736e732e696865702e61632e636e222c2275736572223a22687573686971692d616e61227d/wns_ana/hushiqi-ana/works/wnri-bluet-v5/Scripts/FactoryWNS.py
2025-02-14 17:17:28.110 [info] Active editor: vscode-remote://ssh-remote%2B7b22686f73744e616d65223a22776e7330312e63736e732e696865702e61632e636e222c2275736572223a22687573686971692d616e61227d/wns_ana/hushiqi-ana/works/wnri-bluet-v5/Scripts/DrawWave.py
2025-02-14 17:17:28.126 [info] /wns_ana/hushiqi-ana/works/wnri-bluet-v5/Scripts/FactoryWNS.py.git closed
2025-02-14 17:17:34.767 [info] Active editor: vscode-remote://ssh-remote%2B7b22686f73744e616d65223a22776e7330312e63736e732e696865702e61632e636e222c2275736572223a22687573686971692d616e61227d/wns_ana/hushiqi-ana/works/wnri-bluet-v5/Scripts/FactoryWNS.py
2025-02-14 17:17:34.779 [info] /wns_ana/hushiqi-ana/works/wnri-bluet-v5/Scripts/DrawWave.py.git closed
2025-02-14 17:18:34.421 [info] Active editor: vscode-remote://ssh-remote%2B7b22686f73744e616d65223a22776e7330312e63736e732e696865702e61632e636e222c2275736572223a22687573686971692d616e61227d/wns_ana/hushiqi-ana/works/wnri-bluet-v5/path_manage.json
2025-02-14 17:18:34.428 [info] /wns_ana/hushiqi-ana/works/wnri-bluet-v5/Scripts/FactoryWNS.py.git closed
2025-02-14 17:18:37.650 [info] /wns_ana/hushiqi-ana/works/wnri-bluet-v5/path_manage.json closed
2025-02-14 17:18:37.692 [info] Active editor: vscode-remote://ssh-remote%2B7b22686f73744e616d65223a22776e7330312e63736e732e696865702e61632e636e222c2275736572223a22687573686971692d616e61227d/wns_ana/hushiqi-ana/works/wnri-bluet-v5/data_manage.json
2025-02-14 17:18:37.703 [info] /wns_ana/hushiqi-ana/works/wnri-bluet-v5/path_manage.json.git closed
2025-02-14 17:18:39.618 [info] /wns_ana/hushiqi-ana/works/wnri-bluet-v5/data_manage.json closed
2025-02-14 17:18:39.632 [info] Active editor: vscode-remote://ssh-remote%2B7b22686f73744e616d65223a22776e7330312e63736e732e696865702e61632e636e222c2275736572223a22687573686971692d616e61227d/wns_ana/hushiqi-ana/works/wnri-bluet-v5/path_manage.json
2025-02-14 17:18:39.641 [info] /wns_ana/hushiqi-ana/works/wnri-bluet-v5/data_manage.json.git closed
2025-02-14 17:18:41.442 [info] /wns_ana/hushiqi-ana/works/wnri-bluet-v5/path_manage.json closed
2025-02-14 17:18:41.523 [info] Active editor: vscode-remote://ssh-remote%2B7b22686f73744e616d65223a22776e7330312e63736e732e696865702e61632e636e222c2275736572223a22687573686971692d616e61227d/wns_ana/hushiqi-ana/works/wnri-bluet-v5/data_manage.json
2025-02-14 17:18:41.531 [info] /wns_ana/hushiqi-ana/works/wnri-bluet-v5/path_manage.json.git closed
2025-02-14 17:18:55.799 [info] Active editor: vscode-remote://ssh-remote%2B7b22686f73744e616d65223a22776e7330312e63736e732e696865702e61632e636e222c2275736572223a22687573686971692d616e61227d/wns_ana/hushiqi-ana/works/wnri-bluet-v5/Scripts/FactoryWNS.py
2025-02-14 17:18:55.812 [info] /wns_ana/hushiqi-ana/works/wnri-bluet-v5/data_manage.json.git closed
2025-02-14 17:18:56.577 [info] /wns_ana/hushiqi-ana/works/wnri-bluet-v5/Scripts/FactoryWNS.py closed
2025-02-14 17:18:56.586 [info] Active editor: vscode-remote://ssh-remote%2B7b22686f73744e616d65223a22776e7330312e63736e732e696865702e61632e636e222c2275736572223a22687573686971692d616e61227d/wns_ana/hushiqi-ana/works/wnri-bluet-v5/data_manage.json
2025-02-14 17:18:56.604 [info] /wns_ana/hushiqi-ana/works/wnri-bluet-v5/Scripts/FactoryWNS.py.git closed
2025-02-14 17:18:57.432 [info] Active editor: vscode-remote://ssh-remote%2B7b22686f73744e616d65223a22776e7330312e63736e732e696865702e61632e636e222c2275736572223a22687573686971692d616e61227d/wns_ana/hushiqi-ana/works/wnri-bluet-v5/Scripts/DrawWave.py
2025-02-14 17:18:57.444 [info] /wns_ana/hushiqi-ana/works/wnri-bluet-v5/data_manage.json.git closed
2025-02-14 17:19:05.565 [info] /wns_ana/hushiqi-ana/works/wnri-bluet-v5/data_manage.json closed
2025-02-14 17:19:05.581 [info] Active editor: vscode-remote://ssh-remote%2B7b22686f73744e616d65223a22776e7330312e63736e732e696865702e61632e636e222c2275736572223a22687573686971692d616e61227d/wns_ana/hushiqi-ana/works/wnri-bluet-v5/Scripts/FactoryPub.py
2025-02-14 17:19:05.588 [info] /wns_ana/hushiqi-ana/works/wnri-bluet-v5/Scripts/DrawWave.py.git closed
2025-02-14 17:19:06.253 [info] /wns_ana/hushiqi-ana/works/wnri-bluet-v5/Scripts/FactoryPub.py closed
2025-02-14 17:19:06.273 [info] Active editor: vscode-remote://ssh-remote%2B7b22686f73744e616d65223a22776e7330312e63736e732e696865702e61632e636e222c2275736572223a22687573686971692d616e61227d/wns_ana/hushiqi-ana/works/wnri-bluet-v5/Scripts/FactoryEvent.py
2025-02-14 17:19:06.279 [info] /wns_ana/hushiqi-ana/works/wnri-bluet-v5/Scripts/FactoryPub.py.git closed
2025-02-14 17:19:24.199 [info] /wns_ana/hushiqi-ana/works/wnri-bluet-v5/Scripts/FactoryEvent.py closed
2025-02-14 17:19:24.213 [info] Active editor: vscode-remote://ssh-remote%2B7b22686f73744e616d65223a22776e7330312e63736e732e696865702e61632e636e222c2275736572223a22687573686971692d616e61227d/wns_ana/hushiqi-ana/works/wnri-bluet-v5/Scripts/Factoryana.py
2025-02-14 17:19:24.220 [info] /wns_ana/hushiqi-ana/works/wnri-bluet-v5/Scripts/FactoryEvent.py.git closed
2025-02-14 17:19:55.190 [info] /wns_ana/hushiqi-ana/works/wnri-bluet-v5/Scripts/Factoryana.py closed
2025-02-14 17:19:55.264 [info] /wns_ana/hushiqi-ana/works/wnri-bluet-v5/Scripts/Factoryana.py.git closed
2025-02-14 17:20:02.386 [info] Active editor: vscode-remote://ssh-remote%2B7b22686f73744e616d65223a22776e7330312e63736e732e696865702e61632e636e222c2275736572223a22687573686971692d616e61227d/wns_ana/hushiqi-ana/works/wnri-bluet-v5/Scripts/FactoryEvent.py
2025-02-14 17:20:04.438 [info] /wns_ana/hushiqi-ana/works/wnri-bluet-v5/Scripts/FactoryEvent.py closed
2025-02-14 17:20:04.498 [info] Active editor: vscode-remote://ssh-remote%2B7b22686f73744e616d65223a22776e7330312e63736e732e696865702e61632e636e222c2275736572223a22687573686971692d616e61227d/wns_ana/hushiqi-ana/works/wnri-bluet-v5/Scripts/FactoryWave.py
2025-02-14 17:20:04.504 [info] /wns_ana/hushiqi-ana/works/wnri-bluet-v5/Scripts/FactoryEvent.py.git closed
2025-02-14 17:21:30.133 [info] Active editor: vscode-remote://ssh-remote%2B7b22686f73744e616d65223a22776e7330312e63736e732e696865702e61632e636e222c2275736572223a22687573686971692d616e61227d/wns_ana/hushiqi-ana/works/wnri-bluet-v5/Scripts/FactoryWaveana.py
2025-02-14 17:21:30.148 [info] /wns_ana/hushiqi-ana/works/wnri-bluet-v5/Scripts/FactoryWave.py.git closed
2025-02-14 17:31:23.240 [info] /wns_ana/hushiqi-ana/works/wnri-bluet-v5/Scripts/FactoryWave.py closed
2025-02-14 17:31:23.288 [info] /wns_ana/hushiqi-ana/works/wnri-bluet-v5/Scripts/FactoryWaveana.py.git closed
2025-02-14 17:32:00.277 [info] Active editor: vscode-remote://ssh-remote%2B7b22686f73744e616d65223a22776e7330312e63736e732e696865702e61632e636e222c2275736572223a22687573686971692d616e61227d/wns_ana/hushiqi-ana/works/wnri-bluet-v5/Scripts/FactoryWaveana.py
2025-02-14 17:36:25.191 [info] Active editor: vscode-remote://ssh-remote%2B7b22686f73744e616d65223a22776e7330312e63736e732e696865702e61632e636e222c2275736572223a22687573686971692d616e61227d/wns_ana/hushiqi-ana/works/wnri-bluet-v5/Scripts/DrawWave.py
2025-02-14 17:36:25.204 [info] /wns_ana/hushiqi-ana/works/wnri-bluet-v5/Scripts/FactoryWaveana.py.git closed
2025-02-14 17:36:25.869 [info] Active editor: vscode-remote://ssh-remote%2B7b22686f73744e616d65223a22776e7330312e63736e732e696865702e61632e636e222c2275736572223a22687573686971692d616e61227d/wns_ana/hushiqi-ana/works/wnri-bluet-v5/Scripts/FactoryWaveana.py
2025-02-14 17:36:25.880 [info] /wns_ana/hushiqi-ana/works/wnri-bluet-v5/Scripts/DrawWave.py.git closed
2025-02-14 17:37:00.576 [info] Executing :w
2025-02-14 17:43:45.284 [info] Active editor: vscode-remote://ssh-remote%2B7b22686f73744e616d65223a22776e7330312e63736e732e696865702e61632e636e222c2275736572223a22687573686971692d616e61227d/wns_ana/hushiqi-ana/works/wnri-bluet-v5/data_manage.json
2025-02-14 17:43:45.294 [info] /wns_ana/hushiqi-ana/works/wnri-bluet-v5/Scripts/FactoryWaveana.py.git closed
2025-02-14 17:43:49.299 [info] /wns_ana/hushiqi-ana/works/wnri-bluet-v5/data_manage.json closed
2025-02-14 17:43:49.302 [info] Active editor: vscode-remote://ssh-remote%2B7b22686f73744e616d65223a22776e7330312e63736e732e696865702e61632e636e222c2275736572223a22687573686971692d616e61227d/wns_ana/hushiqi-ana/works/wnri-bluet-v5/Scripts/FactoryWaveana.py
2025-02-14 17:43:49.316 [info] /wns_ana/hushiqi-ana/works/wnri-bluet-v5/data_manage.json.git closed
2025-02-14 17:43:52.507 [info] Active editor: vscode-remote://ssh-remote%2B7b22686f73744e616d65223a22776e7330312e63736e732e696865702e61632e636e222c2275736572223a22687573686971692d616e61227d/wns_ana/hushiqi-ana/works/wnri-bluet-v5/path_manage.json
2025-02-14 17:43:52.512 [info] /wns_ana/hushiqi-ana/works/wnri-bluet-v5/Scripts/FactoryWaveana.py.git closed
2025-02-14 17:44:05.762 [info] Active editor: vscode-remote://ssh-remote%2B7b22686f73744e616d65223a22776e7330312e63736e732e696865702e61632e636e222c2275736572223a22687573686971692d616e61227d/wns_ana/hushiqi-ana/works/wnri-bluet-v5/Scripts/FactoryWaveana.py
2025-02-14 17:44:05.774 [info] /wns_ana/hushiqi-ana/works/wnri-bluet-v5/path_manage.json.git closed
2025-02-14 17:45:35.098 [info] Configuration changed
2025-02-14 17:45:39.172 [info] /wns_ana/hushiqi-ana/works/wnri-bluet-v5/path_manage.json closed
2025-02-14 17:45:39.229 [info] Active editor: vscode-remote://ssh-remote%2B7b22686f73744e616d65223a22776e7330312e63736e732e696865702e61632e636e222c2275736572223a22687573686971692d616e61227d/wns_ana/hushiqi-ana/works/wnri-bluet-v5/Scripts/FactoryWave.py
2025-02-14 17:45:39.249 [info] /wns_ana/hushiqi-ana/works/wnri-bluet-v5/Scripts/FactoryWaveana.py.git closed
2025-02-14 17:45:50.459 [info] /wns_ana/hushiqi-ana/works/wnri-bluet-v5/Scripts/FactoryWave.py closed
2025-02-14 17:45:50.460 [info] /wns_ana/hushiqi-ana/works/wnri-bluet-v5/Scripts/FactoryWave.py closed
2025-02-14 17:45:50.522 [info] Active editor: vscode-remote://ssh-remote%2B7b22686f73744e616d65223a22776e7330312e63736e732e696865702e61632e636e222c2275736572223a22687573686971692d616e61227d/wns_ana/hushiqi-ana/works/wnri-bluet-v5/Scripts/FactoryWaveana.py
2025-02-14 17:45:59.657 [info] /wns_ana/hushiqi-ana/works/wnri-bluet-v5/Scripts/FactoryWaveana.py closed
2025-02-14 17:45:59.716 [info] Active editor: vscode-remote://ssh-remote%2B7b22686f73744e616d65223a22776e7330312e63736e732e696865702e61632e636e222c2275736572223a22687573686971692d616e61227d/wns_ana/hushiqi-ana/works/wnri-bluet-v5/Scripts/FactoryWave.py
2025-02-14 17:46:00.156 [info] /wns_ana/hushiqi-ana/works/wnri-bluet-v5/Scripts/FactoryWave.py closed
2025-02-14 17:46:00.157 [info] /wns_ana/hushiqi-ana/works/wnri-bluet-v5/Scripts/FactoryWave.py closed
2025-02-14 17:46:00.206 [info] Active editor: vscode-remote://ssh-remote%2B7b22686f73744e616d65223a22776e7330312e63736e732e696865702e61632e636e222c2275736572223a22687573686971692d616e61227d/wns_ana/hushiqi-ana/works/wnri-bluet-v5/Scripts/FactoryWaveana.py
2025-02-14 17:46:00.603 [info] /wns_ana/hushiqi-ana/works/wnri-bluet-v5/Scripts/FactoryWaveana.py closed
2025-02-14 17:46:00.651 [info] Active editor: vscode-remote://ssh-remote%2B7b22686f73744e616d65223a22776e7330312e63736e732e696865702e61632e636e222c2275736572223a22687573686971692d616e61227d/wns_ana/hushiqi-ana/works/wnri-bluet-v5/Scripts/FactoryWave.py
2025-02-14 17:46:17.650 [info] /wns_ana/hushiqi-ana/works/wnri-bluet-v5/Scripts/FactoryWave.py closed
2025-02-14 17:46:17.650 [info] /wns_ana/hushiqi-ana/works/wnri-bluet-v5/Scripts/FactoryWave.py closed
2025-02-14 17:46:17.695 [info] Active editor: vscode-remote://ssh-remote%2B7b22686f73744e616d65223a22776e7330312e63736e732e696865702e61632e636e222c2275736572223a22687573686971692d616e61227d/wns_ana/hushiqi-ana/works/wnri-bluet-v5/Scripts/FactoryWaveana.py
2025-02-14 17:46:18.203 [info] /wns_ana/hushiqi-ana/works/wnri-bluet-v5/Scripts/FactoryWaveana.py closed
2025-02-14 17:46:18.267 [info] Active editor: vscode-remote://ssh-remote%2B7b22686f73744e616d65223a22776e7330312e63736e732e696865702e61632e636e222c2275736572223a22687573686971692d616e61227d/wns_ana/hushiqi-ana/works/wnri-bluet-v5/Scripts/FactoryWave.py
2025-02-14 17:46:21.589 [info] /wns_ana/hushiqi-ana/works/wnri-bluet-v5/Scripts/FactoryWave.py closed
2025-02-14 17:46:21.589 [info] /wns_ana/hushiqi-ana/works/wnri-bluet-v5/Scripts/FactoryWave.py closed
2025-02-14 17:46:21.654 [info] Active editor: vscode-remote://ssh-remote%2B7b22686f73744e616d65223a22776e7330312e63736e732e696865702e61632e636e222c2275736572223a22687573686971692d616e61227d/wns_ana/hushiqi-ana/works/wnri-bluet-v5/Scripts/FactoryWaveana.py
2025-02-14 17:46:22.227 [info] /wns_ana/hushiqi-ana/works/wnri-bluet-v5/Scripts/FactoryWaveana.py closed
2025-02-14 17:46:22.282 [info] Active editor: vscode-remote://ssh-remote%2B7b22686f73744e616d65223a22776e7330312e63736e732e696865702e61632e636e222c2275736572223a22687573686971692d616e61227d/wns_ana/hushiqi-ana/works/wnri-bluet-v5/Scripts/FactoryWave.py
2025-02-14 17:46:32.179 [info] /wns_ana/hushiqi-ana/works/wnri-bluet-v5/Scripts/FactoryWave.py closed
2025-02-14 17:46:32.179 [info] /wns_ana/hushiqi-ana/works/wnri-bluet-v5/Scripts/FactoryWave.py closed
2025-02-14 17:46:32.241 [info] Active editor: vscode-remote://ssh-remote%2B7b22686f73744e616d65223a22776e7330312e63736e732e696865702e61632e636e222c2275736572223a22687573686971692d616e61227d/wns_ana/hushiqi-ana/works/wnri-bluet-v5/Scripts/FactoryWaveana.py
2025-02-14 17:46:36.444 [info] /wns_ana/hushiqi-ana/works/wnri-bluet-v5/Scripts/FactoryWaveana.py closed
2025-02-14 17:46:36.505 [info] Active editor: vscode-remote://ssh-remote%2B7b22686f73744e616d65223a22776e7330312e63736e732e696865702e61632e636e222c2275736572223a22687573686971692d616e61227d/wns_ana/hushiqi-ana/works/wnri-bluet-v5/Scripts/FactoryWave.py
2025-02-14 17:46:59.861 [info] Active editor: vscode-remote://ssh-remote%2B7b22686f73744e616d65223a22776e7330312e63736e732e696865702e61632e636e222c2275736572223a22687573686971692d616e61227d/wns_ana/hushiqi-ana/works/wnri-bluet-v5/Scripts/FactoryWaveana.py
2025-02-14 17:47:00.418 [info] /wns_ana/hushiqi-ana/works/wnri-bluet-v5/Scripts/FactoryWave.py closed
2025-02-14 17:47:00.421 [info] Active editor: vscode-remote://ssh-remote%2B7b22686f73744e616d65223a22776e7330312e63736e732e696865702e61632e636e222c2275736572223a22687573686971692d616e61227d/wns_ana/hushiqi-ana/works/wnri-bluet-v5/Scripts/FactoryWave.py
2025-02-14 17:47:00.430 [info] /wns_ana/hushiqi-ana/works/wnri-bluet-v5/Scripts/FactoryWaveana.py.git closed
2025-02-14 17:47:14.794 [info] Configuration changed
2025-02-14 18:27:12.435 [info] git/scm0/input closed
