2025-02-13 19:31:15.981 [info] [main] 日志级别: Info
2025-02-13 19:31:15.981 [info] [main] 正在验证在以下位置找到的 git: "git"
2025-02-13 19:31:15.981 [info] [main] 使用来自 "git" 的 git "2.48.1"
2025-02-13 19:31:15.981 [info] [Model][doInitialScan] Initial repository scan started
2025-02-13 19:31:15.981 [info] > git rev-parse --show-toplevel [10ms]
2025-02-13 19:31:15.981 [info] > git rev-parse --git-dir --git-common-dir [7ms]
2025-02-13 19:31:15.981 [info] [Model][openRepository] Opened repository: /home/hooke/works/wnri-bluet-v5
2025-02-13 19:31:16.000 [info] > git rev-parse --show-toplevel [4ms]
2025-02-13 19:31:16.000 [info] > git config --get commit.template [11ms]
2025-02-13 19:31:16.228 [info] > git for-each-ref --format=%(refname)%00%(upstream:short)%00%(objectname)%00%(upstream:track)%00%(upstream:remotename)%00%(upstream:remoteref) refs/heads/master refs/remotes/master [8ms]
2025-02-13 19:31:16.245 [warning] [Git][revParse] Unable to read file: ENOENT: no such file or directory, open '/home/hooke/works/wnri-bluet-v5/.git/refs/remotes/origin/master'
2025-02-13 19:31:16.248 [info] > git rev-parse refs/remotes/origin/master [3ms]
2025-02-13 19:31:16.263 [info] > git rev-parse --show-toplevel [25ms]
2025-02-13 19:31:16.316 [info] > git status -z -uall [61ms]
2025-02-13 19:31:16.320 [info] > git rev-parse --show-toplevel [49ms]
2025-02-13 19:31:16.320 [info] > git for-each-ref --sort -committerdate --format %(refname) %(objectname) %(*objectname) [57ms]
2025-02-13 19:31:16.377 [info] > git for-each-ref --format=%(refname)%00%(upstream:short)%00%(objectname)%00%(upstream:track)%00%(upstream:remotename)%00%(upstream:remoteref) refs/heads/master refs/remotes/master [11ms]
2025-02-13 19:31:16.384 [info] > git rev-parse --show-toplevel [55ms]
2025-02-13 19:31:16.395 [info] > git config --get --local branch.master.vscode-merge-base [12ms]
2025-02-13 19:31:16.402 [info] > git config --get commit.template [27ms]
2025-02-13 19:31:16.406 [info] > git for-each-ref --format=%(refname)%00%(upstream:short)%00%(objectname)%00%(upstream:track)%00%(upstream:remotename)%00%(upstream:remoteref) refs/heads/origin/master refs/remotes/origin/master [4ms]
2025-02-13 19:31:16.414 [info] > git rev-parse --show-toplevel [20ms]
2025-02-13 19:31:16.427 [info] > git rev-parse --show-toplevel [2ms]
2025-02-13 19:31:16.428 [info] > git for-each-ref --format=%(refname)%00%(upstream:short)%00%(objectname)%00%(upstream:track)%00%(upstream:remotename)%00%(upstream:remoteref) refs/heads/master refs/remotes/master [8ms]
2025-02-13 19:31:16.428 [info] > git merge-base refs/heads/master refs/remotes/origin/master [15ms]
2025-02-13 19:31:16.447 [warning] [Git][revParse] Unable to read file: ENOENT: no such file or directory, open '/home/hooke/works/wnri-bluet-v5/.git/refs/remotes/origin/master'
2025-02-13 19:31:16.616 [info] > git rev-parse refs/remotes/origin/master [169ms]
2025-02-13 19:31:16.630 [info] > git rev-parse --show-toplevel [189ms]
2025-02-13 19:31:16.630 [info] > git diff --name-status -z --diff-filter=ADMR c82cdb0220e9aed5dc2f2ec516e72895d7d470b5...refs/remotes/origin/master [197ms]
2025-02-13 19:31:16.673 [info] > git status -z -uall [51ms]
2025-02-13 19:31:16.673 [info] > git check-ignore -v -z --stdin [34ms]
2025-02-13 19:31:16.674 [info] > git for-each-ref --sort -committerdate --format %(refname) %(objectname) %(*objectname) [44ms]
2025-02-13 19:31:16.692 [info] > git rev-parse --show-toplevel [20ms]
2025-02-13 19:31:16.721 [info] > git rev-parse --show-toplevel [5ms]
2025-02-13 19:31:16.732 [info] > git rev-parse --show-toplevel [1ms]
2025-02-13 19:31:16.734 [info] [Model][doInitialScan] Initial repository scan completed - repositories (1), closed repositories (0), parent repositories (0), unsafe repositories (0)
2025-02-13 19:31:16.756 [info] > git show --textconv :yihBluetWork/DrawWave.C [14ms]
2025-02-13 19:31:16.756 [info] > git ls-files --stage -- /home/hooke/works/wnri-bluet-v5/yihBluetWork/DrawWave.C [3ms]
2025-02-13 19:31:16.781 [info] > git cat-file -s ab4db0ed1837078d1808d0c8ae85167c8227aca5 [17ms]
2025-02-13 19:31:16.965 [info] > git blame --root --incremental c82cdb0220e9aed5dc2f2ec516e72895d7d470b5 -- /home/hooke/works/wnri-bluet-v5/yihBluetWork/DrawWave.C [6ms]
2025-02-13 11:31:18.983 [info] > git config --get commit.template [2ms]
2025-02-13 11:31:19.026 [info] > git for-each-ref --format=%(refname)%00%(upstream:short)%00%(objectname)%00%(upstream:track)%00%(upstream:remotename)%00%(upstream:remoteref) refs/heads/master refs/remotes/master [2ms]
2025-02-13 11:31:19.037 [warning] [Git][revParse] Unable to read file: ENOENT: no such file or directory, open '/home/hooke/works/wnri-bluet-v5/.git/refs/remotes/origin/master'
2025-02-13 11:31:19.038 [info] > git rev-parse refs/remotes/origin/master [1ms]
2025-02-13 11:31:19.063 [info] > git for-each-ref --sort -committerdate --format %(refname) %(objectname) %(*objectname) [3ms]
2025-02-13 11:31:19.086 [info] > git status -z -uall [37ms]
2025-02-13 11:31:24.847 [info] > git show --textconv :CMakeLists.txt [9ms]
2025-02-13 11:31:24.848 [info] > git ls-files --stage -- /home/hooke/works/wnri-bluet-v5/CMakeLists.txt [2ms]
2025-02-13 11:31:24.858 [info] > git cat-file -s 24be69102580bec3175c104ba32b43c5d327e524 [2ms]
2025-02-13 11:31:24.876 [info] > git blame --root --incremental c82cdb0220e9aed5dc2f2ec516e72895d7d470b5 -- /home/hooke/works/wnri-bluet-v5/CMakeLists.txt [2ms]
2025-02-13 11:31:25.116 [info] > git check-ignore -v -z --stdin [2ms]
2025-02-13 11:32:05.023 [info] > git check-ignore -v -z --stdin [2ms]
2025-02-13 11:32:09.129 [info] [main] 日志级别: Info
2025-02-13 11:32:09.129 [info] [main] 正在验证在以下位置找到的 git: "git"
2025-02-13 11:32:09.129 [info] [main] 使用来自 "git" 的 git "2.48.1"
2025-02-13 11:32:09.129 [info] [Model][doInitialScan] Initial repository scan started
2025-02-13 11:32:09.129 [info] > git rev-parse --show-toplevel [4ms]
2025-02-13 11:32:09.139 [info] > git rev-parse --git-dir --git-common-dir [2ms]
2025-02-13 11:32:09.149 [info] [Model][openRepository] Opened repository: /home/hooke/works/wnri-bluet-v5
2025-02-13 11:32:09.176 [info] > git config --get commit.template [19ms]
2025-02-13 11:32:09.188 [info] > git for-each-ref --format=%(refname)%00%(upstream:short)%00%(objectname)%00%(upstream:track)%00%(upstream:remotename)%00%(upstream:remoteref) refs/heads/master refs/remotes/master [2ms]
2025-02-13 11:32:09.202 [warning] [Git][revParse] Unable to read file: ENOENT: no such file or directory, open '/home/hooke/works/wnri-bluet-v5/.git/refs/remotes/origin/master'
2025-02-13 11:32:09.203 [info] > git rev-parse refs/remotes/origin/master [1ms]
2025-02-13 11:32:09.213 [info] > git rev-parse --show-toplevel [16ms]
2025-02-13 11:32:09.220 [info] > git for-each-ref --sort -committerdate --format %(refname) %(objectname) %(*objectname) [7ms]
2025-02-13 11:32:09.225 [info] > git rev-parse --show-toplevel [6ms]
2025-02-13 11:32:09.232 [info] > git rev-parse --show-toplevel [2ms]
2025-02-13 11:32:09.338 [info] > git status -z -uall [130ms]
2025-02-13 11:32:09.338 [info] > git rev-parse --show-toplevel [101ms]
2025-02-13 11:32:09.382 [info] > git for-each-ref --format=%(refname)%00%(upstream:short)%00%(objectname)%00%(upstream:track)%00%(upstream:remotename)%00%(upstream:remoteref) refs/heads/master refs/remotes/master [13ms]
2025-02-13 11:32:09.394 [info] > git config --get --local branch.master.vscode-merge-base [6ms]
2025-02-13 11:32:09.402 [info] > git rev-parse --show-toplevel [26ms]
2025-02-13 11:32:09.420 [info] > git for-each-ref --format=%(refname)%00%(upstream:short)%00%(objectname)%00%(upstream:track)%00%(upstream:remotename)%00%(upstream:remoteref) refs/heads/origin/master refs/remotes/origin/master [18ms]
2025-02-13 11:32:09.429 [info] > git rev-parse --show-toplevel [13ms]
2025-02-13 11:32:09.539 [info] > git merge-base refs/heads/master refs/remotes/origin/master [111ms]
2025-02-13 11:32:09.680 [info] > git diff --name-status -z --diff-filter=ADMR c82cdb0220e9aed5dc2f2ec516e72895d7d470b5...refs/remotes/origin/master [136ms]
2025-02-13 11:32:09.681 [info] > git rev-parse --show-toplevel [143ms]
2025-02-13 11:32:09.688 [info] > git rev-parse --show-toplevel [1ms]
2025-02-13 11:32:09.703 [info] > git check-ignore -v -z --stdin [8ms]
2025-02-13 11:32:09.704 [info] > git rev-parse --show-toplevel [3ms]
2025-02-13 11:32:09.705 [info] [Model][doInitialScan] Initial repository scan completed - repositories (1), closed repositories (0), parent repositories (0), unsafe repositories (0)
2025-02-13 11:32:09.774 [info] > git ls-files --stage -- /home/hooke/works/wnri-bluet-v5/CMakeLists.txt [63ms]
2025-02-13 11:32:09.818 [info] > git cat-file -s 24be69102580bec3175c104ba32b43c5d327e524 [38ms]
2025-02-13 11:32:09.818 [info] > git config --get commit.template [69ms]
2025-02-13 11:32:09.844 [info] > git show --textconv :CMakeLists.txt [16ms]
2025-02-13 11:32:09.844 [info] > git for-each-ref --format=%(refname)%00%(upstream:short)%00%(objectname)%00%(upstream:track)%00%(upstream:remotename)%00%(upstream:remoteref) refs/heads/master refs/remotes/master [10ms]
2025-02-13 11:32:09.852 [warning] [Git][revParse] Unable to read file: ENOENT: no such file or directory, open '/home/hooke/works/wnri-bluet-v5/.git/refs/remotes/origin/master'
2025-02-13 11:32:09.863 [info] > git rev-parse refs/remotes/origin/master [11ms]
2025-02-13 11:32:09.878 [info] > git for-each-ref --sort -committerdate --format %(refname) %(objectname) %(*objectname) [3ms]
2025-02-13 11:32:09.890 [info] > git blame --root --incremental c82cdb0220e9aed5dc2f2ec516e72895d7d470b5 -- /home/hooke/works/wnri-bluet-v5/CMakeLists.txt [4ms]
2025-02-13 11:32:09.904 [info] > git status -z -uall [35ms]
2025-02-13 11:32:11.610 [info] > git config --get commit.template [10ms]
2025-02-13 11:32:11.610 [info] > git for-each-ref --format=%(refname)%00%(upstream:short)%00%(objectname)%00%(upstream:track)%00%(upstream:remotename)%00%(upstream:remoteref) refs/heads/master refs/remotes/master [1ms]
2025-02-13 11:32:11.619 [warning] [Git][revParse] Unable to read file: ENOENT: no such file or directory, open '/home/hooke/works/wnri-bluet-v5/.git/refs/remotes/origin/master'
2025-02-13 11:32:11.619 [info] > git rev-parse refs/remotes/origin/master [1ms]
2025-02-13 11:32:11.637 [info] > git for-each-ref --sort -committerdate --format %(refname) %(objectname) %(*objectname) [1ms]
2025-02-13 11:32:11.658 [info] > git status -z -uall [31ms]
2025-02-13 11:32:18.942 [info] > git check-ignore -v -z --stdin [1ms]
2025-02-13 11:32:21.699 [info] > git check-ignore -v -z --stdin [1ms]
