2025-02-13 16:36:19.230 [info] 试验“pythonRecommendTensorboardExt”处于活动状态
2025-02-13 16:36:19.230 [info] 试验“pythonSurveyNotification”处于活动状态
2025-02-13 16:36:19.230 [info] 试验“pythonTerminalEnvVarActivation”处于活动状态
2025-02-13 16:36:19.230 [info] 试验“pythonTestAdapter”处于活动状态
2025-02-13 16:36:19.230 [warning] Dir "/home/hooke/works/wnri-bluet-v5/.pixi/envs" is not watchable (directory does not exist)
2025-02-13 16:36:19.230 [info] Python 解释器路径: ~/.pyenv/versions/3.12.8/bin/python
2025-02-13 16:36:19.243 [info] > pyenv which python
2025-02-13 16:36:19.243 [info] cwd: .
2025-02-13 16:36:19.651 [info] > ~/.pyenv/versions/3.12.8/bin/python ~/.vscode/extensions/ms-python.python-2025.0.0-linux-x64/python_files/printEnvVariables.py
2025-02-13 16:36:19.651 [info] shell: fish
2025-02-13 16:36:19.677 [info] Prepending environment variable PATH in collection with /home/hooke/.pyenv/versions/3.12.8/bin: {"applyAtShellIntegration":true,"applyAtProcessCreation":true}
2025-02-13 16:36:19.678 [info] Send text to terminal: /home/hooke/.pyenv/versions/3.12.8/bin/python /home/hooke/.vscode/extensions/ms-python.python-2025.0.0-linux-x64/python_files/printEnvVariablesToFile.py /home/hooke/.vscode/extensions/ms-python.python-2025.0.0-linux-x64/python_files/deactivate/fish/envVars.txt
2025-02-13 16:36:29.719 [info] 正在启动 Pylance 语言服务器。
2025-02-13 17:54:31.603 [info] Discover tests for workspace name: wnri-bluet-v5 - uri: /home/hooke/works/wnri-bluet-v5/.vscode/settings.json
2025-02-13 18:15:03.590 [info] Discover tests for workspace name: wnri-bluet-v5 - uri: /home/hooke/works/wnri-bluet-v5/.vscode/settings.json
2025-02-13 18:23:17.538 [info] Discover tests for workspace name: wnri-bluet-v5 - uri: /home/hooke/works/wnri-bluet-v5/.vscode/settings.json
2025-02-13 18:23:22.758 [info] Discover tests for workspace name: wnri-bluet-v5 - uri: /home/hooke/works/wnri-bluet-v5/.vscode/settings.json
2025-02-13 18:23:23.136 [info] Discover tests for workspace name: wnri-bluet-v5 - uri: /home/hooke/works/wnri-bluet-v5/.vscode/settings.json
2025-02-13 18:23:23.854 [info] Discover tests for workspace name: wnri-bluet-v5 - uri: /home/hooke/works/wnri-bluet-v5/.vscode/settings.json
2025-02-13 18:23:30.609 [info] Discover tests for workspace name: wnri-bluet-v5 - uri: /home/hooke/works/wnri-bluet-v5/.vscode/settings.json
2025-02-13 18:23:47.184 [info] Discover tests for workspace name: wnri-bluet-v5 - uri: /home/hooke/works/wnri-bluet-v5/.vscode/settings.json
