2025-02-13 16:36:20.111 [info] [Info  - 16:36:20] (121718) Server root directory: file:///home/hooke/.vscode/extensions/ms-python.vscode-pylance-2025.2.1/dist
2025-02-13 16:36:20.111 [info] [Info  - 16:36:20] (121718) Pylance language server 2025.2.1 (pyright version 1.1.393, commit 3763156f) starting
2025-02-13 16:36:20.115 [info] [Info  - 16:36:20] (121718) Starting service instance "wnri-bluet-v5"
2025-02-13 16:36:20.150 [info] [Info  - 16:36:20] (121718) Setting environmentName for service "wnri-bluet-v5": "3.12.8 (全局)"
2025-02-13 16:36:20.150 [info] [Info  - 16:36:20] (121718) Setting pythonPath for service "wnri-bluet-v5": "/home/hooke/.pyenv/versions/3.12.8/bin/python"
2025-02-13 16:36:20.151 [info] [Info  - 16:36:20] (121718) No include entries specified; assuming /home/hooke/works/wnri-bluet-v5
2025-02-13 16:36:20.151 [info] [Info  - 16:36:20] (121718) Auto-excluding **/node_modules
2025-02-13 16:36:20.151 [info] [Info  - 16:36:20] (121718) Auto-excluding **/__pycache__
2025-02-13 16:36:20.151 [info] [Info  - 16:36:20] (121718) Auto-excluding **/.*
2025-02-13 16:36:20.175 [info] [Info  - 16:36:20] (121718) Assuming Python version 3.12.8.final.0
2025-02-13 16:36:20.248 [info] [Info  - 16:36:20] (121718) Found 39 source files
2025-02-13 16:36:20.708 [info] [Info  - 16:36:20] (121718) Background analysis(1) root directory: file:///home/hooke/.vscode/extensions/ms-python.vscode-pylance-2025.2.1/dist
2025-02-13 16:36:20.710 [info] [Info  - 16:36:20] (121718) Background analysis(1) started
2025-02-13 16:36:20.806 [info] [Info  - 16:36:20] (121718) Indexer background runner(2) root directory: file:///home/hooke/.vscode/extensions/ms-python.vscode-pylance-2025.2.1/dist (index)
2025-02-13 16:36:20.806 [info] [Info  - 16:36:20] (121718) Indexing(2) started
2025-02-13 16:36:21.094 [info] [Info  - 16:36:21] (121718) scanned(2) 12 files over 1 exec env
2025-02-13 16:36:21.508 [info] [Info  - 16:36:21] (121718) indexed(2) 12 files over 1 exec env
2025-02-13 16:36:21.517 [info] [Info  - 16:36:21] (121718) Indexing finished(2).
2025-02-13 16:36:29.719 [info] (Client) The existing extension didn't exit within 10 seconds. New instance will start, but you might encounter issues.
2025-02-13 16:36:29.719 [info] (Client) Pylance async client (2025.2.1) started with python extension (2025.0.0)
2025-02-13 16:36:34.863 [info] [Info  - 16:36:34] (121718) Setting environmentName for service "wnri-bluet-v5": "3.12.8 (全局)"
2025-02-13 16:36:34.863 [info] [Info  - 16:36:34] (121718) Setting pythonPath for service "wnri-bluet-v5": "/home/hooke/.pyenv/versions/3.12.8/bin/python"
2025-02-13 16:36:34.863 [info] [Info  - 16:36:34] (121718) No include entries specified; assuming /home/hooke/works/wnri-bluet-v5
2025-02-13 16:36:34.864 [info] [Info  - 16:36:34] (121718) Auto-excluding **/node_modules
2025-02-13 16:36:34.864 [info] [Info  - 16:36:34] (121718) Auto-excluding **/__pycache__
2025-02-13 16:36:34.864 [info] [Info  - 16:36:34] (121718) Auto-excluding **/.*
2025-02-13 16:36:34.891 [info] [Info  - 16:36:34] (121718) Assuming Python version 3.12.8.final.0
2025-02-13 16:36:34.969 [info] [Info  - 16:36:34] (121718) Found 39 source files
2025-02-13 16:36:35.538 [info] [Info  - 16:36:35] (121718) Indexer background runner(3) root directory: file:///home/hooke/.vscode/extensions/ms-python.vscode-pylance-2025.2.1/dist (index)
2025-02-13 16:36:35.538 [info] [Info  - 16:36:35] (121718) Indexing(3) started
2025-02-13 16:36:35.709 [info] [Info  - 16:36:35] (121718) scanned(3) 12 files over 1 exec env
2025-02-13 16:36:35.843 [info] [Info  - 16:36:35] (121718) indexed(3) 12 files over 1 exec env
2025-02-13 16:36:35.857 [info] [Info  - 16:36:35] (121718) Indexing finished(3).
2025-02-13 17:04:21.843 [info] [Info  - 17:04:21] (121718) Setting environmentName for service "wnri-bluet-v5": "3.12.8 (全局)"
2025-02-13 17:04:21.843 [info] [Info  - 17:04:21] (121718) Setting pythonPath for service "wnri-bluet-v5": "/home/hooke/.pyenv/versions/3.12.8/bin/python"
2025-02-13 17:04:21.844 [info] [Info  - 17:04:21] (121718) No include entries specified; assuming /home/hooke/works/wnri-bluet-v5
2025-02-13 17:04:21.844 [info] [Info  - 17:04:21] (121718) Auto-excluding **/node_modules
2025-02-13 17:04:21.844 [info] [Info  - 17:04:21] (121718) Auto-excluding **/__pycache__
2025-02-13 17:04:21.844 [info] [Info  - 17:04:21] (121718) Auto-excluding **/.*
2025-02-13 17:04:21.871 [info] [Info  - 17:04:21] (121718) Assuming Python version 3.12.8.final.0
2025-02-13 17:04:21.953 [info] [Info  - 17:04:21] (121718) Found 39 source files
2025-02-13 17:04:21.998 [info] [Info  - 17:04:21] Server process exited successfully
2025-02-13 17:04:23.330 [info] (Client) Pylance async client (2025.2.1) started with python extension (2025.0.0)
2025-02-13 17:04:24.261 [info] [Info  - 17:04:24] (132192) Server root directory: file:///home/hooke/.vscode/extensions/ms-python.vscode-pylance-2025.2.1/dist
2025-02-13 17:04:24.262 [info] [Info  - 17:04:24] (132192) Pylance language server 2025.2.1 (pyright version 1.1.393, commit 3763156f) starting
2025-02-13 17:04:24.262 [info] [Info  - 17:04:24] (132192) Starting service instance "wnri-bluet-v5"
2025-02-13 17:04:24.296 [info] [Info  - 17:04:24] (132192) Setting environmentName for service "wnri-bluet-v5": "3.12.8 (全局)"
2025-02-13 17:04:24.296 [info] [Info  - 17:04:24] (132192) Setting pythonPath for service "wnri-bluet-v5": "/home/hooke/.pyenv/versions/3.12.8/bin/python"
2025-02-13 17:04:24.296 [info] [Info  - 17:04:24] (132192) No include entries specified; assuming /home/hooke/works/wnri-bluet-v5
2025-02-13 17:04:24.296 [info] [Info  - 17:04:24] (132192) Auto-excluding **/node_modules
2025-02-13 17:04:24.296 [info] [Info  - 17:04:24] (132192) Auto-excluding **/__pycache__
2025-02-13 17:04:24.296 [info] [Info  - 17:04:24] (132192) Auto-excluding **/.*
2025-02-13 17:04:24.319 [info] [Info  - 17:04:24] (132192) Assuming Python version 3.12.8.final.0
2025-02-13 17:04:24.380 [info] [Info  - 17:04:24] (132192) Found 39 source files
2025-02-13 17:04:24.770 [info] [Info  - 17:04:24] (132192) Background analysis(1) root directory: file:///home/hooke/.vscode/extensions/ms-python.vscode-pylance-2025.2.1/dist
2025-02-13 17:04:24.771 [info] [Info  - 17:04:24] (132192) Background analysis(1) started
