2025-02-14 09:47:26.213 [info] Reading sessions from keychain...
2025-02-14 09:47:26.213 [info] Getting sessions for all scopes...
2025-02-14 09:47:26.213 [info] Getting sessions for all scopes...
2025-02-14 09:47:26.213 [info] Got stored sessions!
2025-02-14 09:47:26.213 [info] Got 1 verified sessions.
2025-02-14 09:47:26.213 [info] Got 1 sessions for ...
2025-02-14 09:47:26.213 [info] Got 1 sessions for ...
2025-02-14 09:47:26.213 [info] Getting sessions for all scopes...
2025-02-14 09:47:26.213 [info] Got 1 sessions for ...
2025-02-14 09:47:26.213 [info] Getting sessions for all scopes...
2025-02-14 09:47:26.213 [info] Got 1 sessions for ...
2025-02-14 09:47:26.213 [info] Getting sessions for all scopes...
2025-02-14 09:47:26.213 [info] Got 1 sessions for ...
2025-02-14 09:47:26.213 [info] Getting sessions for all scopes...
2025-02-14 09:47:26.213 [info] Got 1 sessions for ...
2025-02-14 09:47:26.213 [info] Getting sessions for all scopes...
2025-02-14 09:47:26.213 [info] Got 1 sessions for ...
2025-02-14 09:47:26.213 [info] Getting sessions for all scopes...
2025-02-14 09:47:26.213 [info] Got 1 sessions for ...
2025-02-14 09:47:27.518 [info] Getting sessions for all scopes...
2025-02-14 09:47:27.518 [info] Got 1 sessions for ...
2025-02-14 09:47:27.598 [info] Getting sessions for read:user,repo,user:email,workflow...
2025-02-14 09:47:27.599 [info] Got 0 sessions for read:user,repo,user:email,workflow...
2025-02-14 09:47:28.755 [info] Getting sessions for read:user...
2025-02-14 09:47:28.755 [info] Got 0 sessions for read:user...
2025-02-14 09:47:28.905 [info] Getting sessions for user:email...
2025-02-14 09:47:28.905 [info] Got 1 sessions for user:email...
2025-02-14 09:47:29.942 [info] Getting sessions for all scopes...
2025-02-14 09:47:29.942 [info] Got 1 sessions for ...
2025-02-14 09:47:29.942 [info] Getting sessions for all scopes...
2025-02-14 09:47:29.942 [info] Got 1 sessions for ...
2025-02-14 09:47:29.970 [info] Getting sessions for read:user,repo,user:email,workflow...
2025-02-14 09:47:29.970 [info] Got 0 sessions for read:user,repo,user:email,workflow...
2025-02-14 09:47:29.990 [info] Getting sessions for user:email...
2025-02-14 09:47:29.990 [info] Got 1 sessions for user:email...
2025-02-14 09:47:30.378 [info] Getting sessions for all scopes...
2025-02-14 09:47:30.378 [info] Got 1 sessions for ...
2025-02-14 09:47:30.468 [info] Getting sessions for read:user,repo,user:email,workflow...
2025-02-14 09:47:30.468 [info] Got 0 sessions for read:user,repo,user:email,workflow...
2025-02-14 09:47:30.518 [info] Getting sessions for user:email...
2025-02-14 09:47:30.518 [info] Got 1 sessions for user:email...
2025-02-14 09:47:30.584 [info] Getting sessions for all scopes...
2025-02-14 09:47:30.584 [info] Got 1 sessions for ...
2025-02-14 09:47:30.585 [info] Getting sessions for read:user,repo,user:email,workflow...
2025-02-14 09:47:30.585 [info] Got 0 sessions for read:user,repo,user:email,workflow...
2025-02-14 09:47:30.586 [info] Getting sessions for user:email...
2025-02-14 09:47:30.586 [info] Got 1 sessions for user:email...
2025-02-14 09:47:30.667 [info] Getting sessions for user:email...
2025-02-14 09:47:30.667 [info] Got 1 sessions for user:email...
2025-02-14 09:47:31.653 [info] Getting sessions for all scopes...
2025-02-14 09:47:31.653 [info] Got 1 sessions for ...
2025-02-14 09:47:31.653 [info] Getting sessions for all scopes...
2025-02-14 09:47:31.653 [info] Got 1 sessions for ...
2025-02-14 09:47:31.660 [info] Getting sessions for read:user,repo,user:email,workflow...
2025-02-14 09:47:31.660 [info] Got 0 sessions for read:user,repo,user:email,workflow...
2025-02-14 09:47:31.661 [info] Getting sessions for user:email...
2025-02-14 09:47:31.661 [info] Got 1 sessions for user:email...
2025-02-14 09:47:31.662 [info] Getting sessions for all scopes...
2025-02-14 09:47:31.662 [info] Got 1 sessions for ...
2025-02-14 09:47:31.663 [info] Getting sessions for read:user,repo,user:email,workflow...
2025-02-14 09:47:31.663 [info] Got 0 sessions for read:user,repo,user:email,workflow...
2025-02-14 09:47:31.664 [info] Getting sessions for user:email...
2025-02-14 09:47:31.664 [info] Got 1 sessions for user:email...
2025-02-14 09:47:31.722 [info] Getting sessions for all scopes...
2025-02-14 09:47:31.722 [info] Got 1 sessions for ...
2025-02-14 09:47:31.730 [info] Getting sessions for read:user,repo,user:email,workflow...
2025-02-14 09:47:31.730 [info] Got 0 sessions for read:user,repo,user:email,workflow...
2025-02-14 09:47:31.732 [info] Getting sessions for user:email...
2025-02-14 09:47:31.732 [info] Got 1 sessions for user:email...
2025-02-14 09:47:32.741 [info] Getting sessions for all scopes...
2025-02-14 09:47:32.741 [info] Got 1 sessions for ...
2025-02-14 09:47:32.747 [info] Getting sessions for read:user,repo,user:email,workflow...
2025-02-14 09:47:32.747 [info] Got 0 sessions for read:user,repo,user:email,workflow...
2025-02-14 09:47:32.758 [info] Getting sessions for user:email...
2025-02-14 09:47:32.758 [info] Got 1 sessions for user:email...
2025-02-14 10:02:32.761 [info] Getting sessions for all scopes...
2025-02-14 10:02:32.761 [info] Got 1 sessions for ...
2025-02-14 10:02:32.762 [info] Getting sessions for read:user,repo,user:email,workflow...
2025-02-14 10:02:32.762 [info] Got 0 sessions for read:user,repo,user:email,workflow...
2025-02-14 10:02:32.763 [info] Getting sessions for user:email...
2025-02-14 10:02:32.763 [info] Got 1 sessions for user:email...
2025-02-14 10:02:32.764 [info] Getting sessions for all scopes...
2025-02-14 10:02:32.765 [info] Got 1 sessions for ...
2025-02-14 10:02:32.765 [info] Getting sessions for read:user,repo,user:email,workflow...
2025-02-14 10:02:32.765 [info] Got 0 sessions for read:user,repo,user:email,workflow...
2025-02-14 10:02:32.766 [info] Getting sessions for user:email...
2025-02-14 10:02:32.766 [info] Got 1 sessions for user:email...
2025-02-14 14:00:40.217 [info] Getting sessions for all scopes...
2025-02-14 14:00:40.217 [info] Got 1 sessions for ...
2025-02-14 14:00:40.218 [info] Getting sessions for read:user,repo,user:email,workflow...
2025-02-14 14:00:40.218 [info] Got 0 sessions for read:user,repo,user:email,workflow...
2025-02-14 14:00:40.219 [info] Getting sessions for user:email...
2025-02-14 14:00:40.219 [info] Got 1 sessions for user:email...
2025-02-14 14:00:41.466 [info] Getting sessions for all scopes...
2025-02-14 14:00:41.466 [info] Got 1 sessions for ...
2025-02-14 14:00:41.466 [info] Getting sessions for all scopes...
2025-02-14 14:00:41.466 [info] Got 1 sessions for ...
2025-02-14 14:00:41.466 [info] Getting sessions for read:user,repo,user:email,workflow...
2025-02-14 14:00:41.467 [info] Got 0 sessions for read:user,repo,user:email,workflow...
2025-02-14 14:00:41.467 [info] Getting sessions for user:email...
2025-02-14 14:00:41.467 [info] Got 1 sessions for user:email...
2025-02-14 14:00:41.468 [info] Getting sessions for all scopes...
2025-02-14 14:00:41.468 [info] Got 1 sessions for ...
2025-02-14 14:00:41.468 [info] Getting sessions for read:user,repo,user:email,workflow...
2025-02-14 14:00:41.468 [info] Got 0 sessions for read:user,repo,user:email,workflow...
2025-02-14 14:00:41.469 [info] Getting sessions for user:email...
2025-02-14 14:00:41.469 [info] Got 1 sessions for user:email...
2025-02-14 14:00:41.475 [info] Getting sessions for all scopes...
2025-02-14 14:00:41.475 [info] Got 1 sessions for ...
2025-02-14 14:00:41.476 [info] Getting sessions for read:user,repo,user:email,workflow...
2025-02-14 14:00:41.476 [info] Got 0 sessions for read:user,repo,user:email,workflow...
2025-02-14 14:00:41.476 [info] Getting sessions for user:email...
2025-02-14 14:00:41.476 [info] Got 1 sessions for user:email...
2025-02-14 14:15:41.479 [info] Getting sessions for all scopes...
2025-02-14 14:15:41.479 [info] Got 1 sessions for ...
2025-02-14 14:15:41.480 [info] Getting sessions for read:user,repo,user:email,workflow...
2025-02-14 14:15:41.480 [info] Got 0 sessions for read:user,repo,user:email,workflow...
2025-02-14 14:15:41.481 [info] Getting sessions for user:email...
2025-02-14 14:15:41.481 [info] Got 1 sessions for user:email...
2025-02-14 14:19:19.226 [info] Getting sessions for read:user,repo,user:email,workflow...
2025-02-14 14:19:19.226 [info] Got 0 sessions for read:user,repo,user:email,workflow...
2025-02-14 14:19:19.227 [info] Getting sessions for read:user...
2025-02-14 14:19:19.227 [info] Got 0 sessions for read:user...
2025-02-14 14:19:19.227 [info] Getting sessions for user:email...
2025-02-14 14:19:19.227 [info] Got 1 sessions for user:email...
2025-02-14 14:25:41.468 [info] Getting sessions for all scopes...
2025-02-14 14:25:41.468 [info] Got 1 sessions for ...
2025-02-14 14:25:41.469 [info] Getting sessions for read:user,repo,user:email,workflow...
2025-02-14 14:25:41.469 [info] Got 0 sessions for read:user,repo,user:email,workflow...
2025-02-14 14:25:41.470 [info] Getting sessions for user:email...
2025-02-14 14:25:41.470 [info] Got 1 sessions for user:email...
2025-02-14 14:25:42.584 [info] Getting sessions for all scopes...
2025-02-14 14:25:42.584 [info] Got 1 sessions for ...
2025-02-14 14:25:42.584 [info] Getting sessions for all scopes...
2025-02-14 14:25:42.584 [info] Got 1 sessions for ...
2025-02-14 14:25:42.585 [info] Getting sessions for read:user,repo,user:email,workflow...
2025-02-14 14:25:42.585 [info] Got 0 sessions for read:user,repo,user:email,workflow...
2025-02-14 14:25:42.585 [info] Getting sessions for user:email...
2025-02-14 14:25:42.585 [info] Got 1 sessions for user:email...
2025-02-14 14:25:42.586 [info] Getting sessions for all scopes...
2025-02-14 14:25:42.586 [info] Got 1 sessions for ...
2025-02-14 14:25:42.586 [info] Getting sessions for read:user,repo,user:email,workflow...
2025-02-14 14:25:42.586 [info] Got 0 sessions for read:user,repo,user:email,workflow...
2025-02-14 14:25:42.587 [info] Getting sessions for user:email...
2025-02-14 14:25:42.587 [info] Got 1 sessions for user:email...
2025-02-14 14:25:42.590 [info] Getting sessions for all scopes...
2025-02-14 14:25:42.590 [info] Got 1 sessions for ...
2025-02-14 14:25:42.591 [info] Getting sessions for read:user,repo,user:email,workflow...
2025-02-14 14:25:42.591 [info] Got 0 sessions for read:user,repo,user:email,workflow...
2025-02-14 14:25:42.591 [info] Getting sessions for user:email...
2025-02-14 14:25:42.591 [info] Got 1 sessions for user:email...
2025-02-14 14:25:42.593 [info] Getting sessions for all scopes...
2025-02-14 14:25:42.593 [info] Got 1 sessions for ...
2025-02-14 14:25:42.593 [info] Getting sessions for read:user,repo,user:email,workflow...
2025-02-14 14:25:42.593 [info] Got 0 sessions for read:user,repo,user:email,workflow...
2025-02-14 14:25:42.594 [info] Getting sessions for user:email...
2025-02-14 14:25:42.594 [info] Got 1 sessions for user:email...
2025-02-14 14:40:43.744 [info] Getting sessions for all scopes...
2025-02-14 14:40:43.744 [info] Got 1 sessions for ...
2025-02-14 14:40:43.745 [info] Getting sessions for read:user,repo,user:email,workflow...
2025-02-14 14:40:43.745 [info] Got 0 sessions for read:user,repo,user:email,workflow...
2025-02-14 14:40:43.745 [info] Getting sessions for user:email...
2025-02-14 14:40:43.745 [info] Got 1 sessions for user:email...
2025-02-14 14:50:42.585 [info] Getting sessions for all scopes...
2025-02-14 14:50:42.585 [info] Got 1 sessions for ...
2025-02-14 14:50:42.586 [info] Getting sessions for read:user,repo,user:email,workflow...
2025-02-14 14:50:42.586 [info] Got 0 sessions for read:user,repo,user:email,workflow...
2025-02-14 14:50:42.587 [info] Getting sessions for user:email...
2025-02-14 14:50:42.587 [info] Got 1 sessions for user:email...
2025-02-14 14:50:43.899 [info] Getting sessions for all scopes...
2025-02-14 14:50:43.899 [info] Got 1 sessions for ...
2025-02-14 14:50:43.899 [info] Getting sessions for all scopes...
2025-02-14 14:50:43.899 [info] Got 1 sessions for ...
2025-02-14 14:50:43.900 [info] Getting sessions for read:user,repo,user:email,workflow...
2025-02-14 14:50:43.900 [info] Got 0 sessions for read:user,repo,user:email,workflow...
2025-02-14 14:50:43.900 [info] Getting sessions for user:email...
2025-02-14 14:50:43.900 [info] Got 1 sessions for user:email...
2025-02-14 14:50:43.901 [info] Getting sessions for all scopes...
2025-02-14 14:50:43.901 [info] Got 1 sessions for ...
2025-02-14 14:50:43.901 [info] Getting sessions for read:user,repo,user:email,workflow...
2025-02-14 14:50:43.901 [info] Got 0 sessions for read:user,repo,user:email,workflow...
2025-02-14 14:50:43.902 [info] Getting sessions for user:email...
2025-02-14 14:50:43.902 [info] Got 1 sessions for user:email...
2025-02-14 14:50:43.905 [info] Getting sessions for all scopes...
2025-02-14 14:50:43.905 [info] Got 1 sessions for ...
2025-02-14 14:50:43.906 [info] Getting sessions for read:user,repo,user:email,workflow...
2025-02-14 14:50:43.906 [info] Got 0 sessions for read:user,repo,user:email,workflow...
2025-02-14 14:50:43.906 [info] Getting sessions for user:email...
2025-02-14 14:50:43.906 [info] Got 1 sessions for user:email...
2025-02-14 15:05:43.908 [info] Getting sessions for all scopes...
2025-02-14 15:05:43.908 [info] Got 1 sessions for ...
2025-02-14 15:05:43.909 [info] Getting sessions for read:user,repo,user:email,workflow...
2025-02-14 15:05:43.909 [info] Got 0 sessions for read:user,repo,user:email,workflow...
2025-02-14 15:05:43.909 [info] Getting sessions for user:email...
2025-02-14 15:05:43.909 [info] Got 1 sessions for user:email...
2025-02-14 15:10:00.236 [info] Reading sessions from keychain...
2025-02-14 15:10:00.236 [info] Getting sessions for all scopes...
2025-02-14 15:10:00.236 [info] Getting sessions for all scopes...
2025-02-14 15:10:00.236 [info] Getting sessions for all scopes...
2025-02-14 15:10:00.236 [info] Got stored sessions!
2025-02-14 15:10:00.236 [info] Got 1 verified sessions.
2025-02-14 15:10:00.236 [info] Got 1 sessions for ...
2025-02-14 15:10:00.236 [info] Got 1 sessions for ...
2025-02-14 15:10:00.236 [info] Got 1 sessions for ...
2025-02-14 15:10:00.236 [info] Getting sessions for all scopes...
2025-02-14 15:10:00.236 [info] Got 1 sessions for ...
2025-02-14 15:10:00.236 [info] Getting sessions for all scopes...
2025-02-14 15:10:00.236 [info] Got 1 sessions for ...
2025-02-14 15:10:00.690 [info] Getting sessions for read:user,repo,user:email,workflow...
2025-02-14 15:10:00.690 [info] Got 0 sessions for read:user,repo,user:email,workflow...
2025-02-14 15:10:00.850 [info] Getting sessions for user:email...
2025-02-14 15:10:00.850 [info] Got 1 sessions for user:email...
2025-02-14 15:10:00.916 [info] Getting sessions for all scopes...
2025-02-14 15:10:00.916 [info] Got 1 sessions for ...
2025-02-14 15:10:01.005 [info] Getting sessions for read:user,repo,user:email,workflow...
2025-02-14 15:10:01.005 [info] Got 0 sessions for read:user,repo,user:email,workflow...
2025-02-14 15:10:01.119 [info] Getting sessions for user:email...
2025-02-14 15:10:01.119 [info] Got 1 sessions for user:email...
2025-02-14 15:10:01.280 [info] Getting sessions for all scopes...
2025-02-14 15:10:01.280 [info] Got 1 sessions for ...
2025-02-14 15:10:01.873 [info] Getting sessions for read:user,repo,user:email,workflow...
2025-02-14 15:10:01.873 [info] Got 0 sessions for read:user,repo,user:email,workflow...
2025-02-14 15:10:02.010 [info] Getting sessions for read:user,repo,user:email,workflow...
2025-02-14 15:10:02.011 [info] Got 0 sessions for read:user,repo,user:email,workflow...
2025-02-14 15:10:02.012 [info] Getting sessions for user:email...
2025-02-14 15:10:02.012 [info] Got 1 sessions for user:email...
2025-02-14 15:10:02.101 [info] Getting sessions for read:user...
2025-02-14 15:10:02.101 [info] Got 0 sessions for read:user...
2025-02-14 15:10:02.108 [info] Getting sessions for user:email...
2025-02-14 15:10:02.108 [info] Got 1 sessions for user:email...
2025-02-14 15:10:03.998 [info] Getting sessions for all scopes...
2025-02-14 15:10:03.998 [info] Got 1 sessions for ...
2025-02-14 15:10:03.998 [info] Getting sessions for all scopes...
2025-02-14 15:10:03.998 [info] Got 1 sessions for ...
2025-02-14 15:10:04.011 [info] Getting sessions for read:user,repo,user:email,workflow...
2025-02-14 15:10:04.011 [info] Got 0 sessions for read:user,repo,user:email,workflow...
2025-02-14 15:10:04.012 [info] Getting sessions for user:email...
2025-02-14 15:10:04.012 [info] Got 1 sessions for user:email...
2025-02-14 15:10:04.014 [info] Getting sessions for all scopes...
2025-02-14 15:10:04.014 [info] Got 1 sessions for ...
2025-02-14 15:10:04.016 [info] Getting sessions for read:user,repo,user:email,workflow...
2025-02-14 15:10:04.016 [info] Got 0 sessions for read:user,repo,user:email,workflow...
2025-02-14 15:10:04.043 [info] Getting sessions for user:email...
2025-02-14 15:10:04.043 [info] Got 1 sessions for user:email...
2025-02-14 15:10:04.190 [info] Getting sessions for all scopes...
2025-02-14 15:10:04.190 [info] Got 1 sessions for ...
2025-02-14 15:10:04.205 [info] Getting sessions for read:user,repo,user:email,workflow...
2025-02-14 15:10:04.205 [info] Got 0 sessions for read:user,repo,user:email,workflow...
2025-02-14 15:10:04.216 [info] Getting sessions for user:email...
2025-02-14 15:10:04.216 [info] Got 1 sessions for user:email...
2025-02-14 15:10:05.391 [info] Getting sessions for all scopes...
2025-02-14 15:10:05.391 [info] Got 1 sessions for ...
2025-02-14 15:10:05.397 [info] Getting sessions for read:user,repo,user:email,workflow...
2025-02-14 15:10:05.397 [info] Got 0 sessions for read:user,repo,user:email,workflow...
2025-02-14 15:10:05.398 [info] Getting sessions for user:email...
2025-02-14 15:10:05.398 [info] Got 1 sessions for user:email...
