2025-02-13 19:31:15.063 [info] Reading sessions from keychain...
2025-02-13 19:31:15.063 [info] Getting sessions for all scopes...
2025-02-13 19:31:15.063 [info] Getting sessions for all scopes...
2025-02-13 19:31:15.063 [info] Getting sessions for all scopes...
2025-02-13 19:31:15.063 [info] Getting sessions for all scopes...
2025-02-13 19:31:15.063 [info] Getting sessions for all scopes...
2025-02-13 19:31:15.063 [info] Getting sessions for all scopes...
2025-02-13 19:31:15.063 [info] Getting sessions for all scopes...
2025-02-13 19:31:15.063 [info] Getting sessions for all scopes...
2025-02-13 19:31:15.137 [info] Got stored sessions!
2025-02-13 19:31:15.137 [info] Got 0 verified sessions.
2025-02-13 19:31:15.137 [info] Got 0 sessions for ...
2025-02-13 19:31:15.137 [info] Got 0 sessions for ...
2025-02-13 19:31:15.137 [info] Got 0 sessions for ...
2025-02-13 19:31:15.137 [info] Got 0 sessions for ...
2025-02-13 19:31:15.137 [info] Got 0 sessions for ...
2025-02-13 19:31:15.137 [info] Got 0 sessions for ...
2025-02-13 19:31:15.137 [info] Got 0 sessions for ...
2025-02-13 19:31:15.137 [info] Got 0 sessions for ...
2025-02-13 19:31:16.767 [info] Getting sessions for all scopes...
2025-02-13 19:31:16.767 [info] Got 0 sessions for ...
2025-02-13 11:31:19.427 [info] Getting sessions for user:email...
2025-02-13 11:31:19.427 [info] Got 0 sessions for user:email...
2025-02-13 11:32:09.027 [info] Reading sessions from keychain...
2025-02-13 11:32:09.027 [info] Getting sessions for all scopes...
2025-02-13 11:32:09.027 [info] Getting sessions for all scopes...
2025-02-13 11:32:09.027 [info] Getting sessions for all scopes...
2025-02-13 11:32:09.027 [info] Got stored sessions!
2025-02-13 11:32:09.027 [info] Got 0 verified sessions.
2025-02-13 11:32:09.027 [info] Got 0 sessions for ...
2025-02-13 11:32:09.027 [info] Got 0 sessions for ...
2025-02-13 11:32:09.027 [info] Got 0 sessions for ...
