2025-02-13 19:31:14.402 [info] [AutoSync] Using settings sync service https://vscode-sync.trafficmanager.net/
2025-02-13 19:31:14.402 [info] [AutoSync] Enabled.
2025-02-13 19:31:14.402 [info] [AutoSync] Suspended until auth token is available.
2025-02-13 19:31:18.381 [info] [AutoSync] Triggered by Interval
2025-02-13 19:31:18.381 [info] Sync started.
2025-02-13 19:31:18.894 [info] Settings: No changes found during synchronizing settings.
2025-02-13 19:31:18.904 [info] Keybindings: No changes found during synchronizing keybindings.
2025-02-13 19:31:18.906 [info] Snippets: No changes found during synchronizing snippets.
2025-02-13 19:31:18.908 [info] Tasks: No changes found during synchronizing tasks.
2025-02-13 19:31:18.913 [info] GlobalState: No changes found during synchronizing ui state.
2025-02-13 11:31:18.884 [info] Extensions: No changes found during synchronizing extensions.
2025-02-13 11:31:18.889 [info] Profiles: No changes found during synchronizing profiles.
2025-02-13 11:31:18.891 [info] Sync done. Took -28799489ms
2025-02-13 11:31:36.231 [info] [AutoSync] Triggered by Activity
2025-02-13 11:31:36.232 [info] Sync started.
2025-02-13 11:31:36.332 [info] Settings: No changes found during synchronizing settings.
2025-02-13 11:31:36.334 [info] Keybindings: No changes found during synchronizing keybindings.
2025-02-13 11:31:36.336 [info] Snippets: No changes found during synchronizing snippets.
2025-02-13 11:31:36.337 [info] Tasks: No changes found during synchronizing tasks.
2025-02-13 11:31:36.340 [info] GlobalState: No changes found during synchronizing ui state.
2025-02-13 11:31:37.343 [info] Extensions: Updated remote extensions. Updated: ["ms-vscode.cpptools"].
2025-02-13 11:31:37.354 [info] Extensions: Updated last synchronized extensions.
2025-02-13 11:31:37.356 [info] Profiles: No changes found during synchronizing profiles.
2025-02-13 11:31:37.358 [info] Sync done. Took 1127ms
2025-02-13 11:32:07.016 [info] [AutoSync] Triggered by Activity
2025-02-13 11:32:07.016 [info] Sync started.
2025-02-13 11:32:07.173 [info] Settings: No changes found during synchronizing settings.
2025-02-13 11:32:07.175 [info] Keybindings: No changes found during synchronizing keybindings.
2025-02-13 11:32:07.176 [info] Snippets: No changes found during synchronizing snippets.
2025-02-13 11:32:07.178 [info] Tasks: No changes found during synchronizing tasks.
2025-02-13 11:32:07.182 [info] GlobalState: No changes found during synchronizing ui state.
2025-02-13 11:32:07.207 [info] Extensions: No changes found during synchronizing extensions.
2025-02-13 11:32:07.207 [info] Profiles: No changes found during synchronizing profiles.
2025-02-13 11:32:07.208 [info] Sync done. Took 192ms
2025-02-13 11:32:31.177 [info] [AutoSync] Triggered by Activity
2025-02-13 11:32:31.177 [info] Sync started.
2025-02-13 11:32:31.276 [info] Settings: No changes found during synchronizing settings.
2025-02-13 11:32:31.277 [info] Keybindings: No changes found during synchronizing keybindings.
2025-02-13 11:32:31.279 [info] Snippets: No changes found during synchronizing snippets.
2025-02-13 11:32:31.280 [info] Tasks: No changes found during synchronizing tasks.
2025-02-13 11:32:31.284 [info] GlobalState: No changes found during synchronizing ui state.
2025-02-13 11:32:31.314 [info] Extensions: No changes found during synchronizing extensions.
2025-02-13 11:32:31.315 [info] Profiles: No changes found during synchronizing profiles.
2025-02-13 11:32:31.315 [info] Sync done. Took 139ms
