2025-02-14 08:20:42.005 [info] Reading sessions from keychain...
2025-02-14 08:20:42.006 [info] Getting sessions for all scopes...
2025-02-14 08:20:42.006 [info] Getting sessions for all scopes...
2025-02-14 08:20:42.258 [info] Got stored sessions!
2025-02-14 08:20:42.258 [info] Got 1 verified sessions.
2025-02-14 08:20:42.258 [info] Got 1 sessions for ...
2025-02-14 08:20:42.258 [info] Got 1 sessions for ...
2025-02-14 08:20:42.258 [info] Getting sessions for all scopes...
2025-02-14 08:20:42.258 [info] Got 1 sessions for ...
2025-02-14 08:20:42.259 [info] Getting sessions for all scopes...
2025-02-14 08:20:42.259 [info] Got 1 sessions for ...
2025-02-14 08:20:42.259 [info] Getting sessions for all scopes...
2025-02-14 08:20:42.259 [info] Got 1 sessions for ...
2025-02-14 08:20:42.259 [info] Getting sessions for all scopes...
2025-02-14 08:20:42.259 [info] Got 1 sessions for ...
2025-02-14 08:20:42.259 [info] Getting sessions for all scopes...
2025-02-14 08:20:42.259 [info] Got 1 sessions for ...
2025-02-14 08:20:42.259 [info] Getting sessions for all scopes...
2025-02-14 08:20:42.259 [info] Got 1 sessions for ...
2025-02-14 08:20:43.612 [info] Getting sessions for read:user,repo,user:email,workflow...
2025-02-14 08:20:43.612 [info] Got 0 sessions for read:user,repo,user:email,workflow...
2025-02-14 08:20:43.668 [info] Getting sessions for all scopes...
2025-02-14 08:20:43.668 [info] Got 1 sessions for ...
2025-02-14 08:20:43.768 [info] Getting sessions for read:user...
2025-02-14 08:20:43.768 [info] Got 0 sessions for read:user...
2025-02-14 08:20:43.966 [info] Getting sessions for user:email...
2025-02-14 08:20:43.966 [info] Got 1 sessions for user:email...
2025-02-14 08:20:46.341 [info] Getting sessions for all scopes...
2025-02-14 08:20:46.341 [info] Got 1 sessions for ...
2025-02-14 08:20:46.341 [info] Getting sessions for all scopes...
2025-02-14 08:20:46.341 [info] Got 1 sessions for ...
2025-02-14 08:20:46.366 [info] Getting sessions for user:email...
2025-02-14 08:20:46.366 [info] Got 1 sessions for user:email...
2025-02-14 08:20:46.366 [info] Getting sessions for read:user,repo,user:email,workflow...
2025-02-14 08:20:46.366 [info] Got 0 sessions for read:user,repo,user:email,workflow...
2025-02-14 08:20:46.384 [info] Getting sessions for user:email...
2025-02-14 08:20:46.384 [info] Got 1 sessions for user:email...
2025-02-14 08:20:46.390 [info] Getting sessions for all scopes...
2025-02-14 08:20:46.390 [info] Got 1 sessions for ...
2025-02-14 08:20:46.391 [info] Getting sessions for read:user,repo,user:email,workflow...
2025-02-14 08:20:46.392 [info] Got 0 sessions for read:user,repo,user:email,workflow...
2025-02-14 08:20:46.394 [info] Getting sessions for user:email...
2025-02-14 08:20:46.394 [info] Got 1 sessions for user:email...
2025-02-14 08:20:46.473 [info] Getting sessions for all scopes...
2025-02-14 08:20:46.473 [info] Got 1 sessions for ...
2025-02-14 08:20:46.830 [info] Getting sessions for read:user,repo,user:email,workflow...
2025-02-14 08:20:46.830 [info] Got 0 sessions for read:user,repo,user:email,workflow...
2025-02-14 08:20:46.833 [info] Getting sessions for user:email...
2025-02-14 08:20:46.833 [info] Got 1 sessions for user:email...
2025-02-14 08:20:46.992 [info] Getting sessions for all scopes...
2025-02-14 08:20:46.992 [info] Got 1 sessions for ...
2025-02-14 08:20:47.060 [info] Getting sessions for read:user,repo,user:email,workflow...
2025-02-14 08:20:47.060 [info] Got 0 sessions for read:user,repo,user:email,workflow...
2025-02-14 08:20:47.062 [info] Getting sessions for user:email...
2025-02-14 08:20:47.062 [info] Got 1 sessions for user:email...
2025-02-14 08:20:47.965 [info] Getting sessions for all scopes...
2025-02-14 08:20:47.965 [info] Got 1 sessions for ...
2025-02-14 08:20:47.965 [info] Getting sessions for all scopes...
2025-02-14 08:20:47.965 [info] Got 1 sessions for ...
2025-02-14 08:20:47.975 [info] Getting sessions for read:user,repo,user:email,workflow...
2025-02-14 08:20:47.975 [info] Got 0 sessions for read:user,repo,user:email,workflow...
2025-02-14 08:20:47.975 [info] Getting sessions for user:email...
2025-02-14 08:20:47.975 [info] Got 1 sessions for user:email...
2025-02-14 08:20:47.978 [info] Getting sessions for all scopes...
2025-02-14 08:20:47.978 [info] Got 1 sessions for ...
2025-02-14 08:20:47.978 [info] Getting sessions for read:user,repo,user:email,workflow...
2025-02-14 08:20:47.978 [info] Got 0 sessions for read:user,repo,user:email,workflow...
2025-02-14 08:20:47.979 [info] Getting sessions for user:email...
2025-02-14 08:20:47.979 [info] Got 1 sessions for user:email...
2025-02-14 08:20:48.038 [info] Getting sessions for all scopes...
2025-02-14 08:20:48.038 [info] Got 1 sessions for ...
2025-02-14 08:20:48.041 [info] Getting sessions for read:user,repo,user:email,workflow...
2025-02-14 08:20:48.041 [info] Got 0 sessions for read:user,repo,user:email,workflow...
2025-02-14 08:20:48.042 [info] Getting sessions for user:email...
2025-02-14 08:20:48.042 [info] Got 1 sessions for user:email...
2025-02-14 08:20:49.368 [info] Getting sessions for all scopes...
2025-02-14 08:20:49.368 [info] Got 1 sessions for ...
2025-02-14 08:20:49.368 [info] Getting sessions for read:user,repo,user:email,workflow...
2025-02-14 08:20:49.368 [info] Got 0 sessions for read:user,repo,user:email,workflow...
2025-02-14 08:20:49.369 [info] Getting sessions for user:email...
2025-02-14 08:20:49.369 [info] Got 1 sessions for user:email...
2025-02-14 08:35:49.371 [info] Getting sessions for all scopes...
2025-02-14 08:35:49.371 [info] Got 1 sessions for ...
2025-02-14 08:35:49.372 [info] Getting sessions for read:user,repo,user:email,workflow...
2025-02-14 08:35:49.372 [info] Got 0 sessions for read:user,repo,user:email,workflow...
2025-02-14 08:35:49.372 [info] Getting sessions for user:email...
2025-02-14 08:35:49.372 [info] Got 1 sessions for user:email...
2025-02-14 08:45:47.957 [info] Getting sessions for all scopes...
2025-02-14 08:45:47.958 [info] Got 1 sessions for ...
2025-02-14 08:45:47.958 [info] Getting sessions for read:user,repo,user:email,workflow...
2025-02-14 08:45:47.958 [info] Got 0 sessions for read:user,repo,user:email,workflow...
2025-02-14 08:45:47.959 [info] Getting sessions for user:email...
2025-02-14 08:45:47.959 [info] Got 1 sessions for user:email...
2025-02-14 08:45:49.168 [info] Getting sessions for all scopes...
2025-02-14 08:45:49.168 [info] Got 1 sessions for ...
2025-02-14 08:45:49.169 [info] Getting sessions for all scopes...
2025-02-14 08:45:49.169 [info] Got 1 sessions for ...
2025-02-14 08:45:49.169 [info] Getting sessions for read:user,repo,user:email,workflow...
2025-02-14 08:45:49.169 [info] Got 0 sessions for read:user,repo,user:email,workflow...
2025-02-14 08:45:49.170 [info] Getting sessions for user:email...
2025-02-14 08:45:49.170 [info] Got 1 sessions for user:email...
2025-02-14 08:45:49.170 [info] Getting sessions for all scopes...
2025-02-14 08:45:49.170 [info] Got 1 sessions for ...
2025-02-14 08:45:49.171 [info] Getting sessions for read:user,repo,user:email,workflow...
2025-02-14 08:45:49.171 [info] Got 0 sessions for read:user,repo,user:email,workflow...
2025-02-14 08:45:49.171 [info] Getting sessions for user:email...
2025-02-14 08:45:49.171 [info] Got 1 sessions for user:email...
2025-02-14 08:45:49.175 [info] Getting sessions for all scopes...
2025-02-14 08:45:49.175 [info] Got 1 sessions for ...
2025-02-14 08:45:49.176 [info] Getting sessions for read:user,repo,user:email,workflow...
2025-02-14 08:45:49.176 [info] Got 0 sessions for read:user,repo,user:email,workflow...
2025-02-14 08:45:49.176 [info] Getting sessions for user:email...
2025-02-14 08:45:49.176 [info] Got 1 sessions for user:email...
2025-02-14 08:52:29.463 [info] Getting sessions for all scopes...
2025-02-14 08:52:29.463 [info] Got 1 sessions for ...
2025-02-14 08:52:29.465 [info] Getting sessions for read:user,repo,user:email,workflow...
2025-02-14 08:52:29.465 [info] Got 0 sessions for read:user,repo,user:email,workflow...
2025-02-14 08:52:29.465 [info] Getting sessions for user:email...
2025-02-14 08:52:29.465 [info] Got 1 sessions for user:email...
2025-02-14 08:52:30.405 [info] Getting sessions for all scopes...
2025-02-14 08:52:30.405 [info] Got 1 sessions for ...
2025-02-14 08:52:30.405 [info] Getting sessions for read:user,repo,user:email,workflow...
2025-02-14 08:52:30.405 [info] Got 0 sessions for read:user,repo,user:email,workflow...
2025-02-14 08:52:30.406 [info] Getting sessions for user:email...
2025-02-14 08:52:30.406 [info] Got 1 sessions for user:email...
2025-02-14 08:52:31.487 [info] Getting sessions for all scopes...
2025-02-14 08:52:31.487 [info] Got 1 sessions for ...
2025-02-14 08:52:31.492 [info] Getting sessions for read:user,repo,user:email,workflow...
2025-02-14 08:52:31.492 [info] Got 0 sessions for read:user,repo,user:email,workflow...
2025-02-14 08:52:31.492 [info] Getting sessions for user:email...
2025-02-14 08:52:31.492 [info] Got 1 sessions for user:email...
2025-02-14 08:53:41.751 [info] Getting sessions for read:user,repo,user:email,workflow...
2025-02-14 08:53:41.751 [info] Got 0 sessions for read:user,repo,user:email,workflow...
2025-02-14 08:53:41.751 [info] Getting sessions for read:user...
2025-02-14 08:53:41.751 [info] Got 0 sessions for read:user...
2025-02-14 08:53:41.757 [info] Getting sessions for user:email...
2025-02-14 08:53:41.757 [info] Got 1 sessions for user:email...
2025-02-14 09:00:49.179 [info] Getting sessions for all scopes...
2025-02-14 09:00:49.179 [info] Got 1 sessions for ...
2025-02-14 09:00:49.180 [info] Getting sessions for read:user,repo,user:email,workflow...
2025-02-14 09:00:49.180 [info] Got 0 sessions for read:user,repo,user:email,workflow...
2025-02-14 09:00:49.181 [info] Getting sessions for user:email...
2025-02-14 09:00:49.181 [info] Got 1 sessions for user:email...
2025-02-14 09:10:49.171 [info] Getting sessions for all scopes...
2025-02-14 09:10:49.171 [info] Got 1 sessions for ...
2025-02-14 09:10:49.172 [info] Getting sessions for read:user,repo,user:email,workflow...
2025-02-14 09:10:49.172 [info] Got 0 sessions for read:user,repo,user:email,workflow...
2025-02-14 09:10:49.173 [info] Getting sessions for user:email...
2025-02-14 09:10:49.173 [info] Got 1 sessions for user:email...
2025-02-14 09:10:50.459 [info] Getting sessions for all scopes...
2025-02-14 09:10:50.459 [info] Got 1 sessions for ...
2025-02-14 09:10:50.459 [info] Getting sessions for all scopes...
2025-02-14 09:10:50.459 [info] Got 1 sessions for ...
2025-02-14 09:10:50.460 [info] Getting sessions for read:user,repo,user:email,workflow...
2025-02-14 09:10:50.460 [info] Got 0 sessions for read:user,repo,user:email,workflow...
2025-02-14 09:10:50.461 [info] Getting sessions for user:email...
2025-02-14 09:10:50.461 [info] Got 1 sessions for user:email...
2025-02-14 09:10:50.461 [info] Getting sessions for all scopes...
2025-02-14 09:10:50.461 [info] Got 1 sessions for ...
2025-02-14 09:10:50.462 [info] Getting sessions for read:user,repo,user:email,workflow...
2025-02-14 09:10:50.462 [info] Got 0 sessions for read:user,repo,user:email,workflow...
2025-02-14 09:10:50.462 [info] Getting sessions for user:email...
2025-02-14 09:10:50.462 [info] Got 1 sessions for user:email...
2025-02-14 09:10:50.467 [info] Getting sessions for all scopes...
2025-02-14 09:10:50.467 [info] Got 1 sessions for ...
2025-02-14 09:10:50.468 [info] Getting sessions for read:user,repo,user:email,workflow...
2025-02-14 09:10:50.468 [info] Got 0 sessions for read:user,repo,user:email,workflow...
2025-02-14 09:10:50.468 [info] Getting sessions for user:email...
2025-02-14 09:10:50.468 [info] Got 1 sessions for user:email...
2025-02-14 09:10:50.470 [info] Getting sessions for all scopes...
2025-02-14 09:10:50.470 [info] Got 1 sessions for ...
2025-02-14 09:10:50.470 [info] Getting sessions for read:user,repo,user:email,workflow...
2025-02-14 09:10:50.470 [info] Got 0 sessions for read:user,repo,user:email,workflow...
2025-02-14 09:10:50.470 [info] Getting sessions for user:email...
2025-02-14 09:10:50.470 [info] Got 1 sessions for user:email...
2025-02-14 09:18:48.411 [info] Getting sessions for read:user,repo,user:email,workflow...
2025-02-14 09:18:48.411 [info] Got 0 sessions for read:user,repo,user:email,workflow...
2025-02-14 09:18:48.412 [info] Getting sessions for read:user...
2025-02-14 09:18:48.412 [info] Got 0 sessions for read:user...
2025-02-14 09:18:48.412 [info] Getting sessions for user:email...
2025-02-14 09:18:48.412 [info] Got 1 sessions for user:email...
2025-02-14 09:25:51.411 [info] Getting sessions for all scopes...
2025-02-14 09:25:51.411 [info] Got 1 sessions for ...
2025-02-14 09:25:51.413 [info] Getting sessions for read:user,repo,user:email,workflow...
2025-02-14 09:25:51.413 [info] Got 0 sessions for read:user,repo,user:email,workflow...
2025-02-14 09:25:51.414 [info] Getting sessions for user:email...
2025-02-14 09:25:51.414 [info] Got 1 sessions for user:email...
2025-02-14 09:25:51.415 [info] Getting sessions for all scopes...
2025-02-14 09:25:51.415 [info] Got 1 sessions for ...
2025-02-14 09:25:51.415 [info] Getting sessions for read:user,repo,user:email,workflow...
2025-02-14 09:25:51.415 [info] Got 0 sessions for read:user,repo,user:email,workflow...
2025-02-14 09:25:51.416 [info] Getting sessions for user:email...
2025-02-14 09:25:51.416 [info] Got 1 sessions for user:email...
