2025-02-14 15:19:28.225 [info] Reading sessions from keychain...
2025-02-14 15:19:28.225 [info] Getting sessions for all scopes...
2025-02-14 15:19:28.225 [info] Getting sessions for all scopes...
2025-02-14 15:19:28.226 [info] Got stored sessions!
2025-02-14 15:19:28.226 [info] Got 1 verified sessions.
2025-02-14 15:19:28.226 [info] Got 1 sessions for ...
2025-02-14 15:19:28.226 [info] Got 1 sessions for ...
2025-02-14 15:19:28.465 [info] Getting sessions for all scopes...
2025-02-14 15:19:28.465 [info] Got 1 sessions for ...
2025-02-14 15:19:28.492 [info] Getting sessions for all scopes...
2025-02-14 15:19:28.492 [info] Got 1 sessions for ...
2025-02-14 15:19:28.492 [info] Getting sessions for all scopes...
2025-02-14 15:19:28.492 [info] Got 1 sessions for ...
2025-02-14 15:19:28.492 [info] Getting sessions for all scopes...
2025-02-14 15:19:28.492 [info] Got 1 sessions for ...
2025-02-14 15:19:28.492 [info] Getting sessions for all scopes...
2025-02-14 15:19:28.492 [info] Got 1 sessions for ...
2025-02-14 15:19:28.492 [info] Getting sessions for all scopes...
2025-02-14 15:19:28.492 [info] Got 1 sessions for ...
2025-02-14 15:19:29.710 [info] Getting sessions for read:user,repo,user:email,workflow...
2025-02-14 15:19:29.710 [info] Got 0 sessions for read:user,repo,user:email,workflow...
2025-02-14 15:19:29.909 [info] Getting sessions for read:user...
2025-02-14 15:19:29.909 [info] Got 0 sessions for read:user...
2025-02-14 15:19:30.102 [info] Getting sessions for all scopes...
2025-02-14 15:19:30.102 [info] Got 1 sessions for ...
2025-02-14 15:19:30.173 [info] Getting sessions for user:email...
2025-02-14 15:19:30.173 [info] Got 1 sessions for user:email...
2025-02-14 15:19:30.306 [info] Getting sessions for user:email...
2025-02-14 15:19:30.306 [info] Got 1 sessions for user:email...
2025-02-14 15:19:32.174 [info] Getting sessions for all scopes...
2025-02-14 15:19:32.174 [info] Got 1 sessions for ...
2025-02-14 15:19:32.174 [info] Getting sessions for all scopes...
2025-02-14 15:19:32.174 [info] Got 1 sessions for ...
2025-02-14 15:19:32.207 [info] Getting sessions for read:user,repo,user:email,workflow...
2025-02-14 15:19:32.207 [info] Got 0 sessions for read:user,repo,user:email,workflow...
2025-02-14 15:19:32.219 [info] Getting sessions for user:email...
2025-02-14 15:19:32.219 [info] Got 1 sessions for user:email...
2025-02-14 15:19:32.263 [info] Getting sessions for all scopes...
2025-02-14 15:19:32.263 [info] Got 1 sessions for ...
2025-02-14 15:19:32.327 [info] Getting sessions for read:user,repo,user:email,workflow...
2025-02-14 15:19:32.327 [info] Got 0 sessions for read:user,repo,user:email,workflow...
2025-02-14 15:19:32.356 [info] Getting sessions for user:email...
2025-02-14 15:19:32.356 [info] Got 1 sessions for user:email...
2025-02-14 15:19:32.358 [info] Getting sessions for all scopes...
2025-02-14 15:19:32.358 [info] Got 1 sessions for ...
2025-02-14 15:19:32.359 [info] Getting sessions for read:user,repo,user:email,workflow...
2025-02-14 15:19:32.359 [info] Got 0 sessions for read:user,repo,user:email,workflow...
2025-02-14 15:19:32.359 [info] Getting sessions for user:email...
2025-02-14 15:19:32.359 [info] Got 1 sessions for user:email...
2025-02-14 15:19:32.935 [info] Getting sessions for all scopes...
2025-02-14 15:19:32.935 [info] Got 1 sessions for ...
2025-02-14 15:19:33.022 [info] Getting sessions for read:user,repo,user:email,workflow...
2025-02-14 15:19:33.022 [info] Got 0 sessions for read:user,repo,user:email,workflow...
2025-02-14 15:19:33.033 [info] Getting sessions for user:email...
2025-02-14 15:19:33.033 [info] Got 1 sessions for user:email...
2025-02-14 15:19:33.473 [info] Getting sessions for all scopes...
2025-02-14 15:19:33.473 [info] Got 1 sessions for ...
2025-02-14 15:19:33.473 [info] Getting sessions for all scopes...
2025-02-14 15:19:33.473 [info] Got 1 sessions for ...
2025-02-14 15:19:33.474 [info] Getting sessions for read:user,repo,user:email,workflow...
2025-02-14 15:19:33.474 [info] Got 0 sessions for read:user,repo,user:email,workflow...
2025-02-14 15:19:33.474 [info] Getting sessions for user:email...
2025-02-14 15:19:33.474 [info] Got 1 sessions for user:email...
2025-02-14 15:19:33.476 [info] Getting sessions for all scopes...
2025-02-14 15:19:33.476 [info] Got 1 sessions for ...
2025-02-14 15:19:33.477 [info] Getting sessions for read:user,repo,user:email,workflow...
2025-02-14 15:19:33.477 [info] Got 0 sessions for read:user,repo,user:email,workflow...
2025-02-14 15:19:33.477 [info] Getting sessions for user:email...
2025-02-14 15:19:33.477 [info] Got 1 sessions for user:email...
2025-02-14 15:19:33.550 [info] Getting sessions for all scopes...
2025-02-14 15:19:33.550 [info] Got 1 sessions for ...
2025-02-14 15:19:33.551 [info] Getting sessions for read:user,repo,user:email,workflow...
2025-02-14 15:19:33.551 [info] Got 0 sessions for read:user,repo,user:email,workflow...
2025-02-14 15:19:33.552 [info] Getting sessions for user:email...
2025-02-14 15:19:33.552 [info] Got 1 sessions for user:email...
2025-02-14 15:19:34.941 [info] Getting sessions for all scopes...
2025-02-14 15:19:34.941 [info] Got 1 sessions for ...
2025-02-14 15:19:34.946 [info] Getting sessions for read:user,repo,user:email,workflow...
2025-02-14 15:19:34.946 [info] Got 0 sessions for read:user,repo,user:email,workflow...
2025-02-14 15:19:34.947 [info] Getting sessions for user:email...
2025-02-14 15:19:34.947 [info] Got 1 sessions for user:email...
2025-02-14 15:34:34.949 [info] Getting sessions for all scopes...
2025-02-14 15:34:34.950 [info] Got 1 sessions for ...
2025-02-14 15:34:34.952 [info] Getting sessions for read:user,repo,user:email,workflow...
2025-02-14 15:34:34.952 [info] Got 0 sessions for read:user,repo,user:email,workflow...
2025-02-14 15:34:34.953 [info] Getting sessions for user:email...
2025-02-14 15:34:34.953 [info] Got 1 sessions for user:email...
2025-02-14 15:44:33.455 [info] Getting sessions for all scopes...
2025-02-14 15:44:33.455 [info] Got 1 sessions for ...
2025-02-14 15:44:33.456 [info] Getting sessions for read:user,repo,user:email,workflow...
2025-02-14 15:44:33.456 [info] Got 0 sessions for read:user,repo,user:email,workflow...
2025-02-14 15:44:33.456 [info] Getting sessions for user:email...
2025-02-14 15:44:33.456 [info] Got 1 sessions for user:email...
2025-02-14 15:44:34.603 [info] Getting sessions for all scopes...
2025-02-14 15:44:34.603 [info] Got 1 sessions for ...
2025-02-14 15:44:34.604 [info] Getting sessions for all scopes...
2025-02-14 15:44:34.604 [info] Got 1 sessions for ...
2025-02-14 15:44:34.604 [info] Getting sessions for read:user,repo,user:email,workflow...
2025-02-14 15:44:34.604 [info] Got 0 sessions for read:user,repo,user:email,workflow...
2025-02-14 15:44:34.605 [info] Getting sessions for user:email...
2025-02-14 15:44:34.605 [info] Got 1 sessions for user:email...
2025-02-14 15:44:34.606 [info] Getting sessions for all scopes...
2025-02-14 15:44:34.606 [info] Got 1 sessions for ...
2025-02-14 15:44:34.607 [info] Getting sessions for read:user,repo,user:email,workflow...
2025-02-14 15:44:34.607 [info] Got 0 sessions for read:user,repo,user:email,workflow...
2025-02-14 15:44:34.608 [info] Getting sessions for user:email...
2025-02-14 15:44:34.608 [info] Got 1 sessions for user:email...
2025-02-14 15:44:34.626 [info] Getting sessions for all scopes...
2025-02-14 15:44:34.626 [info] Got 1 sessions for ...
2025-02-14 15:44:34.626 [info] Getting sessions for read:user,repo,user:email,workflow...
2025-02-14 15:44:34.626 [info] Got 0 sessions for read:user,repo,user:email,workflow...
2025-02-14 15:44:34.627 [info] Getting sessions for user:email...
2025-02-14 15:44:34.627 [info] Got 1 sessions for user:email...
2025-02-14 15:44:34.628 [info] Getting sessions for all scopes...
2025-02-14 15:44:34.628 [info] Got 1 sessions for ...
2025-02-14 15:44:34.629 [info] Getting sessions for read:user,repo,user:email,workflow...
2025-02-14 15:44:34.629 [info] Got 0 sessions for read:user,repo,user:email,workflow...
2025-02-14 15:44:34.630 [info] Getting sessions for user:email...
2025-02-14 15:44:34.630 [info] Got 1 sessions for user:email...
2025-02-14 15:45:06.559 [info] Getting sessions for read:user,repo,user:email,workflow...
2025-02-14 15:45:06.559 [info] Got 0 sessions for read:user,repo,user:email,workflow...
2025-02-14 15:45:06.560 [info] Getting sessions for read:user...
2025-02-14 15:45:06.560 [info] Got 0 sessions for read:user...
2025-02-14 15:45:06.560 [info] Getting sessions for user:email...
2025-02-14 15:45:06.560 [info] Got 1 sessions for user:email...
2025-02-14 15:59:35.697 [info] Getting sessions for all scopes...
2025-02-14 15:59:35.697 [info] Got 1 sessions for ...
2025-02-14 15:59:35.698 [info] Getting sessions for read:user,repo,user:email,workflow...
2025-02-14 15:59:35.698 [info] Got 0 sessions for read:user,repo,user:email,workflow...
2025-02-14 15:59:35.699 [info] Getting sessions for user:email...
2025-02-14 15:59:35.699 [info] Got 1 sessions for user:email...
2025-02-14 16:09:34.605 [info] Getting sessions for all scopes...
2025-02-14 16:09:34.605 [info] Got 1 sessions for ...
2025-02-14 16:09:34.606 [info] Getting sessions for read:user,repo,user:email,workflow...
2025-02-14 16:09:34.606 [info] Got 0 sessions for read:user,repo,user:email,workflow...
2025-02-14 16:09:34.607 [info] Getting sessions for user:email...
2025-02-14 16:09:34.607 [info] Got 1 sessions for user:email...
2025-02-14 16:09:35.735 [info] Getting sessions for all scopes...
2025-02-14 16:09:35.735 [info] Got 1 sessions for ...
2025-02-14 16:09:35.736 [info] Getting sessions for all scopes...
2025-02-14 16:09:35.736 [info] Got 1 sessions for ...
2025-02-14 16:09:35.736 [info] Getting sessions for read:user,repo,user:email,workflow...
2025-02-14 16:09:35.736 [info] Got 0 sessions for read:user,repo,user:email,workflow...
2025-02-14 16:09:35.736 [info] Getting sessions for user:email...
2025-02-14 16:09:35.736 [info] Got 1 sessions for user:email...
2025-02-14 16:09:35.737 [info] Getting sessions for all scopes...
2025-02-14 16:09:35.737 [info] Got 1 sessions for ...
2025-02-14 16:09:35.737 [info] Getting sessions for read:user,repo,user:email,workflow...
2025-02-14 16:09:35.737 [info] Got 0 sessions for read:user,repo,user:email,workflow...
2025-02-14 16:09:35.738 [info] Getting sessions for user:email...
2025-02-14 16:09:35.738 [info] Got 1 sessions for user:email...
2025-02-14 16:09:35.743 [info] Getting sessions for all scopes...
2025-02-14 16:09:35.743 [info] Got 1 sessions for ...
2025-02-14 16:09:35.743 [info] Getting sessions for read:user,repo,user:email,workflow...
2025-02-14 16:09:35.743 [info] Got 0 sessions for read:user,repo,user:email,workflow...
2025-02-14 16:09:35.744 [info] Getting sessions for user:email...
2025-02-14 16:09:35.744 [info] Got 1 sessions for user:email...
2025-02-14 16:09:35.745 [info] Getting sessions for all scopes...
2025-02-14 16:09:35.745 [info] Got 1 sessions for ...
2025-02-14 16:09:35.745 [info] Getting sessions for read:user,repo,user:email,workflow...
2025-02-14 16:09:35.745 [info] Got 0 sessions for read:user,repo,user:email,workflow...
2025-02-14 16:09:35.746 [info] Getting sessions for user:email...
2025-02-14 16:09:35.746 [info] Got 1 sessions for user:email...
2025-02-14 16:23:27.701 [info] Getting sessions for read:user,repo,user:email,workflow...
2025-02-14 16:23:27.701 [info] Got 0 sessions for read:user,repo,user:email,workflow...
2025-02-14 16:23:27.701 [info] Getting sessions for read:user...
2025-02-14 16:23:27.701 [info] Got 0 sessions for read:user...
2025-02-14 16:23:27.702 [info] Getting sessions for user:email...
2025-02-14 16:23:27.702 [info] Got 1 sessions for user:email...
2025-02-14 16:24:43.656 [info] Getting sessions for all scopes...
2025-02-14 16:24:43.656 [info] Got 1 sessions for ...
2025-02-14 16:24:43.656 [info] Getting sessions for read:user,repo,user:email,workflow...
2025-02-14 16:24:43.656 [info] Got 0 sessions for read:user,repo,user:email,workflow...
2025-02-14 16:24:43.657 [info] Getting sessions for user:email...
2025-02-14 16:24:43.657 [info] Got 1 sessions for user:email...
2025-02-14 16:24:43.658 [info] Getting sessions for all scopes...
2025-02-14 16:24:43.658 [info] Got 1 sessions for ...
2025-02-14 16:24:43.658 [info] Getting sessions for read:user,repo,user:email,workflow...
2025-02-14 16:24:43.658 [info] Got 0 sessions for read:user,repo,user:email,workflow...
2025-02-14 16:24:43.659 [info] Getting sessions for user:email...
2025-02-14 16:24:43.659 [info] Got 1 sessions for user:email...
2025-02-14 16:34:35.736 [info] Getting sessions for all scopes...
2025-02-14 16:34:35.736 [info] Got 1 sessions for ...
2025-02-14 16:34:35.737 [info] Getting sessions for read:user,repo,user:email,workflow...
2025-02-14 16:34:35.737 [info] Got 0 sessions for read:user,repo,user:email,workflow...
2025-02-14 16:34:35.738 [info] Getting sessions for user:email...
2025-02-14 16:34:35.738 [info] Got 1 sessions for user:email...
2025-02-14 16:34:36.864 [info] Getting sessions for all scopes...
2025-02-14 16:34:36.864 [info] Got 1 sessions for ...
2025-02-14 16:34:36.864 [info] Getting sessions for all scopes...
2025-02-14 16:34:36.864 [info] Got 1 sessions for ...
2025-02-14 16:34:36.864 [info] Getting sessions for read:user,repo,user:email,workflow...
2025-02-14 16:34:36.864 [info] Got 0 sessions for read:user,repo,user:email,workflow...
2025-02-14 16:34:36.865 [info] Getting sessions for user:email...
2025-02-14 16:34:36.865 [info] Got 1 sessions for user:email...
2025-02-14 16:34:36.865 [info] Getting sessions for all scopes...
2025-02-14 16:34:36.865 [info] Got 1 sessions for ...
2025-02-14 16:34:36.866 [info] Getting sessions for read:user,repo,user:email,workflow...
2025-02-14 16:34:36.866 [info] Got 0 sessions for read:user,repo,user:email,workflow...
2025-02-14 16:34:36.866 [info] Getting sessions for user:email...
2025-02-14 16:34:36.866 [info] Got 1 sessions for user:email...
2025-02-14 16:34:36.870 [info] Getting sessions for all scopes...
2025-02-14 16:34:36.870 [info] Got 1 sessions for ...
2025-02-14 16:34:36.870 [info] Getting sessions for read:user,repo,user:email,workflow...
2025-02-14 16:34:36.870 [info] Got 0 sessions for read:user,repo,user:email,workflow...
2025-02-14 16:34:36.871 [info] Getting sessions for user:email...
2025-02-14 16:34:36.871 [info] Got 1 sessions for user:email...
2025-02-14 16:49:36.875 [info] Getting sessions for all scopes...
2025-02-14 16:49:36.875 [info] Got 1 sessions for ...
2025-02-14 16:49:36.876 [info] Getting sessions for read:user,repo,user:email,workflow...
2025-02-14 16:49:36.876 [info] Got 0 sessions for read:user,repo,user:email,workflow...
2025-02-14 16:49:36.876 [info] Getting sessions for user:email...
2025-02-14 16:49:36.876 [info] Got 1 sessions for user:email...
2025-02-14 16:59:36.867 [info] Getting sessions for all scopes...
2025-02-14 16:59:36.867 [info] Got 1 sessions for ...
2025-02-14 16:59:36.868 [info] Getting sessions for read:user,repo,user:email,workflow...
2025-02-14 16:59:36.868 [info] Got 0 sessions for read:user,repo,user:email,workflow...
2025-02-14 16:59:36.869 [info] Getting sessions for user:email...
2025-02-14 16:59:36.869 [info] Got 1 sessions for user:email...
2025-02-14 16:59:37.989 [info] Getting sessions for all scopes...
2025-02-14 16:59:37.989 [info] Got 1 sessions for ...
2025-02-14 16:59:37.989 [info] Getting sessions for all scopes...
2025-02-14 16:59:37.989 [info] Got 1 sessions for ...
2025-02-14 16:59:37.990 [info] Getting sessions for read:user,repo,user:email,workflow...
2025-02-14 16:59:37.990 [info] Got 0 sessions for read:user,repo,user:email,workflow...
2025-02-14 16:59:37.990 [info] Getting sessions for user:email...
2025-02-14 16:59:37.990 [info] Got 1 sessions for user:email...
2025-02-14 16:59:37.991 [info] Getting sessions for all scopes...
2025-02-14 16:59:37.991 [info] Got 1 sessions for ...
2025-02-14 16:59:37.991 [info] Getting sessions for read:user,repo,user:email,workflow...
2025-02-14 16:59:37.991 [info] Got 0 sessions for read:user,repo,user:email,workflow...
2025-02-14 16:59:37.992 [info] Getting sessions for user:email...
2025-02-14 16:59:37.992 [info] Got 1 sessions for user:email...
2025-02-14 16:59:37.995 [info] Getting sessions for all scopes...
2025-02-14 16:59:37.995 [info] Got 1 sessions for ...
2025-02-14 16:59:37.996 [info] Getting sessions for read:user,repo,user:email,workflow...
2025-02-14 16:59:37.996 [info] Got 0 sessions for read:user,repo,user:email,workflow...
2025-02-14 16:59:37.996 [info] Getting sessions for user:email...
2025-02-14 16:59:37.996 [info] Got 1 sessions for user:email...
2025-02-14 17:14:37.999 [info] Getting sessions for all scopes...
2025-02-14 17:14:37.999 [info] Got 1 sessions for ...
2025-02-14 17:14:38.000 [info] Getting sessions for read:user,repo,user:email,workflow...
2025-02-14 17:14:38.000 [info] Got 0 sessions for read:user,repo,user:email,workflow...
2025-02-14 17:14:38.001 [info] Getting sessions for user:email...
2025-02-14 17:14:38.001 [info] Got 1 sessions for user:email...
2025-02-14 17:24:37.991 [info] Getting sessions for all scopes...
2025-02-14 17:24:37.991 [info] Got 1 sessions for ...
2025-02-14 17:24:37.992 [info] Getting sessions for read:user,repo,user:email,workflow...
2025-02-14 17:24:37.993 [info] Got 0 sessions for read:user,repo,user:email,workflow...
2025-02-14 17:24:37.993 [info] Getting sessions for user:email...
2025-02-14 17:24:37.993 [info] Got 1 sessions for user:email...
2025-02-14 17:24:39.147 [info] Getting sessions for all scopes...
2025-02-14 17:24:39.147 [info] Got 1 sessions for ...
2025-02-14 17:24:39.147 [info] Getting sessions for all scopes...
2025-02-14 17:24:39.147 [info] Got 1 sessions for ...
2025-02-14 17:24:39.147 [info] Getting sessions for read:user,repo,user:email,workflow...
2025-02-14 17:24:39.147 [info] Got 0 sessions for read:user,repo,user:email,workflow...
2025-02-14 17:24:39.148 [info] Getting sessions for user:email...
2025-02-14 17:24:39.148 [info] Got 1 sessions for user:email...
2025-02-14 17:24:39.148 [info] Getting sessions for all scopes...
2025-02-14 17:24:39.148 [info] Got 1 sessions for ...
2025-02-14 17:24:39.149 [info] Getting sessions for read:user,repo,user:email,workflow...
2025-02-14 17:24:39.149 [info] Got 0 sessions for read:user,repo,user:email,workflow...
2025-02-14 17:24:39.149 [info] Getting sessions for user:email...
2025-02-14 17:24:39.149 [info] Got 1 sessions for user:email...
2025-02-14 17:24:39.153 [info] Getting sessions for all scopes...
2025-02-14 17:24:39.153 [info] Got 1 sessions for ...
2025-02-14 17:24:39.153 [info] Getting sessions for read:user,repo,user:email,workflow...
2025-02-14 17:24:39.153 [info] Got 0 sessions for read:user,repo,user:email,workflow...
2025-02-14 17:24:39.154 [info] Getting sessions for user:email...
2025-02-14 17:24:39.154 [info] Got 1 sessions for user:email...
2025-02-14 17:39:39.156 [info] Getting sessions for all scopes...
2025-02-14 17:39:39.156 [info] Got 1 sessions for ...
2025-02-14 17:39:39.157 [info] Getting sessions for read:user,repo,user:email,workflow...
2025-02-14 17:39:39.157 [info] Got 0 sessions for read:user,repo,user:email,workflow...
2025-02-14 17:39:39.158 [info] Getting sessions for user:email...
2025-02-14 17:39:39.158 [info] Got 1 sessions for user:email...
2025-02-14 17:49:39.149 [info] Getting sessions for all scopes...
2025-02-14 17:49:39.149 [info] Got 1 sessions for ...
2025-02-14 17:49:39.150 [info] Getting sessions for read:user,repo,user:email,workflow...
2025-02-14 17:49:39.150 [info] Got 0 sessions for read:user,repo,user:email,workflow...
2025-02-14 17:49:39.151 [info] Getting sessions for user:email...
2025-02-14 17:49:39.151 [info] Got 1 sessions for user:email...
2025-02-14 17:49:40.236 [info] Getting sessions for all scopes...
2025-02-14 17:49:40.236 [info] Got 1 sessions for ...
2025-02-14 17:49:40.236 [info] Getting sessions for all scopes...
2025-02-14 17:49:40.236 [info] Got 1 sessions for ...
2025-02-14 17:49:40.237 [info] Getting sessions for read:user,repo,user:email,workflow...
2025-02-14 17:49:40.237 [info] Got 0 sessions for read:user,repo,user:email,workflow...
2025-02-14 17:49:40.237 [info] Getting sessions for user:email...
2025-02-14 17:49:40.237 [info] Got 1 sessions for user:email...
2025-02-14 17:49:40.238 [info] Getting sessions for all scopes...
2025-02-14 17:49:40.238 [info] Got 1 sessions for ...
2025-02-14 17:49:40.239 [info] Getting sessions for read:user,repo,user:email,workflow...
2025-02-14 17:49:40.239 [info] Got 0 sessions for read:user,repo,user:email,workflow...
2025-02-14 17:49:40.239 [info] Getting sessions for user:email...
2025-02-14 17:49:40.239 [info] Got 1 sessions for user:email...
2025-02-14 17:49:40.243 [info] Getting sessions for all scopes...
2025-02-14 17:49:40.243 [info] Got 1 sessions for ...
2025-02-14 17:49:40.244 [info] Getting sessions for read:user,repo,user:email,workflow...
2025-02-14 17:49:40.244 [info] Got 0 sessions for read:user,repo,user:email,workflow...
2025-02-14 17:49:40.244 [info] Getting sessions for user:email...
2025-02-14 17:49:40.244 [info] Got 1 sessions for user:email...
2025-02-14 18:04:40.247 [info] Getting sessions for all scopes...
2025-02-14 18:04:40.247 [info] Got 1 sessions for ...
2025-02-14 18:04:40.248 [info] Getting sessions for read:user,repo,user:email,workflow...
2025-02-14 18:04:40.248 [info] Got 0 sessions for read:user,repo,user:email,workflow...
2025-02-14 18:04:40.249 [info] Getting sessions for user:email...
2025-02-14 18:04:40.249 [info] Got 1 sessions for user:email...
2025-02-14 18:14:40.237 [info] Getting sessions for all scopes...
2025-02-14 18:14:40.237 [info] Got 1 sessions for ...
2025-02-14 18:14:40.238 [info] Getting sessions for read:user,repo,user:email,workflow...
2025-02-14 18:14:40.238 [info] Got 0 sessions for read:user,repo,user:email,workflow...
2025-02-14 18:14:40.239 [info] Getting sessions for user:email...
2025-02-14 18:14:40.239 [info] Got 1 sessions for user:email...
2025-02-14 18:14:41.375 [info] Getting sessions for all scopes...
2025-02-14 18:14:41.375 [info] Got 1 sessions for ...
2025-02-14 18:14:41.375 [info] Getting sessions for all scopes...
2025-02-14 18:14:41.375 [info] Got 1 sessions for ...
2025-02-14 18:14:41.376 [info] Getting sessions for read:user,repo,user:email,workflow...
2025-02-14 18:14:41.376 [info] Got 0 sessions for read:user,repo,user:email,workflow...
2025-02-14 18:14:41.377 [info] Getting sessions for user:email...
2025-02-14 18:14:41.377 [info] Got 1 sessions for user:email...
2025-02-14 18:14:41.377 [info] Getting sessions for all scopes...
2025-02-14 18:14:41.377 [info] Got 1 sessions for ...
2025-02-14 18:14:41.378 [info] Getting sessions for read:user,repo,user:email,workflow...
2025-02-14 18:14:41.378 [info] Got 0 sessions for read:user,repo,user:email,workflow...
2025-02-14 18:14:41.378 [info] Getting sessions for user:email...
2025-02-14 18:14:41.378 [info] Got 1 sessions for user:email...
2025-02-14 18:14:41.382 [info] Getting sessions for all scopes...
2025-02-14 18:14:41.382 [info] Got 1 sessions for ...
2025-02-14 18:14:41.382 [info] Getting sessions for read:user,repo,user:email,workflow...
2025-02-14 18:14:41.382 [info] Got 0 sessions for read:user,repo,user:email,workflow...
2025-02-14 18:14:41.383 [info] Getting sessions for user:email...
2025-02-14 18:14:41.383 [info] Got 1 sessions for user:email...
2025-02-14 18:29:41.385 [info] Getting sessions for all scopes...
2025-02-14 18:29:41.385 [info] Got 1 sessions for ...
2025-02-14 18:29:41.386 [info] Getting sessions for read:user,repo,user:email,workflow...
2025-02-14 18:29:41.386 [info] Got 0 sessions for read:user,repo,user:email,workflow...
2025-02-14 18:29:41.387 [info] Getting sessions for user:email...
2025-02-14 18:29:41.387 [info] Got 1 sessions for user:email...
2025-02-14 18:29:41.388 [info] Getting sessions for all scopes...
2025-02-14 18:29:41.388 [info] Got 1 sessions for ...
2025-02-14 18:29:41.388 [info] Getting sessions for read:user,repo,user:email,workflow...
2025-02-14 18:29:41.388 [info] Got 0 sessions for read:user,repo,user:email,workflow...
2025-02-14 18:29:41.389 [info] Getting sessions for user:email...
2025-02-14 18:29:41.389 [info] Got 1 sessions for user:email...
2025-02-14 18:39:41.377 [info] Getting sessions for all scopes...
2025-02-14 18:39:41.377 [info] Got 1 sessions for ...
2025-02-14 18:39:41.378 [info] Getting sessions for read:user,repo,user:email,workflow...
2025-02-14 18:39:41.378 [info] Got 0 sessions for read:user,repo,user:email,workflow...
2025-02-14 18:39:41.379 [info] Getting sessions for user:email...
2025-02-14 18:39:41.379 [info] Got 1 sessions for user:email...
2025-02-14 18:39:42.574 [info] Getting sessions for all scopes...
2025-02-14 18:39:42.574 [info] Got 1 sessions for ...
2025-02-14 18:39:42.574 [info] Getting sessions for all scopes...
2025-02-14 18:39:42.574 [info] Got 1 sessions for ...
2025-02-14 18:39:42.575 [info] Getting sessions for read:user,repo,user:email,workflow...
2025-02-14 18:39:42.575 [info] Got 0 sessions for read:user,repo,user:email,workflow...
2025-02-14 18:39:42.575 [info] Getting sessions for user:email...
2025-02-14 18:39:42.575 [info] Got 1 sessions for user:email...
2025-02-14 18:39:42.576 [info] Getting sessions for all scopes...
2025-02-14 18:39:42.576 [info] Got 1 sessions for ...
2025-02-14 18:39:42.576 [info] Getting sessions for read:user,repo,user:email,workflow...
2025-02-14 18:39:42.576 [info] Got 0 sessions for read:user,repo,user:email,workflow...
2025-02-14 18:39:42.576 [info] Getting sessions for user:email...
2025-02-14 18:39:42.576 [info] Got 1 sessions for user:email...
2025-02-14 18:39:42.580 [info] Getting sessions for all scopes...
2025-02-14 18:39:42.580 [info] Got 1 sessions for ...
2025-02-14 18:39:42.580 [info] Getting sessions for read:user,repo,user:email,workflow...
2025-02-14 18:39:42.580 [info] Got 0 sessions for read:user,repo,user:email,workflow...
2025-02-14 18:39:42.581 [info] Getting sessions for user:email...
2025-02-14 18:39:42.581 [info] Got 1 sessions for user:email...
2025-02-14 18:54:42.583 [info] Getting sessions for all scopes...
2025-02-14 18:54:42.583 [info] Got 1 sessions for ...
2025-02-14 18:54:42.584 [info] Getting sessions for read:user,repo,user:email,workflow...
2025-02-14 18:54:42.584 [info] Got 0 sessions for read:user,repo,user:email,workflow...
2025-02-14 18:54:42.584 [info] Getting sessions for user:email...
2025-02-14 18:54:42.584 [info] Got 1 sessions for user:email...
2025-02-14 19:04:42.575 [info] Getting sessions for all scopes...
2025-02-14 19:04:42.575 [info] Got 1 sessions for ...
2025-02-14 19:04:42.575 [info] Getting sessions for read:user,repo,user:email,workflow...
2025-02-14 19:04:42.575 [info] Got 0 sessions for read:user,repo,user:email,workflow...
2025-02-14 19:04:42.576 [info] Getting sessions for user:email...
2025-02-14 19:04:42.576 [info] Got 1 sessions for user:email...
2025-02-14 19:04:43.706 [info] Getting sessions for all scopes...
2025-02-14 19:04:43.706 [info] Got 1 sessions for ...
2025-02-14 19:04:43.706 [info] Getting sessions for all scopes...
2025-02-14 19:04:43.706 [info] Got 1 sessions for ...
2025-02-14 19:04:43.707 [info] Getting sessions for read:user,repo,user:email,workflow...
2025-02-14 19:04:43.707 [info] Got 0 sessions for read:user,repo,user:email,workflow...
2025-02-14 19:04:43.707 [info] Getting sessions for user:email...
2025-02-14 19:04:43.707 [info] Got 1 sessions for user:email...
2025-02-14 19:04:43.708 [info] Getting sessions for all scopes...
2025-02-14 19:04:43.708 [info] Got 1 sessions for ...
2025-02-14 19:04:43.708 [info] Getting sessions for read:user,repo,user:email,workflow...
2025-02-14 19:04:43.708 [info] Got 0 sessions for read:user,repo,user:email,workflow...
2025-02-14 19:04:43.709 [info] Getting sessions for user:email...
2025-02-14 19:04:43.709 [info] Got 1 sessions for user:email...
2025-02-14 19:04:43.712 [info] Getting sessions for all scopes...
2025-02-14 19:04:43.712 [info] Got 1 sessions for ...
2025-02-14 19:04:43.713 [info] Getting sessions for read:user,repo,user:email,workflow...
2025-02-14 19:04:43.713 [info] Got 0 sessions for read:user,repo,user:email,workflow...
2025-02-14 19:04:43.713 [info] Getting sessions for user:email...
2025-02-14 19:04:43.713 [info] Got 1 sessions for user:email...
2025-02-14 19:04:43.715 [info] Getting sessions for all scopes...
2025-02-14 19:04:43.715 [info] Got 1 sessions for ...
2025-02-14 19:04:43.715 [info] Getting sessions for read:user,repo,user:email,workflow...
2025-02-14 19:04:43.715 [info] Got 0 sessions for read:user,repo,user:email,workflow...
2025-02-14 19:04:43.716 [info] Getting sessions for user:email...
2025-02-14 19:04:43.716 [info] Got 1 sessions for user:email...
