2025-02-14 15:19:29.702 [info] [main] 日志级别: Info
2025-02-14 15:19:29.702 [info] [main] 正在验证在以下位置找到的 git: "git"
2025-02-14 15:19:29.702 [info] [main] 使用来自 "git" 的 git "2.48.1"
2025-02-14 15:19:29.702 [info] [Model][doInitialScan] Initial repository scan started
2025-02-14 15:19:29.702 [info] > git rev-parse --show-toplevel [7ms]
2025-02-14 15:19:29.702 [info] > git rev-parse --git-dir --git-common-dir [187ms]
2025-02-14 15:19:29.702 [info] [Model][openRepository] Opened repository: /home/hooke/works/wnri-bluet-v5
2025-02-14 15:19:29.710 [info] > git config --get commit.template [26ms]
2025-02-14 15:19:29.809 [info] > git for-each-ref --format=%(refname)%00%(upstream:short)%00%(objectname)%00%(upstream:track)%00%(upstream:remotename)%00%(upstream:remoteref) refs/heads/master refs/remotes/master [44ms]
2025-02-14 15:19:29.838 [warning] [Git][revParse] Unable to read file: ENOENT: no such file or directory, open '/home/hooke/works/wnri-bluet-v5/.git/refs/remotes/origin/master'
2025-02-14 15:19:29.840 [info] > git rev-parse --show-toplevel [35ms]
2025-02-14 15:19:29.866 [info] > git rev-parse refs/remotes/origin/master [28ms]
2025-02-14 15:19:29.912 [info] > git rev-parse --show-toplevel [55ms]
2025-02-14 15:19:29.934 [info] > git status -z -uall [50ms]
2025-02-14 15:19:29.947 [info] > git for-each-ref --sort -committerdate --format %(refname) %(objectname) %(*objectname) [39ms]
2025-02-14 15:19:29.957 [info] > git rev-parse --show-toplevel [23ms]
2025-02-14 15:19:30.050 [info] > git for-each-ref --format=%(refname)%00%(upstream:short)%00%(objectname)%00%(upstream:track)%00%(upstream:remotename)%00%(upstream:remoteref) refs/heads/master refs/remotes/master [64ms]
2025-02-14 15:19:30.076 [info] > git config --get --local branch.master.vscode-merge-base [9ms]
2025-02-14 15:19:30.099 [info] > git config --get commit.template [57ms]
2025-02-14 15:19:30.099 [info] > git rev-parse --show-toplevel [75ms]
2025-02-14 15:19:30.122 [info] > git for-each-ref --format=%(refname)%00%(upstream:short)%00%(objectname)%00%(upstream:track)%00%(upstream:remotename)%00%(upstream:remoteref) refs/heads/origin/master refs/remotes/origin/master [24ms]
2025-02-14 15:19:30.160 [info] > git merge-base refs/heads/master refs/remotes/origin/master [20ms]
2025-02-14 15:19:30.173 [info] > git rev-parse --show-toplevel [52ms]
2025-02-14 15:19:30.189 [info] > git diff --name-status -z --diff-filter=ADMR c82cdb0220e9aed5dc2f2ec516e72895d7d470b5...refs/remotes/origin/master [17ms]
2025-02-14 15:19:30.189 [info] > git for-each-ref --format=%(refname)%00%(upstream:short)%00%(objectname)%00%(upstream:track)%00%(upstream:remotename)%00%(upstream:remoteref) refs/heads/master refs/remotes/master [33ms]
2025-02-14 15:19:30.223 [warning] [Git][revParse] Unable to read file: ENOENT: no such file or directory, open '/home/hooke/works/wnri-bluet-v5/.git/refs/remotes/origin/master'
2025-02-14 15:19:30.225 [info] > git check-ignore -v -z --stdin [21ms]
2025-02-14 15:19:30.226 [info] > git rev-parse --show-toplevel [38ms]
2025-02-14 15:19:30.246 [info] > git rev-parse refs/remotes/origin/master [23ms]
2025-02-14 15:19:30.279 [info] > git for-each-ref --sort -committerdate --format %(refname) %(objectname) %(*objectname) [2ms]
2025-02-14 15:19:30.280 [info] > git rev-parse --show-toplevel [35ms]
2025-02-14 15:19:30.309 [info] > git status -z -uall [48ms]
2025-02-14 15:19:30.309 [info] > git rev-parse --show-toplevel [6ms]
2025-02-14 15:19:30.311 [info] [Model][doInitialScan] Initial repository scan completed - repositories (1), closed repositories (0), parent repositories (0), unsafe repositories (0)
2025-02-14 15:19:32.071 [info] > git check-ignore -v -z --stdin [750ms]
2025-02-14 15:19:32.157 [info] > git check-ignore -v -z --stdin [50ms]
2025-02-14 15:19:32.678 [info] > git check-ignore -v -z --stdin [2ms]
2025-02-14 15:19:32.910 [info] > git config --get commit.template [7ms]
2025-02-14 15:19:32.955 [info] > git for-each-ref --format=%(refname)%00%(upstream:short)%00%(objectname)%00%(upstream:track)%00%(upstream:remotename)%00%(upstream:remoteref) refs/heads/master refs/remotes/master [20ms]
2025-02-14 15:19:32.978 [warning] [Git][revParse] Unable to read file: ENOENT: no such file or directory, open '/home/hooke/works/wnri-bluet-v5/.git/refs/remotes/origin/master'
2025-02-14 15:19:32.982 [info] > git rev-parse refs/remotes/origin/master [4ms]
2025-02-14 15:19:33.024 [info] > git for-each-ref --sort -committerdate --format %(refname) %(objectname) %(*objectname) [3ms]
2025-02-14 15:19:33.030 [info] > git status -z -uall [29ms]
2025-02-14 15:19:33.776 [info] > git config --get commit.template [1ms]
2025-02-14 15:19:33.795 [info] > git for-each-ref --format=%(refname)%00%(upstream:short)%00%(objectname)%00%(upstream:track)%00%(upstream:remotename)%00%(upstream:remoteref) refs/heads/master refs/remotes/master [1ms]
2025-02-14 15:19:33.815 [warning] [Git][revParse] Unable to read file: ENOENT: no such file or directory, open '/home/hooke/works/wnri-bluet-v5/.git/refs/remotes/origin/master'
2025-02-14 15:19:33.817 [info] > git rev-parse refs/remotes/origin/master [2ms]
2025-02-14 15:19:33.855 [info] > git for-each-ref --sort -committerdate --format %(refname) %(objectname) %(*objectname) [2ms]
2025-02-14 15:19:33.863 [info] > git status -z -uall [28ms]
2025-02-14 15:19:38.759 [info] > git check-ignore -v -z --stdin [1ms]
2025-02-14 15:19:53.508 [info] > git show --textconv :Scripts/FactoryWNS.py [24ms]
2025-02-14 15:19:53.509 [info] > git ls-files --stage -- /home/hooke/works/wnri-bluet-v5/Scripts/FactoryWNS.py [2ms]
2025-02-14 15:19:53.535 [info] > git cat-file -s ee164e4417e872f02d93c14ac43200effba6e9fb [4ms]
2025-02-14 15:19:53.937 [info] > git config --get commit.template [19ms]
2025-02-14 15:19:53.937 [info] > git for-each-ref --format=%(refname)%00%(upstream:short)%00%(objectname)%00%(upstream:track)%00%(upstream:remotename)%00%(upstream:remoteref) refs/heads/master refs/remotes/master [1ms]
2025-02-14 15:19:53.954 [warning] [Git][revParse] Unable to read file: ENOENT: no such file or directory, open '/home/hooke/works/wnri-bluet-v5/.git/refs/remotes/origin/master'
2025-02-14 15:19:53.955 [info] > git rev-parse refs/remotes/origin/master [1ms]
2025-02-14 15:19:53.992 [info] > git for-each-ref --sort -committerdate --format %(refname) %(objectname) %(*objectname) [2ms]
2025-02-14 15:19:53.999 [info] > git status -z -uall [27ms]
2025-02-14 15:19:59.033 [info] > git config --get commit.template [14ms]
2025-02-14 15:19:59.033 [info] > git for-each-ref --format=%(refname)%00%(upstream:short)%00%(objectname)%00%(upstream:track)%00%(upstream:remotename)%00%(upstream:remoteref) refs/heads/master refs/remotes/master [1ms]
2025-02-14 15:19:59.047 [warning] [Git][revParse] Unable to read file: ENOENT: no such file or directory, open '/home/hooke/works/wnri-bluet-v5/.git/refs/remotes/origin/master'
2025-02-14 15:19:59.048 [info] > git rev-parse refs/remotes/origin/master [1ms]
2025-02-14 15:19:59.079 [info] > git for-each-ref --sort -committerdate --format %(refname) %(objectname) %(*objectname) [1ms]
2025-02-14 15:19:59.089 [info] > git status -z -uall [27ms]
2025-02-14 15:20:00.179 [info] > git show --textconv :yihBluetWork/BluetWaveFactory.C [29ms]
2025-02-14 15:20:00.180 [info] > git ls-files --stage -- /home/hooke/works/wnri-bluet-v5/yihBluetWork/BluetWaveFactory.C [2ms]
2025-02-14 15:20:00.209 [info] > git cat-file -s 7708e2887b1a51e3c90f0dd0fd03ecfdcfd8d462 [4ms]
2025-02-14 15:20:00.261 [info] > git blame --root --incremental c82cdb0220e9aed5dc2f2ec516e72895d7d470b5 -- /home/hooke/works/wnri-bluet-v5/yihBluetWork/BluetWaveFactory.C [2ms]
2025-02-14 15:23:04.992 [info] > git show --textconv :.vscode/test.txt [22ms]
2025-02-14 15:23:05.014 [info] > git ls-files --stage -- /home/hooke/works/wnri-bluet-v5/.vscode/test.txt [23ms]
2025-02-14 15:23:05.036 [info] > git hash-object -t tree /dev/null [2ms]
2025-02-14 15:23:05.036 [warning] [GitFileSystemProvider][stat] File not found - git:/home/hooke/works/wnri-bluet-v5/.vscode/test.txt.git?%7B%22path%22%3A%22%2Fhome%2Fhooke%2Fworks%2Fwnri-bluet-v5%2F.vscode%2Ftest.txt%22%2C%22ref%22%3A%22%22%7D
2025-02-14 15:23:05.043 [info] > git hash-object -t tree /dev/null [30ms]
2025-02-14 15:23:05.043 [warning] [GitFileSystemProvider][readFile] File not found - git:/home/hooke/works/wnri-bluet-v5/.vscode/test.txt.git?%7B%22path%22%3A%22%2Fhome%2Fhooke%2Fworks%2Fwnri-bluet-v5%2F.vscode%2Ftest.txt%22%2C%22ref%22%3A%22%22%7D
2025-02-14 15:23:05.068 [info] > git blame --root --incremental c82cdb0220e9aed5dc2f2ec516e72895d7d470b5 -- /home/hooke/works/wnri-bluet-v5/.vscode/test.txt [1ms]
2025-02-14 15:23:05.068 [info] 致命错误：在 c82cdb0220e9aed5dc2f2ec516e72895d7d470b5 中无此路径 .vscode/test.txt
2025-02-14 15:23:16.848 [info] > git config --get commit.template [15ms]
2025-02-14 15:23:16.848 [info] > git for-each-ref --format=%(refname)%00%(upstream:short)%00%(objectname)%00%(upstream:track)%00%(upstream:remotename)%00%(upstream:remoteref) refs/heads/master refs/remotes/master [1ms]
2025-02-14 15:23:16.863 [warning] [Git][revParse] Unable to read file: ENOENT: no such file or directory, open '/home/hooke/works/wnri-bluet-v5/.git/refs/remotes/origin/master'
2025-02-14 15:23:16.864 [info] > git rev-parse refs/remotes/origin/master [1ms]
2025-02-14 15:23:16.894 [info] > git for-each-ref --sort -committerdate --format %(refname) %(objectname) %(*objectname) [1ms]
2025-02-14 15:23:16.905 [info] > git status -z -uall [27ms]
2025-02-14 15:23:23.770 [info] > git config --get commit.template [20ms]
2025-02-14 15:23:23.771 [info] > git for-each-ref --format=%(refname)%00%(upstream:short)%00%(objectname)%00%(upstream:track)%00%(upstream:remotename)%00%(upstream:remoteref) refs/heads/master refs/remotes/master [2ms]
2025-02-14 15:23:23.789 [warning] [Git][revParse] Unable to read file: ENOENT: no such file or directory, open '/home/hooke/works/wnri-bluet-v5/.git/refs/remotes/origin/master'
2025-02-14 15:23:23.790 [info] > git rev-parse refs/remotes/origin/master [1ms]
2025-02-14 15:23:23.832 [info] > git for-each-ref --sort -committerdate --format %(refname) %(objectname) %(*objectname) [2ms]
2025-02-14 15:23:23.836 [info] > git status -z -uall [28ms]
2025-02-14 15:23:28.856 [info] > git config --get commit.template [1ms]
2025-02-14 15:23:28.872 [info] > git for-each-ref --format=%(refname)%00%(upstream:short)%00%(objectname)%00%(upstream:track)%00%(upstream:remotename)%00%(upstream:remoteref) refs/heads/master refs/remotes/master [1ms]
2025-02-14 15:23:28.886 [warning] [Git][revParse] Unable to read file: ENOENT: no such file or directory, open '/home/hooke/works/wnri-bluet-v5/.git/refs/remotes/origin/master'
2025-02-14 15:23:28.887 [info] > git rev-parse refs/remotes/origin/master [0ms]
2025-02-14 15:23:28.918 [info] > git for-each-ref --sort -committerdate --format %(refname) %(objectname) %(*objectname) [1ms]
2025-02-14 15:23:28.929 [info] > git status -z -uall [27ms]
2025-02-14 15:23:43.751 [info] > git config --get commit.template [16ms]
2025-02-14 15:23:43.751 [info] > git for-each-ref --format=%(refname)%00%(upstream:short)%00%(objectname)%00%(upstream:track)%00%(upstream:remotename)%00%(upstream:remoteref) refs/heads/master refs/remotes/master [1ms]
2025-02-14 15:23:43.765 [warning] [Git][revParse] Unable to read file: ENOENT: no such file or directory, open '/home/hooke/works/wnri-bluet-v5/.git/refs/remotes/origin/master'
2025-02-14 15:23:43.766 [info] > git rev-parse refs/remotes/origin/master [1ms]
2025-02-14 15:23:43.804 [info] > git for-each-ref --sort -committerdate --format %(refname) %(objectname) %(*objectname) [2ms]
2025-02-14 15:23:43.811 [info] > git status -z -uall [30ms]
2025-02-14 15:25:24.659 [info] > git config --get commit.template [2ms]
2025-02-14 15:25:24.681 [info] > git for-each-ref --format=%(refname)%00%(upstream:short)%00%(objectname)%00%(upstream:track)%00%(upstream:remotename)%00%(upstream:remoteref) refs/heads/master refs/remotes/master [1ms]
2025-02-14 15:25:24.701 [warning] [Git][revParse] Unable to read file: ENOENT: no such file or directory, open '/home/hooke/works/wnri-bluet-v5/.git/refs/remotes/origin/master'
2025-02-14 15:25:24.702 [info] > git rev-parse refs/remotes/origin/master [1ms]
2025-02-14 15:25:24.745 [info] > git for-each-ref --sort -committerdate --format %(refname) %(objectname) %(*objectname) [1ms]
2025-02-14 15:25:24.751 [info] > git status -z -uall [29ms]
2025-02-14 15:25:33.497 [info] > git config --get commit.template [1ms]
2025-02-14 15:25:33.512 [info] > git for-each-ref --format=%(refname)%00%(upstream:short)%00%(objectname)%00%(upstream:track)%00%(upstream:remotename)%00%(upstream:remoteref) refs/heads/master refs/remotes/master [1ms]
2025-02-14 15:25:33.526 [warning] [Git][revParse] Unable to read file: ENOENT: no such file or directory, open '/home/hooke/works/wnri-bluet-v5/.git/refs/remotes/origin/master'
2025-02-14 15:25:33.527 [info] > git rev-parse refs/remotes/origin/master [1ms]
2025-02-14 15:25:33.557 [info] > git for-each-ref --sort -committerdate --format %(refname) %(objectname) %(*objectname) [1ms]
2025-02-14 15:25:33.568 [info] > git status -z -uall [27ms]
2025-02-14 15:25:38.600 [info] > git config --get commit.template [15ms]
2025-02-14 15:25:38.601 [info] > git for-each-ref --format=%(refname)%00%(upstream:short)%00%(objectname)%00%(upstream:track)%00%(upstream:remotename)%00%(upstream:remoteref) refs/heads/master refs/remotes/master [1ms]
2025-02-14 15:25:38.615 [warning] [Git][revParse] Unable to read file: ENOENT: no such file or directory, open '/home/hooke/works/wnri-bluet-v5/.git/refs/remotes/origin/master'
2025-02-14 15:25:38.616 [info] > git rev-parse refs/remotes/origin/master [1ms]
2025-02-14 15:25:38.649 [info] > git for-each-ref --sort -committerdate --format %(refname) %(objectname) %(*objectname) [1ms]
2025-02-14 15:25:38.657 [info] > git status -z -uall [27ms]
2025-02-14 15:25:46.095 [info] > git show --textconv :yihBluetWork/BluetWaveFactory.C [22ms]
2025-02-14 15:25:46.098 [info] > git ls-files --stage -- /home/hooke/works/wnri-bluet-v5/yihBluetWork/BluetWaveFactory.C [4ms]
2025-02-14 15:25:46.120 [info] > git cat-file -s 7708e2887b1a51e3c90f0dd0fd03ecfdcfd8d462 [1ms]
2025-02-14 15:26:06.940 [info] > git rev-parse --show-toplevel [2ms]
2025-02-14 15:26:06.940 [info] 致命错误：不是 git 仓库（或者任何父目录）：.git
2025-02-14 15:26:09.759 [info] > git show --textconv :yihBluetWork/BluetWaveFactory.C [22ms]
2025-02-14 15:26:09.760 [info] > git ls-files --stage -- /home/hooke/works/wnri-bluet-v5/yihBluetWork/BluetWaveFactory.C [2ms]
2025-02-14 15:26:09.785 [info] > git cat-file -s 7708e2887b1a51e3c90f0dd0fd03ecfdcfd8d462 [3ms]
2025-02-14 15:26:24.867 [info] > git show --textconv :.vscode/test.txt [20ms]
2025-02-14 15:26:24.868 [warning] [GitFileSystemProvider][readFile] File not found - git:/home/hooke/works/wnri-bluet-v5/.vscode/test.txt.git?%7B%22path%22%3A%22%2Fhome%2Fhooke%2Fworks%2Fwnri-bluet-v5%2F.vscode%2Ftest.txt%22%2C%22ref%22%3A%22%22%7D
2025-02-14 15:26:24.869 [info] > git ls-files --stage -- /home/hooke/works/wnri-bluet-v5/.vscode/test.txt [2ms]
2025-02-14 15:26:24.869 [warning] [GitFileSystemProvider][stat] File not found - git:/home/hooke/works/wnri-bluet-v5/.vscode/test.txt.git?%7B%22path%22%3A%22%2Fhome%2Fhooke%2Fworks%2Fwnri-bluet-v5%2F.vscode%2Ftest.txt%22%2C%22ref%22%3A%22%22%7D
2025-02-14 15:27:06.883 [info] > git config --get commit.template [20ms]
2025-02-14 15:27:06.884 [info] > git for-each-ref --format=%(refname)%00%(upstream:short)%00%(objectname)%00%(upstream:track)%00%(upstream:remotename)%00%(upstream:remoteref) refs/heads/master refs/remotes/master [1ms]
2025-02-14 15:27:06.902 [warning] [Git][revParse] Unable to read file: ENOENT: no such file or directory, open '/home/hooke/works/wnri-bluet-v5/.git/refs/remotes/origin/master'
2025-02-14 15:27:06.903 [info] > git rev-parse refs/remotes/origin/master [0ms]
2025-02-14 15:27:06.941 [info] > git for-each-ref --sort -committerdate --format %(refname) %(objectname) %(*objectname) [2ms]
2025-02-14 15:27:06.948 [info] > git status -z -uall [28ms]
2025-02-14 15:27:11.973 [info] > git config --get commit.template [2ms]
2025-02-14 15:27:11.992 [info] > git for-each-ref --format=%(refname)%00%(upstream:short)%00%(objectname)%00%(upstream:track)%00%(upstream:remotename)%00%(upstream:remoteref) refs/heads/master refs/remotes/master [1ms]
2025-02-14 15:27:12.010 [warning] [Git][revParse] Unable to read file: ENOENT: no such file or directory, open '/home/hooke/works/wnri-bluet-v5/.git/refs/remotes/origin/master'
2025-02-14 15:27:12.011 [info] > git rev-parse refs/remotes/origin/master [1ms]
2025-02-14 15:27:12.051 [info] > git for-each-ref --sort -committerdate --format %(refname) %(objectname) %(*objectname) [1ms]
2025-02-14 15:27:12.057 [info] > git status -z -uall [29ms]
2025-02-14 15:27:17.090 [info] > git config --get commit.template [15ms]
2025-02-14 15:27:17.091 [info] > git for-each-ref --format=%(refname)%00%(upstream:short)%00%(objectname)%00%(upstream:track)%00%(upstream:remotename)%00%(upstream:remoteref) refs/heads/master refs/remotes/master [1ms]
2025-02-14 15:27:17.106 [warning] [Git][revParse] Unable to read file: ENOENT: no such file or directory, open '/home/hooke/works/wnri-bluet-v5/.git/refs/remotes/origin/master'
2025-02-14 15:27:17.107 [info] > git rev-parse refs/remotes/origin/master [1ms]
2025-02-14 15:27:17.138 [info] > git for-each-ref --sort -committerdate --format %(refname) %(objectname) %(*objectname) [1ms]
2025-02-14 15:27:17.149 [info] > git status -z -uall [27ms]
2025-02-14 15:28:35.626 [info] > git config --get commit.template [14ms]
2025-02-14 15:28:35.627 [info] > git for-each-ref --format=%(refname)%00%(upstream:short)%00%(objectname)%00%(upstream:track)%00%(upstream:remotename)%00%(upstream:remoteref) refs/heads/master refs/remotes/master [1ms]
2025-02-14 15:28:35.640 [warning] [Git][revParse] Unable to read file: ENOENT: no such file or directory, open '/home/hooke/works/wnri-bluet-v5/.git/refs/remotes/origin/master'
2025-02-14 15:28:35.642 [info] > git rev-parse refs/remotes/origin/master [2ms]
2025-02-14 15:28:35.676 [info] > git for-each-ref --sort -committerdate --format %(refname) %(objectname) %(*objectname) [1ms]
2025-02-14 15:28:35.686 [info] > git status -z -uall [27ms]
2025-02-14 15:28:40.717 [info] > git config --get commit.template [14ms]
2025-02-14 15:28:40.718 [info] > git for-each-ref --format=%(refname)%00%(upstream:short)%00%(objectname)%00%(upstream:track)%00%(upstream:remotename)%00%(upstream:remoteref) refs/heads/master refs/remotes/master [1ms]
2025-02-14 15:28:40.732 [warning] [Git][revParse] Unable to read file: ENOENT: no such file or directory, open '/home/hooke/works/wnri-bluet-v5/.git/refs/remotes/origin/master'
2025-02-14 15:28:40.733 [info] > git rev-parse refs/remotes/origin/master [1ms]
2025-02-14 15:28:40.762 [info] > git for-each-ref --sort -committerdate --format %(refname) %(objectname) %(*objectname) [1ms]
2025-02-14 15:28:40.773 [info] > git status -z -uall [27ms]
2025-02-14 15:29:00.882 [info] > git show --textconv :yihBluetWork/BluetWaveFactory.C [20ms]
2025-02-14 15:29:00.884 [info] > git ls-files --stage -- /home/hooke/works/wnri-bluet-v5/yihBluetWork/BluetWaveFactory.C [3ms]
2025-02-14 15:29:00.906 [info] > git cat-file -s 7708e2887b1a51e3c90f0dd0fd03ecfdcfd8d462 [2ms]
2025-02-14 15:29:16.965 [info] > git show --textconv :.vscode/test.txt [21ms]
2025-02-14 15:29:16.965 [warning] [GitFileSystemProvider][readFile] File not found - git:/home/hooke/works/wnri-bluet-v5/.vscode/test.txt.git?%7B%22path%22%3A%22%2Fhome%2Fhooke%2Fworks%2Fwnri-bluet-v5%2F.vscode%2Ftest.txt%22%2C%22ref%22%3A%22%22%7D
2025-02-14 15:29:16.965 [info] > git ls-files --stage -- /home/hooke/works/wnri-bluet-v5/.vscode/test.txt [1ms]
2025-02-14 15:29:16.966 [warning] [GitFileSystemProvider][stat] File not found - git:/home/hooke/works/wnri-bluet-v5/.vscode/test.txt.git?%7B%22path%22%3A%22%2Fhome%2Fhooke%2Fworks%2Fwnri-bluet-v5%2F.vscode%2Ftest.txt%22%2C%22ref%22%3A%22%22%7D
2025-02-14 15:29:19.708 [info] > git show --textconv :yihBluetWork/BluetWaveFactory.C [22ms]
2025-02-14 15:29:19.710 [info] > git ls-files --stage -- /home/hooke/works/wnri-bluet-v5/yihBluetWork/BluetWaveFactory.C [3ms]
2025-02-14 15:29:19.732 [info] > git cat-file -s 7708e2887b1a51e3c90f0dd0fd03ecfdcfd8d462 [2ms]
2025-02-14 15:29:20.733 [info] > git show --textconv :.vscode/test.txt [21ms]
2025-02-14 15:29:20.734 [warning] [GitFileSystemProvider][readFile] File not found - git:/home/hooke/works/wnri-bluet-v5/.vscode/test.txt.git?%7B%22path%22%3A%22%2Fhome%2Fhooke%2Fworks%2Fwnri-bluet-v5%2F.vscode%2Ftest.txt%22%2C%22ref%22%3A%22%22%7D
2025-02-14 15:29:20.734 [info] > git ls-files --stage -- /home/hooke/works/wnri-bluet-v5/.vscode/test.txt [1ms]
2025-02-14 15:29:20.734 [warning] [GitFileSystemProvider][stat] File not found - git:/home/hooke/works/wnri-bluet-v5/.vscode/test.txt.git?%7B%22path%22%3A%22%2Fhome%2Fhooke%2Fworks%2Fwnri-bluet-v5%2F.vscode%2Ftest.txt%22%2C%22ref%22%3A%22%22%7D
2025-02-14 15:29:31.386 [info] > git show --textconv :yihBluetWork/BluetWaveFactory.C [22ms]
2025-02-14 15:29:31.387 [info] > git ls-files --stage -- /home/hooke/works/wnri-bluet-v5/yihBluetWork/BluetWaveFactory.C [2ms]
2025-02-14 15:29:31.409 [info] > git cat-file -s 7708e2887b1a51e3c90f0dd0fd03ecfdcfd8d462 [2ms]
2025-02-14 15:30:22.108 [info] > git config --get commit.template [19ms]
2025-02-14 15:30:22.109 [info] > git for-each-ref --format=%(refname)%00%(upstream:short)%00%(objectname)%00%(upstream:track)%00%(upstream:remotename)%00%(upstream:remoteref) refs/heads/master refs/remotes/master [1ms]
2025-02-14 15:30:22.127 [warning] [Git][revParse] Unable to read file: ENOENT: no such file or directory, open '/home/hooke/works/wnri-bluet-v5/.git/refs/remotes/origin/master'
2025-02-14 15:30:22.127 [info] > git rev-parse refs/remotes/origin/master [0ms]
2025-02-14 15:30:22.166 [info] > git for-each-ref --sort -committerdate --format %(refname) %(objectname) %(*objectname) [1ms]
2025-02-14 15:30:22.173 [info] > git status -z -uall [28ms]
2025-02-14 15:30:48.741 [info] > git config --get commit.template [22ms]
2025-02-14 15:30:48.741 [info] > git for-each-ref --format=%(refname)%00%(upstream:short)%00%(objectname)%00%(upstream:track)%00%(upstream:remotename)%00%(upstream:remoteref) refs/heads/master refs/remotes/master [1ms]
2025-02-14 15:30:48.762 [warning] [Git][revParse] Unable to read file: ENOENT: no such file or directory, open '/home/hooke/works/wnri-bluet-v5/.git/refs/remotes/origin/master'
2025-02-14 15:30:48.763 [info] > git rev-parse refs/remotes/origin/master [1ms]
2025-02-14 15:30:48.805 [info] > git for-each-ref --sort -committerdate --format %(refname) %(objectname) %(*objectname) [1ms]
2025-02-14 15:30:48.810 [info] > git status -z -uall [28ms]
2025-02-14 15:30:50.691 [info] > git check-ignore -v -z --stdin [1ms]
2025-02-14 15:30:51.875 [info] > git check-ignore -v -z --stdin [1ms]
2025-02-14 15:30:54.455 [info] > git show --textconv :yihBluetWork/BluetWaveFactory.C [22ms]
2025-02-14 15:30:54.455 [info] > git ls-files --stage -- /home/hooke/works/wnri-bluet-v5/yihBluetWork/BluetWaveFactory.C [1ms]
2025-02-14 15:30:54.479 [info] > git cat-file -s 7708e2887b1a51e3c90f0dd0fd03ecfdcfd8d462 [3ms]
2025-02-14 15:30:55.325 [info] > git config --get commit.template [20ms]
2025-02-14 15:30:55.325 [info] > git for-each-ref --format=%(refname)%00%(upstream:short)%00%(objectname)%00%(upstream:track)%00%(upstream:remotename)%00%(upstream:remoteref) refs/heads/master refs/remotes/master [1ms]
2025-02-14 15:30:55.345 [warning] [Git][revParse] Unable to read file: ENOENT: no such file or directory, open '/home/hooke/works/wnri-bluet-v5/.git/refs/remotes/origin/master'
2025-02-14 15:30:55.346 [info] > git rev-parse refs/remotes/origin/master [1ms]
2025-02-14 15:30:55.387 [info] > git for-each-ref --sort -committerdate --format %(refname) %(objectname) %(*objectname) [1ms]
2025-02-14 15:30:55.392 [info] > git status -z -uall [27ms]
2025-02-14 15:31:05.448 [info] > git show --textconv :yihBluetWork/BluetWaveFactory.C [20ms]
2025-02-14 15:31:05.450 [info] > git ls-files --stage -- /home/hooke/works/wnri-bluet-v5/yihBluetWork/BluetWaveFactory.C [2ms]
2025-02-14 15:31:05.472 [info] > git cat-file -s 7708e2887b1a51e3c90f0dd0fd03ecfdcfd8d462 [1ms]
2025-02-14 15:31:22.294 [info] > git check-ignore -v -z --stdin [1ms]
2025-02-14 15:31:28.780 [info] > git show --textconv :yihBluetWork/DrawEvent_v4.0.C [22ms]
2025-02-14 15:31:28.781 [info] > git ls-files --stage -- /home/hooke/works/wnri-bluet-v5/yihBluetWork/DrawEvent_v4.0.C [2ms]
2025-02-14 15:31:28.802 [info] > git cat-file -s 3630b453a7d7c1400dc1f59b3d0bf1eb097082df [1ms]
2025-02-14 15:31:28.838 [info] > git blame --root --incremental c82cdb0220e9aed5dc2f2ec516e72895d7d470b5 -- /home/hooke/works/wnri-bluet-v5/yihBluetWork/DrawEvent_v4.0.C [2ms]
2025-02-14 15:31:44.770 [info] > git show --textconv :yihBluetWork/BluetWaveFactory.C [20ms]
2025-02-14 15:31:44.771 [info] > git ls-files --stage -- /home/hooke/works/wnri-bluet-v5/yihBluetWork/BluetWaveFactory.C [1ms]
2025-02-14 15:31:44.792 [info] > git cat-file -s 7708e2887b1a51e3c90f0dd0fd03ecfdcfd8d462 [1ms]
2025-02-14 15:31:49.085 [info] > git show --textconv :yihBluetWork/DrawEvent_v4.0.C [20ms]
2025-02-14 15:31:49.085 [info] > git ls-files --stage -- /home/hooke/works/wnri-bluet-v5/yihBluetWork/DrawEvent_v4.0.C [1ms]
2025-02-14 15:31:49.106 [info] > git cat-file -s 3630b453a7d7c1400dc1f59b3d0bf1eb097082df [2ms]
2025-02-14 15:31:51.323 [info] > git show --textconv :yihBluetWork/BluetWaveFactory.C [20ms]
2025-02-14 15:31:51.323 [info] > git ls-files --stage -- /home/hooke/works/wnri-bluet-v5/yihBluetWork/BluetWaveFactory.C [1ms]
2025-02-14 15:31:51.344 [info] > git cat-file -s 7708e2887b1a51e3c90f0dd0fd03ecfdcfd8d462 [2ms]
2025-02-14 15:32:39.146 [info] > git show --textconv :yihBluetWork/DrawEvent_v4.0.C [21ms]
2025-02-14 15:32:39.147 [info] > git ls-files --stage -- /home/hooke/works/wnri-bluet-v5/yihBluetWork/DrawEvent_v4.0.C [1ms]
2025-02-14 15:32:39.169 [info] > git cat-file -s 3630b453a7d7c1400dc1f59b3d0bf1eb097082df [2ms]
2025-02-14 15:32:52.027 [info] > git config --get commit.template [18ms]
2025-02-14 15:32:52.028 [info] > git for-each-ref --format=%(refname)%00%(upstream:short)%00%(objectname)%00%(upstream:track)%00%(upstream:remotename)%00%(upstream:remoteref) refs/heads/master refs/remotes/master [1ms]
2025-02-14 15:32:52.045 [warning] [Git][revParse] Unable to read file: ENOENT: no such file or directory, open '/home/hooke/works/wnri-bluet-v5/.git/refs/remotes/origin/master'
2025-02-14 15:32:52.046 [info] > git rev-parse refs/remotes/origin/master [1ms]
2025-02-14 15:32:52.084 [info] > git for-each-ref --sort -committerdate --format %(refname) %(objectname) %(*objectname) [2ms]
2025-02-14 15:32:52.091 [info] > git status -z -uall [28ms]
2025-02-14 15:32:57.133 [info] > git config --get commit.template [20ms]
2025-02-14 15:32:57.134 [info] > git for-each-ref --format=%(refname)%00%(upstream:short)%00%(objectname)%00%(upstream:track)%00%(upstream:remotename)%00%(upstream:remoteref) refs/heads/master refs/remotes/master [1ms]
2025-02-14 15:32:57.150 [warning] [Git][revParse] Unable to read file: ENOENT: no such file or directory, open '/home/hooke/works/wnri-bluet-v5/.git/refs/remotes/origin/master'
2025-02-14 15:32:57.151 [info] > git rev-parse refs/remotes/origin/master [1ms]
2025-02-14 15:32:57.182 [info] > git for-each-ref --sort -committerdate --format %(refname) %(objectname) %(*objectname) [1ms]
2025-02-14 15:32:57.192 [info] > git status -z -uall [27ms]
2025-02-14 15:33:02.236 [info] > git config --get commit.template [22ms]
2025-02-14 15:33:02.237 [info] > git for-each-ref --format=%(refname)%00%(upstream:short)%00%(objectname)%00%(upstream:track)%00%(upstream:remotename)%00%(upstream:remoteref) refs/heads/master refs/remotes/master [2ms]
2025-02-14 15:33:02.259 [warning] [Git][revParse] Unable to read file: ENOENT: no such file or directory, open '/home/hooke/works/wnri-bluet-v5/.git/refs/remotes/origin/master'
2025-02-14 15:33:02.260 [info] > git rev-parse refs/remotes/origin/master [1ms]
2025-02-14 15:33:02.303 [info] > git for-each-ref --sort -committerdate --format %(refname) %(objectname) %(*objectname) [1ms]
2025-02-14 15:33:02.310 [info] > git status -z -uall [30ms]
2025-02-14 15:33:07.333 [info] > git config --get commit.template [2ms]
2025-02-14 15:33:07.354 [info] > git for-each-ref --format=%(refname)%00%(upstream:short)%00%(objectname)%00%(upstream:track)%00%(upstream:remotename)%00%(upstream:remoteref) refs/heads/master refs/remotes/master [1ms]
2025-02-14 15:33:07.375 [warning] [Git][revParse] Unable to read file: ENOENT: no such file or directory, open '/home/hooke/works/wnri-bluet-v5/.git/refs/remotes/origin/master'
2025-02-14 15:33:07.376 [info] > git rev-parse refs/remotes/origin/master [1ms]
2025-02-14 15:33:07.419 [info] > git for-each-ref --sort -committerdate --format %(refname) %(objectname) %(*objectname) [1ms]
2025-02-14 15:33:07.427 [info] > git status -z -uall [30ms]
2025-02-14 15:33:12.447 [info] > git config --get commit.template [2ms]
2025-02-14 15:33:12.462 [info] > git for-each-ref --format=%(refname)%00%(upstream:short)%00%(objectname)%00%(upstream:track)%00%(upstream:remotename)%00%(upstream:remoteref) refs/heads/master refs/remotes/master [1ms]
2025-02-14 15:33:12.477 [warning] [Git][revParse] Unable to read file: ENOENT: no such file or directory, open '/home/hooke/works/wnri-bluet-v5/.git/refs/remotes/origin/master'
2025-02-14 15:33:12.478 [info] > git rev-parse refs/remotes/origin/master [1ms]
2025-02-14 15:33:12.510 [info] > git for-each-ref --sort -committerdate --format %(refname) %(objectname) %(*objectname) [1ms]
2025-02-14 15:33:12.521 [info] > git status -z -uall [27ms]
2025-02-14 15:33:21.129 [info] > git config --get commit.template [19ms]
2025-02-14 15:33:21.130 [info] > git for-each-ref --format=%(refname)%00%(upstream:short)%00%(objectname)%00%(upstream:track)%00%(upstream:remotename)%00%(upstream:remoteref) refs/heads/master refs/remotes/master [1ms]
2025-02-14 15:33:21.149 [warning] [Git][revParse] Unable to read file: ENOENT: no such file or directory, open '/home/hooke/works/wnri-bluet-v5/.git/refs/remotes/origin/master'
2025-02-14 15:33:21.150 [info] > git rev-parse refs/remotes/origin/master [1ms]
2025-02-14 15:33:21.187 [info] > git for-each-ref --sort -committerdate --format %(refname) %(objectname) %(*objectname) [1ms]
2025-02-14 15:33:21.195 [info] > git status -z -uall [27ms]
2025-02-14 15:33:26.228 [info] > git config --get commit.template [14ms]
2025-02-14 15:33:26.228 [info] > git for-each-ref --format=%(refname)%00%(upstream:short)%00%(objectname)%00%(upstream:track)%00%(upstream:remotename)%00%(upstream:remoteref) refs/heads/master refs/remotes/master [1ms]
2025-02-14 15:33:26.242 [warning] [Git][revParse] Unable to read file: ENOENT: no such file or directory, open '/home/hooke/works/wnri-bluet-v5/.git/refs/remotes/origin/master'
2025-02-14 15:33:26.243 [info] > git rev-parse refs/remotes/origin/master [1ms]
2025-02-14 15:33:26.274 [info] > git for-each-ref --sort -committerdate --format %(refname) %(objectname) %(*objectname) [1ms]
2025-02-14 15:33:26.284 [info] > git status -z -uall [27ms]
2025-02-14 15:33:31.322 [info] > git config --get commit.template [3ms]
2025-02-14 15:33:31.353 [info] > git for-each-ref --format=%(refname)%00%(upstream:short)%00%(objectname)%00%(upstream:track)%00%(upstream:remotename)%00%(upstream:remoteref) refs/heads/master refs/remotes/master [1ms]
2025-02-14 15:33:31.383 [warning] [Git][revParse] Unable to read file: ENOENT: no such file or directory, open '/home/hooke/works/wnri-bluet-v5/.git/refs/remotes/origin/master'
2025-02-14 15:33:31.385 [info] > git rev-parse refs/remotes/origin/master [2ms]
2025-02-14 15:33:31.463 [info] > git status -z -uall [47ms]
2025-02-14 15:33:31.463 [info] > git for-each-ref --sort -committerdate --format %(refname) %(objectname) %(*objectname) [13ms]
2025-02-14 15:33:36.526 [info] > git config --get commit.template [29ms]
2025-02-14 15:33:36.527 [info] > git for-each-ref --format=%(refname)%00%(upstream:short)%00%(objectname)%00%(upstream:track)%00%(upstream:remotename)%00%(upstream:remoteref) refs/heads/master refs/remotes/master [2ms]
2025-02-14 15:33:36.553 [warning] [Git][revParse] Unable to read file: ENOENT: no such file or directory, open '/home/hooke/works/wnri-bluet-v5/.git/refs/remotes/origin/master'
2025-02-14 15:33:36.554 [info] > git rev-parse refs/remotes/origin/master [1ms]
2025-02-14 15:33:36.612 [info] > git for-each-ref --sort -committerdate --format %(refname) %(objectname) %(*objectname) [2ms]
2025-02-14 15:33:36.613 [info] > git status -z -uall [31ms]
2025-02-14 15:33:46.530 [info] > git config --get commit.template [30ms]
2025-02-14 15:33:46.531 [info] > git for-each-ref --format=%(refname)%00%(upstream:short)%00%(objectname)%00%(upstream:track)%00%(upstream:remotename)%00%(upstream:remoteref) refs/heads/master refs/remotes/master [2ms]
2025-02-14 15:33:46.560 [warning] [Git][revParse] Unable to read file: ENOENT: no such file or directory, open '/home/hooke/works/wnri-bluet-v5/.git/refs/remotes/origin/master'
2025-02-14 15:33:46.561 [info] > git rev-parse refs/remotes/origin/master [1ms]
2025-02-14 15:33:46.620 [info] > git for-each-ref --sort -committerdate --format %(refname) %(objectname) %(*objectname) [2ms]
2025-02-14 15:33:46.622 [info] > git status -z -uall [34ms]
2025-02-14 15:33:51.983 [info] > git config --get commit.template [2ms]
2025-02-14 15:33:52.014 [info] > git for-each-ref --format=%(refname)%00%(upstream:short)%00%(objectname)%00%(upstream:track)%00%(upstream:remotename)%00%(upstream:remoteref) refs/heads/master refs/remotes/master [2ms]
2025-02-14 15:33:52.042 [warning] [Git][revParse] Unable to read file: ENOENT: no such file or directory, open '/home/hooke/works/wnri-bluet-v5/.git/refs/remotes/origin/master'
2025-02-14 15:33:52.044 [info] > git rev-parse refs/remotes/origin/master [2ms]
2025-02-14 15:33:52.107 [info] > git for-each-ref --sort -committerdate --format %(refname) %(objectname) %(*objectname) [2ms]
2025-02-14 15:33:52.111 [info] > git status -z -uall [40ms]
2025-02-14 15:33:59.027 [info] > git config --get commit.template [27ms]
2025-02-14 15:33:59.029 [info] > git for-each-ref --format=%(refname)%00%(upstream:short)%00%(objectname)%00%(upstream:track)%00%(upstream:remotename)%00%(upstream:remoteref) refs/heads/master refs/remotes/master [1ms]
2025-02-14 15:33:59.057 [warning] [Git][revParse] Unable to read file: ENOENT: no such file or directory, open '/home/hooke/works/wnri-bluet-v5/.git/refs/remotes/origin/master'
2025-02-14 15:33:59.058 [info] > git rev-parse refs/remotes/origin/master [1ms]
2025-02-14 15:33:59.116 [info] > git for-each-ref --sort -committerdate --format %(refname) %(objectname) %(*objectname) [3ms]
2025-02-14 15:33:59.119 [info] > git status -z -uall [34ms]
2025-02-14 15:34:04.189 [info] > git config --get commit.template [32ms]
2025-02-14 15:34:04.190 [info] > git for-each-ref --format=%(refname)%00%(upstream:short)%00%(objectname)%00%(upstream:track)%00%(upstream:remotename)%00%(upstream:remoteref) refs/heads/master refs/remotes/master [2ms]
2025-02-14 15:34:04.218 [warning] [Git][revParse] Unable to read file: ENOENT: no such file or directory, open '/home/hooke/works/wnri-bluet-v5/.git/refs/remotes/origin/master'
2025-02-14 15:34:04.219 [info] > git rev-parse refs/remotes/origin/master [2ms]
2025-02-14 15:34:04.279 [info] > git for-each-ref --sort -committerdate --format %(refname) %(objectname) %(*objectname) [2ms]
2025-02-14 15:34:04.296 [info] > git status -z -uall [46ms]
2025-02-14 15:34:09.359 [info] > git config --get commit.template [22ms]
2025-02-14 15:34:09.360 [info] > git for-each-ref --format=%(refname)%00%(upstream:short)%00%(objectname)%00%(upstream:track)%00%(upstream:remotename)%00%(upstream:remoteref) refs/heads/master refs/remotes/master [3ms]
2025-02-14 15:34:09.386 [warning] [Git][revParse] Unable to read file: ENOENT: no such file or directory, open '/home/hooke/works/wnri-bluet-v5/.git/refs/remotes/origin/master'
2025-02-14 15:34:09.387 [info] > git rev-parse refs/remotes/origin/master [1ms]
2025-02-14 15:34:09.437 [info] > git for-each-ref --sort -committerdate --format %(refname) %(objectname) %(*objectname) [2ms]
2025-02-14 15:34:09.474 [info] > git status -z -uall [60ms]
2025-02-14 15:34:22.644 [info] > git config --get commit.template [29ms]
2025-02-14 15:34:22.645 [info] > git for-each-ref --format=%(refname)%00%(upstream:short)%00%(objectname)%00%(upstream:track)%00%(upstream:remotename)%00%(upstream:remoteref) refs/heads/master refs/remotes/master [2ms]
2025-02-14 15:34:22.672 [warning] [Git][revParse] Unable to read file: ENOENT: no such file or directory, open '/home/hooke/works/wnri-bluet-v5/.git/refs/remotes/origin/master'
2025-02-14 15:34:22.673 [info] > git rev-parse refs/remotes/origin/master [1ms]
2025-02-14 15:34:22.732 [info] > git for-each-ref --sort -committerdate --format %(refname) %(objectname) %(*objectname) [3ms]
2025-02-14 15:34:22.733 [info] > git status -z -uall [32ms]
2025-02-14 15:34:35.810 [info] > git config --get commit.template [2ms]
2025-02-14 15:34:35.844 [info] > git for-each-ref --format=%(refname)%00%(upstream:short)%00%(objectname)%00%(upstream:track)%00%(upstream:remotename)%00%(upstream:remoteref) refs/heads/master refs/remotes/master [2ms]
2025-02-14 15:34:35.874 [warning] [Git][revParse] Unable to read file: ENOENT: no such file or directory, open '/home/hooke/works/wnri-bluet-v5/.git/refs/remotes/origin/master'
2025-02-14 15:34:35.876 [info] > git rev-parse refs/remotes/origin/master [2ms]
2025-02-14 15:34:35.937 [info] > git for-each-ref --sort -committerdate --format %(refname) %(objectname) %(*objectname) [3ms]
2025-02-14 15:34:35.942 [info] > git status -z -uall [36ms]
2025-02-14 15:34:41.978 [info] > git config --get commit.template [2ms]
2025-02-14 15:34:42.008 [info] > git for-each-ref --format=%(refname)%00%(upstream:short)%00%(objectname)%00%(upstream:track)%00%(upstream:remotename)%00%(upstream:remoteref) refs/heads/master refs/remotes/master [1ms]
2025-02-14 15:34:42.036 [warning] [Git][revParse] Unable to read file: ENOENT: no such file or directory, open '/home/hooke/works/wnri-bluet-v5/.git/refs/remotes/origin/master'
2025-02-14 15:34:42.038 [info] > git rev-parse refs/remotes/origin/master [2ms]
2025-02-14 15:34:42.097 [info] > git for-each-ref --sort -committerdate --format %(refname) %(objectname) %(*objectname) [2ms]
2025-02-14 15:34:42.101 [info] > git status -z -uall [34ms]
2025-02-14 15:34:47.167 [info] > git config --get commit.template [33ms]
2025-02-14 15:34:47.168 [info] > git for-each-ref --format=%(refname)%00%(upstream:short)%00%(objectname)%00%(upstream:track)%00%(upstream:remotename)%00%(upstream:remoteref) refs/heads/master refs/remotes/master [2ms]
2025-02-14 15:34:47.197 [warning] [Git][revParse] Unable to read file: ENOENT: no such file or directory, open '/home/hooke/works/wnri-bluet-v5/.git/refs/remotes/origin/master'
2025-02-14 15:34:47.199 [info] > git rev-parse refs/remotes/origin/master [2ms]
2025-02-14 15:34:47.259 [info] > git for-each-ref --sort -committerdate --format %(refname) %(objectname) %(*objectname) [2ms]
2025-02-14 15:34:47.262 [info] > git status -z -uall [35ms]
2025-02-14 15:34:52.334 [info] > git config --get commit.template [38ms]
2025-02-14 15:34:52.335 [info] > git for-each-ref --format=%(refname)%00%(upstream:short)%00%(objectname)%00%(upstream:track)%00%(upstream:remotename)%00%(upstream:remoteref) refs/heads/master refs/remotes/master [3ms]
2025-02-14 15:34:52.370 [warning] [Git][revParse] Unable to read file: ENOENT: no such file or directory, open '/home/hooke/works/wnri-bluet-v5/.git/refs/remotes/origin/master'
2025-02-14 15:34:52.372 [info] > git rev-parse refs/remotes/origin/master [2ms]
2025-02-14 15:34:52.439 [info] > git status -z -uall [36ms]
2025-02-14 15:34:52.440 [info] > git for-each-ref --sort -committerdate --format %(refname) %(objectname) %(*objectname) [3ms]
2025-02-14 15:34:57.506 [info] > git config --get commit.template [30ms]
2025-02-14 15:34:57.507 [info] > git for-each-ref --format=%(refname)%00%(upstream:short)%00%(objectname)%00%(upstream:track)%00%(upstream:remotename)%00%(upstream:remoteref) refs/heads/master refs/remotes/master [2ms]
2025-02-14 15:34:57.535 [warning] [Git][revParse] Unable to read file: ENOENT: no such file or directory, open '/home/hooke/works/wnri-bluet-v5/.git/refs/remotes/origin/master'
2025-02-14 15:34:57.537 [info] > git rev-parse refs/remotes/origin/master [2ms]
2025-02-14 15:34:57.604 [info] > git for-each-ref --sort -committerdate --format %(refname) %(objectname) %(*objectname) [2ms]
2025-02-14 15:34:57.604 [info] > git status -z -uall [40ms]
2025-02-14 15:35:02.669 [info] > git config --get commit.template [27ms]
2025-02-14 15:35:02.670 [info] > git for-each-ref --format=%(refname)%00%(upstream:short)%00%(objectname)%00%(upstream:track)%00%(upstream:remotename)%00%(upstream:remoteref) refs/heads/master refs/remotes/master [2ms]
2025-02-14 15:35:02.692 [warning] [Git][revParse] Unable to read file: ENOENT: no such file or directory, open '/home/hooke/works/wnri-bluet-v5/.git/refs/remotes/origin/master'
2025-02-14 15:35:02.693 [info] > git rev-parse refs/remotes/origin/master [1ms]
2025-02-14 15:35:02.740 [info] > git for-each-ref --sort -committerdate --format %(refname) %(objectname) %(*objectname) [3ms]
2025-02-14 15:35:02.748 [info] > git status -z -uall [34ms]
2025-02-14 15:35:07.796 [info] > git config --get commit.template [22ms]
2025-02-14 15:35:07.797 [info] > git for-each-ref --format=%(refname)%00%(upstream:short)%00%(objectname)%00%(upstream:track)%00%(upstream:remotename)%00%(upstream:remoteref) refs/heads/master refs/remotes/master [1ms]
2025-02-14 15:35:07.818 [warning] [Git][revParse] Unable to read file: ENOENT: no such file or directory, open '/home/hooke/works/wnri-bluet-v5/.git/refs/remotes/origin/master'
2025-02-14 15:35:07.819 [info] > git rev-parse refs/remotes/origin/master [1ms]
2025-02-14 15:35:07.864 [info] > git for-each-ref --sort -committerdate --format %(refname) %(objectname) %(*objectname) [2ms]
2025-02-14 15:35:07.873 [info] > git status -z -uall [33ms]
2025-02-14 15:35:12.924 [info] > git config --get commit.template [21ms]
2025-02-14 15:35:12.925 [info] > git for-each-ref --format=%(refname)%00%(upstream:short)%00%(objectname)%00%(upstream:track)%00%(upstream:remotename)%00%(upstream:remoteref) refs/heads/master refs/remotes/master [2ms]
2025-02-14 15:35:12.945 [warning] [Git][revParse] Unable to read file: ENOENT: no such file or directory, open '/home/hooke/works/wnri-bluet-v5/.git/refs/remotes/origin/master'
2025-02-14 15:35:12.946 [info] > git rev-parse refs/remotes/origin/master [1ms]
2025-02-14 15:35:12.988 [info] > git for-each-ref --sort -committerdate --format %(refname) %(objectname) %(*objectname) [1ms]
2025-02-14 15:35:12.996 [info] > git status -z -uall [30ms]
2025-02-14 15:35:18.034 [info] > git config --get commit.template [17ms]
2025-02-14 15:35:18.034 [info] > git for-each-ref --format=%(refname)%00%(upstream:short)%00%(objectname)%00%(upstream:track)%00%(upstream:remotename)%00%(upstream:remoteref) refs/heads/master refs/remotes/master [1ms]
2025-02-14 15:35:18.050 [warning] [Git][revParse] Unable to read file: ENOENT: no such file or directory, open '/home/hooke/works/wnri-bluet-v5/.git/refs/remotes/origin/master'
2025-02-14 15:35:18.050 [info] > git rev-parse refs/remotes/origin/master [1ms]
2025-02-14 15:35:18.084 [info] > git for-each-ref --sort -committerdate --format %(refname) %(objectname) %(*objectname) [1ms]
2025-02-14 15:35:18.096 [info] > git status -z -uall [29ms]
2025-02-14 15:35:23.129 [info] > git config --get commit.template [15ms]
2025-02-14 15:35:23.129 [info] > git for-each-ref --format=%(refname)%00%(upstream:short)%00%(objectname)%00%(upstream:track)%00%(upstream:remotename)%00%(upstream:remoteref) refs/heads/master refs/remotes/master [1ms]
2025-02-14 15:35:23.143 [warning] [Git][revParse] Unable to read file: ENOENT: no such file or directory, open '/home/hooke/works/wnri-bluet-v5/.git/refs/remotes/origin/master'
2025-02-14 15:35:23.144 [info] > git rev-parse refs/remotes/origin/master [1ms]
2025-02-14 15:35:23.174 [info] > git for-each-ref --sort -committerdate --format %(refname) %(objectname) %(*objectname) [1ms]
2025-02-14 15:35:23.185 [info] > git status -z -uall [27ms]
2025-02-14 15:40:22.283 [info] > git show --textconv :yihBluetWork/BluetWaveFactory.C [22ms]
2025-02-14 15:40:22.284 [info] > git ls-files --stage -- /home/hooke/works/wnri-bluet-v5/yihBluetWork/BluetWaveFactory.C [1ms]
2025-02-14 15:40:22.306 [info] > git cat-file -s 7708e2887b1a51e3c90f0dd0fd03ecfdcfd8d462 [2ms]
2025-02-14 15:40:22.670 [info] > git show --textconv :yihBluetWork/DrawEvent_v4.0.C [21ms]
2025-02-14 15:40:22.670 [info] > git ls-files --stage -- /home/hooke/works/wnri-bluet-v5/yihBluetWork/DrawEvent_v4.0.C [1ms]
2025-02-14 15:40:22.692 [info] > git cat-file -s 3630b453a7d7c1400dc1f59b3d0bf1eb097082df [2ms]
2025-02-14 15:40:33.666 [info] > git show --textconv :Scripts/DrawEvent.py [24ms]
2025-02-14 15:40:33.666 [info] > git ls-files --stage -- /home/hooke/works/wnri-bluet-v5/Scripts/DrawEvent.py [1ms]
2025-02-14 15:40:33.690 [info] > git cat-file -s 3a2c1056616c6f56cb101c9710b715b1f601c467 [2ms]
2025-02-14 15:40:33.727 [info] > git blame --root --incremental c82cdb0220e9aed5dc2f2ec516e72895d7d470b5 -- /home/hooke/works/wnri-bluet-v5/Scripts/DrawEvent.py [4ms]
2025-02-14 15:40:39.506 [info] > git show --textconv :.vscode/test.txt [19ms]
2025-02-14 15:40:39.507 [warning] [GitFileSystemProvider][readFile] File not found - git:/home/hooke/works/wnri-bluet-v5/.vscode/test.txt.git?%7B%22path%22%3A%22%2Fhome%2Fhooke%2Fworks%2Fwnri-bluet-v5%2F.vscode%2Ftest.txt%22%2C%22ref%22%3A%22%22%7D
2025-02-14 15:40:39.507 [info] > git ls-files --stage -- /home/hooke/works/wnri-bluet-v5/.vscode/test.txt [1ms]
2025-02-14 15:40:39.507 [warning] [GitFileSystemProvider][stat] File not found - git:/home/hooke/works/wnri-bluet-v5/.vscode/test.txt.git?%7B%22path%22%3A%22%2Fhome%2Fhooke%2Fworks%2Fwnri-bluet-v5%2F.vscode%2Ftest.txt%22%2C%22ref%22%3A%22%22%7D
2025-02-14 15:40:46.472 [info] > git config --get commit.template [2ms]
2025-02-14 15:40:46.493 [info] > git for-each-ref --format=%(refname)%00%(upstream:short)%00%(objectname)%00%(upstream:track)%00%(upstream:remotename)%00%(upstream:remoteref) refs/heads/master refs/remotes/master [2ms]
2025-02-14 15:40:46.514 [warning] [Git][revParse] Unable to read file: ENOENT: no such file or directory, open '/home/hooke/works/wnri-bluet-v5/.git/refs/remotes/origin/master'
2025-02-14 15:40:46.514 [info] > git rev-parse refs/remotes/origin/master [0ms]
2025-02-14 15:40:46.554 [info] > git for-each-ref --sort -committerdate --format %(refname) %(objectname) %(*objectname) [1ms]
2025-02-14 15:40:46.560 [info] > git status -z -uall [27ms]
2025-02-14 15:40:51.594 [info] > git config --get commit.template [14ms]
2025-02-14 15:40:51.595 [info] > git for-each-ref --format=%(refname)%00%(upstream:short)%00%(objectname)%00%(upstream:track)%00%(upstream:remotename)%00%(upstream:remoteref) refs/heads/master refs/remotes/master [1ms]
2025-02-14 15:40:51.609 [warning] [Git][revParse] Unable to read file: ENOENT: no such file or directory, open '/home/hooke/works/wnri-bluet-v5/.git/refs/remotes/origin/master'
2025-02-14 15:40:51.610 [info] > git rev-parse refs/remotes/origin/master [1ms]
2025-02-14 15:40:51.644 [info] > git for-each-ref --sort -committerdate --format %(refname) %(objectname) %(*objectname) [1ms]
2025-02-14 15:40:51.652 [info] > git status -z -uall [28ms]
2025-02-14 15:40:54.391 [info] > git show --textconv :yihBluetWork/BluetWaveFactory.C [21ms]
2025-02-14 15:40:54.392 [info] > git ls-files --stage -- /home/hooke/works/wnri-bluet-v5/yihBluetWork/BluetWaveFactory.C [2ms]
2025-02-14 15:40:54.414 [info] > git cat-file -s 7708e2887b1a51e3c90f0dd0fd03ecfdcfd8d462 [1ms]
2025-02-14 15:40:56.703 [info] > git config --get commit.template [23ms]
2025-02-14 15:40:56.704 [info] > git for-each-ref --format=%(refname)%00%(upstream:short)%00%(objectname)%00%(upstream:track)%00%(upstream:remotename)%00%(upstream:remoteref) refs/heads/master refs/remotes/master [2ms]
2025-02-14 15:40:56.723 [warning] [Git][revParse] Unable to read file: ENOENT: no such file or directory, open '/home/hooke/works/wnri-bluet-v5/.git/refs/remotes/origin/master'
2025-02-14 15:40:56.724 [info] > git rev-parse refs/remotes/origin/master [1ms]
2025-02-14 15:40:56.766 [info] > git for-each-ref --sort -committerdate --format %(refname) %(objectname) %(*objectname) [1ms]
2025-02-14 15:40:56.772 [info] > git status -z -uall [28ms]
2025-02-14 15:40:56.828 [info] > git show --textconv :yihBluetWork/DrawEvent_v4.0.C [21ms]
2025-02-14 15:40:56.829 [info] > git ls-files --stage -- /home/hooke/works/wnri-bluet-v5/yihBluetWork/DrawEvent_v4.0.C [1ms]
2025-02-14 15:40:56.851 [info] > git cat-file -s 3630b453a7d7c1400dc1f59b3d0bf1eb097082df [2ms]
2025-02-14 15:40:57.725 [info] > git show --textconv :yihBluetWork/BluetWaveFactory.C [20ms]
2025-02-14 15:40:57.726 [info] > git ls-files --stage -- /home/hooke/works/wnri-bluet-v5/yihBluetWork/BluetWaveFactory.C [1ms]
2025-02-14 15:40:57.748 [info] > git cat-file -s 7708e2887b1a51e3c90f0dd0fd03ecfdcfd8d462 [2ms]
2025-02-14 15:40:58.389 [info] > git show --textconv :.vscode/test.txt [20ms]
2025-02-14 15:40:58.389 [warning] [GitFileSystemProvider][readFile] File not found - git:/home/hooke/works/wnri-bluet-v5/.vscode/test.txt.git?%7B%22path%22%3A%22%2Fhome%2Fhooke%2Fworks%2Fwnri-bluet-v5%2F.vscode%2Ftest.txt%22%2C%22ref%22%3A%22%22%7D
2025-02-14 15:40:58.390 [info] > git ls-files --stage -- /home/hooke/works/wnri-bluet-v5/.vscode/test.txt [2ms]
2025-02-14 15:40:58.390 [warning] [GitFileSystemProvider][stat] File not found - git:/home/hooke/works/wnri-bluet-v5/.vscode/test.txt.git?%7B%22path%22%3A%22%2Fhome%2Fhooke%2Fworks%2Fwnri-bluet-v5%2F.vscode%2Ftest.txt%22%2C%22ref%22%3A%22%22%7D
2025-02-14 15:41:03.083 [info] > git show --textconv :Scripts/DrawEvent.py [21ms]
2025-02-14 15:41:03.083 [info] > git ls-files --stage -- /home/hooke/works/wnri-bluet-v5/Scripts/DrawEvent.py [1ms]
2025-02-14 15:41:03.106 [info] > git cat-file -s 3a2c1056616c6f56cb101c9710b715b1f601c467 [1ms]
2025-02-14 15:41:05.408 [info] > git show --textconv :.vscode/test.txt [23ms]
2025-02-14 15:41:05.409 [warning] [GitFileSystemProvider][readFile] File not found - git:/home/hooke/works/wnri-bluet-v5/.vscode/test.txt.git?%7B%22path%22%3A%22%2Fhome%2Fhooke%2Fworks%2Fwnri-bluet-v5%2F.vscode%2Ftest.txt%22%2C%22ref%22%3A%22%22%7D
2025-02-14 15:41:05.409 [info] > git ls-files --stage -- /home/hooke/works/wnri-bluet-v5/.vscode/test.txt [2ms]
2025-02-14 15:41:05.409 [warning] [GitFileSystemProvider][stat] File not found - git:/home/hooke/works/wnri-bluet-v5/.vscode/test.txt.git?%7B%22path%22%3A%22%2Fhome%2Fhooke%2Fworks%2Fwnri-bluet-v5%2F.vscode%2Ftest.txt%22%2C%22ref%22%3A%22%22%7D
2025-02-14 15:41:12.034 [info] > git config --get commit.template [15ms]
2025-02-14 15:41:12.035 [info] > git for-each-ref --format=%(refname)%00%(upstream:short)%00%(objectname)%00%(upstream:track)%00%(upstream:remotename)%00%(upstream:remoteref) refs/heads/master refs/remotes/master [1ms]
2025-02-14 15:41:12.048 [warning] [Git][revParse] Unable to read file: ENOENT: no such file or directory, open '/home/hooke/works/wnri-bluet-v5/.git/refs/remotes/origin/master'
2025-02-14 15:41:12.049 [info] > git rev-parse refs/remotes/origin/master [1ms]
2025-02-14 15:41:12.079 [info] > git for-each-ref --sort -committerdate --format %(refname) %(objectname) %(*objectname) [2ms]
2025-02-14 15:41:12.089 [info] > git status -z -uall [26ms]
2025-02-14 15:41:20.565 [info] > git config --get commit.template [1ms]
2025-02-14 15:41:20.586 [info] > git for-each-ref --format=%(refname)%00%(upstream:short)%00%(objectname)%00%(upstream:track)%00%(upstream:remotename)%00%(upstream:remoteref) refs/heads/master refs/remotes/master [2ms]
2025-02-14 15:41:20.607 [warning] [Git][revParse] Unable to read file: ENOENT: no such file or directory, open '/home/hooke/works/wnri-bluet-v5/.git/refs/remotes/origin/master'
2025-02-14 15:41:20.608 [info] > git rev-parse refs/remotes/origin/master [1ms]
2025-02-14 15:41:20.652 [info] > git for-each-ref --sort -committerdate --format %(refname) %(objectname) %(*objectname) [2ms]
2025-02-14 15:41:20.657 [info] > git status -z -uall [28ms]
2025-02-14 15:41:25.680 [info] > git config --get commit.template [1ms]
2025-02-14 15:41:25.723 [info] > git for-each-ref --format=%(refname)%00%(upstream:short)%00%(objectname)%00%(upstream:track)%00%(upstream:remotename)%00%(upstream:remoteref) refs/heads/master refs/remotes/master [23ms]
2025-02-14 15:41:25.766 [warning] [Git][revParse] Unable to read file: ENOENT: no such file or directory, open '/home/hooke/works/wnri-bluet-v5/.git/refs/remotes/origin/master'
2025-02-14 15:41:25.767 [info] > git show --textconv :Scripts/DrawEvent.py [44ms]
2025-02-14 15:41:25.767 [info] > git ls-files --stage -- /home/hooke/works/wnri-bluet-v5/Scripts/DrawEvent.py [23ms]
2025-02-14 15:41:25.789 [info] > git rev-parse refs/remotes/origin/master [23ms]
2025-02-14 15:41:25.832 [info] > git cat-file -s 3a2c1056616c6f56cb101c9710b715b1f601c467 [44ms]
2025-02-14 15:41:25.833 [info] > git for-each-ref --sort -committerdate --format %(refname) %(objectname) %(*objectname) [2ms]
2025-02-14 15:41:25.837 [info] > git status -z -uall [27ms]
2025-02-14 15:41:27.947 [info] > git show --textconv :yihBluetWork/DrawEvent_v4.0.C [22ms]
2025-02-14 15:41:27.947 [info] > git ls-files --stage -- /home/hooke/works/wnri-bluet-v5/yihBluetWork/DrawEvent_v4.0.C [1ms]
2025-02-14 15:41:27.970 [info] > git cat-file -s 3630b453a7d7c1400dc1f59b3d0bf1eb097082df [2ms]
2025-02-14 15:41:28.338 [info] > git show --textconv :yihBluetWork/BluetWaveFactory.C [22ms]
2025-02-14 15:41:28.338 [info] > git ls-files --stage -- /home/hooke/works/wnri-bluet-v5/yihBluetWork/BluetWaveFactory.C [1ms]
2025-02-14 15:41:28.360 [info] > git cat-file -s 7708e2887b1a51e3c90f0dd0fd03ecfdcfd8d462 [2ms]
2025-02-14 15:41:29.159 [info] > git show --textconv :.vscode/test.txt [19ms]
2025-02-14 15:41:29.160 [warning] [GitFileSystemProvider][readFile] File not found - git:/home/hooke/works/wnri-bluet-v5/.vscode/test.txt.git?%7B%22path%22%3A%22%2Fhome%2Fhooke%2Fworks%2Fwnri-bluet-v5%2F.vscode%2Ftest.txt%22%2C%22ref%22%3A%22%22%7D
2025-02-14 15:41:29.160 [info] > git ls-files --stage -- /home/hooke/works/wnri-bluet-v5/.vscode/test.txt [1ms]
2025-02-14 15:41:29.160 [warning] [GitFileSystemProvider][stat] File not found - git:/home/hooke/works/wnri-bluet-v5/.vscode/test.txt.git?%7B%22path%22%3A%22%2Fhome%2Fhooke%2Fworks%2Fwnri-bluet-v5%2F.vscode%2Ftest.txt%22%2C%22ref%22%3A%22%22%7D
2025-02-14 15:42:48.160 [info] > git config --get commit.template [1ms]
2025-02-14 15:42:48.175 [info] > git for-each-ref --format=%(refname)%00%(upstream:short)%00%(objectname)%00%(upstream:track)%00%(upstream:remotename)%00%(upstream:remoteref) refs/heads/master refs/remotes/master [1ms]
2025-02-14 15:42:48.193 [warning] [Git][revParse] Unable to read file: ENOENT: no such file or directory, open '/home/hooke/works/wnri-bluet-v5/.git/refs/remotes/origin/master'
2025-02-14 15:42:48.212 [info] > git rev-parse refs/remotes/origin/master [19ms]
2025-02-14 15:42:48.250 [info] > git check-ignore -v -z --stdin [39ms]
2025-02-14 15:42:48.250 [info] > git for-each-ref --sort -committerdate --format %(refname) %(objectname) %(*objectname) [1ms]
2025-02-14 15:42:48.257 [info] > git status -z -uall [27ms]
2025-02-14 15:43:11.084 [info] > git config --get commit.template [17ms]
2025-02-14 15:43:11.084 [info] > git for-each-ref --format=%(refname)%00%(upstream:short)%00%(objectname)%00%(upstream:track)%00%(upstream:remotename)%00%(upstream:remoteref) refs/heads/master refs/remotes/master [1ms]
2025-02-14 15:43:11.099 [warning] [Git][revParse] Unable to read file: ENOENT: no such file or directory, open '/home/hooke/works/wnri-bluet-v5/.git/refs/remotes/origin/master'
2025-02-14 15:43:11.099 [info] > git rev-parse refs/remotes/origin/master [1ms]
2025-02-14 15:43:11.129 [info] > git for-each-ref --sort -committerdate --format %(refname) %(objectname) %(*objectname) [1ms]
2025-02-14 15:43:11.140 [info] > git status -z -uall [27ms]
2025-02-14 15:43:22.902 [info] > git config --get commit.template [19ms]
2025-02-14 15:43:22.903 [info] > git for-each-ref --format=%(refname)%00%(upstream:short)%00%(objectname)%00%(upstream:track)%00%(upstream:remotename)%00%(upstream:remoteref) refs/heads/master refs/remotes/master [1ms]
2025-02-14 15:43:22.921 [warning] [Git][revParse] Unable to read file: ENOENT: no such file or directory, open '/home/hooke/works/wnri-bluet-v5/.git/refs/remotes/origin/master'
2025-02-14 15:43:22.922 [info] > git rev-parse refs/remotes/origin/master [1ms]
2025-02-14 15:43:22.959 [info] > git for-each-ref --sort -committerdate --format %(refname) %(objectname) %(*objectname) [1ms]
2025-02-14 15:43:22.967 [info] > git status -z -uall [28ms]
2025-02-14 15:43:28.011 [info] > git config --get commit.template [21ms]
2025-02-14 15:43:28.011 [info] > git for-each-ref --format=%(refname)%00%(upstream:short)%00%(objectname)%00%(upstream:track)%00%(upstream:remotename)%00%(upstream:remoteref) refs/heads/master refs/remotes/master [1ms]
2025-02-14 15:43:28.033 [warning] [Git][revParse] Unable to read file: ENOENT: no such file or directory, open '/home/hooke/works/wnri-bluet-v5/.git/refs/remotes/origin/master'
2025-02-14 15:43:28.034 [info] > git rev-parse refs/remotes/origin/master [1ms]
2025-02-14 15:43:28.076 [info] > git for-each-ref --sort -committerdate --format %(refname) %(objectname) %(*objectname) [1ms]
2025-02-14 15:43:28.083 [info] > git status -z -uall [28ms]
2025-02-14 15:43:33.104 [info] > git config --get commit.template [1ms]
2025-02-14 15:43:33.120 [info] > git for-each-ref --format=%(refname)%00%(upstream:short)%00%(objectname)%00%(upstream:track)%00%(upstream:remotename)%00%(upstream:remoteref) refs/heads/master refs/remotes/master [1ms]
2025-02-14 15:43:33.134 [warning] [Git][revParse] Unable to read file: ENOENT: no such file or directory, open '/home/hooke/works/wnri-bluet-v5/.git/refs/remotes/origin/master'
2025-02-14 15:43:33.135 [info] > git rev-parse refs/remotes/origin/master [1ms]
2025-02-14 15:43:33.164 [info] > git for-each-ref --sort -committerdate --format %(refname) %(objectname) %(*objectname) [1ms]
2025-02-14 15:43:33.175 [info] > git status -z -uall [27ms]
2025-02-14 15:43:38.218 [info] > git config --get commit.template [20ms]
2025-02-14 15:43:38.218 [info] > git for-each-ref --format=%(refname)%00%(upstream:short)%00%(objectname)%00%(upstream:track)%00%(upstream:remotename)%00%(upstream:remoteref) refs/heads/master refs/remotes/master [1ms]
2025-02-14 15:43:38.240 [warning] [Git][revParse] Unable to read file: ENOENT: no such file or directory, open '/home/hooke/works/wnri-bluet-v5/.git/refs/remotes/origin/master'
2025-02-14 15:43:38.241 [info] > git rev-parse refs/remotes/origin/master [0ms]
2025-02-14 15:43:38.280 [info] > git for-each-ref --sort -committerdate --format %(refname) %(objectname) %(*objectname) [1ms]
2025-02-14 15:43:38.286 [info] > git status -z -uall [27ms]
2025-02-14 15:43:43.321 [info] > git config --get commit.template [15ms]
2025-02-14 15:43:43.321 [info] > git for-each-ref --format=%(refname)%00%(upstream:short)%00%(objectname)%00%(upstream:track)%00%(upstream:remotename)%00%(upstream:remoteref) refs/heads/master refs/remotes/master [1ms]
2025-02-14 15:43:43.336 [warning] [Git][revParse] Unable to read file: ENOENT: no such file or directory, open '/home/hooke/works/wnri-bluet-v5/.git/refs/remotes/origin/master'
2025-02-14 15:43:43.337 [info] > git rev-parse refs/remotes/origin/master [0ms]
2025-02-14 15:43:43.371 [info] > git for-each-ref --sort -committerdate --format %(refname) %(objectname) %(*objectname) [3ms]
2025-02-14 15:43:43.379 [info] > git status -z -uall [29ms]
2025-02-14 15:44:48.521 [info] > git show --textconv :yihBluetWork/DrawEvent_v4.0.C [27ms]
2025-02-14 15:44:48.523 [info] > git ls-files --stage -- /home/hooke/works/wnri-bluet-v5/yihBluetWork/DrawEvent_v4.0.C [3ms]
2025-02-14 15:44:48.549 [info] > git cat-file -s 3630b453a7d7c1400dc1f59b3d0bf1eb097082df [2ms]
2025-02-14 15:44:56.327 [info] > git show --textconv :.vscode/launch.json [26ms]
2025-02-14 15:44:56.327 [warning] [GitFileSystemProvider][readFile] File not found - git:/home/hooke/works/wnri-bluet-v5/.vscode/launch.json.git?%7B%22path%22%3A%22%2Fhome%2Fhooke%2Fworks%2Fwnri-bluet-v5%2F.vscode%2Flaunch.json%22%2C%22ref%22%3A%22%22%7D
2025-02-14 15:44:56.327 [info] > git ls-files --stage -- /home/hooke/works/wnri-bluet-v5/.vscode/launch.json [1ms]
2025-02-14 15:44:56.328 [warning] [GitFileSystemProvider][stat] File not found - git:/home/hooke/works/wnri-bluet-v5/.vscode/launch.json.git?%7B%22path%22%3A%22%2Fhome%2Fhooke%2Fworks%2Fwnri-bluet-v5%2F.vscode%2Flaunch.json%22%2C%22ref%22%3A%22%22%7D
2025-02-14 15:44:56.355 [info] > git blame --root --incremental c82cdb0220e9aed5dc2f2ec516e72895d7d470b5 -- /home/hooke/works/wnri-bluet-v5/.vscode/launch.json [2ms]
2025-02-14 15:44:56.355 [info] 致命错误：在 c82cdb0220e9aed5dc2f2ec516e72895d7d470b5 中无此路径 .vscode/launch.json
2025-02-14 15:45:09.346 [info] > git config --get commit.template [2ms]
2025-02-14 15:45:09.371 [info] > git for-each-ref --format=%(refname)%00%(upstream:short)%00%(objectname)%00%(upstream:track)%00%(upstream:remotename)%00%(upstream:remoteref) refs/heads/master refs/remotes/master [2ms]
2025-02-14 15:45:09.392 [warning] [Git][revParse] Unable to read file: ENOENT: no such file or directory, open '/home/hooke/works/wnri-bluet-v5/.git/refs/remotes/origin/master'
2025-02-14 15:45:09.393 [info] > git rev-parse refs/remotes/origin/master [0ms]
2025-02-14 15:45:09.433 [info] > git for-each-ref --sort -committerdate --format %(refname) %(objectname) %(*objectname) [1ms]
2025-02-14 15:45:09.440 [info] > git status -z -uall [28ms]
2025-02-14 15:45:14.476 [info] > git config --get commit.template [16ms]
2025-02-14 15:45:14.476 [info] > git for-each-ref --format=%(refname)%00%(upstream:short)%00%(objectname)%00%(upstream:track)%00%(upstream:remotename)%00%(upstream:remoteref) refs/heads/master refs/remotes/master [1ms]
2025-02-14 15:45:14.492 [warning] [Git][revParse] Unable to read file: ENOENT: no such file or directory, open '/home/hooke/works/wnri-bluet-v5/.git/refs/remotes/origin/master'
2025-02-14 15:45:14.493 [info] > git rev-parse refs/remotes/origin/master [1ms]
2025-02-14 15:45:14.529 [info] > git for-each-ref --sort -committerdate --format %(refname) %(objectname) %(*objectname) [1ms]
2025-02-14 15:45:14.537 [info] > git status -z -uall [27ms]
2025-02-14 15:45:15.597 [info] > git show --textconv :.vscode/test.txt [21ms]
2025-02-14 15:45:15.597 [warning] [GitFileSystemProvider][readFile] File not found - git:/home/hooke/works/wnri-bluet-v5/.vscode/test.txt.git?%7B%22path%22%3A%22%2Fhome%2Fhooke%2Fworks%2Fwnri-bluet-v5%2F.vscode%2Ftest.txt%22%2C%22ref%22%3A%22%22%7D
2025-02-14 15:45:15.598 [info] > git ls-files --stage -- /home/hooke/works/wnri-bluet-v5/.vscode/test.txt [2ms]
2025-02-14 15:45:15.598 [warning] [GitFileSystemProvider][stat] File not found - git:/home/hooke/works/wnri-bluet-v5/.vscode/test.txt.git?%7B%22path%22%3A%22%2Fhome%2Fhooke%2Fworks%2Fwnri-bluet-v5%2F.vscode%2Ftest.txt%22%2C%22ref%22%3A%22%22%7D
2025-02-14 15:45:20.569 [info] > git show --textconv :yihBluetWork/DrawEvent_v4.0.C [20ms]
2025-02-14 15:45:20.570 [info] > git ls-files --stage -- /home/hooke/works/wnri-bluet-v5/yihBluetWork/DrawEvent_v4.0.C [1ms]
2025-02-14 15:45:20.592 [info] > git cat-file -s 3630b453a7d7c1400dc1f59b3d0bf1eb097082df [2ms]
2025-02-14 15:45:21.150 [info] > git show --textconv :.vscode/launch.json [22ms]
2025-02-14 15:45:21.151 [warning] [GitFileSystemProvider][readFile] File not found - git:/home/hooke/works/wnri-bluet-v5/.vscode/launch.json.git?%7B%22path%22%3A%22%2Fhome%2Fhooke%2Fworks%2Fwnri-bluet-v5%2F.vscode%2Flaunch.json%22%2C%22ref%22%3A%22%22%7D
2025-02-14 15:45:21.151 [info] > git ls-files --stage -- /home/hooke/works/wnri-bluet-v5/.vscode/launch.json [1ms]
2025-02-14 15:45:21.151 [warning] [GitFileSystemProvider][stat] File not found - git:/home/hooke/works/wnri-bluet-v5/.vscode/launch.json.git?%7B%22path%22%3A%22%2Fhome%2Fhooke%2Fworks%2Fwnri-bluet-v5%2F.vscode%2Flaunch.json%22%2C%22ref%22%3A%22%22%7D
2025-02-14 15:45:33.549 [info] > git config --get commit.template [16ms]
2025-02-14 15:45:33.550 [info] > git for-each-ref --format=%(refname)%00%(upstream:short)%00%(objectname)%00%(upstream:track)%00%(upstream:remotename)%00%(upstream:remoteref) refs/heads/master refs/remotes/master [1ms]
2025-02-14 15:45:33.565 [warning] [Git][revParse] Unable to read file: ENOENT: no such file or directory, open '/home/hooke/works/wnri-bluet-v5/.git/refs/remotes/origin/master'
2025-02-14 15:45:33.566 [info] > git rev-parse refs/remotes/origin/master [1ms]
2025-02-14 15:45:33.599 [info] > git for-each-ref --sort -committerdate --format %(refname) %(objectname) %(*objectname) [1ms]
2025-02-14 15:45:33.609 [info] > git status -z -uall [27ms]
2025-02-14 15:45:58.526 [info] > git show --textconv :yihBluetWork/DrawEvent_v4.0.C [19ms]
2025-02-14 15:45:58.527 [info] > git ls-files --stage -- /home/hooke/works/wnri-bluet-v5/yihBluetWork/DrawEvent_v4.0.C [1ms]
2025-02-14 15:45:58.549 [info] > git cat-file -s 3630b453a7d7c1400dc1f59b3d0bf1eb097082df [2ms]
2025-02-14 15:45:59.584 [info] > git show --textconv :.vscode/launch.json [22ms]
2025-02-14 15:45:59.584 [warning] [GitFileSystemProvider][readFile] File not found - git:/home/hooke/works/wnri-bluet-v5/.vscode/launch.json.git?%7B%22path%22%3A%22%2Fhome%2Fhooke%2Fworks%2Fwnri-bluet-v5%2F.vscode%2Flaunch.json%22%2C%22ref%22%3A%22%22%7D
2025-02-14 15:45:59.585 [info] > git ls-files --stage -- /home/hooke/works/wnri-bluet-v5/.vscode/launch.json [1ms]
2025-02-14 15:45:59.585 [warning] [GitFileSystemProvider][stat] File not found - git:/home/hooke/works/wnri-bluet-v5/.vscode/launch.json.git?%7B%22path%22%3A%22%2Fhome%2Fhooke%2Fworks%2Fwnri-bluet-v5%2F.vscode%2Flaunch.json%22%2C%22ref%22%3A%22%22%7D
2025-02-14 15:46:07.525 [info] > git show --textconv :yihBluetWork/DrawEvent_v4.0.C [22ms]
2025-02-14 15:46:07.526 [info] > git ls-files --stage -- /home/hooke/works/wnri-bluet-v5/yihBluetWork/DrawEvent_v4.0.C [2ms]
2025-02-14 15:46:07.549 [info] > git cat-file -s 3630b453a7d7c1400dc1f59b3d0bf1eb097082df [3ms]
2025-02-14 15:50:39.952 [info] > git show --textconv :yihBluetWork/DrawEvent_v4.0.C [23ms]
2025-02-14 15:50:39.953 [info] > git ls-files --stage -- /home/hooke/works/wnri-bluet-v5/yihBluetWork/DrawEvent_v4.0.C [1ms]
2025-02-14 15:50:39.975 [info] > git cat-file -s 3630b453a7d7c1400dc1f59b3d0bf1eb097082df [2ms]
2025-02-14 15:50:47.744 [info] > git show --textconv :yihBluetWork/BluetWaveFactory.C [22ms]
2025-02-14 15:50:47.745 [info] > git ls-files --stage -- /home/hooke/works/wnri-bluet-v5/yihBluetWork/BluetWaveFactory.C [2ms]
2025-02-14 15:50:47.767 [info] > git cat-file -s 7708e2887b1a51e3c90f0dd0fd03ecfdcfd8d462 [2ms]
2025-02-14 15:50:49.911 [info] > git show --textconv :yihBluetWork/DrawEvent_v4.0.C [22ms]
2025-02-14 15:50:49.912 [info] > git ls-files --stage -- /home/hooke/works/wnri-bluet-v5/yihBluetWork/DrawEvent_v4.0.C [1ms]
2025-02-14 15:50:49.934 [info] > git cat-file -s 3630b453a7d7c1400dc1f59b3d0bf1eb097082df [2ms]
2025-02-14 15:52:46.109 [info] > git rev-parse --show-toplevel [6ms]
2025-02-14 15:52:46.109 [info] 致命错误：不是 git 仓库（或者任何父目录）：.git
2025-02-14 15:52:50.196 [info] > git rev-parse --show-toplevel [2ms]
2025-02-14 15:52:50.196 [info] 致命错误：不是 git 仓库（或者任何父目录）：.git
2025-02-14 15:52:51.819 [info] > git rev-parse --show-toplevel [2ms]
2025-02-14 15:52:51.819 [info] 致命错误：不是 git 仓库（或者任何父目录）：.git
2025-02-14 15:52:56.681 [info] > git rev-parse --show-toplevel [2ms]
2025-02-14 15:52:56.681 [info] 致命错误：不是 git 仓库（或者任何父目录）：.git
2025-02-14 15:52:59.461 [info] > git rev-parse --show-toplevel [2ms]
2025-02-14 15:52:59.461 [info] 致命错误：不是 git 仓库（或者任何父目录）：.git
2025-02-14 15:53:00.111 [info] > git rev-parse --show-toplevel [2ms]
2025-02-14 15:53:00.111 [info] 致命错误：不是 git 仓库（或者任何父目录）：.git
2025-02-14 15:53:00.776 [info] > git rev-parse --show-toplevel [2ms]
2025-02-14 15:53:00.776 [info] 致命错误：不是 git 仓库（或者任何父目录）：.git
2025-02-14 15:53:01.540 [info] > git rev-parse --show-toplevel [2ms]
2025-02-14 15:53:01.540 [info] 致命错误：不是 git 仓库（或者任何父目录）：.git
2025-02-14 15:53:02.257 [info] > git rev-parse --show-toplevel [2ms]
2025-02-14 15:53:02.257 [info] 致命错误：不是 git 仓库（或者任何父目录）：.git
2025-02-14 15:53:07.526 [info] > git rev-parse --show-toplevel [3ms]
2025-02-14 15:53:07.526 [info] 致命错误：不是 git 仓库（或者任何父目录）：.git
2025-02-14 15:53:10.728 [info] > git rev-parse --show-toplevel [1ms]
2025-02-14 15:53:10.728 [info] 致命错误：不是 git 仓库（或者任何父目录）：.git
2025-02-14 15:53:14.569 [info] > git show --textconv :yihBluetWork/DrawEvent_v4.0.C [20ms]
2025-02-14 15:53:14.570 [info] > git ls-files --stage -- /home/hooke/works/wnri-bluet-v5/yihBluetWork/DrawEvent_v4.0.C [1ms]
2025-02-14 15:53:14.591 [info] > git cat-file -s 3630b453a7d7c1400dc1f59b3d0bf1eb097082df [2ms]
2025-02-14 15:57:21.106 [info] > git rev-parse --show-toplevel [2ms]
2025-02-14 15:57:21.106 [info] 致命错误：不是 git 仓库（或者任何父目录）：.git
2025-02-14 15:57:47.506 [info] > git rev-parse --show-toplevel [1ms]
2025-02-14 15:57:47.506 [info] 致命错误：不是 git 仓库（或者任何父目录）：.git
2025-02-14 16:04:09.334 [info] > git show --textconv :yihBluetWork/DrawEvent_v4.0.C [23ms]
2025-02-14 16:04:09.335 [info] > git ls-files --stage -- /home/hooke/works/wnri-bluet-v5/yihBluetWork/DrawEvent_v4.0.C [1ms]
2025-02-14 16:04:09.359 [info] > git cat-file -s 3630b453a7d7c1400dc1f59b3d0bf1eb097082df [3ms]
2025-02-14 16:05:50.420 [info] > git config --get commit.template [21ms]
2025-02-14 16:05:50.420 [info] > git for-each-ref --format=%(refname)%00%(upstream:short)%00%(objectname)%00%(upstream:track)%00%(upstream:remotename)%00%(upstream:remoteref) refs/heads/master refs/remotes/master [1ms]
2025-02-14 16:05:50.442 [warning] [Git][revParse] Unable to read file: ENOENT: no such file or directory, open '/home/hooke/works/wnri-bluet-v5/.git/refs/remotes/origin/master'
2025-02-14 16:05:50.443 [info] > git rev-parse refs/remotes/origin/master [1ms]
2025-02-14 16:05:50.492 [info] > git for-each-ref --sort -committerdate --format %(refname) %(objectname) %(*objectname) [1ms]
2025-02-14 16:05:50.497 [info] > git status -z -uall [29ms]
2025-02-14 16:06:56.505 [info] > git show --textconv :yihBluetWork/DrawEvent_v4.0.C [22ms]
2025-02-14 16:06:56.505 [info] > git ls-files --stage -- /home/hooke/works/wnri-bluet-v5/yihBluetWork/DrawEvent_v4.0.C [1ms]
2025-02-14 16:06:56.533 [info] > git cat-file -s 3630b453a7d7c1400dc1f59b3d0bf1eb097082df [2ms]
2025-02-14 16:15:41.194 [info] > git show --textconv :yihBluetWork/DrawEvent_v4.0.C [22ms]
2025-02-14 16:15:41.195 [info] > git ls-files --stage -- /home/hooke/works/wnri-bluet-v5/yihBluetWork/DrawEvent_v4.0.C [1ms]
2025-02-14 16:15:41.216 [info] > git cat-file -s 3630b453a7d7c1400dc1f59b3d0bf1eb097082df [1ms]
2025-02-14 16:17:47.897 [info] > git rev-parse --show-toplevel [2ms]
2025-02-14 16:17:47.897 [info] 致命错误：不是 git 仓库（或者任何父目录）：.git
2025-02-14 16:18:02.515 [info] > git rev-parse --show-toplevel [2ms]
2025-02-14 16:18:02.515 [info] 致命错误：不是 git 仓库（或者任何父目录）：.git
2025-02-14 16:18:06.814 [info] > git rev-parse --show-toplevel [3ms]
2025-02-14 16:18:06.815 [info] 致命错误：不是 git 仓库（或者任何父目录）：.git
2025-02-14 16:19:49.181 [info] > git config --get commit.template [20ms]
2025-02-14 16:19:49.182 [info] > git for-each-ref --format=%(refname)%00%(upstream:short)%00%(objectname)%00%(upstream:track)%00%(upstream:remotename)%00%(upstream:remoteref) refs/heads/master refs/remotes/master [2ms]
2025-02-14 16:19:49.201 [warning] [Git][revParse] Unable to read file: ENOENT: no such file or directory, open '/home/hooke/works/wnri-bluet-v5/.git/refs/remotes/origin/master'
2025-02-14 16:19:49.202 [info] > git rev-parse refs/remotes/origin/master [1ms]
2025-02-14 16:19:49.242 [info] > git for-each-ref --sort -committerdate --format %(refname) %(objectname) %(*objectname) [1ms]
2025-02-14 16:19:49.248 [info] > git status -z -uall [28ms]
2025-02-14 16:19:59.896 [info] > git config --get commit.template [19ms]
2025-02-14 16:19:59.896 [info] > git for-each-ref --format=%(refname)%00%(upstream:short)%00%(objectname)%00%(upstream:track)%00%(upstream:remotename)%00%(upstream:remoteref) refs/heads/master refs/remotes/master [1ms]
2025-02-14 16:19:59.915 [warning] [Git][revParse] Unable to read file: ENOENT: no such file or directory, open '/home/hooke/works/wnri-bluet-v5/.git/refs/remotes/origin/master'
2025-02-14 16:19:59.916 [info] > git rev-parse refs/remotes/origin/master [1ms]
2025-02-14 16:19:59.956 [info] > git for-each-ref --sort -committerdate --format %(refname) %(objectname) %(*objectname) [2ms]
2025-02-14 16:19:59.963 [info] > git status -z -uall [28ms]
2025-02-14 16:20:05.001 [info] > git config --get commit.template [18ms]
2025-02-14 16:20:05.002 [info] > git for-each-ref --format=%(refname)%00%(upstream:short)%00%(objectname)%00%(upstream:track)%00%(upstream:remotename)%00%(upstream:remoteref) refs/heads/master refs/remotes/master [1ms]
2025-02-14 16:20:05.020 [warning] [Git][revParse] Unable to read file: ENOENT: no such file or directory, open '/home/hooke/works/wnri-bluet-v5/.git/refs/remotes/origin/master'
2025-02-14 16:20:05.020 [info] > git rev-parse refs/remotes/origin/master [1ms]
2025-02-14 16:20:05.055 [info] > git for-each-ref --sort -committerdate --format %(refname) %(objectname) %(*objectname) [1ms]
2025-02-14 16:20:05.067 [info] > git status -z -uall [30ms]
2025-02-14 16:22:34.494 [info] > git check-ignore -v -z --stdin [1ms]
2025-02-14 16:22:34.746 [info] > git log --format=%H%n%aN%n%aE%n%at%n%ct%n%P%n%D%n%B -z --shortstat --diff-merges=first-parent -n50 --skip=0 --topo-order --decorate=full --stdin [831ms]
2025-02-14 16:23:24.439 [info] > git config --get commit.template [21ms]
2025-02-14 16:23:24.439 [info] > git for-each-ref --format=%(refname)%00%(upstream:short)%00%(objectname)%00%(upstream:track)%00%(upstream:remotename)%00%(upstream:remoteref) refs/heads/master refs/remotes/master [1ms]
2025-02-14 16:23:24.460 [warning] [Git][revParse] Unable to read file: ENOENT: no such file or directory, open '/home/hooke/works/wnri-bluet-v5/.git/refs/remotes/origin/master'
2025-02-14 16:23:24.460 [info] > git rev-parse refs/remotes/origin/master [0ms]
2025-02-14 16:23:24.502 [info] > git for-each-ref --sort -committerdate --format %(refname) %(objectname) %(*objectname) [1ms]
2025-02-14 16:23:24.508 [info] > git status -z -uall [28ms]
2025-02-14 16:23:29.553 [info] > git config --get commit.template [20ms]
2025-02-14 16:23:29.553 [info] > git for-each-ref --format=%(refname)%00%(upstream:short)%00%(objectname)%00%(upstream:track)%00%(upstream:remotename)%00%(upstream:remoteref) refs/heads/master refs/remotes/master [1ms]
2025-02-14 16:23:29.575 [warning] [Git][revParse] Unable to read file: ENOENT: no such file or directory, open '/home/hooke/works/wnri-bluet-v5/.git/refs/remotes/origin/master'
2025-02-14 16:23:29.576 [info] > git rev-parse refs/remotes/origin/master [1ms]
2025-02-14 16:23:29.620 [info] > git for-each-ref --sort -committerdate --format %(refname) %(objectname) %(*objectname) [1ms]
2025-02-14 16:23:29.626 [info] > git status -z -uall [28ms]
2025-02-14 16:23:34.675 [info] > git config --get commit.template [24ms]
2025-02-14 16:23:34.675 [info] > git for-each-ref --format=%(refname)%00%(upstream:short)%00%(objectname)%00%(upstream:track)%00%(upstream:remotename)%00%(upstream:remoteref) refs/heads/master refs/remotes/master [1ms]
2025-02-14 16:23:34.696 [warning] [Git][revParse] Unable to read file: ENOENT: no such file or directory, open '/home/hooke/works/wnri-bluet-v5/.git/refs/remotes/origin/master'
2025-02-14 16:23:34.697 [info] > git rev-parse refs/remotes/origin/master [1ms]
2025-02-14 16:23:34.738 [info] > git for-each-ref --sort -committerdate --format %(refname) %(objectname) %(*objectname) [1ms]
2025-02-14 16:23:34.746 [info] > git status -z -uall [29ms]
2025-02-14 16:23:39.792 [info] > git config --get commit.template [23ms]
2025-02-14 16:23:39.793 [info] > git for-each-ref --format=%(refname)%00%(upstream:short)%00%(objectname)%00%(upstream:track)%00%(upstream:remotename)%00%(upstream:remoteref) refs/heads/master refs/remotes/master [1ms]
2025-02-14 16:23:39.814 [warning] [Git][revParse] Unable to read file: ENOENT: no such file or directory, open '/home/hooke/works/wnri-bluet-v5/.git/refs/remotes/origin/master'
2025-02-14 16:23:39.815 [info] > git rev-parse refs/remotes/origin/master [1ms]
2025-02-14 16:23:39.849 [info] > git for-each-ref --sort -committerdate --format %(refname) %(objectname) %(*objectname) [1ms]
2025-02-14 16:23:39.860 [info] > git status -z -uall [27ms]
2025-02-14 16:23:45.661 [info] > git config --get commit.template [20ms]
2025-02-14 16:23:45.662 [info] > git for-each-ref --format=%(refname)%00%(upstream:short)%00%(objectname)%00%(upstream:track)%00%(upstream:remotename)%00%(upstream:remoteref) refs/heads/master refs/remotes/master [1ms]
2025-02-14 16:23:45.683 [warning] [Git][revParse] Unable to read file: ENOENT: no such file or directory, open '/home/hooke/works/wnri-bluet-v5/.git/refs/remotes/origin/master'
2025-02-14 16:23:45.684 [info] > git rev-parse refs/remotes/origin/master [1ms]
2025-02-14 16:23:45.727 [info] > git for-each-ref --sort -committerdate --format %(refname) %(objectname) %(*objectname) [1ms]
2025-02-14 16:23:45.732 [info] > git status -z -uall [28ms]
2025-02-14 16:23:57.393 [info] > git config --get commit.template [19ms]
2025-02-14 16:23:57.394 [info] > git for-each-ref --format=%(refname)%00%(upstream:short)%00%(objectname)%00%(upstream:track)%00%(upstream:remotename)%00%(upstream:remoteref) refs/heads/master refs/remotes/master [1ms]
2025-02-14 16:23:57.414 [warning] [Git][revParse] Unable to read file: ENOENT: no such file or directory, open '/home/hooke/works/wnri-bluet-v5/.git/refs/remotes/origin/master'
2025-02-14 16:23:57.415 [info] > git rev-parse refs/remotes/origin/master [1ms]
2025-02-14 16:23:57.456 [info] > git for-each-ref --sort -committerdate --format %(refname) %(objectname) %(*objectname) [1ms]
2025-02-14 16:23:57.461 [info] > git status -z -uall [27ms]
2025-02-14 16:24:02.497 [info] > git config --get commit.template [16ms]
2025-02-14 16:24:02.498 [info] > git for-each-ref --format=%(refname)%00%(upstream:short)%00%(objectname)%00%(upstream:track)%00%(upstream:remotename)%00%(upstream:remoteref) refs/heads/master refs/remotes/master [1ms]
2025-02-14 16:24:02.513 [warning] [Git][revParse] Unable to read file: ENOENT: no such file or directory, open '/home/hooke/works/wnri-bluet-v5/.git/refs/remotes/origin/master'
2025-02-14 16:24:02.513 [info] > git rev-parse refs/remotes/origin/master [1ms]
2025-02-14 16:24:02.544 [info] > git for-each-ref --sort -committerdate --format %(refname) %(objectname) %(*objectname) [1ms]
2025-02-14 16:24:02.555 [info] > git status -z -uall [27ms]
2025-02-14 16:24:14.000 [info] > git config --get commit.template [22ms]
2025-02-14 16:24:14.000 [info] > git for-each-ref --format=%(refname)%00%(upstream:short)%00%(objectname)%00%(upstream:track)%00%(upstream:remotename)%00%(upstream:remoteref) refs/heads/master refs/remotes/master [1ms]
2025-02-14 16:24:14.022 [warning] [Git][revParse] Unable to read file: ENOENT: no such file or directory, open '/home/hooke/works/wnri-bluet-v5/.git/refs/remotes/origin/master'
2025-02-14 16:24:14.023 [info] > git rev-parse refs/remotes/origin/master [1ms]
2025-02-14 16:24:14.067 [info] > git for-each-ref --sort -committerdate --format %(refname) %(objectname) %(*objectname) [1ms]
2025-02-14 16:24:14.073 [info] > git status -z -uall [30ms]
2025-02-14 16:24:19.111 [info] > git config --get commit.template [17ms]
2025-02-14 16:24:19.111 [info] > git for-each-ref --format=%(refname)%00%(upstream:short)%00%(objectname)%00%(upstream:track)%00%(upstream:remotename)%00%(upstream:remoteref) refs/heads/master refs/remotes/master [1ms]
2025-02-14 16:24:19.126 [warning] [Git][revParse] Unable to read file: ENOENT: no such file or directory, open '/home/hooke/works/wnri-bluet-v5/.git/refs/remotes/origin/master'
2025-02-14 16:24:19.127 [info] > git rev-parse refs/remotes/origin/master [1ms]
2025-02-14 16:24:19.159 [info] > git for-each-ref --sort -committerdate --format %(refname) %(objectname) %(*objectname) [1ms]
2025-02-14 16:24:19.170 [info] > git status -z -uall [28ms]
2025-02-14 17:41:12.922 [info] > git show --textconv :.vscode/launch.json [25ms]
2025-02-14 17:41:12.923 [warning] [GitFileSystemProvider][readFile] File not found - git:/home/hooke/works/wnri-bluet-v5/.vscode/launch.json.git?%7B%22path%22%3A%22%2Fhome%2Fhooke%2Fworks%2Fwnri-bluet-v5%2F.vscode%2Flaunch.json%22%2C%22ref%22%3A%22%22%7D
2025-02-14 17:41:12.924 [info] > git ls-files --stage -- /home/hooke/works/wnri-bluet-v5/.vscode/launch.json [1ms]
2025-02-14 17:41:12.924 [warning] [GitFileSystemProvider][stat] File not found - git:/home/hooke/works/wnri-bluet-v5/.vscode/launch.json.git?%7B%22path%22%3A%22%2Fhome%2Fhooke%2Fworks%2Fwnri-bluet-v5%2F.vscode%2Flaunch.json%22%2C%22ref%22%3A%22%22%7D
2025-02-14 18:02:58.645 [info] > git show --textconv :yihBluetWork/DrawEvent_v4.0.C [25ms]
2025-02-14 18:02:58.646 [info] > git ls-files --stage -- /home/hooke/works/wnri-bluet-v5/yihBluetWork/DrawEvent_v4.0.C [2ms]
2025-02-14 18:02:58.671 [info] > git cat-file -s 3630b453a7d7c1400dc1f59b3d0bf1eb097082df [2ms]
2025-02-14 18:02:58.850 [info] > git rev-parse --show-toplevel [2ms]
2025-02-14 18:02:58.850 [info] 致命错误：不是 git 仓库（或者任何父目录）：.git
2025-02-14 18:03:00.516 [info] > git show --textconv :yihBluetWork/DrawEvent_v4.0.C [28ms]
2025-02-14 18:03:00.516 [info] > git ls-files --stage -- /home/hooke/works/wnri-bluet-v5/yihBluetWork/DrawEvent_v4.0.C [2ms]
2025-02-14 18:03:00.543 [info] > git cat-file -s 3630b453a7d7c1400dc1f59b3d0bf1eb097082df [2ms]
2025-02-14 18:03:02.430 [info] > git show --textconv :yihBluetWork/BluetWaveFactory.C [25ms]
2025-02-14 18:03:02.431 [info] > git ls-files --stage -- /home/hooke/works/wnri-bluet-v5/yihBluetWork/BluetWaveFactory.C [1ms]
2025-02-14 18:03:02.456 [info] > git cat-file -s 7708e2887b1a51e3c90f0dd0fd03ecfdcfd8d462 [2ms]
2025-02-14 18:03:04.602 [info] > git show --textconv :yihBluetWork/DrawEvent_v4.0.C [26ms]
2025-02-14 18:03:04.603 [info] > git ls-files --stage -- /home/hooke/works/wnri-bluet-v5/yihBluetWork/DrawEvent_v4.0.C [2ms]
2025-02-14 18:03:04.630 [info] > git cat-file -s 3630b453a7d7c1400dc1f59b3d0bf1eb097082df [1ms]
2025-02-14 18:06:59.790 [info] > git show --textconv :.vscode/test.txt [26ms]
2025-02-14 18:06:59.790 [warning] [GitFileSystemProvider][readFile] File not found - git:/home/hooke/works/wnri-bluet-v5/.vscode/test.txt.git?%7B%22path%22%3A%22%2Fhome%2Fhooke%2Fworks%2Fwnri-bluet-v5%2F.vscode%2Ftest.txt%22%2C%22ref%22%3A%22%22%7D
2025-02-14 18:06:59.791 [info] > git ls-files --stage -- /home/hooke/works/wnri-bluet-v5/.vscode/test.txt [2ms]
2025-02-14 18:06:59.791 [warning] [GitFileSystemProvider][stat] File not found - git:/home/hooke/works/wnri-bluet-v5/.vscode/test.txt.git?%7B%22path%22%3A%22%2Fhome%2Fhooke%2Fworks%2Fwnri-bluet-v5%2F.vscode%2Ftest.txt%22%2C%22ref%22%3A%22%22%7D
2025-02-14 18:07:14.494 [info] > git show --textconv :yihBluetWork/BluetWaveFactory.C [26ms]
2025-02-14 18:07:14.496 [info] > git ls-files --stage -- /home/hooke/works/wnri-bluet-v5/yihBluetWork/BluetWaveFactory.C [2ms]
2025-02-14 18:07:14.522 [info] > git cat-file -s 7708e2887b1a51e3c90f0dd0fd03ecfdcfd8d462 [2ms]
2025-02-14 18:07:20.378 [info] > git show --textconv :yihBluetWork/DrawEvent_v4.0.C [26ms]
2025-02-14 18:07:20.378 [info] > git ls-files --stage -- /home/hooke/works/wnri-bluet-v5/yihBluetWork/DrawEvent_v4.0.C [1ms]
2025-02-14 18:07:20.407 [info] > git cat-file -s 3630b453a7d7c1400dc1f59b3d0bf1eb097082df [2ms]
2025-02-14 18:27:18.095 [info] > git check-ignore -v -z --stdin [1ms]
2025-02-14 18:27:18.722 [info] > git check-ignore -v -z --stdin [1ms]
2025-02-14 18:27:19.638 [info] > git check-ignore -v -z --stdin [1ms]
2025-02-14 18:27:21.160 [info] > git check-ignore -v -z --stdin [1ms]
2025-02-14 18:31:41.337 [info] > git show --textconv :BluetAna/include/BluetWaveformMaster.h [27ms]
2025-02-14 18:31:41.338 [info] > git ls-files --stage -- /home/hooke/works/wnri-bluet-v5/BluetAna/include/BluetWaveformMaster.h [1ms]
2025-02-14 18:31:41.381 [info] > git cat-file -s e7a78645e8eb0245e048622b0b5238a42d83e845 [2ms]
2025-02-14 18:31:41.446 [info] > git blame --root --incremental c82cdb0220e9aed5dc2f2ec516e72895d7d470b5 -- /home/hooke/works/wnri-bluet-v5/BluetAna/include/BluetWaveformMaster.h [3ms]
2025-02-14 18:32:30.684 [info] > git show --textconv :yihBluetWork/DrawEvent_v4.0.C [30ms]
2025-02-14 18:32:30.685 [info] > git ls-files --stage -- /home/hooke/works/wnri-bluet-v5/yihBluetWork/DrawEvent_v4.0.C [1ms]
2025-02-14 18:32:30.712 [info] > git cat-file -s 3630b453a7d7c1400dc1f59b3d0bf1eb097082df [1ms]
2025-02-14 18:43:10.825 [info] > git show --textconv :yihBluetWork/DrawEvent_v1.0.C [28ms]
2025-02-14 18:43:10.826 [info] > git ls-files --stage -- /home/hooke/works/wnri-bluet-v5/yihBluetWork/DrawEvent_v1.0.C [1ms]
2025-02-14 18:43:10.854 [info] > git cat-file -s bebd9a024b0948dd7f098bb39684577d522e8e8e [1ms]
2025-02-14 18:43:11.806 [info] > git config --get commit.template [26ms]
2025-02-14 18:43:11.807 [info] > git for-each-ref --format=%(refname)%00%(upstream:short)%00%(objectname)%00%(upstream:track)%00%(upstream:remotename)%00%(upstream:remoteref) refs/heads/master refs/remotes/master [2ms]
2025-02-14 18:43:11.833 [warning] [Git][revParse] Unable to read file: ENOENT: no such file or directory, open '/home/hooke/works/wnri-bluet-v5/.git/refs/remotes/origin/master'
2025-02-14 18:43:11.834 [info] > git rev-parse refs/remotes/origin/master [1ms]
2025-02-14 18:43:11.889 [info] > git for-each-ref --sort -committerdate --format %(refname) %(objectname) %(*objectname) [1ms]
2025-02-14 18:43:11.890 [info] > git status -z -uall [29ms]
2025-02-14 18:44:21.009 [info] > git show --textconv :yihBluetWork/DrawEvent_v4.0.C [26ms]
2025-02-14 18:44:21.010 [info] > git ls-files --stage -- /home/hooke/works/wnri-bluet-v5/yihBluetWork/DrawEvent_v4.0.C [1ms]
2025-02-14 18:44:21.036 [info] > git cat-file -s 3630b453a7d7c1400dc1f59b3d0bf1eb097082df [2ms]
2025-02-14 18:46:18.471 [info] > git show --textconv :BluetAna/source/BluetMCPAnodeMaster.cc [31ms]
2025-02-14 18:46:18.473 [info] > git ls-files --stage -- /home/hooke/works/wnri-bluet-v5/BluetAna/source/BluetMCPAnodeMaster.cc [3ms]
2025-02-14 18:46:18.502 [info] > git cat-file -s f2529147689049106f9feb7e2012e8fe785cf7fa [1ms]
2025-02-14 18:46:18.551 [info] > git blame --root --incremental c82cdb0220e9aed5dc2f2ec516e72895d7d470b5 -- /home/hooke/works/wnri-bluet-v5/BluetAna/source/BluetMCPAnodeMaster.cc [3ms]
2025-02-14 18:46:18.925 [info] > git check-ignore -v -z --stdin [1ms]
2025-02-14 18:46:35.819 [info] > git show --textconv :yihBluetWork/DrawEvent_v4.0.C [24ms]
2025-02-14 18:46:35.820 [info] > git ls-files --stage -- /home/hooke/works/wnri-bluet-v5/yihBluetWork/DrawEvent_v4.0.C [1ms]
2025-02-14 18:46:35.848 [info] > git cat-file -s 3630b453a7d7c1400dc1f59b3d0bf1eb097082df [4ms]
2025-02-14 18:46:42.794 [info] > git show --textconv :BluetAna/source/BluetMCPAnodeMaster.cc [25ms]
2025-02-14 18:46:42.795 [info] > git ls-files --stage -- /home/hooke/works/wnri-bluet-v5/BluetAna/source/BluetMCPAnodeMaster.cc [2ms]
2025-02-14 18:46:42.821 [info] > git cat-file -s f2529147689049106f9feb7e2012e8fe785cf7fa [2ms]
2025-02-14 18:46:58.854 [info] > git show --textconv :BluetAna/include/BluetModule.h [178ms]
2025-02-14 18:46:58.855 [info] > git ls-files --stage -- /home/hooke/works/wnri-bluet-v5/BluetAna/include/BluetModule.h [151ms]
2025-02-14 18:46:58.880 [info] > git cat-file -s 9f0fa1da6bfe8bb45b552365a5a49823133207cd [2ms]
2025-02-14 18:47:09.739 [info] > git show --textconv :BluetAna/include/BluetMCPAnodeMaster.h [29ms]
2025-02-14 18:47:09.739 [info] > git ls-files --stage -- /home/hooke/works/wnri-bluet-v5/BluetAna/include/BluetMCPAnodeMaster.h [6ms]
2025-02-14 18:47:09.765 [info] > git cat-file -s e25e950a117968f3b3c34587859b9c932aa481c4 [2ms]
2025-02-14 18:47:23.533 [info] > git show --textconv :BluetAna/include/BMCPAnodeStrip.h [24ms]
2025-02-14 18:47:23.534 [info] > git ls-files --stage -- /home/hooke/works/wnri-bluet-v5/BluetAna/include/BMCPAnodeStrip.h [2ms]
2025-02-14 18:47:23.557 [info] > git cat-file -s 70ba7152cb90e839d1ed9b2c3049ad07d42625ff [1ms]
2025-02-14 18:47:35.759 [info] > git show --textconv :BluetAna/include/BluetMCPAnodeMaster.h [24ms]
2025-02-14 18:47:35.760 [info] > git ls-files --stage -- /home/hooke/works/wnri-bluet-v5/BluetAna/include/BluetMCPAnodeMaster.h [1ms]
2025-02-14 18:47:35.784 [info] > git cat-file -s e25e950a117968f3b3c34587859b9c932aa481c4 [1ms]
2025-02-14 18:47:55.405 [info] > git show --textconv :BluetAna/source/BMCPAnodeStrip.cc [26ms]
2025-02-14 18:47:55.406 [info] > git ls-files --stage -- /home/hooke/works/wnri-bluet-v5/BluetAna/source/BMCPAnodeStrip.cc [3ms]
2025-02-14 18:47:55.430 [info] > git cat-file -s 41c8c4006bb8af8a43aa7bdf35ce191dd6f9f346 [1ms]
2025-02-14 18:47:58.800 [info] > git blame --root --incremental c82cdb0220e9aed5dc2f2ec516e72895d7d470b5 -- /home/hooke/works/wnri-bluet-v5/BluetAna/source/BMCPAnodeStrip.cc [1ms]
2025-02-14 18:48:45.220 [info] > git show --textconv :BluetAna/source/BluetMCPAnodeMaster.cc [26ms]
2025-02-14 18:48:45.221 [info] > git ls-files --stage -- /home/hooke/works/wnri-bluet-v5/BluetAna/source/BluetMCPAnodeMaster.cc [2ms]
2025-02-14 18:48:45.247 [info] > git cat-file -s f2529147689049106f9feb7e2012e8fe785cf7fa [2ms]
2025-02-14 18:56:32.486 [info] > git show --textconv :yihBluetWork/DrawEvent_v4.0.C [23ms]
2025-02-14 18:56:32.487 [info] > git ls-files --stage -- /home/hooke/works/wnri-bluet-v5/yihBluetWork/DrawEvent_v4.0.C [1ms]
2025-02-14 18:56:32.509 [info] > git cat-file -s 3630b453a7d7c1400dc1f59b3d0bf1eb097082df [2ms]
2025-02-14 18:56:45.936 [info] > git show --textconv :BluetAna/source/BluetMCPAnodeMaster.cc [22ms]
2025-02-14 18:56:45.937 [info] > git ls-files --stage -- /home/hooke/works/wnri-bluet-v5/BluetAna/source/BluetMCPAnodeMaster.cc [2ms]
2025-02-14 18:56:45.962 [info] > git cat-file -s f2529147689049106f9feb7e2012e8fe785cf7fa [3ms]
2025-02-14 18:56:49.861 [info] > git show --textconv :BluetAna/include/BluetConfig.h [24ms]
2025-02-14 18:56:49.862 [info] > git ls-files --stage -- /home/hooke/works/wnri-bluet-v5/BluetAna/include/BluetConfig.h [2ms]
2025-02-14 18:56:49.885 [info] > git cat-file -s 7d3eedadabcb3adc1236b5e6317b7554184bd338 [2ms]
2025-02-14 18:56:57.547 [info] > git show --textconv :yihBluetWork/DrawEvent_v4.0.C [25ms]
2025-02-14 18:56:57.548 [info] > git ls-files --stage -- /home/hooke/works/wnri-bluet-v5/yihBluetWork/DrawEvent_v4.0.C [1ms]
2025-02-14 18:56:57.573 [info] > git cat-file -s 3630b453a7d7c1400dc1f59b3d0bf1eb097082df [1ms]
2025-02-14 18:57:00.265 [info] > git show --textconv :BluetAna/source/BluetMCPAnodeMaster.cc [25ms]
2025-02-14 18:57:00.265 [info] > git ls-files --stage -- /home/hooke/works/wnri-bluet-v5/BluetAna/source/BluetMCPAnodeMaster.cc [2ms]
2025-02-14 18:57:00.289 [info] > git cat-file -s f2529147689049106f9feb7e2012e8fe785cf7fa [1ms]
2025-02-14 18:57:25.766 [info] > git show --textconv :yihBluetWork/DrawEvent_v4.0.C [21ms]
2025-02-14 18:57:25.767 [info] > git ls-files --stage -- /home/hooke/works/wnri-bluet-v5/yihBluetWork/DrawEvent_v4.0.C [1ms]
2025-02-14 18:57:25.791 [info] > git cat-file -s 3630b453a7d7c1400dc1f59b3d0bf1eb097082df [2ms]
2025-02-14 18:57:26.938 [info] > git show --textconv :BluetAna/source/BluetMCPAnodeMaster.cc [24ms]
2025-02-14 18:57:26.939 [info] > git ls-files --stage -- /home/hooke/works/wnri-bluet-v5/BluetAna/source/BluetMCPAnodeMaster.cc [1ms]
2025-02-14 18:57:26.964 [info] > git cat-file -s f2529147689049106f9feb7e2012e8fe785cf7fa [2ms]
2025-02-14 18:58:11.468 [info] > git show --textconv :yihBluetWork/DrawEvent_v4.0.C [23ms]
2025-02-14 18:58:11.469 [info] > git ls-files --stage -- /home/hooke/works/wnri-bluet-v5/yihBluetWork/DrawEvent_v4.0.C [2ms]
2025-02-14 18:58:11.493 [info] > git cat-file -s 3630b453a7d7c1400dc1f59b3d0bf1eb097082df [2ms]
2025-02-14 18:59:54.431 [info] > git show --textconv :BluetAna/include/BluetDataModel.h [24ms]
2025-02-14 18:59:54.432 [info] > git ls-files --stage -- /home/hooke/works/wnri-bluet-v5/BluetAna/include/BluetDataModel.h [1ms]
2025-02-14 18:59:54.457 [info] > git cat-file -s 7cb72d94af86bac5f170794d77ff1dfaa881b882 [2ms]
2025-02-14 18:59:59.433 [info] > git show --textconv :BluetAna/include/BluetDataModel.h [27ms]
2025-02-14 18:59:59.434 [info] > git ls-files --stage -- /home/hooke/works/wnri-bluet-v5/BluetAna/include/BluetDataModel.h [1ms]
2025-02-14 18:59:59.459 [info] > git cat-file -s 7cb72d94af86bac5f170794d77ff1dfaa881b882 [1ms]
2025-02-14 18:59:59.499 [info] > git blame --root --incremental c82cdb0220e9aed5dc2f2ec516e72895d7d470b5 -- /home/hooke/works/wnri-bluet-v5/BluetAna/include/BluetDataModel.h [2ms]
2025-02-14 19:02:06.415 [info] > git show --textconv :yihBluetWork/DrawEvent_v4.0.C [24ms]
2025-02-14 19:02:06.415 [info] > git ls-files --stage -- /home/hooke/works/wnri-bluet-v5/yihBluetWork/DrawEvent_v4.0.C [1ms]
2025-02-14 19:02:06.439 [info] > git cat-file -s 3630b453a7d7c1400dc1f59b3d0bf1eb097082df [1ms]
