2025-02-13 11:34:22.480 [info] Reading sessions from keychain...
2025-02-13 11:34:22.480 [info] Getting sessions for all scopes...
2025-02-13 11:34:22.480 [info] Getting sessions for all scopes...
2025-02-13 11:34:22.480 [info] Got stored sessions!
2025-02-13 11:34:22.480 [info] Got 0 verified sessions.
2025-02-13 11:34:22.480 [info] Got 0 sessions for ...
2025-02-13 11:34:22.480 [info] Got 0 sessions for ...
2025-02-13 11:34:22.594 [info] Getting sessions for all scopes...
2025-02-13 11:34:22.594 [info] Got 0 sessions for ...
2025-02-13 11:34:22.595 [info] Getting sessions for all scopes...
2025-02-13 11:34:22.595 [info] Got 0 sessions for ...
2025-02-13 11:34:22.595 [info] Getting sessions for all scopes...
2025-02-13 11:34:22.595 [info] Got 0 sessions for ...
2025-02-13 11:34:22.595 [info] Getting sessions for all scopes...
2025-02-13 11:34:22.595 [info] Got 0 sessions for ...
2025-02-13 11:34:22.595 [info] Getting sessions for all scopes...
2025-02-13 11:34:22.595 [info] Got 0 sessions for ...
2025-02-13 11:34:22.885 [info] Getting sessions for all scopes...
2025-02-13 11:34:22.885 [info] Got 0 sessions for ...
2025-02-13 11:34:24.089 [info] Getting sessions for user:email...
2025-02-13 11:34:24.089 [info] Got 0 sessions for user:email...
2025-02-13 11:34:24.337 [info] Getting sessions for all scopes...
2025-02-13 11:34:24.337 [info] Got 0 sessions for ...
2025-02-13 17:04:23.330 [info] Getting sessions for read:user,repo,user:email,workflow...
2025-02-13 17:04:23.330 [info] Got 0 sessions for read:user,repo,user:email,workflow...
2025-02-13 17:04:23.330 [info] Getting sessions for all scopes...
2025-02-13 17:04:23.330 [info] Got 0 sessions for ...
2025-02-13 17:04:23.330 [info] Getting sessions for all scopes...
2025-02-13 17:04:23.330 [info] Got 0 sessions for ...
2025-02-13 17:04:24.261 [info] Getting sessions for read:user...
2025-02-13 17:04:24.261 [info] Got 0 sessions for read:user...
2025-02-13 17:04:24.261 [info] Getting sessions for user:email...
2025-02-13 17:04:24.261 [info] Got 0 sessions for user:email...
2025-02-13 17:04:24.261 [info] Getting sessions for read:user,repo,user:email,workflow...
2025-02-13 17:04:24.261 [info] Got 0 sessions for read:user,repo,user:email,workflow...
2025-02-13 17:04:24.271 [info] Getting sessions for user:email...
2025-02-13 17:04:24.271 [info] Got 0 sessions for user:email...
2025-02-13 17:04:24.273 [info] Getting sessions for all scopes...
2025-02-13 17:04:24.273 [info] Got 0 sessions for ...
2025-02-13 17:04:24.290 [info] Getting sessions for user:email...
2025-02-13 17:04:24.290 [info] Got 0 sessions for user:email...
2025-02-13 17:04:24.293 [info] Getting sessions for all scopes...
2025-02-13 17:04:24.293 [info] Got 0 sessions for ...
2025-02-13 17:04:24.294 [info] Getting sessions for user:email...
2025-02-13 17:04:24.294 [info] Got 0 sessions for user:email...
2025-02-13 17:04:24.477 [info] Getting sessions for all scopes...
2025-02-13 17:04:24.477 [info] Got 0 sessions for ...
2025-02-13 17:04:24.497 [info] Getting sessions for user:email...
2025-02-13 17:04:24.497 [info] Got 0 sessions for user:email...
2025-02-13 17:04:24.552 [info] Getting sessions for all scopes...
2025-02-13 17:04:24.553 [info] Got 0 sessions for ...
2025-02-13 17:04:24.554 [info] Getting sessions for user:email...
2025-02-13 17:04:24.554 [info] Got 0 sessions for user:email...
2025-02-13 17:04:27.412 [info] Getting sessions for read:user,repo,user:email,workflow...
2025-02-13 17:04:27.412 [info] Got 0 sessions for read:user,repo,user:email,workflow...
2025-02-13 17:04:27.412 [info] Getting sessions for read:user...
2025-02-13 17:04:27.412 [info] Got 0 sessions for read:user...
2025-02-13 17:04:27.413 [info] Getting sessions for user:email...
2025-02-13 17:04:27.413 [info] Got 0 sessions for user:email...
2025-02-13 17:04:28.894 [info] Logging in with 'any' account...
2025-02-13 17:04:28.894 [info] Logging in for the following scopes: user:email
2025-02-13 17:04:28.909 [info] Trying without local server... (user:email)
2025-02-13 17:05:07.513 [info] Exchanging code for token...
2025-02-13 17:05:08.122 [info] Token exchange success!
2025-02-13 17:05:08.123 [info] Getting user info...
2025-02-13 17:05:08.716 [info] Got account info!
2025-02-13 17:05:08.717 [info] Storing 1 sessions...
2025-02-13 17:05:08.719 [info] Reading sessions from keychain...
2025-02-13 17:05:08.719 [info] Stored 1 sessions!
2025-02-13 17:05:08.719 [info] Login success!
2025-02-13 17:05:08.732 [info] Getting sessions for all scopes...
2025-02-13 17:05:08.735 [info] Getting sessions for all scopes...
2025-02-13 17:05:08.738 [info] Got stored sessions!
2025-02-13 17:05:08.738 [info] Got 1 verified sessions.
2025-02-13 17:05:08.738 [info] Got 1 sessions for ...
2025-02-13 17:05:08.738 [info] Got 1 sessions for ...
2025-02-13 17:05:08.743 [info] Getting sessions for read:user,repo,user:email,workflow...
2025-02-13 17:05:08.743 [info] Got 0 sessions for read:user,repo,user:email,workflow...
2025-02-13 17:05:08.743 [info] Getting sessions for all scopes...
2025-02-13 17:05:08.743 [info] Got 1 sessions for ...
2025-02-13 17:05:08.743 [info] Getting sessions for all scopes...
2025-02-13 17:05:08.743 [info] Got 1 sessions for ...
2025-02-13 17:05:08.744 [info] Getting sessions for read:user...
2025-02-13 17:05:08.744 [info] Got 0 sessions for read:user...
2025-02-13 17:05:08.744 [info] Getting sessions for read:user,repo,user:email,workflow...
2025-02-13 17:05:08.744 [info] Got 0 sessions for read:user,repo,user:email,workflow...
2025-02-13 17:05:08.744 [info] Getting sessions for user:email...
2025-02-13 17:05:08.744 [info] Got 1 sessions for user:email...
2025-02-13 17:05:08.744 [info] Getting sessions for user:email...
2025-02-13 17:05:08.745 [info] Got 1 sessions for user:email...
2025-02-13 17:05:08.763 [info] Getting sessions for all scopes...
2025-02-13 17:05:08.763 [info] Got 1 sessions for ...
2025-02-13 17:05:08.764 [info] Getting sessions for read:user,repo,user:email,workflow...
2025-02-13 17:05:08.764 [info] Got 0 sessions for read:user,repo,user:email,workflow...
2025-02-13 17:05:08.764 [info] Getting sessions for user:email...
2025-02-13 17:05:08.764 [info] Got 1 sessions for user:email...
2025-02-13 17:05:08.765 [info] Getting sessions for all scopes...
2025-02-13 17:05:08.765 [info] Got 1 sessions for ...
2025-02-13 17:05:08.765 [info] Getting sessions for read:user,repo,user:email,workflow...
2025-02-13 17:05:08.765 [info] Got 0 sessions for read:user,repo,user:email,workflow...
2025-02-13 17:05:08.766 [info] Getting sessions for user:email...
2025-02-13 17:05:08.766 [info] Got 1 sessions for user:email...
2025-02-13 17:05:09.828 [info] Getting sessions for all scopes...
2025-02-13 17:05:09.828 [info] Got 1 sessions for ...
2025-02-13 17:05:09.828 [info] Getting sessions for all scopes...
2025-02-13 17:05:09.828 [info] Got 1 sessions for ...
2025-02-13 17:05:09.829 [info] Getting sessions for read:user,repo,user:email,workflow...
2025-02-13 17:05:09.829 [info] Got 0 sessions for read:user,repo,user:email,workflow...
2025-02-13 17:05:09.829 [info] Getting sessions for user:email...
2025-02-13 17:05:09.829 [info] Got 1 sessions for user:email...
2025-02-13 17:05:09.830 [info] Getting sessions for all scopes...
2025-02-13 17:05:09.830 [info] Got 1 sessions for ...
2025-02-13 17:05:09.830 [info] Getting sessions for read:user,repo,user:email,workflow...
2025-02-13 17:05:09.830 [info] Got 0 sessions for read:user,repo,user:email,workflow...
2025-02-13 17:05:09.831 [info] Getting sessions for user:email...
2025-02-13 17:05:09.831 [info] Got 1 sessions for user:email...
2025-02-13 17:05:09.904 [info] Getting sessions for all scopes...
2025-02-13 17:05:09.904 [info] Got 1 sessions for ...
2025-02-13 17:05:09.928 [info] Getting sessions for read:user,repo,user:email,workflow...
2025-02-13 17:05:09.928 [info] Got 0 sessions for read:user,repo,user:email,workflow...
2025-02-13 17:05:09.929 [info] Getting sessions for user:email...
2025-02-13 17:05:09.929 [info] Got 1 sessions for user:email...
2025-02-13 17:05:09.937 [info] Getting sessions for all scopes...
2025-02-13 17:05:09.937 [info] Got 1 sessions for ...
2025-02-13 17:05:09.948 [info] Getting sessions for read:user,repo,user:email,workflow...
2025-02-13 17:05:09.948 [info] Got 0 sessions for read:user,repo,user:email,workflow...
2025-02-13 17:05:09.949 [info] Getting sessions for user:email...
2025-02-13 17:05:09.949 [info] Got 1 sessions for user:email...
2025-02-13 17:05:15.180 [info] Getting sessions for all scopes...
2025-02-13 17:05:15.181 [info] Got 1 sessions for ...
2025-02-13 17:05:15.184 [info] Getting sessions for read:user,repo,user:email,workflow...
2025-02-13 17:05:15.184 [info] Got 0 sessions for read:user,repo,user:email,workflow...
2025-02-13 17:05:15.184 [info] Getting sessions for user:email...
2025-02-13 17:05:15.184 [info] Got 1 sessions for user:email...
2025-02-13 17:05:16.359 [info] Getting sessions for all scopes...
2025-02-13 17:05:16.359 [info] Got 1 sessions for ...
2025-02-13 17:05:16.376 [info] Getting sessions for read:user,repo,user:email,workflow...
2025-02-13 17:05:16.376 [info] Got 0 sessions for read:user,repo,user:email,workflow...
2025-02-13 17:05:16.376 [info] Getting sessions for user:email...
2025-02-13 17:05:16.376 [info] Got 1 sessions for user:email...
2025-02-13 17:05:19.336 [info] Getting sessions for all scopes...
2025-02-13 17:05:19.336 [info] Got 1 sessions for ...
2025-02-13 17:05:19.348 [info] Getting sessions for read:user,repo,user:email,workflow...
2025-02-13 17:05:19.349 [info] Got 0 sessions for read:user,repo,user:email,workflow...
2025-02-13 17:05:19.349 [info] Getting sessions for user:email...
2025-02-13 17:05:19.349 [info] Got 1 sessions for user:email...
2025-02-13 17:20:11.158 [info] Getting sessions for all scopes...
2025-02-13 17:20:11.158 [info] Got 1 sessions for ...
2025-02-13 17:20:11.159 [info] Getting sessions for read:user,repo,user:email,workflow...
2025-02-13 17:20:11.159 [info] Got 0 sessions for read:user,repo,user:email,workflow...
2025-02-13 17:20:11.160 [info] Getting sessions for user:email...
2025-02-13 17:20:11.160 [info] Got 1 sessions for user:email...
2025-02-13 17:20:11.161 [info] Getting sessions for all scopes...
2025-02-13 17:20:11.161 [info] Got 1 sessions for ...
2025-02-13 17:20:11.161 [info] Getting sessions for read:user,repo,user:email,workflow...
2025-02-13 17:20:11.161 [info] Got 0 sessions for read:user,repo,user:email,workflow...
2025-02-13 17:20:11.162 [info] Getting sessions for user:email...
2025-02-13 17:20:11.162 [info] Got 1 sessions for user:email...
2025-02-13 17:30:09.904 [info] Getting sessions for all scopes...
2025-02-13 17:30:09.904 [info] Got 1 sessions for ...
2025-02-13 17:30:09.979 [info] Getting sessions for read:user,repo,user:email,workflow...
2025-02-13 17:30:09.979 [info] Got 0 sessions for read:user,repo,user:email,workflow...
2025-02-13 17:30:10.040 [info] Getting sessions for user:email...
2025-02-13 17:30:10.040 [info] Got 1 sessions for user:email...
2025-02-13 17:30:11.133 [info] Getting sessions for all scopes...
2025-02-13 17:30:11.133 [info] Got 1 sessions for ...
2025-02-13 17:30:11.133 [info] Getting sessions for all scopes...
2025-02-13 17:30:11.134 [info] Got 1 sessions for ...
2025-02-13 17:30:11.134 [info] Getting sessions for read:user,repo,user:email,workflow...
2025-02-13 17:30:11.134 [info] Got 0 sessions for read:user,repo,user:email,workflow...
2025-02-13 17:30:11.135 [info] Getting sessions for user:email...
2025-02-13 17:30:11.135 [info] Got 1 sessions for user:email...
2025-02-13 17:30:11.135 [info] Getting sessions for all scopes...
2025-02-13 17:30:11.135 [info] Got 1 sessions for ...
2025-02-13 17:30:11.136 [info] Getting sessions for read:user,repo,user:email,workflow...
2025-02-13 17:30:11.136 [info] Got 0 sessions for read:user,repo,user:email,workflow...
2025-02-13 17:30:11.136 [info] Getting sessions for user:email...
2025-02-13 17:30:11.136 [info] Got 1 sessions for user:email...
2025-02-13 17:30:11.142 [info] Getting sessions for all scopes...
2025-02-13 17:30:11.142 [info] Got 1 sessions for ...
2025-02-13 17:30:11.142 [info] Getting sessions for read:user,repo,user:email,workflow...
2025-02-13 17:30:11.142 [info] Got 0 sessions for read:user,repo,user:email,workflow...
2025-02-13 17:30:11.143 [info] Getting sessions for user:email...
2025-02-13 17:30:11.143 [info] Got 1 sessions for user:email...
2025-02-13 17:45:11.147 [info] Getting sessions for all scopes...
2025-02-13 17:45:11.147 [info] Got 1 sessions for ...
2025-02-13 17:45:11.148 [info] Getting sessions for read:user,repo,user:email,workflow...
2025-02-13 17:45:11.148 [info] Got 0 sessions for read:user,repo,user:email,workflow...
2025-02-13 17:45:11.148 [info] Getting sessions for user:email...
2025-02-13 17:45:11.148 [info] Got 1 sessions for user:email...
2025-02-13 17:55:11.135 [info] Getting sessions for all scopes...
2025-02-13 17:55:11.135 [info] Got 1 sessions for ...
2025-02-13 17:55:11.136 [info] Getting sessions for read:user,repo,user:email,workflow...
2025-02-13 17:55:11.136 [info] Got 0 sessions for read:user,repo,user:email,workflow...
2025-02-13 17:55:11.137 [info] Getting sessions for user:email...
2025-02-13 17:55:11.137 [info] Got 1 sessions for user:email...
2025-02-13 17:55:12.240 [info] Getting sessions for all scopes...
2025-02-13 17:55:12.240 [info] Got 1 sessions for ...
2025-02-13 17:55:12.240 [info] Getting sessions for all scopes...
2025-02-13 17:55:12.240 [info] Got 1 sessions for ...
2025-02-13 17:55:12.240 [info] Getting sessions for read:user,repo,user:email,workflow...
2025-02-13 17:55:12.240 [info] Got 0 sessions for read:user,repo,user:email,workflow...
2025-02-13 17:55:12.241 [info] Getting sessions for user:email...
2025-02-13 17:55:12.241 [info] Got 1 sessions for user:email...
2025-02-13 17:55:12.241 [info] Getting sessions for all scopes...
2025-02-13 17:55:12.241 [info] Got 1 sessions for ...
2025-02-13 17:55:12.242 [info] Getting sessions for read:user,repo,user:email,workflow...
2025-02-13 17:55:12.242 [info] Got 0 sessions for read:user,repo,user:email,workflow...
2025-02-13 17:55:12.242 [info] Getting sessions for user:email...
2025-02-13 17:55:12.242 [info] Got 1 sessions for user:email...
2025-02-13 17:55:12.246 [info] Getting sessions for all scopes...
2025-02-13 17:55:12.246 [info] Got 1 sessions for ...
2025-02-13 17:55:12.246 [info] Getting sessions for read:user,repo,user:email,workflow...
2025-02-13 17:55:12.246 [info] Got 0 sessions for read:user,repo,user:email,workflow...
2025-02-13 17:55:12.247 [info] Getting sessions for user:email...
2025-02-13 17:55:12.247 [info] Got 1 sessions for user:email...
2025-02-13 17:55:12.248 [info] Getting sessions for all scopes...
2025-02-13 17:55:12.248 [info] Got 1 sessions for ...
2025-02-13 17:55:12.248 [info] Getting sessions for read:user,repo,user:email,workflow...
2025-02-13 17:55:12.248 [info] Got 0 sessions for read:user,repo,user:email,workflow...
2025-02-13 17:55:12.249 [info] Getting sessions for user:email...
2025-02-13 17:55:12.249 [info] Got 1 sessions for user:email...
2025-02-13 18:10:13.682 [info] Getting sessions for all scopes...
2025-02-13 18:10:13.682 [info] Got 1 sessions for ...
2025-02-13 18:10:13.683 [info] Getting sessions for read:user,repo,user:email,workflow...
2025-02-13 18:10:13.683 [info] Got 0 sessions for read:user,repo,user:email,workflow...
2025-02-13 18:10:13.684 [info] Getting sessions for user:email...
2025-02-13 18:10:13.684 [info] Got 1 sessions for user:email...
2025-02-13 18:20:12.240 [info] Getting sessions for all scopes...
2025-02-13 18:20:12.240 [info] Got 1 sessions for ...
2025-02-13 18:20:12.241 [info] Getting sessions for read:user,repo,user:email,workflow...
2025-02-13 18:20:12.241 [info] Got 0 sessions for read:user,repo,user:email,workflow...
2025-02-13 18:20:12.242 [info] Getting sessions for user:email...
2025-02-13 18:20:12.242 [info] Got 1 sessions for user:email...
2025-02-13 18:20:13.323 [info] Getting sessions for all scopes...
2025-02-13 18:20:13.323 [info] Got 1 sessions for ...
2025-02-13 18:20:13.323 [info] Getting sessions for all scopes...
2025-02-13 18:20:13.323 [info] Got 1 sessions for ...
2025-02-13 18:20:13.324 [info] Getting sessions for read:user,repo,user:email,workflow...
2025-02-13 18:20:13.324 [info] Got 0 sessions for read:user,repo,user:email,workflow...
2025-02-13 18:20:13.324 [info] Getting sessions for user:email...
2025-02-13 18:20:13.324 [info] Got 1 sessions for user:email...
2025-02-13 18:20:13.325 [info] Getting sessions for all scopes...
2025-02-13 18:20:13.325 [info] Got 1 sessions for ...
2025-02-13 18:20:13.325 [info] Getting sessions for read:user,repo,user:email,workflow...
2025-02-13 18:20:13.325 [info] Got 0 sessions for read:user,repo,user:email,workflow...
2025-02-13 18:20:13.326 [info] Getting sessions for user:email...
2025-02-13 18:20:13.326 [info] Got 1 sessions for user:email...
2025-02-13 18:20:13.330 [info] Getting sessions for all scopes...
2025-02-13 18:20:13.330 [info] Got 1 sessions for ...
2025-02-13 18:20:13.330 [info] Getting sessions for read:user,repo,user:email,workflow...
2025-02-13 18:20:13.330 [info] Got 0 sessions for read:user,repo,user:email,workflow...
2025-02-13 18:20:13.331 [info] Getting sessions for user:email...
2025-02-13 18:20:13.331 [info] Got 1 sessions for user:email...
2025-02-13 18:20:13.332 [info] Getting sessions for all scopes...
2025-02-13 18:20:13.332 [info] Got 1 sessions for ...
2025-02-13 18:20:13.333 [info] Getting sessions for read:user,repo,user:email,workflow...
2025-02-13 18:20:13.333 [info] Got 0 sessions for read:user,repo,user:email,workflow...
2025-02-13 18:20:13.333 [info] Getting sessions for user:email...
2025-02-13 18:20:13.333 [info] Got 1 sessions for user:email...
